10	05/24/06 13:15:34.203		Started UpdateBinary with command line: -d 55 -r 10.0.0.89 -l UpdateBinary.exe.log -i /usr/pluto/bin/Orbiter_Win32.dat -o "c:\Pluto\src\debug\Orbiter_SDL.exe" -c /Orbiter.cmm <00324DB8>
10	05/24/06 13:15:34.218		Communication file: /Orbiter.cmm <00324DB8>
10	05/24/06 13:15:34.218		Connecting to host... <00324DB8>
13	05/24/06 13:15:34.218		ClientSocket::Connect - created m_Socket: 124 <00324DB8>
10	05/24/06 13:15:34.234		Creating message... <00324DB8>
10	05/24/06 13:15:34.234		Sending message... <00324DB8>
10	05/24/06 13:15:34.343		Message sent. <00324DB8>
01	05/24/06 13:15:34.343		[31;1mReady to update MD5 file: c:\Pluto\src\debug\Orbiter_SDL.MD5[0m <00324DB8>
10	05/24/06 13:15:34.343		Saving MD5 file <00324DB8>
01	05/24/06 13:15:34.343		[31;1mReady to delete the orbiter.exe file[0m <00324DB8>
01	05/24/06 13:15:34.343		[31;1mFailed to save the update file[0m <00324DB8>
01	05/24/06 13:15:35.343		[31;1mFailed to save the update file[0m <00324DB8>
01	05/24/06 13:15:36.343		[31;1mFailed to save the update file[0m <00324DB8>
01	05/24/06 13:15:37.343		[31;1mFailed to save the update file[0m <00324DB8>
01	05/24/06 13:15:38.343		[31;1mFailed to save the update file[0m <00324DB8>
01	05/24/06 13:15:39.343		[31;1mFailed to save the update file[0m <00324DB8>
01	05/24/06 13:15:40.343		[31;1mFailed to save the update file[0m <00324DB8>
01	05/24/06 13:15:41.343		[31;1mFailed to save the update file[0m <00324DB8>
01	05/24/06 13:15:42.343		[31;1mFailed to save the update file[0m <00324DB8>
01	05/24/06 13:15:43.343		[31;1mFailed to save the update file[0m <00324DB8>
01	05/24/06 13:15:44.343		[31;1mFailed to save the update file[0m <00324DB8>
01	05/24/06 13:15:45.343		[31;1mFailed to save the update file[0m <00324DB8>
01	05/24/06 13:15:46.343		[31;1mFailed to save the update file[0m <00324DB8>
01	05/24/06 13:15:47.343		[31;1mFailed to save the update file[0m <00324DB8>
01	05/24/06 13:15:48.343		[31;1mFailed to save the update file[0m <00324DB8>
01	05/24/06 13:15:49.343		[31;1mFailed to save the update file[0m <00324DB8>
01	05/24/06 13:15:50.343		[31;1mFailed to save the update file[0m <00324DB8>
01	05/24/06 13:15:51.343		[31;1mFailed to save the update file[0m <00324DB8>
01	05/24/06 13:15:52.343		[31;1mFailed to save the update file[0m <00324DB8>
01	05/24/06 13:15:53.343		[31;1mFailed to save the update file[0m <00324DB8>
01	05/24/06 13:15:54.343		[31;1mFailed to save the update file[0m <00324DB8>
01	05/24/06 13:15:55.343		[31;1mFailed to save the update file[0m <00324DB8>
01	05/24/06 13:15:56.343		[31;1mFailed to save the update file[0m <00324DB8>
01	05/24/06 13:15:57.343		[31;1mFailed to save the update file[0m <00324DB8>
01	05/24/06 13:15:58.343		[31;1mFailed to save the update file[0m <00324DB8>
01	05/24/06 13:15:59.343		[31;1mFailed to save the update file[0m <00324DB8>
01	05/24/06 13:16:00.343		[31;1mFailed to save the update file[0m <00324DB8>
01	05/24/06 13:16:01.343		[31;1mFailed to save the update file[0m <00324DB8>
01	05/24/06 13:16:02.343		[31;1mFailed to save the update file[0m <00324DB8>
01	05/24/06 13:16:03.343		[31;1mFailed to save the update file[0m <00324DB8>
01	05/24/06 13:16:04.343		[31;1mFailed to save the update file[0m <00324DB8>
01	05/24/06 13:16:05.343		[31;1mFailed to save the update file[0m <00324DB8>
01	05/24/06 13:16:06.343		[31;1mFailed to save the update file[0m <00324DB8>
01	05/24/06 13:16:07.343		[31;1mFailed to save the update file[0m <00324DB8>
01	05/24/06 13:16:08.343		[31;1mFailed to save the update file[0m <00324DB8>
01	05/24/06 13:16:09.343		[31;1mFailed to save the update file[0m <00324DB8>
01	05/24/06 13:16:10.359		[31;1mFailed to save the update file[0m <00324DB8>
01	05/24/06 13:16:11.359		[31;1mFailed to save the update file[0m <00324DB8>
05	05/24/06 13:16:13.406		[33;1mvoid ClientSocket::Disconnect() on this socket: 00366368 (m_Socket: 124)[0m <00324DB8>
13	05/24/06 13:16:13.406		Socket::Close() m_Socket 124 <00324DB8>
13	05/24/06 13:16:13.406		Socket::Close() m_Socket 124 closesocket: 0 <00324DB8>
13	05/24/06 13:16:13.406		Socket::~Socket(): deleting socket @00366368 Event Dev #55 (socket id in destructor: m_Socket: -1) <00324DB8>
01	05/24/06 13:16:13.406		[31;1mStarting the updated orbiter...[0m <00324DB8>
01	05/24/06 13:16:13.406		[31;1mReady to delete the communcation file[0m <00324DB8>
01	05/24/06 13:16:13.421		[31;1mUpdate done.[0m <00324DB8>
10	05/24/06 13:27:36.421		Started UpdateBinary with command line: -d 48 -r 10.0.0.88 -l UpdateBinary.exe.log -i /usr/pluto/bin/Orbiter_Win32.dat -o "c:\Pluto\src\debug\Orbiter_SDL.exe" -c /Orbiter.cmm <00324DB8>
10	05/24/06 13:27:36.421		Communication file: /Orbiter.cmm <00324DB8>
10	05/24/06 13:27:36.421		Connecting to host... <00324DB8>
13	05/24/06 13:27:36.421		ClientSocket::Connect - created m_Socket: 124 <00324DB8>
10	05/24/06 13:27:36.421		Creating message... <00324DB8>
10	05/24/06 13:27:36.421		Sending message... <00324DB8>
10	05/24/06 13:27:36.531		Message sent. <00324DB8>
01	05/24/06 13:27:36.531		[31;1mReady to update MD5 file: c:\Pluto\src\debug\Orbiter_SDL.MD5[0m <00324DB8>
10	05/24/06 13:27:36.531		Saving MD5 file <00324DB8>
01	05/24/06 13:27:36.531		[31;1mReady to delete the orbiter.exe file[0m <00324DB8>
01	05/24/06 13:27:36.531		[31;1mFailed to save the update file[0m <00324DB8>
01	05/24/06 13:27:37.531		[31;1mFailed to save the update file[0m <00324DB8>
01	05/24/06 13:27:38.531		[31;1mFailed to save the update file[0m <00324DB8>
01	05/24/06 13:27:39.531		[31;1mFailed to save the update file[0m <00324DB8>
01	05/24/06 13:27:40.546		[31;1mFailed to save the update file[0m <00324DB8>
01	05/24/06 13:27:41.546		[31;1mFailed to save the update file[0m <00324DB8>
01	05/24/06 13:27:42.546		[31;1mFailed to save the update file[0m <00324DB8>
01	05/24/06 13:27:43.546		[31;1mFailed to save the update file[0m <00324DB8>
01	05/24/06 13:27:44.546		[31;1mFailed to save the update file[0m <00324DB8>
01	05/24/06 13:27:45.546		[31;1mFailed to save the update file[0m <00324DB8>
01	05/24/06 13:27:46.546		[31;1mFailed to save the update file[0m <00324DB8>
01	05/24/06 13:27:47.546		[31;1mFailed to save the update file[0m <00324DB8>
01	05/24/06 13:27:48.546		[31;1mFailed to save the update file[0m <00324DB8>
01	05/24/06 13:27:49.546		[31;1mFailed to save the update file[0m <00324DB8>
01	05/24/06 13:27:50.546		[31;1mFailed to save the update file[0m <00324DB8>
01	05/24/06 13:27:51.546		[31;1mFailed to save the update file[0m <00324DB8>
01	05/24/06 13:27:52.546		[31;1mFailed to save the update file[0m <00324DB8>
01	05/24/06 13:27:53.671		[31;1mFailed to save the update file[0m <00324DB8>
01	05/24/06 13:27:54.671		[31;1mFailed to save the update file[0m <00324DB8>
01	05/24/06 13:27:55.671		[31;1mFailed to save the update file[0m <00324DB8>
01	05/24/06 13:27:56.671		[31;1mFailed to save the update file[0m <00324DB8>
01	05/24/06 13:27:57.671		[31;1mFailed to save the update file[0m <00324DB8>
01	05/24/06 13:27:58.671		[31;1mFailed to save the update file[0m <00324DB8>
01	05/24/06 13:27:59.671		[31;1mFailed to save the update file[0m <00324DB8>
01	05/24/06 13:28:00.671		[31;1mFailed to save the update file[0m <00324DB8>
01	05/24/06 13:28:01.671		[31;1mFailed to save the update file[0m <00324DB8>
01	05/24/06 13:28:02.671		[31;1mFailed to save the update file[0m <00324DB8>
01	05/24/06 13:28:03.671		[31;1mFailed to save the update file[0m <00324DB8>
01	05/24/06 13:28:04.671		[31;1mFailed to save the update file[0m <00324DB8>
01	05/24/06 13:28:05.671		[31;1mFailed to save the update file[0m <00324DB8>
01	05/24/06 13:28:06.671		[31;1mFailed to save the update file[0m <00324DB8>
01	05/24/06 13:28:07.671		[31;1mFailed to save the update file[0m <00324DB8>
01	05/24/06 13:28:08.671		[31;1mFailed to save the update file[0m <00324DB8>
01	05/24/06 13:28:09.671		[31;1mFailed to save the update file[0m <00324DB8>
01	05/24/06 13:28:10.671		[31;1mFailed to save the update file[0m <00324DB8>
01	05/24/06 13:28:11.671		[31;1mFailed to save the update file[0m <00324DB8>
01	05/24/06 13:28:12.671		[31;1mFailed to save the update file[0m <00324DB8>
01	05/24/06 13:28:13.671		[31;1mFailed to save the update file[0m <00324DB8>
01	05/24/06 13:28:14.671		[31;1mFailed to save the update file[0m <00324DB8>
01	05/24/06 13:28:15.671		[31;1mFailed to save the update file[0m <00324DB8>
01	05/24/06 13:28:16.671		[31;1mFailed to save the update file[0m <00324DB8>
01	05/24/06 13:28:17.671		[31;1mFailed to save the update file[0m <00324DB8>
01	05/24/06 13:28:18.671		[31;1mFailed to save the update file[0m <00324DB8>
01	05/24/06 13:28:19.671		[31;1mFailed to save the update file[0m <00324DB8>
01	05/24/06 13:28:20.671		[31;1mFailed to save the update file[0m <00324DB8>
01	05/24/06 13:28:21.671		[31;1mFailed to save the update file[0m <00324DB8>
01	05/24/06 13:28:22.671		[31;1mFailed to save the update file[0m <00324DB8>
01	05/24/06 13:28:23.671		[31;1mFailed to save the update file[0m <00324DB8>
01	05/24/06 13:28:24.671		[31;1mFailed to save the update file[0m <00324DB8>
01	05/24/06 13:28:25.671		[31;1mFailed to save the update file[0m <00324DB8>
01	05/24/06 13:28:26.671		[31;1mFailed to save the update file[0m <00324DB8>
01	05/24/06 13:28:27.671		[31;1mFailed to save the update file[0m <00324DB8>
01	05/24/06 13:28:28.671		[31;1mFailed to save the update file[0m <00324DB8>
01	05/24/06 13:28:29.671		[31;1mFailed to save the update file[0m <00324DB8>
01	05/24/06 13:28:30.671		[31;1mFailed to save the update file[0m <00324DB8>
01	05/24/06 13:28:31.671		[31;1mFailed to save the update file[0m <00324DB8>
01	05/24/06 13:28:32.671		[31;1mFailed to save the update file[0m <00324DB8>
01	05/24/06 13:28:33.671		[31;1mFailed to save the update file[0m <00324DB8>
01	05/24/06 13:28:34.671		[31;1mFailed to save the update file[0m <00324DB8>
01	05/24/06 13:28:35.671		[31;1mFailed to save the update file[0m <00324DB8>
01	05/24/06 13:28:36.671		[31;1mFailed to save the update file[0m <00324DB8>
01	05/24/06 13:28:37.671		[31;1mFailed to save the update file[0m <00324DB8>
01	05/24/06 13:28:38.671		[31;1mFailed to save the update file[0m <00324DB8>
01	05/24/06 13:28:39.671		[31;1mFailed to save the update file[0m <00324DB8>
01	05/24/06 13:28:40.671		[31;1mFailed to save the update file[0m <00324DB8>
01	05/24/06 13:28:41.671		[31;1mFailed to save the update file[0m <00324DB8>
01	05/24/06 13:28:42.671		[31;1mFailed to save the update file[0m <00324DB8>
01	05/24/06 13:28:43.671		[31;1mFailed to save the update file[0m <00324DB8>
01	05/24/06 13:28:44.671		[31;1mFailed to save the update file[0m <00324DB8>
01	05/24/06 13:28:45.671		[31;1mFailed to save the update file[0m <00324DB8>
01	05/24/06 13:28:46.671		[31;1mFailed to save the update file[0m <00324DB8>
01	05/24/06 13:28:47.671		[31;1mFailed to save the update file[0m <00324DB8>
01	05/24/06 13:28:48.671		[31;1mFailed to save the update file[0m <00324DB8>
01	05/24/06 13:28:49.671		[31;1mFailed to save the update file[0m <00324DB8>
01	05/24/06 13:28:50.671		[31;1mFailed to save the update file[0m <00324DB8>
01	05/24/06 13:28:51.671		[31;1mFailed to save the update file[0m <00324DB8>
01	05/24/06 13:28:52.671		[31;1mFailed to save the update file[0m <00324DB8>
01	05/24/06 13:28:53.671		[31;1mFailed to save the update file[0m <00324DB8>
01	05/24/06 13:28:54.671		[31;1mFailed to save the update file[0m <00324DB8>
01	05/24/06 13:28:55.671		[31;1mFailed to save the update file[0m <00324DB8>
01	05/24/06 13:28:56.671		[31;1mFailed to save the update file[0m <00324DB8>
01	05/24/06 13:28:57.671		[31;1mFailed to save the update file[0m <00324DB8>
01	05/24/06 13:28:58.671		[31;1mFailed to save the update file[0m <00324DB8>
01	05/24/06 13:28:59.781		[31;1mFailed to save the update file[0m <00324DB8>
01	05/24/06 13:29:00.796		[31;1mFailed to save the update file[0m <00324DB8>
01	05/24/06 13:29:01.796		[31;1mFailed to save the update file[0m <00324DB8>
01	05/24/06 13:29:02.796		[31;1mFailed to save the update file[0m <00324DB8>
01	05/24/06 13:29:03.796		[31;1mFailed to save the update file[0m <00324DB8>
01	05/24/06 13:29:04.796		[31;1mFailed to save the update file[0m <00324DB8>
01	05/24/06 13:29:05.796		[31;1mFailed to save the update file[0m <00324DB8>
01	05/24/06 13:29:06.796		[31;1mFailed to save the update file[0m <00324DB8>
01	05/24/06 13:29:07.796		[31;1mFailed to save the update file[0m <00324DB8>
01	05/24/06 13:29:08.921		[31;1mFailed to save the update file[0m <00324DB8>
01	05/24/06 13:29:09.937		[31;1mFailed to save the update file[0m <00324DB8>
01	05/24/06 13:29:10.937		[31;1mFailed to save the update file[0m <00324DB8>
01	05/24/06 13:29:11.937		[31;1mFailed to save the update file[0m <00324DB8>
01	05/24/06 13:29:12.937		[31;1mFailed to save the update file[0m <00324DB8>
01	05/24/06 13:29:13.937		[31;1mFailed to save the update file[0m <00324DB8>
01	05/24/06 13:29:14.937		[31;1mFailed to save the update file[0m <00324DB8>
01	05/24/06 13:29:15.937		[31;1mFailed to save the update file[0m <00324DB8>
01	05/24/06 13:29:16.937		[31;1mFailed to save the update file[0m <00324DB8>
01	05/24/06 13:29:17.937		[31;1mFailed to save the update file[0m <00324DB8>
01	05/24/06 13:29:18.937		[31;1mFailed to save the update file[0m <00324DB8>
01	05/24/06 13:29:19.937		[31;1mFailed to save the update file[0m <00324DB8>
01	05/24/06 13:29:20.937		[31;1mFailed to save the update file[0m <00324DB8>
01	05/24/06 13:29:21.937		[31;1mFailed to save the update file[0m <00324DB8>
01	05/24/06 13:29:22.937		[31;1mFailed to save the update file[0m <00324DB8>
01	05/24/06 13:29:23.937		[31;1mFailed to save the update file[0m <00324DB8>
01	05/24/06 13:29:24.937		[31;1mFailed to save the update file[0m <00324DB8>
01	05/24/06 13:29:25.953		[31;1mFailed to save the update file[0m <00324DB8>
01	05/24/06 13:29:26.953		[31;1mFailed to save the update file[0m <00324DB8>
05	05/24/06 13:29:27.953		[33;1mvoid ClientSocket::Disconnect() on this socket: 00366368 (m_Socket: 124)[0m <00324DB8>
13	05/24/06 13:29:27.953		Socket::Close() m_Socket 124 <00324DB8>
13	05/24/06 13:29:27.953		Socket::Close() m_Socket 124 closesocket: 0 <00324DB8>
13	05/24/06 13:29:27.953		Socket::~Socket(): deleting socket @00366368 Event Dev #48 (socket id in destructor: m_Socket: -1) <00324DB8>
01	05/24/06 13:29:27.953		[31;1mStarting the updated orbiter...[0m <00324DB8>
01	05/24/06 13:29:27.953		[31;1mReady to delete the communcation file[0m <00324DB8>
01	05/24/06 13:29:27.953		[31;1mUpdate done.[0m <00324DB8>
