This file contains any messages produced by compilers while
running configure, to aid debugging if configure makes a mistake.

It was created by mountall configure 2.49, which was
generated by GNU Autoconf 2.69.  Invocation command line was

  $ ./configure --build=x86_64-linux-gnu --prefix=/usr --includedir=${prefix}/include --mandir=${prefix}/share/man --infodir=${prefix}/share/info --sysconfdir=/etc --localstatedir=/var --libdir=${prefix}/lib/x86_64-linux-gnu --libexecdir=${prefix}/lib/x86_64-linux-gnu --disable-maintainer-mode --disable-dependency-tracking --exec-prefix= --libdir=/lib

## --------- ##
## Platform. ##
## --------- ##

hostname = dcerouter
uname -m = x86_64
uname -r = 4.4.0-72-generic
uname -s = Linux
uname -v = #93~14.04.1-Ubuntu SMP Fri Mar 31 15:05:15 UTC 2017

/usr/bin/uname -p = unknown
/bin/uname -X     = unknown

/bin/arch              = unknown
/usr/bin/arch -k       = unknown
/usr/convex/getsysinfo = unknown
/usr/bin/hostinfo      = unknown
/bin/machine           = unknown
/usr/bin/oslevel       = unknown
/bin/universe          = unknown

PATH: /usr/local/sbin
PATH: /usr/local/bin
PATH: /usr/sbin
PATH: /usr/bin
PATH: /sbin
PATH: /bin
PATH: /snap/bin


## ----------- ##
## Core tests. ##
## ----------- ##

configure:2638: checking for gcc
configure:2654: found /usr/bin/gcc
configure:2665: result: gcc
configure:2894: checking for C compiler version
configure:2903: gcc --version >&5
gcc (Ubuntu 4.8.4-2ubuntu1~14.04.3) 4.8.4
Copyright (C) 2013 Free Software Foundation, Inc.
This is free software; see the source for copying conditions.  There is NO
warranty; not even for MERCHANTABILITY or FITNESS FOR A PARTICULAR PURPOSE.

configure:2914: $? = 0
configure:2903: gcc -v >&5
Using built-in specs.
COLLECT_GCC=gcc
COLLECT_LTO_WRAPPER=/usr/lib/gcc/x86_64-linux-gnu/4.8/lto-wrapper
Target: x86_64-linux-gnu
Configured with: ../src/configure -v --with-pkgversion='Ubuntu 4.8.4-2ubuntu1~14.04.3' --with-bugurl=file:///usr/share/doc/gcc-4.8/README.Bugs --enable-languages=c,c++,java,go,d,fortran,objc,obj-c++ --prefix=/usr --program-suffix=-4.8 --enable-shared --enable-linker-build-id --libexecdir=/usr/lib --without-included-gettext --enable-threads=posix --with-gxx-include-dir=/usr/include/c++/4.8 --libdir=/usr/lib --enable-nls --with-sysroot=/ --enable-clocale=gnu --enable-libstdcxx-debug --enable-libstdcxx-time=yes --enable-gnu-unique-object --disable-libmudflap --enable-plugin --with-system-zlib --disable-browser-plugin --enable-java-awt=gtk --enable-gtk-cairo --with-java-home=/usr/lib/jvm/java-1.5.0-gcj-4.8-amd64/jre --enable-java-home --with-jvm-root-dir=/usr/lib/jvm/java-1.5.0-gcj-4.8-amd64 --with-jvm-jar-dir=/usr/lib/jvm-exports/java-1.5.0-gcj-4.8-amd64 --with-arch-directory=amd64 --with-ecj-jar=/usr/share/java/eclipse-ecj.jar --enable-objc-gc --enable-multiarch --disable-werror --with-arch-32=i686 --with-abi=m64 --with-multilib-list=m32,m64,mx32 --with-tune=generic --enable-checking=release --build=x86_64-linux-gnu --host=x86_64-linux-gnu --target=x86_64-linux-gnu
Thread model: posix
gcc version 4.8.4 (Ubuntu 4.8.4-2ubuntu1~14.04.3) 
configure:2914: $? = 0
configure:2903: gcc -V >&5
gcc: error: unrecognized command line option '-V'
gcc: fatal error: no input files
compilation terminated.
configure:2914: $? = 4
configure:2903: gcc -qversion >&5
gcc: error: unrecognized command line option '-qversion'
gcc: fatal error: no input files
compilation terminated.
configure:2914: $? = 4
configure:2934: checking whether the C compiler works
configure:2956: gcc -g -O2 -fPIE -fstack-protector --param=ssp-buffer-size=4 -Wformat -Werror=format-security -Wall -Os -D_FORTIFY_SOURCE=2 -Wl,-Bsymbolic-functions -fPIE -pie -Wl,-z,relro -Wl,--as-needed -Wl,-z,now -Wl,-O1 conftest.c  >&5
configure:2960: $? = 0
configure:3008: result: yes
configure:3011: checking for C compiler default output file name
configure:3013: result: a.out
configure:3019: checking for suffix of executables
configure:3026: gcc -o conftest -g -O2 -fPIE -fstack-protector --param=ssp-buffer-size=4 -Wformat -Werror=format-security -Wall -Os -D_FORTIFY_SOURCE=2 -Wl,-Bsymbolic-functions -fPIE -pie -Wl,-z,relro -Wl,--as-needed -Wl,-z,now -Wl,-O1 conftest.c  >&5
configure:3030: $? = 0
configure:3052: result: 
configure:3074: checking whether we are cross compiling
configure:3082: gcc -o conftest -g -O2 -fPIE -fstack-protector --param=ssp-buffer-size=4 -Wformat -Werror=format-security -Wall -Os -D_FORTIFY_SOURCE=2 -Wl,-Bsymbolic-functions -fPIE -pie -Wl,-z,relro -Wl,--as-needed -Wl,-z,now -Wl,-O1 conftest.c  >&5
configure:3086: $? = 0
configure:3093: ./conftest
configure:3097: $? = 0
configure:3112: result: no
configure:3117: checking for suffix of object files
configure:3139: gcc -c -g -O2 -fPIE -fstack-protector --param=ssp-buffer-size=4 -Wformat -Werror=format-security -Wall -Os -D_FORTIFY_SOURCE=2 conftest.c >&5
configure:3143: $? = 0
configure:3164: result: o
configure:3168: checking whether we are using the GNU C compiler
configure:3187: gcc -c -g -O2 -fPIE -fstack-protector --param=ssp-buffer-size=4 -Wformat -Werror=format-security -Wall -Os -D_FORTIFY_SOURCE=2 conftest.c >&5
configure:3187: $? = 0
configure:3196: result: yes
configure:3205: checking whether gcc accepts -g
configure:3225: gcc -c -g -D_FORTIFY_SOURCE=2 conftest.c >&5
configure:3225: $? = 0
configure:3266: result: yes
configure:3283: checking for gcc option to accept ISO C89
configure:3346: gcc  -c -g -O2 -fPIE -fstack-protector --param=ssp-buffer-size=4 -Wformat -Werror=format-security -Wall -Os -D_FORTIFY_SOURCE=2 conftest.c >&5
configure:3346: $? = 0
configure:3359: result: none needed
configure:3385: checking how to run the C preprocessor
configure:3416: gcc -E -D_FORTIFY_SOURCE=2 conftest.c
configure:3416: $? = 0
configure:3430: gcc -E -D_FORTIFY_SOURCE=2 conftest.c
conftest.c:9:28: fatal error: ac_nonexistent.h: No such file or directory
 #include <ac_nonexistent.h>
                            ^
compilation terminated.
configure:3430: $? = 1
configure: failed program was:
| /* confdefs.h */
| #define PACKAGE_NAME "mountall"
| #define PACKAGE_TARNAME "mountall"
| #define PACKAGE_VERSION "2.49"
| #define PACKAGE_STRING "mountall 2.49"
| #define PACKAGE_BUGREPORT "ubuntu-devel@lists.ubuntu.com"
| #define PACKAGE_URL ""
| /* end confdefs.h.  */
| #include <ac_nonexistent.h>
configure:3455: result: gcc -E
configure:3475: gcc -E -D_FORTIFY_SOURCE=2 conftest.c
configure:3475: $? = 0
configure:3489: gcc -E -D_FORTIFY_SOURCE=2 conftest.c
conftest.c:9:28: fatal error: ac_nonexistent.h: No such file or directory
 #include <ac_nonexistent.h>
                            ^
compilation terminated.
configure:3489: $? = 1
configure: failed program was:
| /* confdefs.h */
| #define PACKAGE_NAME "mountall"
| #define PACKAGE_TARNAME "mountall"
| #define PACKAGE_VERSION "2.49"
| #define PACKAGE_STRING "mountall 2.49"
| #define PACKAGE_BUGREPORT "ubuntu-devel@lists.ubuntu.com"
| #define PACKAGE_URL ""
| /* end confdefs.h.  */
| #include <ac_nonexistent.h>
configure:3518: checking for grep that handles long lines and -e
configure:3576: result: /bin/grep
configure:3581: checking for egrep
configure:3643: result: /bin/grep -E
configure:3648: checking for ANSI C header files
configure:3668: gcc -c -g -O2 -fPIE -fstack-protector --param=ssp-buffer-size=4 -Wformat -Werror=format-security -Wall -Os -D_FORTIFY_SOURCE=2 conftest.c >&5
configure:3668: $? = 0
configure:3741: gcc -o conftest -g -O2 -fPIE -fstack-protector --param=ssp-buffer-size=4 -Wformat -Werror=format-security -Wall -Os -D_FORTIFY_SOURCE=2 -Wl,-Bsymbolic-functions -fPIE -pie -Wl,-z,relro -Wl,--as-needed -Wl,-z,now -Wl,-O1 conftest.c  >&5
configure:3741: $? = 0
configure:3741: ./conftest
configure:3741: $? = 0
configure:3752: result: yes
configure:3765: checking for sys/types.h
configure:3765: gcc -c -g -O2 -fPIE -fstack-protector --param=ssp-buffer-size=4 -Wformat -Werror=format-security -Wall -Os -D_FORTIFY_SOURCE=2 conftest.c >&5
configure:3765: $? = 0
configure:3765: result: yes
configure:3765: checking for sys/stat.h
configure:3765: gcc -c -g -O2 -fPIE -fstack-protector --param=ssp-buffer-size=4 -Wformat -Werror=format-security -Wall -Os -D_FORTIFY_SOURCE=2 conftest.c >&5
configure:3765: $? = 0
configure:3765: result: yes
configure:3765: checking for stdlib.h
configure:3765: gcc -c -g -O2 -fPIE -fstack-protector --param=ssp-buffer-size=4 -Wformat -Werror=format-security -Wall -Os -D_FORTIFY_SOURCE=2 conftest.c >&5
configure:3765: $? = 0
configure:3765: result: yes
configure:3765: checking for string.h
configure:3765: gcc -c -g -O2 -fPIE -fstack-protector --param=ssp-buffer-size=4 -Wformat -Werror=format-security -Wall -Os -D_FORTIFY_SOURCE=2 conftest.c >&5
configure:3765: $? = 0
configure:3765: result: yes
configure:3765: checking for memory.h
configure:3765: gcc -c -g -O2 -fPIE -fstack-protector --param=ssp-buffer-size=4 -Wformat -Werror=format-security -Wall -Os -D_FORTIFY_SOURCE=2 conftest.c >&5
configure:3765: $? = 0
configure:3765: result: yes
configure:3765: checking for strings.h
configure:3765: gcc -c -g -O2 -fPIE -fstack-protector --param=ssp-buffer-size=4 -Wformat -Werror=format-security -Wall -Os -D_FORTIFY_SOURCE=2 conftest.c >&5
configure:3765: $? = 0
configure:3765: result: yes
configure:3765: checking for inttypes.h
configure:3765: gcc -c -g -O2 -fPIE -fstack-protector --param=ssp-buffer-size=4 -Wformat -Werror=format-security -Wall -Os -D_FORTIFY_SOURCE=2 conftest.c >&5
configure:3765: $? = 0
configure:3765: result: yes
configure:3765: checking for stdint.h
configure:3765: gcc -c -g -O2 -fPIE -fstack-protector --param=ssp-buffer-size=4 -Wformat -Werror=format-security -Wall -Os -D_FORTIFY_SOURCE=2 conftest.c >&5
configure:3765: $? = 0
configure:3765: result: yes
configure:3765: checking for unistd.h
configure:3765: gcc -c -g -O2 -fPIE -fstack-protector --param=ssp-buffer-size=4 -Wformat -Werror=format-security -Wall -Os -D_FORTIFY_SOURCE=2 conftest.c >&5
configure:3765: $? = 0
configure:3765: result: yes
configure:3778: checking minix/config.h usability
configure:3778: gcc -c -g -O2 -fPIE -fstack-protector --param=ssp-buffer-size=4 -Wformat -Werror=format-security -Wall -Os -D_FORTIFY_SOURCE=2 conftest.c >&5
conftest.c:52:26: fatal error: minix/config.h: No such file or directory
 #include <minix/config.h>
                          ^
compilation terminated.
configure:3778: $? = 1
configure: failed program was:
| /* confdefs.h */
| #define PACKAGE_NAME "mountall"
| #define PACKAGE_TARNAME "mountall"
| #define PACKAGE_VERSION "2.49"
| #define PACKAGE_STRING "mountall 2.49"
| #define PACKAGE_BUGREPORT "ubuntu-devel@lists.ubuntu.com"
| #define PACKAGE_URL ""
| #define STDC_HEADERS 1
| #define HAVE_SYS_TYPES_H 1
| #define HAVE_SYS_STAT_H 1
| #define HAVE_STDLIB_H 1
| #define HAVE_STRING_H 1
| #define HAVE_MEMORY_H 1
| #define HAVE_STRINGS_H 1
| #define HAVE_INTTYPES_H 1
| #define HAVE_STDINT_H 1
| #define HAVE_UNISTD_H 1
| /* end confdefs.h.  */
| #include <stdio.h>
| #ifdef HAVE_SYS_TYPES_H
| # include <sys/types.h>
| #endif
| #ifdef HAVE_SYS_STAT_H
| # include <sys/stat.h>
| #endif
| #ifdef STDC_HEADERS
| # include <stdlib.h>
| # include <stddef.h>
| #else
| # ifdef HAVE_STDLIB_H
| #  include <stdlib.h>
| # endif
| #endif
| #ifdef HAVE_STRING_H
| # if !defined STDC_HEADERS && defined HAVE_MEMORY_H
| #  include <memory.h>
| # endif
| # include <string.h>
| #endif
| #ifdef HAVE_STRINGS_H
| # include <strings.h>
| #endif
| #ifdef HAVE_INTTYPES_H
| # include <inttypes.h>
| #endif
| #ifdef HAVE_STDINT_H
| # include <stdint.h>
| #endif
| #ifdef HAVE_UNISTD_H
| # include <unistd.h>
| #endif
| #include <minix/config.h>
configure:3778: result: no
configure:3778: checking minix/config.h presence
configure:3778: gcc -E -D_FORTIFY_SOURCE=2 conftest.c
conftest.c:19:26: fatal error: minix/config.h: No such file or directory
 #include <minix/config.h>
                          ^
compilation terminated.
configure:3778: $? = 1
configure: failed program was:
| /* confdefs.h */
| #define PACKAGE_NAME "mountall"
| #define PACKAGE_TARNAME "mountall"
| #define PACKAGE_VERSION "2.49"
| #define PACKAGE_STRING "mountall 2.49"
| #define PACKAGE_BUGREPORT "ubuntu-devel@lists.ubuntu.com"
| #define PACKAGE_URL ""
| #define STDC_HEADERS 1
| #define HAVE_SYS_TYPES_H 1
| #define HAVE_SYS_STAT_H 1
| #define HAVE_STDLIB_H 1
| #define HAVE_STRING_H 1
| #define HAVE_MEMORY_H 1
| #define HAVE_STRINGS_H 1
| #define HAVE_INTTYPES_H 1
| #define HAVE_STDINT_H 1
| #define HAVE_UNISTD_H 1
| /* end confdefs.h.  */
| #include <minix/config.h>
configure:3778: result: no
configure:3778: checking for minix/config.h
configure:3778: result: no
configure:3799: checking whether it is safe to define __EXTENSIONS__
configure:3817: gcc -c -g -O2 -fPIE -fstack-protector --param=ssp-buffer-size=4 -Wformat -Werror=format-security -Wall -Os -D_FORTIFY_SOURCE=2 conftest.c >&5
configure:3817: $? = 0
configure:3824: result: yes
configure:3885: checking for a BSD-compatible install
configure:3953: result: /usr/bin/install -c
configure:3964: checking whether build environment is sane
configure:4019: result: yes
configure:4170: checking for a thread-safe mkdir -p
configure:4209: result: /bin/mkdir -p
configure:4216: checking for gawk
configure:4232: found /usr/bin/gawk
configure:4243: result: gawk
configure:4254: checking whether make sets $(MAKE)
configure:4276: result: yes
configure:4306: checking for style of include used by make
configure:4334: result: GNU
configure:4368: checking whether make supports nested variables
configure:4385: result: yes
configure:4470: checking dependency style of gcc
configure:4581: result: none
configure:4608: checking whether make supports nested variables
configure:4625: result: yes
configure:4637: checking whether to enable maintainer-specific portions of Makefiles
configure:4646: result: no
configure:4690: checking build system type
configure:4704: result: x86_64-pc-linux-gnu
configure:4724: checking host system type
configure:4737: result: x86_64-pc-linux-gnu
configure:4778: checking how to print strings
configure:4805: result: printf
configure:4826: checking for a sed that does not truncate output
configure:4890: result: /bin/sed
configure:4908: checking for fgrep
configure:4970: result: /bin/grep -F
configure:5005: checking for ld used by gcc
configure:5072: result: /usr/bin/ld
configure:5079: checking if the linker (/usr/bin/ld) is GNU ld
configure:5094: result: yes
configure:5106: checking for BSD- or MS-compatible name lister (nm)
configure:5155: result: /usr/bin/nm -B
configure:5285: checking the name lister (/usr/bin/nm -B) interface
configure:5292: gcc -c -g -O2 -fPIE -fstack-protector --param=ssp-buffer-size=4 -Wformat -Werror=format-security -Wall -Os -D_FORTIFY_SOURCE=2 conftest.c >&5
configure:5295: /usr/bin/nm -B "conftest.o"
configure:5298: output
0000000000000000 B some_variable
configure:5305: result: BSD nm
configure:5308: checking whether ln -s works
configure:5312: result: yes
configure:5320: checking the maximum length of command line arguments
configure:5451: result: 3458764513820540925
configure:5468: checking whether the shell understands some XSI constructs
configure:5478: result: yes
configure:5482: checking whether the shell understands "+="
configure:5488: result: yes
configure:5523: checking how to convert x86_64-pc-linux-gnu file names to x86_64-pc-linux-gnu format
configure:5563: result: func_convert_file_noop
configure:5570: checking how to convert x86_64-pc-linux-gnu file names to toolchain format
configure:5590: result: func_convert_file_noop
configure:5597: checking for /usr/bin/ld option to reload object files
configure:5604: result: -r
configure:5678: checking for objdump
configure:5694: found /usr/bin/objdump
configure:5705: result: objdump
configure:5737: checking how to recognize dependent libraries
configure:5935: result: pass_all
configure:6020: checking for dlltool
configure:6050: result: no
configure:6080: checking how to associate runtime and link libraries
configure:6107: result: printf %s\n
configure:6167: checking for ar
configure:6183: found /usr/bin/ar
configure:6194: result: ar
configure:6231: checking for archiver @FILE support
configure:6248: gcc -c -g -O2 -fPIE -fstack-protector --param=ssp-buffer-size=4 -Wformat -Werror=format-security -Wall -Os -D_FORTIFY_SOURCE=2 conftest.c >&5
configure:6248: $? = 0
configure:6251: ar cru libconftest.a @conftest.lst >&5
configure:6254: $? = 0
configure:6259: ar cru libconftest.a @conftest.lst >&5
ar: conftest.o: No such file or directory
configure:6262: $? = 1
configure:6274: result: @
configure:6332: checking for strip
configure:6348: found /usr/bin/strip
configure:6359: result: strip
configure:6431: checking for ranlib
configure:6447: found /usr/bin/ranlib
configure:6458: result: ranlib
configure:6560: checking command to parse /usr/bin/nm -B output from gcc object
configure:6680: gcc -c -g -O2 -fPIE -fstack-protector --param=ssp-buffer-size=4 -Wformat -Werror=format-security -Wall -Os -D_FORTIFY_SOURCE=2 conftest.c >&5
configure:6683: $? = 0
configure:6687: /usr/bin/nm -B conftest.o \| sed -n -e 's/^.*[ ]\([ABCDGIRSTW][ABCDGIRSTW]*\)[ ][ ]*\([_A-Za-z][_A-Za-z0-9]*\)$/\1 \2 \2/p' | sed '/ __gnu_lto/d' \> conftest.nm
configure:6690: $? = 0
configure:6756: gcc -o conftest -g -O2 -fPIE -fstack-protector --param=ssp-buffer-size=4 -Wformat -Werror=format-security -Wall -Os -D_FORTIFY_SOURCE=2 -Wl,-Bsymbolic-functions -fPIE -pie -Wl,-z,relro -Wl,--as-needed -Wl,-z,now -Wl,-O1 conftest.c conftstm.o >&5
configure:6759: $? = 0
configure:6797: result: ok
configure:6834: checking for sysroot
configure:6864: result: no
configure:6941: gcc -c -g -O2 -fPIE -fstack-protector --param=ssp-buffer-size=4 -Wformat -Werror=format-security -Wall -Os -D_FORTIFY_SOURCE=2 conftest.c >&5
configure:6944: $? = 0
configure:7127: checking for mt
configure:7143: found /bin/mt
configure:7154: result: mt
configure:7177: checking if mt is a manifest tool
configure:7183: mt '-?'
configure:7191: result: no
configure:7830: checking for dlfcn.h
configure:7830: gcc -c -g -O2 -fPIE -fstack-protector --param=ssp-buffer-size=4 -Wformat -Werror=format-security -Wall -Os -D_FORTIFY_SOURCE=2 conftest.c >&5
configure:7830: $? = 0
configure:7830: result: yes
configure:8036: checking for objdir
configure:8051: result: .libs
configure:8322: checking if gcc supports -fno-rtti -fno-exceptions
configure:8340: gcc -c -g -O2 -fPIE -fstack-protector --param=ssp-buffer-size=4 -Wformat -Werror=format-security -Wall -Os -D_FORTIFY_SOURCE=2 -fno-rtti -fno-exceptions conftest.c >&5
cc1: warning: command line option '-fno-rtti' is valid for C++/ObjC++ but not for C [enabled by default]
configure:8344: $? = 0
configure:8357: result: no
configure:8684: checking for gcc option to produce PIC
configure:8691: result: -fPIC -DPIC
configure:8699: checking if gcc PIC flag -fPIC -DPIC works
configure:8717: gcc -c -g -O2 -fPIE -fstack-protector --param=ssp-buffer-size=4 -Wformat -Werror=format-security -Wall -Os -D_FORTIFY_SOURCE=2 -fPIC -DPIC -DPIC conftest.c >&5
configure:8721: $? = 0
configure:8734: result: yes
configure:8763: checking if gcc static flag -static works
configure:8791: result: no
configure:8806: checking if gcc supports -c -o file.o
configure:8827: gcc -c -g -O2 -fPIE -fstack-protector --param=ssp-buffer-size=4 -Wformat -Werror=format-security -Wall -Os -D_FORTIFY_SOURCE=2 -o out/conftest2.o conftest.c >&5
configure:8831: $? = 0
configure:8853: result: yes
configure:8861: checking if gcc supports -c -o file.o
configure:8908: result: yes
configure:8941: checking whether the gcc linker (/usr/bin/ld -m elf_x86_64) supports shared libraries
configure:10098: result: yes
configure:10135: checking whether -lc should be explicitly linked in
configure:10143: gcc -c -g -O2 -fPIE -fstack-protector --param=ssp-buffer-size=4 -Wformat -Werror=format-security -Wall -Os -D_FORTIFY_SOURCE=2 conftest.c >&5
configure:10146: $? = 0
configure:10161: gcc -shared  -fPIC -DPIC conftest.o  -v -Wl,-soname -Wl,conftest -o conftest 2\>\&1 \| /bin/grep  -lc  \>/dev/null 2\>\&1
configure:10164: $? = 0
configure:10178: result: no
configure:10338: checking dynamic linker characteristics
configure:10838: gcc -o conftest -g -O2 -fPIE -fstack-protector --param=ssp-buffer-size=4 -Wformat -Werror=format-security -Wall -Os -D_FORTIFY_SOURCE=2 -Wl,-Bsymbolic-functions -fPIE -pie -Wl,-z,relro -Wl,--as-needed -Wl,-z,now -Wl,-O1 -Wl,-rpath -Wl,/foo conftest.c  >&5
configure:10838: $? = 0
configure:11072: result: GNU/Linux ld.so
configure:11179: checking how to hardcode library paths into programs
configure:11204: result: immediate
configure:11744: checking whether stripping libraries is possible
configure:11749: result: yes
configure:11784: checking if libtool supports shared libraries
configure:11786: result: yes
configure:11789: checking whether to build shared libraries
configure:11810: result: yes
configure:11813: checking whether to build static libraries
configure:11817: result: yes
configure:11864: checking whether NLS is requested
configure:11873: result: yes
configure:11914: checking for msgfmt
configure: trying /usr/bin/msgfmt...
0 translated messages.
configure:11946: result: /usr/bin/msgfmt
configure:11955: checking for gmsgfmt
configure:11986: result: /usr/bin/msgfmt
configure:12037: checking for xgettext
configure: trying /usr/bin/xgettext...
/usr/bin/xgettext: warning: file '/dev/null' extension '' is unknown; will try C
configure:12069: result: /usr/bin/xgettext
configure:12115: checking for msgmerge
configure: trying /usr/bin/msgmerge...
configure:12146: result: /usr/bin/msgmerge
configure:12164: checking whether we are using the GNU C Library 2 or newer
configure:12191: result: yes
configure:12240: checking for ranlib
configure:12267: result: ranlib
configure:12294: checking for simple visibility declarations
configure:12316: gcc -c -g -O2 -fPIE -fstack-protector --param=ssp-buffer-size=4 -Wformat -Werror=format-security -Wall -Os -fvisibility=hidden -D_FORTIFY_SOURCE=2 conftest.c >&5
configure:12316: $? = 0
configure:12325: result: yes
configure:12340: checking for inline
configure:12356: gcc -c -g -O2 -fPIE -fstack-protector --param=ssp-buffer-size=4 -Wformat -Werror=format-security -Wall -Os -D_FORTIFY_SOURCE=2 conftest.c >&5
configure:12356: $? = 0
configure:12364: result: inline
configure:12382: checking for size_t
configure:12382: gcc -c -g -O2 -fPIE -fstack-protector --param=ssp-buffer-size=4 -Wformat -Werror=format-security -Wall -Os -D_FORTIFY_SOURCE=2 conftest.c >&5
configure:12382: $? = 0
configure:12382: gcc -c -g -O2 -fPIE -fstack-protector --param=ssp-buffer-size=4 -Wformat -Werror=format-security -Wall -Os -D_FORTIFY_SOURCE=2 conftest.c >&5
conftest.c: In function 'main':
conftest.c:65:21: error: expected expression before ')' token
 if (sizeof ((size_t)))
                     ^
configure:12382: $? = 1
configure: failed program was:
| /* confdefs.h */
| #define PACKAGE_NAME "mountall"
| #define PACKAGE_TARNAME "mountall"
| #define PACKAGE_VERSION "2.49"
| #define PACKAGE_STRING "mountall 2.49"
| #define PACKAGE_BUGREPORT "ubuntu-devel@lists.ubuntu.com"
| #define PACKAGE_URL ""
| #define STDC_HEADERS 1
| #define HAVE_SYS_TYPES_H 1
| #define HAVE_SYS_STAT_H 1
| #define HAVE_STDLIB_H 1
| #define HAVE_STRING_H 1
| #define HAVE_MEMORY_H 1
| #define HAVE_STRINGS_H 1
| #define HAVE_INTTYPES_H 1
| #define HAVE_STDINT_H 1
| #define HAVE_UNISTD_H 1
| #define __EXTENSIONS__ 1
| #define _ALL_SOURCE 1
| #define _GNU_SOURCE 1
| #define _POSIX_PTHREAD_SEMANTICS 1
| #define _TANDEM_SOURCE 1
| #define PACKAGE "mountall"
| #define VERSION "2.49"
| #define HAVE_DLFCN_H 1
| #define LT_OBJDIR ".libs/"
| #define HAVE_VISIBILITY 1
| /* end confdefs.h.  */
| #include <stdio.h>
| #ifdef HAVE_SYS_TYPES_H
| # include <sys/types.h>
| #endif
| #ifdef HAVE_SYS_STAT_H
| # include <sys/stat.h>
| #endif
| #ifdef STDC_HEADERS
| # include <stdlib.h>
| # include <stddef.h>
| #else
| # ifdef HAVE_STDLIB_H
| #  include <stdlib.h>
| # endif
| #endif
| #ifdef HAVE_STRING_H
| # if !defined STDC_HEADERS && defined HAVE_MEMORY_H
| #  include <memory.h>
| # endif
| # include <string.h>
| #endif
| #ifdef HAVE_STRINGS_H
| # include <strings.h>
| #endif
| #ifdef HAVE_INTTYPES_H
| # include <inttypes.h>
| #endif
| #ifdef HAVE_STDINT_H
| # include <stdint.h>
| #endif
| #ifdef HAVE_UNISTD_H
| # include <unistd.h>
| #endif
| int
| main ()
| {
| if (sizeof ((size_t)))
| 	    return 0;
|   ;
|   return 0;
| }
configure:12382: result: yes
configure:12394: checking for stdint.h
configure:12411: gcc -c -g -O2 -fPIE -fstack-protector --param=ssp-buffer-size=4 -Wformat -Werror=format-security -Wall -Os -D_FORTIFY_SOURCE=2 conftest.c >&5
configure:12411: $? = 0
configure:12418: result: yes
configure:12430: checking for working alloca.h
configure:12447: gcc -o conftest -g -O2 -fPIE -fstack-protector --param=ssp-buffer-size=4 -Wformat -Werror=format-security -Wall -Os -D_FORTIFY_SOURCE=2 -Wl,-Bsymbolic-functions -fPIE -pie -Wl,-z,relro -Wl,--as-needed -Wl,-z,now -Wl,-O1 conftest.c  >&5
configure:12447: $? = 0
configure:12455: result: yes
configure:12463: checking for alloca
configure:12500: gcc -o conftest -g -O2 -fPIE -fstack-protector --param=ssp-buffer-size=4 -Wformat -Werror=format-security -Wall -Os -D_FORTIFY_SOURCE=2 -Wl,-Bsymbolic-functions -fPIE -pie -Wl,-z,relro -Wl,--as-needed -Wl,-z,now -Wl,-O1 conftest.c  >&5
configure:12500: $? = 0
configure:12508: result: yes
configure:12620: checking for stdlib.h
configure:12620: result: yes
configure:12620: checking for unistd.h
configure:12620: result: yes
configure:12620: checking for sys/param.h
configure:12620: gcc -c -g -O2 -fPIE -fstack-protector --param=ssp-buffer-size=4 -Wformat -Werror=format-security -Wall -Os -D_FORTIFY_SOURCE=2 conftest.c >&5
configure:12620: $? = 0
configure:12620: result: yes
configure:12640: checking for getpagesize
configure:12640: gcc -o conftest -g -O2 -fPIE -fstack-protector --param=ssp-buffer-size=4 -Wformat -Werror=format-security -Wall -Os -D_FORTIFY_SOURCE=2 -Wl,-Bsymbolic-functions -fPIE -pie -Wl,-z,relro -Wl,--as-needed -Wl,-z,now -Wl,-O1 conftest.c  >&5
configure:12640: $? = 0
configure:12640: result: yes
configure:12649: checking for working mmap
configure:12796: gcc -o conftest -g -O2 -fPIE -fstack-protector --param=ssp-buffer-size=4 -Wformat -Werror=format-security -Wall -Os -D_FORTIFY_SOURCE=2 -Wl,-Bsymbolic-functions -fPIE -pie -Wl,-z,relro -Wl,--as-needed -Wl,-z,now -Wl,-O1 conftest.c  >&5
configure:12796: $? = 0
configure:12796: ./conftest
configure:12796: $? = 0
configure:12806: result: yes
configure:12817: checking whether integer division by zero raises SIGFPE
configure:12883: gcc -o conftest -g -O2 -fPIE -fstack-protector --param=ssp-buffer-size=4 -Wformat -Werror=format-security -Wall -Os -D_FORTIFY_SOURCE=2 -Wl,-Bsymbolic-functions -fPIE -pie -Wl,-z,relro -Wl,--as-needed -Wl,-z,now -Wl,-O1 conftest.c  >&5
conftest.c:51:5: warning: built-in function 'nan' declared as non-function [enabled by default]
 int nan;
     ^
configure:12883: $? = 0
configure:12883: ./conftest
configure:12883: $? = 0
configure:12895: result: yes
configure:12908: checking for inttypes.h
configure:12925: gcc -c -g -O2 -fPIE -fstack-protector --param=ssp-buffer-size=4 -Wformat -Werror=format-security -Wall -Os -D_FORTIFY_SOURCE=2 conftest.c >&5
configure:12925: $? = 0
configure:12932: result: yes
configure:12943: checking for unsigned long long int
configure:12964: gcc -o conftest -g -O2 -fPIE -fstack-protector --param=ssp-buffer-size=4 -Wformat -Werror=format-security -Wall -Os -D_FORTIFY_SOURCE=2 -Wl,-Bsymbolic-functions -fPIE -pie -Wl,-z,relro -Wl,--as-needed -Wl,-z,now -Wl,-O1 conftest.c  >&5
configure:12964: $? = 0
configure:12972: result: yes
configure:13002: checking for inttypes.h
configure:13002: result: yes
configure:13013: checking whether the inttypes.h PRIxNN macros are broken
configure:13034: gcc -c -g -O2 -fPIE -fstack-protector --param=ssp-buffer-size=4 -Wformat -Werror=format-security -Wall -Os -D_FORTIFY_SOURCE=2 conftest.c >&5
configure:13034: $? = 0
configure:13042: result: no
configure:13137: checking for ld used by GCC
configure:13201: result: /usr/bin/ld -m elf_x86_64
configure:13208: checking if the linker (/usr/bin/ld -m elf_x86_64) is GNU ld
configure:13221: result: yes
configure:13228: checking for shared library run path origin
configure:13241: result: done
configure:13287: checking whether imported symbols can be declared weak
configure:13302: gcc -o conftest -g -O2 -fPIE -fstack-protector --param=ssp-buffer-size=4 -Wformat -Werror=format-security -Wall -Os -D_FORTIFY_SOURCE=2 -Wl,-Bsymbolic-functions -fPIE -pie -Wl,-z,relro -Wl,--as-needed -Wl,-z,now -Wl,-O1 conftest.c  >&5
configure:13302: $? = 0
configure:13307: result: yes
configure:13312: checking pthread.h usability
configure:13312: gcc -c -g -O2 -fPIE -fstack-protector --param=ssp-buffer-size=4 -Wformat -Werror=format-security -Wall -Os -D_FORTIFY_SOURCE=2 conftest.c >&5
configure:13312: $? = 0
configure:13312: result: yes
configure:13312: checking pthread.h presence
configure:13312: gcc -E -D_FORTIFY_SOURCE=2 conftest.c
configure:13312: $? = 0
configure:13312: result: yes
configure:13312: checking for pthread.h
configure:13312: result: yes
configure:13340: gcc -o conftest -g -O2 -fPIE -fstack-protector --param=ssp-buffer-size=4 -Wformat -Werror=format-security -Wall -Os -D_FORTIFY_SOURCE=2 -Wl,-Bsymbolic-functions -fPIE -pie -Wl,-z,relro -Wl,--as-needed -Wl,-z,now -Wl,-O1 conftest.c  >&5
conftest.c: In function 'main':
conftest.c:46:1: warning: null argument where non-null required (argument 1) [-Wnonnull]
 pthread_mutex_lock((pthread_mutex_t*)0);
 ^
conftest.c:47:12: warning: null argument where non-null required (argument 1) [-Wnonnull]
            pthread_mutexattr_init((pthread_mutexattr_t*)0);
            ^
/tmp/cc8nt8o7.o: In function `main':
/root/apt/mountall-2.53/conftest.c:47: undefined reference to `pthread_mutexattr_init'
collect2: error: ld returned 1 exit status
configure:13340: $? = 1
configure: failed program was:
| /* confdefs.h */
| #define PACKAGE_NAME "mountall"
| #define PACKAGE_TARNAME "mountall"
| #define PACKAGE_VERSION "2.49"
| #define PACKAGE_STRING "mountall 2.49"
| #define PACKAGE_BUGREPORT "ubuntu-devel@lists.ubuntu.com"
| #define PACKAGE_URL ""
| #define STDC_HEADERS 1
| #define HAVE_SYS_TYPES_H 1
| #define HAVE_SYS_STAT_H 1
| #define HAVE_STDLIB_H 1
| #define HAVE_STRING_H 1
| #define HAVE_MEMORY_H 1
| #define HAVE_STRINGS_H 1
| #define HAVE_INTTYPES_H 1
| #define HAVE_STDINT_H 1
| #define HAVE_UNISTD_H 1
| #define __EXTENSIONS__ 1
| #define _ALL_SOURCE 1
| #define _GNU_SOURCE 1
| #define _POSIX_PTHREAD_SEMANTICS 1
| #define _TANDEM_SOURCE 1
| #define PACKAGE "mountall"
| #define VERSION "2.49"
| #define HAVE_DLFCN_H 1
| #define LT_OBJDIR ".libs/"
| #define HAVE_VISIBILITY 1
| #define HAVE_STDINT_H_WITH_UINTMAX 1
| #define HAVE_ALLOCA_H 1
| #define HAVE_ALLOCA 1
| #define HAVE_STDLIB_H 1
| #define HAVE_UNISTD_H 1
| #define HAVE_SYS_PARAM_H 1
| #define HAVE_GETPAGESIZE 1
| #define HAVE_MMAP 1
| #define INTDIV0_RAISES_SIGFPE 1
| #define HAVE_INTTYPES_H_WITH_UINTMAX 1
| #define HAVE_UNSIGNED_LONG_LONG_INT 1
| #define HAVE_UINTMAX_T 1
| #define HAVE_INTTYPES_H 1
| /* end confdefs.h.  */
| #include <pthread.h>
| int
| main ()
| {
| pthread_mutex_lock((pthread_mutex_t*)0);
|            pthread_mutexattr_init((pthread_mutexattr_t*)0);
|   ;
|   return 0;
| }
configure:13403: checking for pthread_kill in -lpthread
configure:13428: gcc -o conftest -g -O2 -fPIE -fstack-protector --param=ssp-buffer-size=4 -Wformat -Werror=format-security -Wall -Os -D_FORTIFY_SOURCE=2 -Wl,-Bsymbolic-functions -fPIE -pie -Wl,-z,relro -Wl,--as-needed -Wl,-z,now -Wl,-O1 conftest.c -lpthread   >&5
configure:13428: $? = 0
configure:13437: result: yes
configure:13507: checking for pthread_rwlock_t
configure:13507: gcc -c -g -O2 -fPIE -fstack-protector --param=ssp-buffer-size=4 -Wformat -Werror=format-security -Wall -Os -D_FORTIFY_SOURCE=2 conftest.c >&5
configure:13507: $? = 0
configure:13507: gcc -c -g -O2 -fPIE -fstack-protector --param=ssp-buffer-size=4 -Wformat -Werror=format-security -Wall -Os -D_FORTIFY_SOURCE=2 conftest.c >&5
conftest.c: In function 'main':
conftest.c:49:31: error: expected expression before ')' token
 if (sizeof ((pthread_rwlock_t)))
                               ^
configure:13507: $? = 1
configure: failed program was:
| /* confdefs.h */
| #define PACKAGE_NAME "mountall"
| #define PACKAGE_TARNAME "mountall"
| #define PACKAGE_VERSION "2.49"
| #define PACKAGE_STRING "mountall 2.49"
| #define PACKAGE_BUGREPORT "ubuntu-devel@lists.ubuntu.com"
| #define PACKAGE_URL ""
| #define STDC_HEADERS 1
| #define HAVE_SYS_TYPES_H 1
| #define HAVE_SYS_STAT_H 1
| #define HAVE_STDLIB_H 1
| #define HAVE_STRING_H 1
| #define HAVE_MEMORY_H 1
| #define HAVE_STRINGS_H 1
| #define HAVE_INTTYPES_H 1
| #define HAVE_STDINT_H 1
| #define HAVE_UNISTD_H 1
| #define __EXTENSIONS__ 1
| #define _ALL_SOURCE 1
| #define _GNU_SOURCE 1
| #define _POSIX_PTHREAD_SEMANTICS 1
| #define _TANDEM_SOURCE 1
| #define PACKAGE "mountall"
| #define VERSION "2.49"
| #define HAVE_DLFCN_H 1
| #define LT_OBJDIR ".libs/"
| #define HAVE_VISIBILITY 1
| #define HAVE_STDINT_H_WITH_UINTMAX 1
| #define HAVE_ALLOCA_H 1
| #define HAVE_ALLOCA 1
| #define HAVE_STDLIB_H 1
| #define HAVE_UNISTD_H 1
| #define HAVE_SYS_PARAM_H 1
| #define HAVE_GETPAGESIZE 1
| #define HAVE_MMAP 1
| #define INTDIV0_RAISES_SIGFPE 1
| #define HAVE_INTTYPES_H_WITH_UINTMAX 1
| #define HAVE_UNSIGNED_LONG_LONG_INT 1
| #define HAVE_UINTMAX_T 1
| #define HAVE_INTTYPES_H 1
| #define USE_POSIX_THREADS 1
| #define USE_POSIX_THREADS_WEAK 1
| /* end confdefs.h.  */
| #include <pthread.h>
| 
| int
| main ()
| {
| if (sizeof ((pthread_rwlock_t)))
| 	    return 0;
|   ;
|   return 0;
| }
configure:13507: result: yes
configure:13532: gcc -c -g -O2 -fPIE -fstack-protector --param=ssp-buffer-size=4 -Wformat -Werror=format-security -Wall -Os -D_FORTIFY_SOURCE=2 conftest.c >&5
configure:13532: $? = 0
configure:14130: checking for multithread API to use
configure:14132: result: posix
configure:14600: gcc -o conftest -g -O2 -fPIE -fstack-protector --param=ssp-buffer-size=4 -Wformat -Werror=format-security -Wall -Os -D_FORTIFY_SOURCE=2 -Wl,-Bsymbolic-functions -fPIE -pie -Wl,-z,relro -Wl,--as-needed -Wl,-z,now -Wl,-O1 conftest.c  >&5
configure:14600: $? = 0
configure:14611: checking argz.h usability
configure:14611: gcc -c -g -O2 -fPIE -fstack-protector --param=ssp-buffer-size=4 -Wformat -Werror=format-security -Wall -Os -D_FORTIFY_SOURCE=2 conftest.c >&5
configure:14611: $? = 0
configure:14611: result: yes
configure:14611: checking argz.h presence
configure:14611: gcc -E -D_FORTIFY_SOURCE=2 conftest.c
configure:14611: $? = 0
configure:14611: result: yes
configure:14611: checking for argz.h
configure:14611: result: yes
configure:14611: checking for inttypes.h
configure:14611: result: yes
configure:14611: checking limits.h usability
configure:14611: gcc -c -g -O2 -fPIE -fstack-protector --param=ssp-buffer-size=4 -Wformat -Werror=format-security -Wall -Os -D_FORTIFY_SOURCE=2 conftest.c >&5
configure:14611: $? = 0
configure:14611: result: yes
configure:14611: checking limits.h presence
configure:14611: gcc -E -D_FORTIFY_SOURCE=2 conftest.c
configure:14611: $? = 0
configure:14611: result: yes
configure:14611: checking for limits.h
configure:14611: result: yes
configure:14611: checking for unistd.h
configure:14611: result: yes
configure:14611: checking for sys/param.h
configure:14611: result: yes
configure:14626: checking for getcwd
configure:14626: gcc -o conftest -g -O2 -fPIE -fstack-protector --param=ssp-buffer-size=4 -Wformat -Werror=format-security -Wall -Os -D_FORTIFY_SOURCE=2 -Wl,-Bsymbolic-functions -fPIE -pie -Wl,-z,relro -Wl,--as-needed -Wl,-z,now -Wl,-O1 conftest.c  >&5
configure:14626: $? = 0
configure:14626: result: yes
configure:14626: checking for getegid
configure:14626: gcc -o conftest -g -O2 -fPIE -fstack-protector --param=ssp-buffer-size=4 -Wformat -Werror=format-security -Wall -Os -D_FORTIFY_SOURCE=2 -Wl,-Bsymbolic-functions -fPIE -pie -Wl,-z,relro -Wl,--as-needed -Wl,-z,now -Wl,-O1 conftest.c  >&5
configure:14626: $? = 0
configure:14626: result: yes
configure:14626: checking for geteuid
configure:14626: gcc -o conftest -g -O2 -fPIE -fstack-protector --param=ssp-buffer-size=4 -Wformat -Werror=format-security -Wall -Os -D_FORTIFY_SOURCE=2 -Wl,-Bsymbolic-functions -fPIE -pie -Wl,-z,relro -Wl,--as-needed -Wl,-z,now -Wl,-O1 conftest.c  >&5
configure:14626: $? = 0
configure:14626: result: yes
configure:14626: checking for getgid
configure:14626: gcc -o conftest -g -O2 -fPIE -fstack-protector --param=ssp-buffer-size=4 -Wformat -Werror=format-security -Wall -Os -D_FORTIFY_SOURCE=2 -Wl,-Bsymbolic-functions -fPIE -pie -Wl,-z,relro -Wl,--as-needed -Wl,-z,now -Wl,-O1 conftest.c  >&5
configure:14626: $? = 0
configure:14626: result: yes
configure:14626: checking for getuid
configure:14626: gcc -o conftest -g -O2 -fPIE -fstack-protector --param=ssp-buffer-size=4 -Wformat -Werror=format-security -Wall -Os -D_FORTIFY_SOURCE=2 -Wl,-Bsymbolic-functions -fPIE -pie -Wl,-z,relro -Wl,--as-needed -Wl,-z,now -Wl,-O1 conftest.c  >&5
configure:14626: $? = 0
configure:14626: result: yes
configure:14626: checking for mempcpy
configure:14626: gcc -o conftest -g -O2 -fPIE -fstack-protector --param=ssp-buffer-size=4 -Wformat -Werror=format-security -Wall -Os -D_FORTIFY_SOURCE=2 -Wl,-Bsymbolic-functions -fPIE -pie -Wl,-z,relro -Wl,--as-needed -Wl,-z,now -Wl,-O1 conftest.c  >&5
conftest.c:80:6: warning: conflicting types for built-in function 'mempcpy' [enabled by default]
 char mempcpy ();
      ^
configure:14626: $? = 0
configure:14626: result: yes
configure:14626: checking for munmap
configure:14626: gcc -o conftest -g -O2 -fPIE -fstack-protector --param=ssp-buffer-size=4 -Wformat -Werror=format-security -Wall -Os -D_FORTIFY_SOURCE=2 -Wl,-Bsymbolic-functions -fPIE -pie -Wl,-z,relro -Wl,--as-needed -Wl,-z,now -Wl,-O1 conftest.c  >&5
configure:14626: $? = 0
configure:14626: result: yes
configure:14626: checking for stpcpy
configure:14626: gcc -o conftest -g -O2 -fPIE -fstack-protector --param=ssp-buffer-size=4 -Wformat -Werror=format-security -Wall -Os -D_FORTIFY_SOURCE=2 -Wl,-Bsymbolic-functions -fPIE -pie -Wl,-z,relro -Wl,--as-needed -Wl,-z,now -Wl,-O1 conftest.c  >&5
conftest.c:82:6: warning: conflicting types for built-in function 'stpcpy' [enabled by default]
 char stpcpy ();
      ^
configure:14626: $? = 0
configure:14626: result: yes
configure:14626: checking for strcasecmp
configure:14626: gcc -o conftest -g -O2 -fPIE -fstack-protector --param=ssp-buffer-size=4 -Wformat -Werror=format-security -Wall -Os -D_FORTIFY_SOURCE=2 -Wl,-Bsymbolic-functions -fPIE -pie -Wl,-z,relro -Wl,--as-needed -Wl,-z,now -Wl,-O1 conftest.c  >&5
conftest.c:83:6: warning: conflicting types for built-in function 'strcasecmp' [enabled by default]
 char strcasecmp ();
      ^
configure:14626: $? = 0
configure:14626: result: yes
configure:14626: checking for strdup
configure:14626: gcc -o conftest -g -O2 -fPIE -fstack-protector --param=ssp-buffer-size=4 -Wformat -Werror=format-security -Wall -Os -D_FORTIFY_SOURCE=2 -Wl,-Bsymbolic-functions -fPIE -pie -Wl,-z,relro -Wl,--as-needed -Wl,-z,now -Wl,-O1 conftest.c  >&5
conftest.c:84:6: warning: conflicting types for built-in function 'strdup' [enabled by default]
 char strdup ();
      ^
configure:14626: $? = 0
configure:14626: result: yes
configure:14626: checking for strtoul
configure:14626: gcc -o conftest -g -O2 -fPIE -fstack-protector --param=ssp-buffer-size=4 -Wformat -Werror=format-security -Wall -Os -D_FORTIFY_SOURCE=2 -Wl,-Bsymbolic-functions -fPIE -pie -Wl,-z,relro -Wl,--as-needed -Wl,-z,now -Wl,-O1 conftest.c  >&5
configure:14626: $? = 0
configure:14626: result: yes
configure:14626: checking for tsearch
configure:14626: gcc -o conftest -g -O2 -fPIE -fstack-protector --param=ssp-buffer-size=4 -Wformat -Werror=format-security -Wall -Os -D_FORTIFY_SOURCE=2 -Wl,-Bsymbolic-functions -fPIE -pie -Wl,-z,relro -Wl,--as-needed -Wl,-z,now -Wl,-O1 conftest.c  >&5
configure:14626: $? = 0
configure:14626: result: yes
configure:14626: checking for argz_count
configure:14626: gcc -o conftest -g -O2 -fPIE -fstack-protector --param=ssp-buffer-size=4 -Wformat -Werror=format-security -Wall -Os -D_FORTIFY_SOURCE=2 -Wl,-Bsymbolic-functions -fPIE -pie -Wl,-z,relro -Wl,--as-needed -Wl,-z,now -Wl,-O1 conftest.c  >&5
configure:14626: $? = 0
configure:14626: result: yes
configure:14626: checking for argz_stringify
configure:14626: gcc -o conftest -g -O2 -fPIE -fstack-protector --param=ssp-buffer-size=4 -Wformat -Werror=format-security -Wall -Os -D_FORTIFY_SOURCE=2 -Wl,-Bsymbolic-functions -fPIE -pie -Wl,-z,relro -Wl,--as-needed -Wl,-z,now -Wl,-O1 conftest.c  >&5
configure:14626: $? = 0
configure:14626: result: yes
configure:14626: checking for argz_next
configure:14626: gcc -o conftest -g -O2 -fPIE -fstack-protector --param=ssp-buffer-size=4 -Wformat -Werror=format-security -Wall -Os -D_FORTIFY_SOURCE=2 -Wl,-Bsymbolic-functions -fPIE -pie -Wl,-z,relro -Wl,--as-needed -Wl,-z,now -Wl,-O1 conftest.c  >&5
configure:14626: $? = 0
configure:14626: result: yes
configure:14626: checking for __fsetlocking
configure:14626: gcc -o conftest -g -O2 -fPIE -fstack-protector --param=ssp-buffer-size=4 -Wformat -Werror=format-security -Wall -Os -D_FORTIFY_SOURCE=2 -Wl,-Bsymbolic-functions -fPIE -pie -Wl,-z,relro -Wl,--as-needed -Wl,-z,now -Wl,-O1 conftest.c  >&5
configure:14626: $? = 0
configure:14626: result: yes
configure:14637: checking whether feof_unlocked is declared
configure:14657: gcc -c -g -O2 -fPIE -fstack-protector --param=ssp-buffer-size=4 -Wformat -Werror=format-security -Wall -Os -D_FORTIFY_SOURCE=2 conftest.c >&5
conftest.c: In function 'main':
conftest.c:74:9: warning: unused variable 'p' [-Wunused-variable]
   char *p = (char *) feof_unlocked;
         ^
configure:14657: $? = 0
configure:14664: result: yes
configure:14678: checking whether fgets_unlocked is declared
configure:14698: gcc -c -g -O2 -fPIE -fstack-protector --param=ssp-buffer-size=4 -Wformat -Werror=format-security -Wall -Os -D_FORTIFY_SOURCE=2 conftest.c >&5
conftest.c: In function 'main':
conftest.c:75:9: warning: unused variable 'p' [-Wunused-variable]
   char *p = (char *) fgets_unlocked;
         ^
configure:14698: $? = 0
configure:14705: result: yes
configure:14749: checking for iconv
configure:14771: gcc -o conftest -g -O2 -fPIE -fstack-protector --param=ssp-buffer-size=4 -Wformat -Werror=format-security -Wall -Os -D_FORTIFY_SOURCE=2 -Wl,-Bsymbolic-functions -fPIE -pie -Wl,-z,relro -Wl,--as-needed -Wl,-z,now -Wl,-O1 conftest.c  >&5
configure:14771: $? = 0
configure:14803: result: yes
configure:14806: checking for working iconv
configure:14882: gcc -o conftest -g -O2 -fPIE -fstack-protector --param=ssp-buffer-size=4 -Wformat -Werror=format-security -Wall -Os -D_FORTIFY_SOURCE=2 -Wl,-Bsymbolic-functions -fPIE -pie -Wl,-z,relro -Wl,--as-needed -Wl,-z,now -Wl,-O1 conftest.c  >&5
configure:14882: $? = 0
configure:14882: ./conftest
configure:14882: $? = 0
configure:14894: result: yes
configure:14922: checking for iconv declaration
configure:14951: gcc -c -g -O2 -fPIE -fstack-protector --param=ssp-buffer-size=4 -Wformat -Werror=format-security -Wall -Os -D_FORTIFY_SOURCE=2 conftest.c >&5
configure:14951: $? = 0
configure:14962: result: 
         extern size_t iconv (iconv_t cd, char * *inbuf, size_t *inbytesleft, char * *outbuf, size_t *outbytesleft);
configure:14973: checking for NL_LOCALE_NAME macro
configure:14992: gcc -o conftest -g -O2 -fPIE -fstack-protector --param=ssp-buffer-size=4 -Wformat -Werror=format-security -Wall -Os -D_FORTIFY_SOURCE=2 -Wl,-Bsymbolic-functions -fPIE -pie -Wl,-z,relro -Wl,--as-needed -Wl,-z,now -Wl,-O1 conftest.c  >&5
configure:14992: $? = 0
configure:15001: result: yes
configure:15013: checking for bison
configure:15043: result: no
configure:15071: checking for long long int
configure:15111: gcc -o conftest -g -O2 -fPIE -fstack-protector --param=ssp-buffer-size=4 -Wformat -Werror=format-security -Wall -Os -D_FORTIFY_SOURCE=2 -Wl,-Bsymbolic-functions -fPIE -pie -Wl,-z,relro -Wl,--as-needed -Wl,-z,now -Wl,-O1 conftest.c  >&5
configure:15111: $? = 0
configure:15141: gcc -o conftest -g -O2 -fPIE -fstack-protector --param=ssp-buffer-size=4 -Wformat -Werror=format-security -Wall -Os -D_FORTIFY_SOURCE=2 -Wl,-Bsymbolic-functions -fPIE -pie -Wl,-z,relro -Wl,--as-needed -Wl,-z,now -Wl,-O1 conftest.c  >&5
configure:15141: $? = 0
configure:15141: ./conftest
configure:15141: $? = 0
configure:15156: result: yes
configure:15165: checking for wchar_t
configure:15182: gcc -c -g -O2 -fPIE -fstack-protector --param=ssp-buffer-size=4 -Wformat -Werror=format-security -Wall -Os -D_FORTIFY_SOURCE=2 conftest.c >&5
configure:15182: $? = 0
configure:15189: result: yes
configure:15198: checking for wint_t
configure:15223: gcc -c -g -O2 -fPIE -fstack-protector --param=ssp-buffer-size=4 -Wformat -Werror=format-security -Wall -Os -D_FORTIFY_SOURCE=2 conftest.c >&5
configure:15223: $? = 0
configure:15230: result: yes
configure:15241: checking for intmax_t
configure:15267: gcc -c -g -O2 -fPIE -fstack-protector --param=ssp-buffer-size=4 -Wformat -Werror=format-security -Wall -Os -D_FORTIFY_SOURCE=2 conftest.c >&5
configure:15267: $? = 0
configure:15274: result: yes
configure:15284: checking whether printf() supports POSIX/XSI format strings
configure:15325: gcc -o conftest -g -O2 -fPIE -fstack-protector --param=ssp-buffer-size=4 -Wformat -Werror=format-security -Wall -Os -D_FORTIFY_SOURCE=2 -Wl,-Bsymbolic-functions -fPIE -pie -Wl,-z,relro -Wl,--as-needed -Wl,-z,now -Wl,-O1 conftest.c  >&5
configure:15325: $? = 0
configure:15325: ./conftest
configure:15325: $? = 0
configure:15336: result: yes
configure:15347: checking whether we are using the GNU C Library 2.1 or newer
configure:15374: result: yes
configure:15383: checking for stdint.h
configure:15383: result: yes
configure:15393: checking for SIZE_MAX
configure:15465: result: yes
configure:15480: checking for stdint.h
configure:15480: result: yes
configure:15492: checking for CFPreferencesCopyAppValue
configure:15510: gcc -o conftest -g -O2 -fPIE -fstack-protector --param=ssp-buffer-size=4 -Wformat -Werror=format-security -Wall -Os -D_FORTIFY_SOURCE=2 -Wl,-Bsymbolic-functions -fPIE -pie -Wl,-z,relro -Wl,--as-needed -Wl,-z,now -Wl,-O1 conftest.c  -Wl,-framework -Wl,CoreFoundation >&5
conftest.c:80:42: fatal error: CoreFoundation/CFPreferences.h: No such file or directory
 #include <CoreFoundation/CFPreferences.h>
                                          ^
compilation terminated.
configure:15510: $? = 1
configure: failed program was:
| /* confdefs.h */
| #define PACKAGE_NAME "mountall"
| #define PACKAGE_TARNAME "mountall"
| #define PACKAGE_VERSION "2.49"
| #define PACKAGE_STRING "mountall 2.49"
| #define PACKAGE_BUGREPORT "ubuntu-devel@lists.ubuntu.com"
| #define PACKAGE_URL ""
| #define STDC_HEADERS 1
| #define HAVE_SYS_TYPES_H 1
| #define HAVE_SYS_STAT_H 1
| #define HAVE_STDLIB_H 1
| #define HAVE_STRING_H 1
| #define HAVE_MEMORY_H 1
| #define HAVE_STRINGS_H 1
| #define HAVE_INTTYPES_H 1
| #define HAVE_STDINT_H 1
| #define HAVE_UNISTD_H 1
| #define __EXTENSIONS__ 1
| #define _ALL_SOURCE 1
| #define _GNU_SOURCE 1
| #define _POSIX_PTHREAD_SEMANTICS 1
| #define _TANDEM_SOURCE 1
| #define PACKAGE "mountall"
| #define VERSION "2.49"
| #define HAVE_DLFCN_H 1
| #define LT_OBJDIR ".libs/"
| #define HAVE_VISIBILITY 1
| #define HAVE_STDINT_H_WITH_UINTMAX 1
| #define HAVE_ALLOCA_H 1
| #define HAVE_ALLOCA 1
| #define HAVE_STDLIB_H 1
| #define HAVE_UNISTD_H 1
| #define HAVE_SYS_PARAM_H 1
| #define HAVE_GETPAGESIZE 1
| #define HAVE_MMAP 1
| #define INTDIV0_RAISES_SIGFPE 1
| #define HAVE_INTTYPES_H_WITH_UINTMAX 1
| #define HAVE_UNSIGNED_LONG_LONG_INT 1
| #define HAVE_UINTMAX_T 1
| #define HAVE_INTTYPES_H 1
| #define USE_POSIX_THREADS 1
| #define USE_POSIX_THREADS_WEAK 1
| #define HAVE_PTHREAD_RWLOCK 1
| #define HAVE_PTHREAD_MUTEX_RECURSIVE 1
| #define HAVE_BUILTIN_EXPECT 1
| #define HAVE_ARGZ_H 1
| #define HAVE_INTTYPES_H 1
| #define HAVE_LIMITS_H 1
| #define HAVE_UNISTD_H 1
| #define HAVE_SYS_PARAM_H 1
| #define HAVE_GETCWD 1
| #define HAVE_GETEGID 1
| #define HAVE_GETEUID 1
| #define HAVE_GETGID 1
| #define HAVE_GETUID 1
| #define HAVE_MEMPCPY 1
| #define HAVE_MUNMAP 1
| #define HAVE_STPCPY 1
| #define HAVE_STRCASECMP 1
| #define HAVE_STRDUP 1
| #define HAVE_STRTOUL 1
| #define HAVE_TSEARCH 1
| #define HAVE_ARGZ_COUNT 1
| #define HAVE_ARGZ_STRINGIFY 1
| #define HAVE_ARGZ_NEXT 1
| #define HAVE___FSETLOCKING 1
| #define HAVE_DECL_FEOF_UNLOCKED 1
| #define HAVE_DECL_FGETS_UNLOCKED 1
| #define HAVE_ICONV 1
| #define ICONV_CONST 
| #define HAVE_NL_LOCALE_NAME 1
| #define HAVE_LONG_LONG_INT 1
| #define HAVE_WCHAR_T 1
| #define HAVE_WINT_T 1
| #define HAVE_INTMAX_T 1
| #define HAVE_POSIX_PRINTF 1
| #define HAVE_STDINT_H 1
| #define HAVE_STDINT_H 1
| /* end confdefs.h.  */
| #include <CoreFoundation/CFPreferences.h>
| int
| main ()
| {
| CFPreferencesCopyAppValue(NULL, NULL)
|   ;
|   return 0;
| }
configure:15519: result: no
configure:15526: checking for CFLocaleCopyCurrent
configure:15544: gcc -o conftest -g -O2 -fPIE -fstack-protector --param=ssp-buffer-size=4 -Wformat -Werror=format-security -Wall -Os -D_FORTIFY_SOURCE=2 -Wl,-Bsymbolic-functions -fPIE -pie -Wl,-z,relro -Wl,--as-needed -Wl,-z,now -Wl,-O1 conftest.c  -Wl,-framework -Wl,CoreFoundation >&5
conftest.c:80:37: fatal error: CoreFoundation/CFLocale.h: No such file or directory
 #include <CoreFoundation/CFLocale.h>
                                     ^
compilation terminated.
configure:15544: $? = 1
configure: failed program was:
| /* confdefs.h */
| #define PACKAGE_NAME "mountall"
| #define PACKAGE_TARNAME "mountall"
| #define PACKAGE_VERSION "2.49"
| #define PACKAGE_STRING "mountall 2.49"
| #define PACKAGE_BUGREPORT "ubuntu-devel@lists.ubuntu.com"
| #define PACKAGE_URL ""
| #define STDC_HEADERS 1
| #define HAVE_SYS_TYPES_H 1
| #define HAVE_SYS_STAT_H 1
| #define HAVE_STDLIB_H 1
| #define HAVE_STRING_H 1
| #define HAVE_MEMORY_H 1
| #define HAVE_STRINGS_H 1
| #define HAVE_INTTYPES_H 1
| #define HAVE_STDINT_H 1
| #define HAVE_UNISTD_H 1
| #define __EXTENSIONS__ 1
| #define _ALL_SOURCE 1
| #define _GNU_SOURCE 1
| #define _POSIX_PTHREAD_SEMANTICS 1
| #define _TANDEM_SOURCE 1
| #define PACKAGE "mountall"
| #define VERSION "2.49"
| #define HAVE_DLFCN_H 1
| #define LT_OBJDIR ".libs/"
| #define HAVE_VISIBILITY 1
| #define HAVE_STDINT_H_WITH_UINTMAX 1
| #define HAVE_ALLOCA_H 1
| #define HAVE_ALLOCA 1
| #define HAVE_STDLIB_H 1
| #define HAVE_UNISTD_H 1
| #define HAVE_SYS_PARAM_H 1
| #define HAVE_GETPAGESIZE 1
| #define HAVE_MMAP 1
| #define INTDIV0_RAISES_SIGFPE 1
| #define HAVE_INTTYPES_H_WITH_UINTMAX 1
| #define HAVE_UNSIGNED_LONG_LONG_INT 1
| #define HAVE_UINTMAX_T 1
| #define HAVE_INTTYPES_H 1
| #define USE_POSIX_THREADS 1
| #define USE_POSIX_THREADS_WEAK 1
| #define HAVE_PTHREAD_RWLOCK 1
| #define HAVE_PTHREAD_MUTEX_RECURSIVE 1
| #define HAVE_BUILTIN_EXPECT 1
| #define HAVE_ARGZ_H 1
| #define HAVE_INTTYPES_H 1
| #define HAVE_LIMITS_H 1
| #define HAVE_UNISTD_H 1
| #define HAVE_SYS_PARAM_H 1
| #define HAVE_GETCWD 1
| #define HAVE_GETEGID 1
| #define HAVE_GETEUID 1
| #define HAVE_GETGID 1
| #define HAVE_GETUID 1
| #define HAVE_MEMPCPY 1
| #define HAVE_MUNMAP 1
| #define HAVE_STPCPY 1
| #define HAVE_STRCASECMP 1
| #define HAVE_STRDUP 1
| #define HAVE_STRTOUL 1
| #define HAVE_TSEARCH 1
| #define HAVE_ARGZ_COUNT 1
| #define HAVE_ARGZ_STRINGIFY 1
| #define HAVE_ARGZ_NEXT 1
| #define HAVE___FSETLOCKING 1
| #define HAVE_DECL_FEOF_UNLOCKED 1
| #define HAVE_DECL_FGETS_UNLOCKED 1
| #define HAVE_ICONV 1
| #define ICONV_CONST 
| #define HAVE_NL_LOCALE_NAME 1
| #define HAVE_LONG_LONG_INT 1
| #define HAVE_WCHAR_T 1
| #define HAVE_WINT_T 1
| #define HAVE_INTMAX_T 1
| #define HAVE_POSIX_PRINTF 1
| #define HAVE_STDINT_H 1
| #define HAVE_STDINT_H 1
| /* end confdefs.h.  */
| #include <CoreFoundation/CFLocale.h>
| int
| main ()
| {
| CFLocaleCopyCurrent();
|   ;
|   return 0;
| }
configure:15553: result: no
configure:15571: checking for ptrdiff_t
configure:15571: gcc -c -g -O2 -fPIE -fstack-protector --param=ssp-buffer-size=4 -Wformat -Werror=format-security -Wall -Os -D_FORTIFY_SOURCE=2 conftest.c >&5
configure:15571: $? = 0
configure:15571: gcc -c -g -O2 -fPIE -fstack-protector --param=ssp-buffer-size=4 -Wformat -Werror=format-security -Wall -Os -D_FORTIFY_SOURCE=2 conftest.c >&5
conftest.c: In function 'main':
conftest.c:116:24: error: expected expression before ')' token
 if (sizeof ((ptrdiff_t)))
                        ^
configure:15571: $? = 1
configure: failed program was:
| /* confdefs.h */
| #define PACKAGE_NAME "mountall"
| #define PACKAGE_TARNAME "mountall"
| #define PACKAGE_VERSION "2.49"
| #define PACKAGE_STRING "mountall 2.49"
| #define PACKAGE_BUGREPORT "ubuntu-devel@lists.ubuntu.com"
| #define PACKAGE_URL ""
| #define STDC_HEADERS 1
| #define HAVE_SYS_TYPES_H 1
| #define HAVE_SYS_STAT_H 1
| #define HAVE_STDLIB_H 1
| #define HAVE_STRING_H 1
| #define HAVE_MEMORY_H 1
| #define HAVE_STRINGS_H 1
| #define HAVE_INTTYPES_H 1
| #define HAVE_STDINT_H 1
| #define HAVE_UNISTD_H 1
| #define __EXTENSIONS__ 1
| #define _ALL_SOURCE 1
| #define _GNU_SOURCE 1
| #define _POSIX_PTHREAD_SEMANTICS 1
| #define _TANDEM_SOURCE 1
| #define PACKAGE "mountall"
| #define VERSION "2.49"
| #define HAVE_DLFCN_H 1
| #define LT_OBJDIR ".libs/"
| #define HAVE_VISIBILITY 1
| #define HAVE_STDINT_H_WITH_UINTMAX 1
| #define HAVE_ALLOCA_H 1
| #define HAVE_ALLOCA 1
| #define HAVE_STDLIB_H 1
| #define HAVE_UNISTD_H 1
| #define HAVE_SYS_PARAM_H 1
| #define HAVE_GETPAGESIZE 1
| #define HAVE_MMAP 1
| #define INTDIV0_RAISES_SIGFPE 1
| #define HAVE_INTTYPES_H_WITH_UINTMAX 1
| #define HAVE_UNSIGNED_LONG_LONG_INT 1
| #define HAVE_UINTMAX_T 1
| #define HAVE_INTTYPES_H 1
| #define USE_POSIX_THREADS 1
| #define USE_POSIX_THREADS_WEAK 1
| #define HAVE_PTHREAD_RWLOCK 1
| #define HAVE_PTHREAD_MUTEX_RECURSIVE 1
| #define HAVE_BUILTIN_EXPECT 1
| #define HAVE_ARGZ_H 1
| #define HAVE_INTTYPES_H 1
| #define HAVE_LIMITS_H 1
| #define HAVE_UNISTD_H 1
| #define HAVE_SYS_PARAM_H 1
| #define HAVE_GETCWD 1
| #define HAVE_GETEGID 1
| #define HAVE_GETEUID 1
| #define HAVE_GETGID 1
| #define HAVE_GETUID 1
| #define HAVE_MEMPCPY 1
| #define HAVE_MUNMAP 1
| #define HAVE_STPCPY 1
| #define HAVE_STRCASECMP 1
| #define HAVE_STRDUP 1
| #define HAVE_STRTOUL 1
| #define HAVE_TSEARCH 1
| #define HAVE_ARGZ_COUNT 1
| #define HAVE_ARGZ_STRINGIFY 1
| #define HAVE_ARGZ_NEXT 1
| #define HAVE___FSETLOCKING 1
| #define HAVE_DECL_FEOF_UNLOCKED 1
| #define HAVE_DECL_FGETS_UNLOCKED 1
| #define HAVE_ICONV 1
| #define ICONV_CONST 
| #define HAVE_NL_LOCALE_NAME 1
| #define HAVE_LONG_LONG_INT 1
| #define HAVE_WCHAR_T 1
| #define HAVE_WINT_T 1
| #define HAVE_INTMAX_T 1
| #define HAVE_POSIX_PRINTF 1
| #define HAVE_STDINT_H 1
| #define HAVE_STDINT_H 1
| /* end confdefs.h.  */
| #include <stdio.h>
| #ifdef HAVE_SYS_TYPES_H
| # include <sys/types.h>
| #endif
| #ifdef HAVE_SYS_STAT_H
| # include <sys/stat.h>
| #endif
| #ifdef STDC_HEADERS
| # include <stdlib.h>
| # include <stddef.h>
| #else
| # ifdef HAVE_STDLIB_H
| #  include <stdlib.h>
| # endif
| #endif
| #ifdef HAVE_STRING_H
| # if !defined STDC_HEADERS && defined HAVE_MEMORY_H
| #  include <memory.h>
| # endif
| # include <string.h>
| #endif
| #ifdef HAVE_STRINGS_H
| # include <strings.h>
| #endif
| #ifdef HAVE_INTTYPES_H
| # include <inttypes.h>
| #endif
| #ifdef HAVE_STDINT_H
| # include <stdint.h>
| #endif
| #ifdef HAVE_UNISTD_H
| # include <unistd.h>
| #endif
| int
| main ()
| {
| if (sizeof ((ptrdiff_t)))
| 	    return 0;
|   ;
|   return 0;
| }
configure:15571: result: yes
configure:15584: checking stddef.h usability
configure:15584: gcc -c -g -O2 -fPIE -fstack-protector --param=ssp-buffer-size=4 -Wformat -Werror=format-security -Wall -Os -D_FORTIFY_SOURCE=2 conftest.c >&5
configure:15584: $? = 0
configure:15584: result: yes
configure:15584: checking stddef.h presence
configure:15584: gcc -E -D_FORTIFY_SOURCE=2 conftest.c
configure:15584: $? = 0
configure:15584: result: yes
configure:15584: checking for stddef.h
configure:15584: result: yes
configure:15584: checking for stdlib.h
configure:15584: result: yes
configure:15584: checking for string.h
configure:15584: result: yes
configure:15597: checking for asprintf
configure:15597: gcc -o conftest -g -O2 -fPIE -fstack-protector --param=ssp-buffer-size=4 -Wformat -Werror=format-security -Wall -Os -D_FORTIFY_SOURCE=2 -Wl,-Bsymbolic-functions -fPIE -pie -Wl,-z,relro -Wl,--as-needed -Wl,-z,now -Wl,-O1 conftest.c  >&5
configure:15597: $? = 0
configure:15597: result: yes
configure:15597: checking for fwprintf
configure:15597: gcc -o conftest -g -O2 -fPIE -fstack-protector --param=ssp-buffer-size=4 -Wformat -Werror=format-security -Wall -Os -D_FORTIFY_SOURCE=2 -Wl,-Bsymbolic-functions -fPIE -pie -Wl,-z,relro -Wl,--as-needed -Wl,-z,now -Wl,-O1 conftest.c  >&5
configure:15597: $? = 0
configure:15597: result: yes
configure:15597: checking for putenv
configure:15597: gcc -o conftest -g -O2 -fPIE -fstack-protector --param=ssp-buffer-size=4 -Wformat -Werror=format-security -Wall -Os -D_FORTIFY_SOURCE=2 -Wl,-Bsymbolic-functions -fPIE -pie -Wl,-z,relro -Wl,--as-needed -Wl,-z,now -Wl,-O1 conftest.c  >&5
configure:15597: $? = 0
configure:15597: result: yes
configure:15597: checking for setenv
configure:15597: gcc -o conftest -g -O2 -fPIE -fstack-protector --param=ssp-buffer-size=4 -Wformat -Werror=format-security -Wall -Os -D_FORTIFY_SOURCE=2 -Wl,-Bsymbolic-functions -fPIE -pie -Wl,-z,relro -Wl,--as-needed -Wl,-z,now -Wl,-O1 conftest.c  >&5
configure:15597: $? = 0
configure:15597: result: yes
configure:15597: checking for setlocale
configure:15597: gcc -o conftest -g -O2 -fPIE -fstack-protector --param=ssp-buffer-size=4 -Wformat -Werror=format-security -Wall -Os -D_FORTIFY_SOURCE=2 -Wl,-Bsymbolic-functions -fPIE -pie -Wl,-z,relro -Wl,--as-needed -Wl,-z,now -Wl,-O1 conftest.c  >&5
configure:15597: $? = 0
configure:15597: result: yes
configure:15597: checking for snprintf
configure:15597: gcc -o conftest -g -O2 -fPIE -fstack-protector --param=ssp-buffer-size=4 -Wformat -Werror=format-security -Wall -Os -D_FORTIFY_SOURCE=2 -Wl,-Bsymbolic-functions -fPIE -pie -Wl,-z,relro -Wl,--as-needed -Wl,-z,now -Wl,-O1 conftest.c  >&5
conftest.c:111:6: warning: conflicting types for built-in function 'snprintf' [enabled by default]
 char snprintf ();
      ^
configure:15597: $? = 0
configure:15597: result: yes
configure:15597: checking for wcslen
configure:15597: gcc -o conftest -g -O2 -fPIE -fstack-protector --param=ssp-buffer-size=4 -Wformat -Werror=format-security -Wall -Os -D_FORTIFY_SOURCE=2 -Wl,-Bsymbolic-functions -fPIE -pie -Wl,-z,relro -Wl,--as-needed -Wl,-z,now -Wl,-O1 conftest.c  >&5
configure:15597: $? = 0
configure:15597: result: yes
configure:15608: checking whether _snprintf is declared
configure:15628: gcc -c -g -O2 -fPIE -fstack-protector --param=ssp-buffer-size=4 -Wformat -Werror=format-security -Wall -Os -D_FORTIFY_SOURCE=2 conftest.c >&5
conftest.c: In function 'main':
conftest.c:96:22: error: '_snprintf' undeclared (first use in this function)
   char *p = (char *) _snprintf;
                      ^
conftest.c:96:22: note: each undeclared identifier is reported only once for each function it appears in
conftest.c:96:9: warning: unused variable 'p' [-Wunused-variable]
   char *p = (char *) _snprintf;
         ^
configure:15628: $? = 1
configure: failed program was:
| /* confdefs.h */
| #define PACKAGE_NAME "mountall"
| #define PACKAGE_TARNAME "mountall"
| #define PACKAGE_VERSION "2.49"
| #define PACKAGE_STRING "mountall 2.49"
| #define PACKAGE_BUGREPORT "ubuntu-devel@lists.ubuntu.com"
| #define PACKAGE_URL ""
| #define STDC_HEADERS 1
| #define HAVE_SYS_TYPES_H 1
| #define HAVE_SYS_STAT_H 1
| #define HAVE_STDLIB_H 1
| #define HAVE_STRING_H 1
| #define HAVE_MEMORY_H 1
| #define HAVE_STRINGS_H 1
| #define HAVE_INTTYPES_H 1
| #define HAVE_STDINT_H 1
| #define HAVE_UNISTD_H 1
| #define __EXTENSIONS__ 1
| #define _ALL_SOURCE 1
| #define _GNU_SOURCE 1
| #define _POSIX_PTHREAD_SEMANTICS 1
| #define _TANDEM_SOURCE 1
| #define PACKAGE "mountall"
| #define VERSION "2.49"
| #define HAVE_DLFCN_H 1
| #define LT_OBJDIR ".libs/"
| #define HAVE_VISIBILITY 1
| #define HAVE_STDINT_H_WITH_UINTMAX 1
| #define HAVE_ALLOCA_H 1
| #define HAVE_ALLOCA 1
| #define HAVE_STDLIB_H 1
| #define HAVE_UNISTD_H 1
| #define HAVE_SYS_PARAM_H 1
| #define HAVE_GETPAGESIZE 1
| #define HAVE_MMAP 1
| #define INTDIV0_RAISES_SIGFPE 1
| #define HAVE_INTTYPES_H_WITH_UINTMAX 1
| #define HAVE_UNSIGNED_LONG_LONG_INT 1
| #define HAVE_UINTMAX_T 1
| #define HAVE_INTTYPES_H 1
| #define USE_POSIX_THREADS 1
| #define USE_POSIX_THREADS_WEAK 1
| #define HAVE_PTHREAD_RWLOCK 1
| #define HAVE_PTHREAD_MUTEX_RECURSIVE 1
| #define HAVE_BUILTIN_EXPECT 1
| #define HAVE_ARGZ_H 1
| #define HAVE_INTTYPES_H 1
| #define HAVE_LIMITS_H 1
| #define HAVE_UNISTD_H 1
| #define HAVE_SYS_PARAM_H 1
| #define HAVE_GETCWD 1
| #define HAVE_GETEGID 1
| #define HAVE_GETEUID 1
| #define HAVE_GETGID 1
| #define HAVE_GETUID 1
| #define HAVE_MEMPCPY 1
| #define HAVE_MUNMAP 1
| #define HAVE_STPCPY 1
| #define HAVE_STRCASECMP 1
| #define HAVE_STRDUP 1
| #define HAVE_STRTOUL 1
| #define HAVE_TSEARCH 1
| #define HAVE_ARGZ_COUNT 1
| #define HAVE_ARGZ_STRINGIFY 1
| #define HAVE_ARGZ_NEXT 1
| #define HAVE___FSETLOCKING 1
| #define HAVE_DECL_FEOF_UNLOCKED 1
| #define HAVE_DECL_FGETS_UNLOCKED 1
| #define HAVE_ICONV 1
| #define ICONV_CONST 
| #define HAVE_NL_LOCALE_NAME 1
| #define HAVE_LONG_LONG_INT 1
| #define HAVE_WCHAR_T 1
| #define HAVE_WINT_T 1
| #define HAVE_INTMAX_T 1
| #define HAVE_POSIX_PRINTF 1
| #define HAVE_STDINT_H 1
| #define HAVE_STDINT_H 1
| #define HAVE_STDDEF_H 1
| #define HAVE_STDLIB_H 1
| #define HAVE_STRING_H 1
| #define HAVE_ASPRINTF 1
| #define HAVE_FWPRINTF 1
| #define HAVE_PUTENV 1
| #define HAVE_SETENV 1
| #define HAVE_SETLOCALE 1
| #define HAVE_SNPRINTF 1
| #define HAVE_WCSLEN 1
| /* end confdefs.h.  */
| #include <stdio.h>
| int
| main ()
| {
| 
| #ifndef _snprintf
|   char *p = (char *) _snprintf;
| #endif
| 
|   ;
|   return 0;
| }
configure:15635: result: no
configure:15649: checking whether _snwprintf is declared
configure:15669: gcc -c -g -O2 -fPIE -fstack-protector --param=ssp-buffer-size=4 -Wformat -Werror=format-security -Wall -Os -D_FORTIFY_SOURCE=2 conftest.c >&5
conftest.c: In function 'main':
conftest.c:97:22: error: '_snwprintf' undeclared (first use in this function)
   char *p = (char *) _snwprintf;
                      ^
conftest.c:97:22: note: each undeclared identifier is reported only once for each function it appears in
conftest.c:97:9: warning: unused variable 'p' [-Wunused-variable]
   char *p = (char *) _snwprintf;
         ^
configure:15669: $? = 1
configure: failed program was:
| /* confdefs.h */
| #define PACKAGE_NAME "mountall"
| #define PACKAGE_TARNAME "mountall"
| #define PACKAGE_VERSION "2.49"
| #define PACKAGE_STRING "mountall 2.49"
| #define PACKAGE_BUGREPORT "ubuntu-devel@lists.ubuntu.com"
| #define PACKAGE_URL ""
| #define STDC_HEADERS 1
| #define HAVE_SYS_TYPES_H 1
| #define HAVE_SYS_STAT_H 1
| #define HAVE_STDLIB_H 1
| #define HAVE_STRING_H 1
| #define HAVE_MEMORY_H 1
| #define HAVE_STRINGS_H 1
| #define HAVE_INTTYPES_H 1
| #define HAVE_STDINT_H 1
| #define HAVE_UNISTD_H 1
| #define __EXTENSIONS__ 1
| #define _ALL_SOURCE 1
| #define _GNU_SOURCE 1
| #define _POSIX_PTHREAD_SEMANTICS 1
| #define _TANDEM_SOURCE 1
| #define PACKAGE "mountall"
| #define VERSION "2.49"
| #define HAVE_DLFCN_H 1
| #define LT_OBJDIR ".libs/"
| #define HAVE_VISIBILITY 1
| #define HAVE_STDINT_H_WITH_UINTMAX 1
| #define HAVE_ALLOCA_H 1
| #define HAVE_ALLOCA 1
| #define HAVE_STDLIB_H 1
| #define HAVE_UNISTD_H 1
| #define HAVE_SYS_PARAM_H 1
| #define HAVE_GETPAGESIZE 1
| #define HAVE_MMAP 1
| #define INTDIV0_RAISES_SIGFPE 1
| #define HAVE_INTTYPES_H_WITH_UINTMAX 1
| #define HAVE_UNSIGNED_LONG_LONG_INT 1
| #define HAVE_UINTMAX_T 1
| #define HAVE_INTTYPES_H 1
| #define USE_POSIX_THREADS 1
| #define USE_POSIX_THREADS_WEAK 1
| #define HAVE_PTHREAD_RWLOCK 1
| #define HAVE_PTHREAD_MUTEX_RECURSIVE 1
| #define HAVE_BUILTIN_EXPECT 1
| #define HAVE_ARGZ_H 1
| #define HAVE_INTTYPES_H 1
| #define HAVE_LIMITS_H 1
| #define HAVE_UNISTD_H 1
| #define HAVE_SYS_PARAM_H 1
| #define HAVE_GETCWD 1
| #define HAVE_GETEGID 1
| #define HAVE_GETEUID 1
| #define HAVE_GETGID 1
| #define HAVE_GETUID 1
| #define HAVE_MEMPCPY 1
| #define HAVE_MUNMAP 1
| #define HAVE_STPCPY 1
| #define HAVE_STRCASECMP 1
| #define HAVE_STRDUP 1
| #define HAVE_STRTOUL 1
| #define HAVE_TSEARCH 1
| #define HAVE_ARGZ_COUNT 1
| #define HAVE_ARGZ_STRINGIFY 1
| #define HAVE_ARGZ_NEXT 1
| #define HAVE___FSETLOCKING 1
| #define HAVE_DECL_FEOF_UNLOCKED 1
| #define HAVE_DECL_FGETS_UNLOCKED 1
| #define HAVE_ICONV 1
| #define ICONV_CONST 
| #define HAVE_NL_LOCALE_NAME 1
| #define HAVE_LONG_LONG_INT 1
| #define HAVE_WCHAR_T 1
| #define HAVE_WINT_T 1
| #define HAVE_INTMAX_T 1
| #define HAVE_POSIX_PRINTF 1
| #define HAVE_STDINT_H 1
| #define HAVE_STDINT_H 1
| #define HAVE_STDDEF_H 1
| #define HAVE_STDLIB_H 1
| #define HAVE_STRING_H 1
| #define HAVE_ASPRINTF 1
| #define HAVE_FWPRINTF 1
| #define HAVE_PUTENV 1
| #define HAVE_SETENV 1
| #define HAVE_SETLOCALE 1
| #define HAVE_SNPRINTF 1
| #define HAVE_WCSLEN 1
| #define HAVE_DECL__SNPRINTF 0
| /* end confdefs.h.  */
| #include <stdio.h>
| int
| main ()
| {
| 
| #ifndef _snwprintf
|   char *p = (char *) _snwprintf;
| #endif
| 
|   ;
|   return 0;
| }
configure:15676: result: no
configure:15691: checking whether getc_unlocked is declared
configure:15711: gcc -c -g -O2 -fPIE -fstack-protector --param=ssp-buffer-size=4 -Wformat -Werror=format-security -Wall -Os -D_FORTIFY_SOURCE=2 conftest.c >&5
conftest.c: In function 'main':
conftest.c:98:9: warning: unused variable 'p' [-Wunused-variable]
   char *p = (char *) getc_unlocked;
         ^
configure:15711: $? = 0
configure:15718: result: yes
configure:15757: checking for nl_langinfo and CODESET
configure:15773: gcc -o conftest -g -O2 -fPIE -fstack-protector --param=ssp-buffer-size=4 -Wformat -Werror=format-security -Wall -Os -D_FORTIFY_SOURCE=2 -Wl,-Bsymbolic-functions -fPIE -pie -Wl,-z,relro -Wl,--as-needed -Wl,-z,now -Wl,-O1 conftest.c  >&5
configure:15773: $? = 0
configure:15782: result: yes
configure:15791: checking for LC_MESSAGES
configure:15807: gcc -o conftest -g -O2 -fPIE -fstack-protector --param=ssp-buffer-size=4 -Wformat -Werror=format-security -Wall -Os -D_FORTIFY_SOURCE=2 -Wl,-Bsymbolic-functions -fPIE -pie -Wl,-z,relro -Wl,--as-needed -Wl,-z,now -Wl,-O1 conftest.c  >&5
configure:15807: $? = 0
configure:15815: result: yes
configure:15966: checking for CFPreferencesCopyAppValue
configure:15993: result: no
configure:16000: checking for CFLocaleCopyCurrent
configure:16027: result: no
configure:16062: checking whether included gettext is requested
configure:16072: result: no
configure:16095: checking for GNU gettext in libc
configure:16115: gcc -o conftest -g -O2 -fPIE -fstack-protector --param=ssp-buffer-size=4 -Wformat -Werror=format-security -Wall -Os -D_FORTIFY_SOURCE=2 -Wl,-Bsymbolic-functions -fPIE -pie -Wl,-z,relro -Wl,--as-needed -Wl,-z,now -Wl,-O1 conftest.c  >&5
configure:16115: $? = 0
configure:16124: result: yes
configure:16687: checking whether to use NLS
configure:16689: result: yes
configure:16692: checking where the gettext function comes from
configure:16703: result: libc
configure:16839: checking for gcc
configure:16866: result: gcc
configure:17095: checking for C compiler version
configure:17104: gcc --version >&5
gcc (Ubuntu 4.8.4-2ubuntu1~14.04.3) 4.8.4
Copyright (C) 2013 Free Software Foundation, Inc.
This is free software; see the source for copying conditions.  There is NO
warranty; not even for MERCHANTABILITY or FITNESS FOR A PARTICULAR PURPOSE.

configure:17115: $? = 0
configure:17104: gcc -v >&5
Using built-in specs.
COLLECT_GCC=gcc
COLLECT_LTO_WRAPPER=/usr/lib/gcc/x86_64-linux-gnu/4.8/lto-wrapper
Target: x86_64-linux-gnu
Configured with: ../src/configure -v --with-pkgversion='Ubuntu 4.8.4-2ubuntu1~14.04.3' --with-bugurl=file:///usr/share/doc/gcc-4.8/README.Bugs --enable-languages=c,c++,java,go,d,fortran,objc,obj-c++ --prefix=/usr --program-suffix=-4.8 --enable-shared --enable-linker-build-id --libexecdir=/usr/lib --without-included-gettext --enable-threads=posix --with-gxx-include-dir=/usr/include/c++/4.8 --libdir=/usr/lib --enable-nls --with-sysroot=/ --enable-clocale=gnu --enable-libstdcxx-debug --enable-libstdcxx-time=yes --enable-gnu-unique-object --disable-libmudflap --enable-plugin --with-system-zlib --disable-browser-plugin --enable-java-awt=gtk --enable-gtk-cairo --with-java-home=/usr/lib/jvm/java-1.5.0-gcj-4.8-amd64/jre --enable-java-home --with-jvm-root-dir=/usr/lib/jvm/java-1.5.0-gcj-4.8-amd64 --with-jvm-jar-dir=/usr/lib/jvm-exports/java-1.5.0-gcj-4.8-amd64 --with-arch-directory=amd64 --with-ecj-jar=/usr/share/java/eclipse-ecj.jar --enable-objc-gc --enable-multiarch --disable-werror --with-arch-32=i686 --with-abi=m64 --with-multilib-list=m32,m64,mx32 --with-tune=generic --enable-checking=release --build=x86_64-linux-gnu --host=x86_64-linux-gnu --target=x86_64-linux-gnu
Thread model: posix
gcc version 4.8.4 (Ubuntu 4.8.4-2ubuntu1~14.04.3) 
configure:17115: $? = 0
configure:17104: gcc -V >&5
gcc: error: unrecognized command line option '-V'
gcc: fatal error: no input files
compilation terminated.
configure:17115: $? = 4
configure:17104: gcc -qversion >&5
gcc: error: unrecognized command line option '-qversion'
gcc: fatal error: no input files
compilation terminated.
configure:17115: $? = 4
configure:17119: checking whether we are using the GNU C compiler
configure:17147: result: yes
configure:17156: checking whether gcc accepts -g
configure:17217: result: yes
configure:17234: checking for gcc option to accept ISO C89
configure:17310: result: none needed
configure:17331: checking whether gcc and cc understand -c and -o together
configure:17362: gcc -c conftest.c -o conftest2.o >&5
configure:17366: $? = 0
configure:17372: gcc -c conftest.c -o conftest2.o >&5
configure:17376: $? = 0
configure:17387: cc -c conftest.c >&5
configure:17391: $? = 0
configure:17399: cc -c conftest.c -o conftest2.o >&5
configure:17403: $? = 0
configure:17409: cc -c conftest.c -o conftest2.o >&5
configure:17413: $? = 0
configure:17431: result: yes
configure:17458: checking for nih-dbus-tool
configure:17476: found /usr/bin/nih-dbus-tool
configure:17488: result: /usr/bin/nih-dbus-tool
configure:17549: checking for pkg-config
configure:17567: found /usr/bin/pkg-config
configure:17579: result: /usr/bin/pkg-config
configure:17604: checking pkg-config is at least version 0.9.0
configure:17607: result: yes
configure:17619: checking for NIH
configure:17626: $PKG_CONFIG --exists --print-errors "libnih >= 1.0.0"
configure:17629: $? = 0
configure:17642: $PKG_CONFIG --exists --print-errors "libnih >= 1.0.0"
configure:17645: $? = 0
configure:17702: result: yes
configure:17708: checking for NIH_DBUS
configure:17715: $PKG_CONFIG --exists --print-errors "libnih-dbus >= 1.0.0"
configure:17718: $? = 0
configure:17731: $PKG_CONFIG --exists --print-errors "libnih-dbus >= 1.0.0"
configure:17734: $? = 0
configure:17791: result: yes
configure:17797: checking for DBUS
configure:17804: $PKG_CONFIG --exists --print-errors "dbus-1 >= 1.2.16"
configure:17807: $? = 0
configure:17820: $PKG_CONFIG --exists --print-errors "dbus-1 >= 1.2.16"
configure:17823: $? = 0
configure:17880: result: yes
configure:17886: checking for UDEV
configure:17893: $PKG_CONFIG --exists --print-errors "libudev >= 146"
configure:17896: $? = 0
configure:17909: $PKG_CONFIG --exists --print-errors "libudev >= 146"
configure:17912: $? = 0
configure:17969: result: yes
configure:17975: checking for PLYMOUTH
configure:17982: $PKG_CONFIG --exists --print-errors "ply-boot-client >= 0.8.0"
configure:17985: $? = 0
configure:17998: $PKG_CONFIG --exists --print-errors "ply-boot-client >= 0.8.0"
configure:18001: $? = 0
configure:18058: result: yes
configure:18066: checking for gcc option to accept ISO C99
configure:18215: gcc  -c -g -O2 -fPIE -fstack-protector --param=ssp-buffer-size=4 -Wformat -Werror=format-security -Wall -Os -D_FORTIFY_SOURCE=2 conftest.c >&5
conftest.c:148:29: error: expected ';', ',' or ')' before 'text'
 test_restrict (ccp restrict text)
                             ^
conftest.c: In function 'test_varargs':
conftest.c:169:9: warning: variable 'fnumber' set but not used [-Wunused-but-set-variable]
   float fnumber;
         ^
conftest.c:168:7: warning: variable 'number' set but not used [-Wunused-but-set-variable]
   int number;
       ^
conftest.c:167:15: warning: variable 'str' set but not used [-Wunused-but-set-variable]
   const char *str;
               ^
conftest.c: In function 'main':
conftest.c:200:3: warning: implicit declaration of function 'test_restrict' [-Wimplicit-function-declaration]
   if (test_restrict ("String literal") == 0)
   ^
conftest.c:202:18: error: expected '=', ',', ';', 'asm' or '__attribute__' before 'newvar'
   char *restrict newvar = "Another string";
                  ^
conftest.c:202:18: error: 'newvar' undeclared (first use in this function)
conftest.c:202:18: note: each undeclared identifier is reported only once for each function it appears in
conftest.c:212:3: error: 'for' loop initial declarations are only allowed in C99 mode
   for (int i = 0; i < ia->datasize; ++i)
   ^
conftest.c:212:3: note: use option -std=c99 or -std=gnu99 to compile your code
configure:18215: $? = 1
configure: failed program was:
| /* confdefs.h */
| #define PACKAGE_NAME "mountall"
| #define PACKAGE_TARNAME "mountall"
| #define PACKAGE_VERSION "2.49"
| #define PACKAGE_STRING "mountall 2.49"
| #define PACKAGE_BUGREPORT "ubuntu-devel@lists.ubuntu.com"
| #define PACKAGE_URL ""
| #define STDC_HEADERS 1
| #define HAVE_SYS_TYPES_H 1
| #define HAVE_SYS_STAT_H 1
| #define HAVE_STDLIB_H 1
| #define HAVE_STRING_H 1
| #define HAVE_MEMORY_H 1
| #define HAVE_STRINGS_H 1
| #define HAVE_INTTYPES_H 1
| #define HAVE_STDINT_H 1
| #define HAVE_UNISTD_H 1
| #define __EXTENSIONS__ 1
| #define _ALL_SOURCE 1
| #define _GNU_SOURCE 1
| #define _POSIX_PTHREAD_SEMANTICS 1
| #define _TANDEM_SOURCE 1
| #define PACKAGE "mountall"
| #define VERSION "2.49"
| #define HAVE_DLFCN_H 1
| #define LT_OBJDIR ".libs/"
| #define HAVE_VISIBILITY 1
| #define HAVE_STDINT_H_WITH_UINTMAX 1
| #define HAVE_ALLOCA_H 1
| #define HAVE_ALLOCA 1
| #define HAVE_STDLIB_H 1
| #define HAVE_UNISTD_H 1
| #define HAVE_SYS_PARAM_H 1
| #define HAVE_GETPAGESIZE 1
| #define HAVE_MMAP 1
| #define INTDIV0_RAISES_SIGFPE 1
| #define HAVE_INTTYPES_H_WITH_UINTMAX 1
| #define HAVE_UNSIGNED_LONG_LONG_INT 1
| #define HAVE_UINTMAX_T 1
| #define HAVE_INTTYPES_H 1
| #define USE_POSIX_THREADS 1
| #define USE_POSIX_THREADS_WEAK 1
| #define HAVE_PTHREAD_RWLOCK 1
| #define HAVE_PTHREAD_MUTEX_RECURSIVE 1
| #define HAVE_BUILTIN_EXPECT 1
| #define HAVE_ARGZ_H 1
| #define HAVE_INTTYPES_H 1
| #define HAVE_LIMITS_H 1
| #define HAVE_UNISTD_H 1
| #define HAVE_SYS_PARAM_H 1
| #define HAVE_GETCWD 1
| #define HAVE_GETEGID 1
| #define HAVE_GETEUID 1
| #define HAVE_GETGID 1
| #define HAVE_GETUID 1
| #define HAVE_MEMPCPY 1
| #define HAVE_MUNMAP 1
| #define HAVE_STPCPY 1
| #define HAVE_STRCASECMP 1
| #define HAVE_STRDUP 1
| #define HAVE_STRTOUL 1
| #define HAVE_TSEARCH 1
| #define HAVE_ARGZ_COUNT 1
| #define HAVE_ARGZ_STRINGIFY 1
| #define HAVE_ARGZ_NEXT 1
| #define HAVE___FSETLOCKING 1
| #define HAVE_DECL_FEOF_UNLOCKED 1
| #define HAVE_DECL_FGETS_UNLOCKED 1
| #define HAVE_ICONV 1
| #define ICONV_CONST 
| #define HAVE_NL_LOCALE_NAME 1
| #define HAVE_LONG_LONG_INT 1
| #define HAVE_WCHAR_T 1
| #define HAVE_WINT_T 1
| #define HAVE_INTMAX_T 1
| #define HAVE_POSIX_PRINTF 1
| #define HAVE_STDINT_H 1
| #define HAVE_STDINT_H 1
| #define HAVE_STDDEF_H 1
| #define HAVE_STDLIB_H 1
| #define HAVE_STRING_H 1
| #define HAVE_ASPRINTF 1
| #define HAVE_FWPRINTF 1
| #define HAVE_PUTENV 1
| #define HAVE_SETENV 1
| #define HAVE_SETLOCALE 1
| #define HAVE_SNPRINTF 1
| #define HAVE_WCSLEN 1
| #define HAVE_DECL__SNPRINTF 0
| #define HAVE_DECL__SNWPRINTF 0
| #define HAVE_DECL_GETC_UNLOCKED 1
| #define HAVE_LANGINFO_CODESET 1
| #define HAVE_LC_MESSAGES 1
| #define ENABLE_NLS 1
| #define HAVE_GETTEXT 1
| #define HAVE_DCGETTEXT 1
| /* end confdefs.h.  */
| #include <stdarg.h>
| #include <stdbool.h>
| #include <stdlib.h>
| #include <wchar.h>
| #include <stdio.h>
| 
| // Check varargs macros.  These examples are taken from C99 6.10.3.5.
| #define debug(...) fprintf (stderr, __VA_ARGS__)
| #define showlist(...) puts (#__VA_ARGS__)
| #define report(test,...) ((test) ? puts (#test) : printf (__VA_ARGS__))
| static void
| test_varargs_macros (void)
| {
|   int x = 1234;
|   int y = 5678;
|   debug ("Flag");
|   debug ("X = %d\n", x);
|   showlist (The first, second, and third items.);
|   report (x>y, "x is %d but y is %d", x, y);
| }
| 
| // Check long long types.
| #define BIG64 18446744073709551615ull
| #define BIG32 4294967295ul
| #define BIG_OK (BIG64 / BIG32 == 4294967297ull && BIG64 % BIG32 == 0)
| #if !BIG_OK
|   your preprocessor is broken;
| #endif
| #if BIG_OK
| #else
|   your preprocessor is broken;
| #endif
| static long long int bignum = -9223372036854775807LL;
| static unsigned long long int ubignum = BIG64;
| 
| struct incomplete_array
| {
|   int datasize;
|   double data[];
| };
| 
| struct named_init {
|   int number;
|   const wchar_t *name;
|   double average;
| };
| 
| typedef const char *ccp;
| 
| static inline int
| test_restrict (ccp restrict text)
| {
|   // See if C++-style comments work.
|   // Iterate through items via the restricted pointer.
|   // Also check for declarations in for loops.
|   for (unsigned int i = 0; *(text+i) != '\0'; ++i)
|     continue;
|   return 0;
| }
| 
| // Check varargs and va_copy.
| static void
| test_varargs (const char *format, ...)
| {
|   va_list args;
|   va_start (args, format);
|   va_list args_copy;
|   va_copy (args_copy, args);
| 
|   const char *str;
|   int number;
|   float fnumber;
| 
|   while (*format)
|     {
|       switch (*format++)
| 	{
| 	case 's': // string
| 	  str = va_arg (args_copy, const char *);
| 	  break;
| 	case 'd': // int
| 	  number = va_arg (args_copy, int);
| 	  break;
| 	case 'f': // float
| 	  fnumber = va_arg (args_copy, double);
| 	  break;
| 	default:
| 	  break;
| 	}
|     }
|   va_end (args_copy);
|   va_end (args);
| }
| 
| int
| main ()
| {
| 
|   // Check bool.
|   _Bool success = false;
| 
|   // Check restrict.
|   if (test_restrict ("String literal") == 0)
|     success = true;
|   char *restrict newvar = "Another string";
| 
|   // Check varargs.
|   test_varargs ("s, d' f .", "string", 65, 34.234);
|   test_varargs_macros ();
| 
|   // Check flexible array members.
|   struct incomplete_array *ia =
|     malloc (sizeof (struct incomplete_array) + (sizeof (double) * 10));
|   ia->datasize = 10;
|   for (int i = 0; i < ia->datasize; ++i)
|     ia->data[i] = i * 1.234;
| 
|   // Check named initializers.
|   struct named_init ni = {
|     .number = 34,
|     .name = L"Test wide string",
|     .average = 543.34343,
|   };
| 
|   ni.number = 58;
| 
|   int dynamic_array[ni.number];
|   dynamic_array[ni.number - 1] = 543;
| 
|   // work around unused variable warnings
|   return (!success || bignum == 0LL || ubignum == 0uLL || newvar[0] == 'x'
| 	  || dynamic_array[ni.number - 1] != 543);
| 
|   ;
|   return 0;
| }
configure:18215: gcc -std=gnu99 -c -g -O2 -fPIE -fstack-protector --param=ssp-buffer-size=4 -Wformat -Werror=format-security -Wall -Os -D_FORTIFY_SOURCE=2 conftest.c >&5
conftest.c: In function 'test_varargs':
conftest.c:169:9: warning: variable 'fnumber' set but not used [-Wunused-but-set-variable]
   float fnumber;
         ^
conftest.c:168:7: warning: variable 'number' set but not used [-Wunused-but-set-variable]
   int number;
       ^
conftest.c:167:15: warning: variable 'str' set but not used [-Wunused-but-set-variable]
   const char *str;
               ^
configure:18215: $? = 0
configure:18235: result: -std=gnu99
configure:18250: checking for special C compiler options needed for large files
configure:18295: result: no
configure:18301: checking for _FILE_OFFSET_BITS value needed for large files
configure:18326: gcc -std=gnu99 -c -g -O2 -fPIE -fstack-protector --param=ssp-buffer-size=4 -Wformat -Werror=format-security -Wall -Os -D_FORTIFY_SOURCE=2 conftest.c >&5
configure:18326: $? = 0
configure:18358: result: no
configure:18608: checking that generated files are newer than configure
configure:18614: result: done
configure:18641: creating ./config.status

## ---------------------- ##
## Running config.status. ##
## ---------------------- ##

This file was extended by mountall config.status 2.49, which was
generated by GNU Autoconf 2.69.  Invocation command line was

  CONFIG_FILES    = 
  CONFIG_HEADERS  = 
  CONFIG_LINKS    = 
  CONFIG_COMMANDS = 
  $ ./config.status 

on dcerouter

config.status:1237: creating Makefile
config.status:1237: creating intl/Makefile
config.status:1237: creating apport/Makefile
config.status:1237: creating dbus/Makefile
config.status:1237: creating src/Makefile
config.status:1237: creating conf/Makefile
config.status:1237: creating util/Makefile
config.status:1237: creating man/Makefile
config.status:1237: creating po/Makefile.in
config.status:1237: creating debian/initramfs/Makefile
config.status:1237: creating debian/initramfs/upstart-jobs/Makefile
config.status:1237: creating config.h
config.status:1466: executing depfiles commands
config.status:1466: executing libtool commands
config.status:1466: executing po-directories commands

## ---------------- ##
## Cache variables. ##
## ---------------- ##

ac_cv_build=x86_64-pc-linux-gnu
ac_cv_c_compiler_gnu=yes
ac_cv_c_inline=inline
ac_cv_env_CC_set=
ac_cv_env_CC_value=
ac_cv_env_CFLAGS_set=set
ac_cv_env_CFLAGS_value='-g -O2 -fPIE -fstack-protector --param=ssp-buffer-size=4 -Wformat -Werror=format-security -Wall -Os'
ac_cv_env_CPPFLAGS_set=set
ac_cv_env_CPPFLAGS_value=-D_FORTIFY_SOURCE=2
ac_cv_env_CPP_set=
ac_cv_env_CPP_value=
ac_cv_env_DBUS_CFLAGS_set=
ac_cv_env_DBUS_CFLAGS_value=
ac_cv_env_DBUS_LIBS_set=
ac_cv_env_DBUS_LIBS_value=
ac_cv_env_LDFLAGS_set=set
ac_cv_env_LDFLAGS_value='-Wl,-Bsymbolic-functions -fPIE -pie -Wl,-z,relro -Wl,--as-needed -Wl,-z,now -Wl,-O1'
ac_cv_env_LIBS_set=
ac_cv_env_LIBS_value=
ac_cv_env_NIH_CFLAGS_set=
ac_cv_env_NIH_CFLAGS_value=
ac_cv_env_NIH_DBUS_CFLAGS_set=
ac_cv_env_NIH_DBUS_CFLAGS_value=
ac_cv_env_NIH_DBUS_LIBS_set=
ac_cv_env_NIH_DBUS_LIBS_value=
ac_cv_env_NIH_LIBS_set=
ac_cv_env_NIH_LIBS_value=
ac_cv_env_PKG_CONFIG_LIBDIR_set=
ac_cv_env_PKG_CONFIG_LIBDIR_value=
ac_cv_env_PKG_CONFIG_PATH_set=
ac_cv_env_PKG_CONFIG_PATH_value=
ac_cv_env_PKG_CONFIG_set=
ac_cv_env_PKG_CONFIG_value=
ac_cv_env_PLYMOUTH_CFLAGS_set=
ac_cv_env_PLYMOUTH_CFLAGS_value=
ac_cv_env_PLYMOUTH_LIBS_set=
ac_cv_env_PLYMOUTH_LIBS_value=
ac_cv_env_UDEV_CFLAGS_set=
ac_cv_env_UDEV_CFLAGS_value=
ac_cv_env_UDEV_LIBS_set=
ac_cv_env_UDEV_LIBS_value=
ac_cv_env_build_alias_set=set
ac_cv_env_build_alias_value=x86_64-linux-gnu
ac_cv_env_host_alias_set=
ac_cv_env_host_alias_value=
ac_cv_env_target_alias_set=
ac_cv_env_target_alias_value=
ac_cv_func___fsetlocking=yes
ac_cv_func_alloca_works=yes
ac_cv_func_argz_count=yes
ac_cv_func_argz_next=yes
ac_cv_func_argz_stringify=yes
ac_cv_func_asprintf=yes
ac_cv_func_fwprintf=yes
ac_cv_func_getcwd=yes
ac_cv_func_getegid=yes
ac_cv_func_geteuid=yes
ac_cv_func_getgid=yes
ac_cv_func_getpagesize=yes
ac_cv_func_getuid=yes
ac_cv_func_mempcpy=yes
ac_cv_func_mmap_fixed_mapped=yes
ac_cv_func_munmap=yes
ac_cv_func_putenv=yes
ac_cv_func_setenv=yes
ac_cv_func_setlocale=yes
ac_cv_func_snprintf=yes
ac_cv_func_stpcpy=yes
ac_cv_func_strcasecmp=yes
ac_cv_func_strdup=yes
ac_cv_func_strtoul=yes
ac_cv_func_tsearch=yes
ac_cv_func_wcslen=yes
ac_cv_gnu_library_2=yes
ac_cv_gnu_library_2_1=yes
ac_cv_have_decl__snprintf=no
ac_cv_have_decl__snwprintf=no
ac_cv_have_decl_feof_unlocked=yes
ac_cv_have_decl_fgets_unlocked=yes
ac_cv_have_decl_getc_unlocked=yes
ac_cv_header_argz_h=yes
ac_cv_header_dlfcn_h=yes
ac_cv_header_inttypes_h=yes
ac_cv_header_limits_h=yes
ac_cv_header_memory_h=yes
ac_cv_header_minix_config_h=no
ac_cv_header_pthread_h=yes
ac_cv_header_stdc=yes
ac_cv_header_stddef_h=yes
ac_cv_header_stdint_h=yes
ac_cv_header_stdlib_h=yes
ac_cv_header_string_h=yes
ac_cv_header_strings_h=yes
ac_cv_header_sys_param_h=yes
ac_cv_header_sys_stat_h=yes
ac_cv_header_sys_types_h=yes
ac_cv_header_unistd_h=yes
ac_cv_host=x86_64-pc-linux-gnu
ac_cv_lib_pthread_pthread_kill=yes
ac_cv_objext=o
ac_cv_path_EGREP='/bin/grep -E'
ac_cv_path_FGREP='/bin/grep -F'
ac_cv_path_GMSGFMT=/usr/bin/msgfmt
ac_cv_path_GREP=/bin/grep
ac_cv_path_MSGFMT=/usr/bin/msgfmt
ac_cv_path_MSGMERGE=/usr/bin/msgmerge
ac_cv_path_NIH_DBUS_TOOL=/usr/bin/nih-dbus-tool
ac_cv_path_SED=/bin/sed
ac_cv_path_XGETTEXT=/usr/bin/xgettext
ac_cv_path_ac_pt_PKG_CONFIG=/usr/bin/pkg-config
ac_cv_path_install='/usr/bin/install -c'
ac_cv_path_mkdir=/bin/mkdir
ac_cv_prog_AWK=gawk
ac_cv_prog_CPP='gcc -E'
ac_cv_prog_ac_ct_AR=ar
ac_cv_prog_ac_ct_CC=gcc
ac_cv_prog_ac_ct_MANIFEST_TOOL=mt
ac_cv_prog_ac_ct_OBJDUMP=objdump
ac_cv_prog_ac_ct_RANLIB=ranlib
ac_cv_prog_ac_ct_STRIP=strip
ac_cv_prog_cc_c89=
ac_cv_prog_cc_c99=-std=gnu99
ac_cv_prog_cc_g=yes
ac_cv_prog_cc_gcc_c_o=yes
ac_cv_prog_make_make_set=yes
ac_cv_safe_to_define___extensions__=yes
ac_cv_sys_file_offset_bits=no
ac_cv_sys_largefile_CC=no
ac_cv_type_long_long_int=yes
ac_cv_type_pthread_rwlock_t=yes
ac_cv_type_ptrdiff_t=yes
ac_cv_type_size_t=yes
ac_cv_type_unsigned_long_long_int=yes
ac_cv_working_alloca_h=yes
acl_cv_hardcode_direct=no
acl_cv_hardcode_libdir_flag_spec='${wl}-rpath ${wl}$libdir'
acl_cv_hardcode_libdir_separator=
acl_cv_hardcode_minus_L=no
acl_cv_libext=a
acl_cv_libname_spec='lib$name'
acl_cv_library_names_spec='$libname$shrext'
acl_cv_path_LD='/usr/bin/ld -m elf_x86_64'
acl_cv_prog_gnu_ld=yes
acl_cv_rpath=done
acl_cv_shlibext=so
acl_cv_wl=-Wl,
am_cv_CC_dependencies_compiler_type=none
am_cv_func_iconv=yes
am_cv_func_iconv_works=yes
am_cv_langinfo_codeset=yes
am_cv_lib_iconv=no
am_cv_make_support_nested_variables=yes
am_cv_proto_iconv='extern size_t iconv (iconv_t cd, char * *inbuf, size_t *inbytesleft, char * *outbuf, size_t *outbytesleft);'
am_cv_proto_iconv_arg1=
gl_cv_cc_visibility=yes
gl_cv_header_inttypes_h=yes
gl_cv_header_stdint_h=yes
gl_cv_size_max=yes
gt_cv_c_intmax_t=yes
gt_cv_c_wchar_t=yes
gt_cv_c_wint_t=yes
gt_cv_func_CFLocaleCopyCurrent=no
gt_cv_func_CFPreferencesCopyAppValue=no
gt_cv_func_gnugettext1_libc=yes
gt_cv_func_printf_posix=yes
gt_cv_int_divbyzero_sigfpe=yes
gt_cv_inttypes_pri_broken=no
gt_cv_nl_locale_name=yes
gt_cv_val_LC_MESSAGES=yes
lt_cv_ar_at_file=@
lt_cv_archive_cmds_need_lc=no
lt_cv_deplibs_check_method=pass_all
lt_cv_file_magic_cmd='$MAGIC_CMD'
lt_cv_file_magic_test_file=
lt_cv_ld_reload_flag=-r
lt_cv_nm_interface='BSD nm'
lt_cv_objdir=.libs
lt_cv_path_LD=/usr/bin/ld
lt_cv_path_NM='/usr/bin/nm -B'
lt_cv_path_mainfest_tool=no
lt_cv_prog_compiler_c_o=yes
lt_cv_prog_compiler_pic='-fPIC -DPIC'
lt_cv_prog_compiler_pic_works=yes
lt_cv_prog_compiler_rtti_exceptions=no
lt_cv_prog_compiler_static_works=no
lt_cv_prog_gnu_ld=yes
lt_cv_sharedlib_from_linklib_cmd='printf %s\n'
lt_cv_shlibpath_overrides_runpath=no
lt_cv_sys_global_symbol_pipe='sed -n -e '\''s/^.*[	 ]\([ABCDGIRSTW][ABCDGIRSTW]*\)[	 ][	 ]*\([_A-Za-z][_A-Za-z0-9]*\)$/\1 \2 \2/p'\'' | sed '\''/ __gnu_lto/d'\'''
lt_cv_sys_global_symbol_to_c_name_address='sed -n -e '\''s/^: \([^ ]*\)[ ]*$/  {\"\1\", (void *) 0},/p'\'' -e '\''s/^[ABCDGIRSTW]* \([^ ]*\) \([^ ]*\)$/  {"\2", (void *) \&\2},/p'\'''
lt_cv_sys_global_symbol_to_c_name_address_lib_prefix='sed -n -e '\''s/^: \([^ ]*\)[ ]*$/  {\"\1\", (void *) 0},/p'\'' -e '\''s/^[ABCDGIRSTW]* \([^ ]*\) \(lib[^ ]*\)$/  {"\2", (void *) \&\2},/p'\'' -e '\''s/^[ABCDGIRSTW]* \([^ ]*\) \([^ ]*\)$/  {"lib\2", (void *) \&\2},/p'\'''
lt_cv_sys_global_symbol_to_cdecl='sed -n -e '\''s/^T .* \(.*\)$/extern int \1();/p'\'' -e '\''s/^[ABCDGIRSTW]* .* \(.*\)$/extern char \1;/p'\'''
lt_cv_sys_max_cmd_len=3458764513820540925
lt_cv_to_host_file_cmd=func_convert_file_noop
lt_cv_to_tool_file_cmd=func_convert_file_noop
nls_cv_force_use_gnu_gettext=no
nls_cv_header_intl=
nls_cv_header_libgt=
nls_cv_use_gnu_gettext=no
pkg_cv_DBUS_CFLAGS='-I/usr/include/dbus-1.0 -I/usr/lib/x86_64-linux-gnu/dbus-1.0/include  '
pkg_cv_DBUS_LIBS='-ldbus-1  '
pkg_cv_NIH_CFLAGS=' '
pkg_cv_NIH_DBUS_CFLAGS='-I/usr/include/dbus-1.0 -I/usr/lib/x86_64-linux-gnu/dbus-1.0/include  '
pkg_cv_NIH_DBUS_LIBS='-lnih-dbus -ldbus-1  '
pkg_cv_NIH_LIBS='-lnih  '
pkg_cv_PLYMOUTH_CFLAGS='-I/usr/include/plymouth-1/ply -I/usr/include/plymouth-1/ply-boot-client  '
pkg_cv_PLYMOUTH_LIBS='-lply-boot-client -lply -ldl  '
pkg_cv_UDEV_CFLAGS=' '
pkg_cv_UDEV_LIBS='-ludev  '

## ----------------- ##
## Output variables. ##
## ----------------- ##

ACLOCAL='${SHELL} /root/apt/mountall-2.53/missing aclocal-1.13'
ALLOCA=''
AMDEPBACKSLASH=''
AMDEP_FALSE=''
AMDEP_TRUE='#'
AMTAR='$${TAR-tar}'
AM_BACKSLASH='\'
AM_DEFAULT_V='$(AM_DEFAULT_VERBOSITY)'
AM_DEFAULT_VERBOSITY='0'
AM_V='$(V)'
AR='ar'
AUTOCONF='${SHELL} /root/apt/mountall-2.53/missing autoconf'
AUTOHEADER='${SHELL} /root/apt/mountall-2.53/missing autoheader'
AUTOMAKE='${SHELL} /root/apt/mountall-2.53/missing automake-1.13'
AWK='gawk'
BUILD_INCLUDED_LIBINTL='no'
CATOBJEXT='.gmo'
CC='gcc -std=gnu99'
CCDEPMODE='depmode=none'
CFLAGS='-g -O2 -fPIE -fstack-protector --param=ssp-buffer-size=4 -Wformat -Werror=format-security -Wall -Os'
CFLAG_VISIBILITY='-fvisibility=hidden'
CPP='gcc -E'
CPPFLAGS='-D_FORTIFY_SOURCE=2'
CYGPATH_W='echo'
DATADIRNAME='share'
DBUS_CFLAGS='-I/usr/include/dbus-1.0 -I/usr/lib/x86_64-linux-gnu/dbus-1.0/include  '
DBUS_LIBS='-ldbus-1  '
DEFS='-DHAVE_CONFIG_H'
DEPDIR='.deps'
DLLTOOL='false'
DSYMUTIL=''
DUMPBIN=''
ECHO_C=''
ECHO_N='-n'
ECHO_T=''
EGREP='/bin/grep -E'
EXEEXT=''
FGREP='/bin/grep -F'
GENCAT='gencat'
GETTEXT_MACRO_VERSION='0.17'
GLIBC21='yes'
GLIBC2='yes'
GMSGFMT='/usr/bin/msgfmt'
GMSGFMT_015='/usr/bin/msgfmt'
GREP='/bin/grep'
HAVE_ASPRINTF='1'
HAVE_POSIX_PRINTF='1'
HAVE_SNPRINTF='1'
HAVE_VISIBILITY='1'
HAVE_WPRINTF='0'
INSTALL_DATA='${INSTALL} -m 644'
INSTALL_PROGRAM='${INSTALL}'
INSTALL_SCRIPT='${INSTALL}'
INSTALL_STRIP_PROGRAM='$(install_sh) -c -s'
INSTOBJEXT='.mo'
INTLBISON=':'
INTLLIBS=''
INTLOBJS=''
INTL_LIBTOOL_SUFFIX_PREFIX=''
INTL_MACOSX_LIBS=''
LD='/usr/bin/ld -m elf_x86_64'
LDFLAGS='-Wl,-Bsymbolic-functions -fPIE -pie -Wl,-z,relro -Wl,--as-needed -Wl,-z,now -Wl,-O1'
LIBICONV=''
LIBINTL=''
LIBMULTITHREAD='-lpthread'
LIBOBJS=''
LIBPTH=''
LIBPTH_PREFIX=''
LIBS=''
LIBTHREAD=''
LIBTOOL='$(SHELL) $(top_builddir)/libtool'
LIPO=''
LN_S='ln -s'
LTLIBC='-lc'
LTLIBICONV=''
LTLIBINTL=''
LTLIBMULTITHREAD='-lpthread'
LTLIBOBJS=''
LTLIBPTH=''
LTLIBTHREAD=''
MAINT='#'
MAINTAINER_MODE_FALSE=''
MAINTAINER_MODE_TRUE='#'
MAKEINFO='${SHELL} /root/apt/mountall-2.53/missing makeinfo'
MANIFEST_TOOL=':'
MKDIR_P='/bin/mkdir -p'
MSGFMT='/usr/bin/msgfmt'
MSGFMT_015='/usr/bin/msgfmt'
MSGMERGE='/usr/bin/msgmerge'
NIH_CFLAGS=' '
NIH_DBUS_CFLAGS='-I/usr/include/dbus-1.0 -I/usr/lib/x86_64-linux-gnu/dbus-1.0/include  '
NIH_DBUS_LIBS='-lnih-dbus -ldbus-1  '
NIH_DBUS_TOOL='/usr/bin/nih-dbus-tool'
NIH_LIBS='-lnih  '
NM='/usr/bin/nm -B'
NMEDIT=''
OBJDUMP='objdump'
OBJEXT='o'
OTOOL64=''
OTOOL=''
PACKAGE='mountall'
PACKAGE_BUGREPORT='ubuntu-devel@lists.ubuntu.com'
PACKAGE_NAME='mountall'
PACKAGE_STRING='mountall 2.49'
PACKAGE_TARNAME='mountall'
PACKAGE_URL=''
PACKAGE_VERSION='2.49'
PATH_SEPARATOR=':'
PKG_CONFIG='/usr/bin/pkg-config'
PKG_CONFIG_LIBDIR=''
PKG_CONFIG_PATH=''
PLYMOUTH_CFLAGS='-I/usr/include/plymouth-1/ply -I/usr/include/plymouth-1/ply-boot-client  '
PLYMOUTH_LIBS='-lply-boot-client -lply -ldl  '
POSUB='po'
PRI_MACROS_BROKEN='0'
RANLIB='ranlib'
SED='/bin/sed'
SET_MAKE=''
SHELL='/bin/bash'
STRIP='strip'
UDEV_CFLAGS=' '
UDEV_LIBS='-ludev  '
USE_INCLUDED_LIBINTL='no'
USE_NLS='yes'
VERSION='2.49'
WINDRES=''
WOE32='no'
WOE32DLL='no'
XGETTEXT='/usr/bin/xgettext'
XGETTEXT_015='/usr/bin/xgettext'
XGETTEXT_EXTRA_OPTIONS=''
ac_ct_AR='ar'
ac_ct_CC='gcc'
ac_ct_DUMPBIN=''
am__EXEEXT_FALSE=''
am__EXEEXT_TRUE='#'
am__fastdepCC_FALSE=''
am__fastdepCC_TRUE='#'
am__include='include'
am__isrc=''
am__leading_dot='.'
am__nodep=''
am__quote=''
am__tar='$${TAR-tar} chof - "$$tardir"'
am__untar='$${TAR-tar} xf -'
bindir='${exec_prefix}/bin'
build='x86_64-pc-linux-gnu'
build_alias='x86_64-linux-gnu'
build_cpu='x86_64'
build_os='linux-gnu'
build_vendor='pc'
datadir='${datarootdir}'
datarootdir='${prefix}/share'
docdir='${datarootdir}/doc/${PACKAGE_TARNAME}'
dvidir='${docdir}'
exec_prefix=''
host='x86_64-pc-linux-gnu'
host_alias=''
host_cpu='x86_64'
host_os='linux-gnu'
host_vendor='pc'
htmldir='${docdir}'
includedir='${prefix}/include'
infodir='${prefix}/share/info'
install_sh='${SHELL} /root/apt/mountall-2.53/install-sh'
libdir='/lib'
libexecdir='${prefix}/lib/x86_64-linux-gnu'
localedir='${datarootdir}/locale'
localstatedir='/var'
mandir='${prefix}/share/man'
mkdir_p='/bin/mkdir -p'
oldincludedir='/usr/include'
pdfdir='${docdir}'
prefix='/usr'
program_transform_name='s,x,x,'
psdir='${docdir}'
sbindir='${exec_prefix}/sbin'
sharedstatedir='${prefix}/com'
sysconfdir='/etc'
target_alias=''

## ----------- ##
## confdefs.h. ##
## ----------- ##

/* confdefs.h */
#define PACKAGE_NAME "mountall"
#define PACKAGE_TARNAME "mountall"
#define PACKAGE_VERSION "2.49"
#define PACKAGE_STRING "mountall 2.49"
#define PACKAGE_BUGREPORT "ubuntu-devel@lists.ubuntu.com"
#define PACKAGE_URL ""
#define STDC_HEADERS 1
#define HAVE_SYS_TYPES_H 1
#define HAVE_SYS_STAT_H 1
#define HAVE_STDLIB_H 1
#define HAVE_STRING_H 1
#define HAVE_MEMORY_H 1
#define HAVE_STRINGS_H 1
#define HAVE_INTTYPES_H 1
#define HAVE_STDINT_H 1
#define HAVE_UNISTD_H 1
#define __EXTENSIONS__ 1
#define _ALL_SOURCE 1
#define _GNU_SOURCE 1
#define _POSIX_PTHREAD_SEMANTICS 1
#define _TANDEM_SOURCE 1
#define PACKAGE "mountall"
#define VERSION "2.49"
#define HAVE_DLFCN_H 1
#define LT_OBJDIR ".libs/"
#define HAVE_VISIBILITY 1
#define HAVE_STDINT_H_WITH_UINTMAX 1
#define HAVE_ALLOCA_H 1
#define HAVE_ALLOCA 1
#define HAVE_STDLIB_H 1
#define HAVE_UNISTD_H 1
#define HAVE_SYS_PARAM_H 1
#define HAVE_GETPAGESIZE 1
#define HAVE_MMAP 1
#define INTDIV0_RAISES_SIGFPE 1
#define HAVE_INTTYPES_H_WITH_UINTMAX 1
#define HAVE_UNSIGNED_LONG_LONG_INT 1
#define HAVE_UINTMAX_T 1
#define HAVE_INTTYPES_H 1
#define USE_POSIX_THREADS 1
#define USE_POSIX_THREADS_WEAK 1
#define HAVE_PTHREAD_RWLOCK 1
#define HAVE_PTHREAD_MUTEX_RECURSIVE 1
#define HAVE_BUILTIN_EXPECT 1
#define HAVE_ARGZ_H 1
#define HAVE_INTTYPES_H 1
#define HAVE_LIMITS_H 1
#define HAVE_UNISTD_H 1
#define HAVE_SYS_PARAM_H 1
#define HAVE_GETCWD 1
#define HAVE_GETEGID 1
#define HAVE_GETEUID 1
#define HAVE_GETGID 1
#define HAVE_GETUID 1
#define HAVE_MEMPCPY 1
#define HAVE_MUNMAP 1
#define HAVE_STPCPY 1
#define HAVE_STRCASECMP 1
#define HAVE_STRDUP 1
#define HAVE_STRTOUL 1
#define HAVE_TSEARCH 1
#define HAVE_ARGZ_COUNT 1
#define HAVE_ARGZ_STRINGIFY 1
#define HAVE_ARGZ_NEXT 1
#define HAVE___FSETLOCKING 1
#define HAVE_DECL_FEOF_UNLOCKED 1
#define HAVE_DECL_FGETS_UNLOCKED 1
#define HAVE_ICONV 1
#define ICONV_CONST 
#define HAVE_NL_LOCALE_NAME 1
#define HAVE_LONG_LONG_INT 1
#define HAVE_WCHAR_T 1
#define HAVE_WINT_T 1
#define HAVE_INTMAX_T 1
#define HAVE_POSIX_PRINTF 1
#define HAVE_STDINT_H 1
#define HAVE_STDINT_H 1
#define HAVE_STDDEF_H 1
#define HAVE_STDLIB_H 1
#define HAVE_STRING_H 1
#define HAVE_ASPRINTF 1
#define HAVE_FWPRINTF 1
#define HAVE_PUTENV 1
#define HAVE_SETENV 1
#define HAVE_SETLOCALE 1
#define HAVE_SNPRINTF 1
#define HAVE_WCSLEN 1
#define HAVE_DECL__SNPRINTF 0
#define HAVE_DECL__SNWPRINTF 0
#define HAVE_DECL_GETC_UNLOCKED 1
#define HAVE_LANGINFO_CODESET 1
#define HAVE_LC_MESSAGES 1
#define ENABLE_NLS 1
#define HAVE_GETTEXT 1
#define HAVE_DCGETTEXT 1

configure: exit 0
