This file contains any messages produced by compilers while
running configure, to aid debugging if configure makes a mistake.

It was created by configure, which was
generated by GNU Autoconf 2.59.  Invocation command line was

  $ ./configure --prefix=/opt/icewm-1.2.21pre1 --with-cfgdir=/opt/icewm-1.2.21pre1/etc/icewm

## --------- ##
## Platform. ##
## --------- ##

hostname = remus
uname -m = i686
uname -r = 2.6.15-1-k7
uname -s = Linux
uname -v = #2 Tue Mar 7 02:52:03 CET 2006

/usr/bin/uname -p = unknown
/bin/uname -X     = unknown

/bin/arch              = i686
/usr/bin/arch -k       = unknown
/usr/convex/getsysinfo = unknown
hostinfo               = unknown
/bin/machine           = unknown
/usr/bin/oslevel       = unknown
/bin/universe          = unknown

PATH: /home/user/bin_home
PATH: /local/wx/build
PATH: /usr/local/bin
PATH: /usr/bin
PATH: /bin
PATH: /usr/bin/X11
PATH: /usr/games
PATH: /sbin
PATH: /usr/sbin
PATH: /usr/local/sbin
PATH: /home/user/bin
PATH: /home/user/env_pluto/bin
PATH: /usr/pluto/bin


## ----------- ##
## Core tests. ##
## ----------- ##

configure:1387: checking build system type
configure:1405: result: i686-pc-linux-gnu
configure:1413: checking host system type
configure:1427: result: i686-pc-linux-gnu
configure:1435: checking target system type
configure:1449: result: i686-pc-linux-gnu
configure:1528: checking for g++
configure:1544: found /usr/local/bin/g++
configure:1554: result: g++
configure:1570: checking for C++ compiler version
configure:1573: g++ --version </dev/null >&5
g++ (GCC) 3.3.5 (Debian 1:3.3.5-13)
Copyright (C) 2003 Free Software Foundation, Inc.
This is free software; see the source for copying conditions.  There is NO
warranty; not even for MERCHANTABILITY or FITNESS FOR A PARTICULAR PURPOSE.

configure:1576: $? = 0
configure:1578: g++ -v </dev/null >&5
Reading specs from /usr/lib/gcc-lib/i486-linux/3.3.5/specs
Configured with: ../src/configure -v --enable-languages=c,c++,java,f77,pascal,objc,ada,treelang --prefix=/usr --mandir=/usr/share/man --infodir=/usr/share/info --with-gxx-include-dir=/usr/include/c++/3.3 --enable-shared --enable-__cxa_atexit --with-system-zlib --enable-nls --without-included-gettext --enable-clocale=gnu --enable-debug --enable-java-gc=boehm --enable-java-awt=xlib --enable-objc-gc i486-linux
Thread model: posix
gcc version 3.3.5 (Debian 1:3.3.5-13)
configure:1581: $? = 0
configure:1583: g++ -V </dev/null >&5
g++: `-V' option must have argument
configure:1586: $? = 1
configure:1609: checking for C++ compiler default output file name
configure:1612: g++    conftest.cc  >&5
configure:1615: $? = 0
configure:1661: result: a.out
configure:1666: checking whether the C++ compiler works
configure:1672: ./a.out
configure:1675: $? = 0
configure:1692: result: yes
configure:1699: checking whether we are cross compiling
configure:1701: result: no
configure:1704: checking for suffix of executables
configure:1706: g++ -o conftest    conftest.cc  >&5
configure:1709: $? = 0
configure:1734: result: 
configure:1740: checking for suffix of object files
configure:1761: g++ -c   conftest.cc >&5
configure:1764: $? = 0
configure:1786: result: o
configure:1790: checking whether we are using the GNU C++ compiler
configure:1814: g++ -c   conftest.cc >&5
configure:1820: $? = 0
configure:1824: test -z 
			 || test ! -s conftest.err
configure:1827: $? = 0
configure:1830: test -s conftest.o
configure:1833: $? = 0
configure:1846: result: yes
configure:1852: checking whether g++ accepts -g
configure:1873: g++ -c -g  conftest.cc >&5
configure:1879: $? = 0
configure:1883: test -z 
			 || test ! -s conftest.err
configure:1886: $? = 0
configure:1889: test -s conftest.o
configure:1892: $? = 0
configure:1903: result: yes
configure:1945: g++ -c -g -O2  conftest.cc >&5
configure:1951: $? = 0
configure:1955: test -z 
			 || test ! -s conftest.err
configure:1958: $? = 0
configure:1961: test -s conftest.o
configure:1964: $? = 0
configure:1990: g++ -c -g -O2  conftest.cc >&5
conftest.cc: In function `int main()':
conftest.cc:13: error: `exit' undeclared (first use this function)
conftest.cc:13: error: (Each undeclared identifier is reported only once for 
   each function it appears in.)
configure:1996: $? = 1
configure: failed program was:
| /* confdefs.h.  */
| 
| #define PACKAGE_NAME ""
| #define PACKAGE_TARNAME ""
| #define PACKAGE_VERSION ""
| #define PACKAGE_STRING ""
| #define PACKAGE_BUGREPORT ""
| /* end confdefs.h.  */
| 
| int
| main ()
| {
| exit (42);
|   ;
|   return 0;
| }
configure:1945: g++ -c -g -O2  conftest.cc >&5
configure:1951: $? = 0
configure:1955: test -z 
			 || test ! -s conftest.err
configure:1958: $? = 0
configure:1961: test -s conftest.o
configure:1964: $? = 0
configure:1990: g++ -c -g -O2  conftest.cc >&5
configure:1996: $? = 0
configure:2000: test -z 
			 || test ! -s conftest.err
configure:2003: $? = 0
configure:2006: test -s conftest.o
configure:2009: $? = 0
configure:2040: checking whether the C++ compiler (g++) accepts no_rtti
configure:2058: g++ -c -fno-rtti -g -O2  conftest.cc >&5
configure:2064: $? = 0
configure:2068: test -z 
			 || test ! -s conftest.err
configure:2071: $? = 0
configure:2074: test -s conftest.o
configure:2077: $? = 0
configure:2087: result: yes
configure:2154: checking whether the C++ compiler (g++) accepts no_exceptions
configure:2172: g++ -c -fno-exceptions -fno-rtti -g -O2  conftest.cc >&5
configure:2178: $? = 0
configure:2182: test -z 
			 || test ! -s conftest.err
configure:2185: $? = 0
configure:2188: test -s conftest.o
configure:2191: $? = 0
configure:2201: result: yes
configure:2270: checking whether the C++ compiler (g++) accepts warn_xxx
configure:2288: g++ -c -Wall -Wpointer-arith -Wconversion -Wwrite-strings -Winline -Woverloaded-virtual -W -fno-exceptions -fno-rtti -g -O2  conftest.cc >&5
configure:2294: $? = 0
configure:2298: test -z 
			 || test ! -s conftest.err
configure:2301: $? = 0
configure:2304: test -s conftest.o
configure:2307: $? = 0
configure:2317: result: yes
configure:2324: checking whether the C++ compiler (g++) accepts permissive
configure:2342: g++ -c -fpermissive -Wall -Wpointer-arith -Wconversion -Wwrite-strings -Winline -Woverloaded-virtual -W -fno-exceptions -fno-rtti -g -O2  conftest.cc >&5
configure:2348: $? = 0
configure:2352: test -z 
			 || test ! -s conftest.err
configure:2355: $? = 0
configure:2358: test -s conftest.o
configure:2361: $? = 0
configure:2371: result: yes
configure:2463: checking for a BSD-compatible install
configure:2518: result: /usr/bin/install -c
configure:2538: checking for dirent.h that defines DIR
configure:2562: g++ -c -fpermissive -Wall -Wpointer-arith -Wconversion -Wwrite-strings -Winline -Woverloaded-virtual -W -fno-exceptions -fno-rtti -g -O2  conftest.cc >&5
configure:2568: $? = 0
configure:2572: test -z 
			 || test ! -s conftest.err
configure:2575: $? = 0
configure:2578: test -s conftest.o
configure:2581: $? = 0
configure:2592: result: yes
configure:2605: checking for library containing opendir
configure:2635: g++ -o conftest -fpermissive -Wall -Wpointer-arith -Wconversion -Wwrite-strings -Winline -Woverloaded-virtual -W -fno-exceptions -fno-rtti -g -O2   conftest.cc  >&5
configure:2641: $? = 0
configure:2645: test -z 
			 || test ! -s conftest.err
configure:2648: $? = 0
configure:2651: test -s conftest
configure:2654: $? = 0
configure:2724: result: none required
configure:2860: checking for sys/wait.h that is POSIX.1 compatible
configure:2891: g++ -c -fpermissive -Wall -Wpointer-arith -Wconversion -Wwrite-strings -Winline -Woverloaded-virtual -W -fno-exceptions -fno-rtti -g -O2  conftest.cc >&5
configure:2897: $? = 0
configure:2901: test -z 
			 || test ! -s conftest.err
configure:2904: $? = 0
configure:2907: test -s conftest.o
configure:2910: $? = 0
configure:2921: result: yes
configure:2936: checking how to run the C++ preprocessor
configure:2967: g++ -E  conftest.cc
configure:2973: $? = 0
configure:3005: g++ -E  conftest.cc
conftest.cc:14:28: ac_nonexistent.h: No such file or directory
configure:3011: $? = 1
configure: failed program was:
| /* confdefs.h.  */
| 
| #define PACKAGE_NAME ""
| #define PACKAGE_TARNAME ""
| #define PACKAGE_VERSION ""
| #define PACKAGE_STRING ""
| #define PACKAGE_BUGREPORT ""
| #ifdef __cplusplus
| extern "C" void std::exit (int) throw (); using std::exit;
| #endif
| #define HAVE_DIRENT_H 1
| #define HAVE_SYS_WAIT_H 1
| /* end confdefs.h.  */
| #include <ac_nonexistent.h>
configure:3050: result: g++ -E
configure:3074: g++ -E  conftest.cc
configure:3080: $? = 0
configure:3112: g++ -E  conftest.cc
conftest.cc:14:28: ac_nonexistent.h: No such file or directory
configure:3118: $? = 1
configure: failed program was:
| /* confdefs.h.  */
| 
| #define PACKAGE_NAME ""
| #define PACKAGE_TARNAME ""
| #define PACKAGE_VERSION ""
| #define PACKAGE_STRING ""
| #define PACKAGE_BUGREPORT ""
| #ifdef __cplusplus
| extern "C" void std::exit (int) throw (); using std::exit;
| #endif
| #define HAVE_DIRENT_H 1
| #define HAVE_SYS_WAIT_H 1
| /* end confdefs.h.  */
| #include <ac_nonexistent.h>
configure:3162: checking for egrep
configure:3172: result: grep -E
configure:3177: checking for ANSI C header files
configure:3202: g++ -c -fpermissive -Wall -Wpointer-arith -Wconversion -Wwrite-strings -Winline -Woverloaded-virtual -W -fno-exceptions -fno-rtti -g -O2  conftest.cc >&5
configure:3208: $? = 0
configure:3212: test -z 
			 || test ! -s conftest.err
configure:3215: $? = 0
configure:3218: test -s conftest.o
configure:3221: $? = 0
configure:3307: g++ -o conftest -fpermissive -Wall -Wpointer-arith -Wconversion -Wwrite-strings -Winline -Woverloaded-virtual -W -fno-exceptions -fno-rtti -g -O2   conftest.cc  >&5
configure:3310: $? = 0
configure:3312: ./conftest
configure:3315: $? = 0
configure:3330: result: yes
configure:3354: checking for sys/types.h
configure:3370: g++ -c -fpermissive -Wall -Wpointer-arith -Wconversion -Wwrite-strings -Winline -Woverloaded-virtual -W -fno-exceptions -fno-rtti -g -O2  conftest.cc >&5
configure:3376: $? = 0
configure:3380: test -z 
			 || test ! -s conftest.err
configure:3383: $? = 0
configure:3386: test -s conftest.o
configure:3389: $? = 0
configure:3400: result: yes
configure:3354: checking for sys/stat.h
configure:3370: g++ -c -fpermissive -Wall -Wpointer-arith -Wconversion -Wwrite-strings -Winline -Woverloaded-virtual -W -fno-exceptions -fno-rtti -g -O2  conftest.cc >&5
configure:3376: $? = 0
configure:3380: test -z 
			 || test ! -s conftest.err
configure:3383: $? = 0
configure:3386: test -s conftest.o
configure:3389: $? = 0
configure:3400: result: yes
configure:3354: checking for stdlib.h
configure:3370: g++ -c -fpermissive -Wall -Wpointer-arith -Wconversion -Wwrite-strings -Winline -Woverloaded-virtual -W -fno-exceptions -fno-rtti -g -O2  conftest.cc >&5
configure:3376: $? = 0
configure:3380: test -z 
			 || test ! -s conftest.err
configure:3383: $? = 0
configure:3386: test -s conftest.o
configure:3389: $? = 0
configure:3400: result: yes
configure:3354: checking for string.h
configure:3370: g++ -c -fpermissive -Wall -Wpointer-arith -Wconversion -Wwrite-strings -Winline -Woverloaded-virtual -W -fno-exceptions -fno-rtti -g -O2  conftest.cc >&5
configure:3376: $? = 0
configure:3380: test -z 
			 || test ! -s conftest.err
configure:3383: $? = 0
configure:3386: test -s conftest.o
configure:3389: $? = 0
configure:3400: result: yes
configure:3354: checking for memory.h
configure:3370: g++ -c -fpermissive -Wall -Wpointer-arith -Wconversion -Wwrite-strings -Winline -Woverloaded-virtual -W -fno-exceptions -fno-rtti -g -O2  conftest.cc >&5
configure:3376: $? = 0
configure:3380: test -z 
			 || test ! -s conftest.err
configure:3383: $? = 0
configure:3386: test -s conftest.o
configure:3389: $? = 0
configure:3400: result: yes
configure:3354: checking for strings.h
configure:3370: g++ -c -fpermissive -Wall -Wpointer-arith -Wconversion -Wwrite-strings -Winline -Woverloaded-virtual -W -fno-exceptions -fno-rtti -g -O2  conftest.cc >&5
configure:3376: $? = 0
configure:3380: test -z 
			 || test ! -s conftest.err
configure:3383: $? = 0
configure:3386: test -s conftest.o
configure:3389: $? = 0
configure:3400: result: yes
configure:3354: checking for inttypes.h
configure:3370: g++ -c -fpermissive -Wall -Wpointer-arith -Wconversion -Wwrite-strings -Winline -Woverloaded-virtual -W -fno-exceptions -fno-rtti -g -O2  conftest.cc >&5
configure:3376: $? = 0
configure:3380: test -z 
			 || test ! -s conftest.err
configure:3383: $? = 0
configure:3386: test -s conftest.o
configure:3389: $? = 0
configure:3400: result: yes
configure:3354: checking for stdint.h
configure:3370: g++ -c -fpermissive -Wall -Wpointer-arith -Wconversion -Wwrite-strings -Winline -Woverloaded-virtual -W -fno-exceptions -fno-rtti -g -O2  conftest.cc >&5
configure:3376: $? = 0
configure:3380: test -z 
			 || test ! -s conftest.err
configure:3383: $? = 0
configure:3386: test -s conftest.o
configure:3389: $? = 0
configure:3400: result: yes
configure:3354: checking for unistd.h
configure:3370: g++ -c -fpermissive -Wall -Wpointer-arith -Wconversion -Wwrite-strings -Winline -Woverloaded-virtual -W -fno-exceptions -fno-rtti -g -O2  conftest.cc >&5
configure:3376: $? = 0
configure:3380: test -z 
			 || test ! -s conftest.err
configure:3383: $? = 0
configure:3386: test -s conftest.o
configure:3389: $? = 0
configure:3400: result: yes
configure:3431: checking fcntl.h usability
configure:3443: g++ -c -fpermissive -Wall -Wpointer-arith -Wconversion -Wwrite-strings -Winline -Woverloaded-virtual -W -fno-exceptions -fno-rtti -g -O2  conftest.cc >&5
configure:3449: $? = 0
configure:3453: test -z 
			 || test ! -s conftest.err
configure:3456: $? = 0
configure:3459: test -s conftest.o
configure:3462: $? = 0
configure:3472: result: yes
configure:3476: checking fcntl.h presence
configure:3486: g++ -E  conftest.cc
configure:3492: $? = 0
configure:3512: result: yes
configure:3547: checking for fcntl.h
configure:3554: result: yes
configure:3431: checking limits.h usability
configure:3443: g++ -c -fpermissive -Wall -Wpointer-arith -Wconversion -Wwrite-strings -Winline -Woverloaded-virtual -W -fno-exceptions -fno-rtti -g -O2  conftest.cc >&5
configure:3449: $? = 0
configure:3453: test -z 
			 || test ! -s conftest.err
configure:3456: $? = 0
configure:3459: test -s conftest.o
configure:3462: $? = 0
configure:3472: result: yes
configure:3476: checking limits.h presence
configure:3486: g++ -E  conftest.cc
configure:3492: $? = 0
configure:3512: result: yes
configure:3547: checking for limits.h
configure:3554: result: yes
configure:3422: checking for strings.h
configure:3427: result: yes
configure:3431: checking sys/ioctl.h usability
configure:3443: g++ -c -fpermissive -Wall -Wpointer-arith -Wconversion -Wwrite-strings -Winline -Woverloaded-virtual -W -fno-exceptions -fno-rtti -g -O2  conftest.cc >&5
configure:3449: $? = 0
configure:3453: test -z 
			 || test ! -s conftest.err
configure:3456: $? = 0
configure:3459: test -s conftest.o
configure:3462: $? = 0
configure:3472: result: yes
configure:3476: checking sys/ioctl.h presence
configure:3486: g++ -E  conftest.cc
configure:3492: $? = 0
configure:3512: result: yes
configure:3547: checking for sys/ioctl.h
configure:3554: result: yes
configure:3431: checking sys/time.h usability
configure:3443: g++ -c -fpermissive -Wall -Wpointer-arith -Wconversion -Wwrite-strings -Winline -Woverloaded-virtual -W -fno-exceptions -fno-rtti -g -O2  conftest.cc >&5
configure:3449: $? = 0
configure:3453: test -z 
			 || test ! -s conftest.err
configure:3456: $? = 0
configure:3459: test -s conftest.o
configure:3462: $? = 0
configure:3472: result: yes
configure:3476: checking sys/time.h presence
configure:3486: g++ -E  conftest.cc
configure:3492: $? = 0
configure:3512: result: yes
configure:3547: checking for sys/time.h
configure:3554: result: yes
configure:3422: checking for unistd.h
configure:3427: result: yes
configure:3582: checking linux/threads.h usability
configure:3594: g++ -c -fpermissive -Wall -Wpointer-arith -Wconversion -Wwrite-strings -Winline -Woverloaded-virtual -W -fno-exceptions -fno-rtti -g -O2  conftest.cc >&5
configure:3600: $? = 0
configure:3604: test -z 
			 || test ! -s conftest.err
configure:3607: $? = 0
configure:3610: test -s conftest.o
configure:3613: $? = 0
configure:3623: result: yes
configure:3627: checking linux/threads.h presence
configure:3637: g++ -E  conftest.cc
configure:3643: $? = 0
configure:3663: result: yes
configure:3698: checking for linux/threads.h
configure:3705: result: yes
configure:3582: checking linux/tasks.h usability
configure:3594: g++ -c -fpermissive -Wall -Wpointer-arith -Wconversion -Wwrite-strings -Winline -Woverloaded-virtual -W -fno-exceptions -fno-rtti -g -O2  conftest.cc >&5
conftest.cc:65:25: linux/tasks.h: No such file or directory
configure:3600: $? = 1
configure: failed program was:
| /* confdefs.h.  */
| 
| #define PACKAGE_NAME ""
| #define PACKAGE_TARNAME ""
| #define PACKAGE_VERSION ""
| #define PACKAGE_STRING ""
| #define PACKAGE_BUGREPORT ""
| #ifdef __cplusplus
| extern "C" void std::exit (int) throw (); using std::exit;
| #endif
| #define HAVE_DIRENT_H 1
| #define HAVE_SYS_WAIT_H 1
| #define STDC_HEADERS 1
| #define HAVE_SYS_TYPES_H 1
| #define HAVE_SYS_STAT_H 1
| #define HAVE_STDLIB_H 1
| #define HAVE_STRING_H 1
| #define HAVE_MEMORY_H 1
| #define HAVE_STRINGS_H 1
| #define HAVE_INTTYPES_H 1
| #define HAVE_STDINT_H 1
| #define HAVE_UNISTD_H 1
| #define HAVE_FCNTL_H 1
| #define HAVE_LIMITS_H 1
| #define HAVE_STRINGS_H 1
| #define HAVE_SYS_IOCTL_H 1
| #define HAVE_SYS_TIME_H 1
| #define HAVE_UNISTD_H 1
| #define HAVE_LINUX_THREADS_H 1
| /* end confdefs.h.  */
| #include <stdio.h>
| #if HAVE_SYS_TYPES_H
| # include <sys/types.h>
| #endif
| #if HAVE_SYS_STAT_H
| # include <sys/stat.h>
| #endif
| #if STDC_HEADERS
| # include <stdlib.h>
| # include <stddef.h>
| #else
| # if HAVE_STDLIB_H
| #  include <stdlib.h>
| # endif
| #endif
| #if HAVE_STRING_H
| # if !STDC_HEADERS && HAVE_MEMORY_H
| #  include <memory.h>
| # endif
| # include <string.h>
| #endif
| #if HAVE_STRINGS_H
| # include <strings.h>
| #endif
| #if HAVE_INTTYPES_H
| # include <inttypes.h>
| #else
| # if HAVE_STDINT_H
| #  include <stdint.h>
| # endif
| #endif
| #if HAVE_UNISTD_H
| # include <unistd.h>
| #endif
| #include <linux/tasks.h>
configure:3623: result: no
configure:3627: checking linux/tasks.h presence
configure:3637: g++ -E  conftest.cc
conftest.cc:31:25: linux/tasks.h: No such file or directory
configure:3643: $? = 1
configure: failed program was:
| /* confdefs.h.  */
| 
| #define PACKAGE_NAME ""
| #define PACKAGE_TARNAME ""
| #define PACKAGE_VERSION ""
| #define PACKAGE_STRING ""
| #define PACKAGE_BUGREPORT ""
| #ifdef __cplusplus
| extern "C" void std::exit (int) throw (); using std::exit;
| #endif
| #define HAVE_DIRENT_H 1
| #define HAVE_SYS_WAIT_H 1
| #define STDC_HEADERS 1
| #define HAVE_SYS_TYPES_H 1
| #define HAVE_SYS_STAT_H 1
| #define HAVE_STDLIB_H 1
| #define HAVE_STRING_H 1
| #define HAVE_MEMORY_H 1
| #define HAVE_STRINGS_H 1
| #define HAVE_INTTYPES_H 1
| #define HAVE_STDINT_H 1
| #define HAVE_UNISTD_H 1
| #define HAVE_FCNTL_H 1
| #define HAVE_LIMITS_H 1
| #define HAVE_STRINGS_H 1
| #define HAVE_SYS_IOCTL_H 1
| #define HAVE_SYS_TIME_H 1
| #define HAVE_UNISTD_H 1
| #define HAVE_LINUX_THREADS_H 1
| /* end confdefs.h.  */
| #include <linux/tasks.h>
configure:3663: result: no
configure:3698: checking for linux/tasks.h
configure:3705: result: no
configure:3736: checking sched.h usability
configure:3748: g++ -c -fpermissive -Wall -Wpointer-arith -Wconversion -Wwrite-strings -Winline -Woverloaded-virtual -W -fno-exceptions -fno-rtti -g -O2  conftest.cc >&5
configure:3754: $? = 0
configure:3758: test -z 
			 || test ! -s conftest.err
configure:3761: $? = 0
configure:3764: test -s conftest.o
configure:3767: $? = 0
configure:3777: result: yes
configure:3781: checking sched.h presence
configure:3791: g++ -E  conftest.cc
configure:3797: $? = 0
configure:3817: result: yes
configure:3852: checking for sched.h
configure:3859: result: yes
configure:3736: checking sys/dkstat.h usability
configure:3748: g++ -c -fpermissive -Wall -Wpointer-arith -Wconversion -Wwrite-strings -Winline -Woverloaded-virtual -W -fno-exceptions -fno-rtti -g -O2  conftest.cc >&5
conftest.cc:66:24: sys/dkstat.h: No such file or directory
configure:3754: $? = 1
configure: failed program was:
| /* confdefs.h.  */
| 
| #define PACKAGE_NAME ""
| #define PACKAGE_TARNAME ""
| #define PACKAGE_VERSION ""
| #define PACKAGE_STRING ""
| #define PACKAGE_BUGREPORT ""
| #ifdef __cplusplus
| extern "C" void std::exit (int) throw (); using std::exit;
| #endif
| #define HAVE_DIRENT_H 1
| #define HAVE_SYS_WAIT_H 1
| #define STDC_HEADERS 1
| #define HAVE_SYS_TYPES_H 1
| #define HAVE_SYS_STAT_H 1
| #define HAVE_STDLIB_H 1
| #define HAVE_STRING_H 1
| #define HAVE_MEMORY_H 1
| #define HAVE_STRINGS_H 1
| #define HAVE_INTTYPES_H 1
| #define HAVE_STDINT_H 1
| #define HAVE_UNISTD_H 1
| #define HAVE_FCNTL_H 1
| #define HAVE_LIMITS_H 1
| #define HAVE_STRINGS_H 1
| #define HAVE_SYS_IOCTL_H 1
| #define HAVE_SYS_TIME_H 1
| #define HAVE_UNISTD_H 1
| #define HAVE_LINUX_THREADS_H 1
| #define HAVE_SCHED_H 1
| /* end confdefs.h.  */
| #include <stdio.h>
| #if HAVE_SYS_TYPES_H
| # include <sys/types.h>
| #endif
| #if HAVE_SYS_STAT_H
| # include <sys/stat.h>
| #endif
| #if STDC_HEADERS
| # include <stdlib.h>
| # include <stddef.h>
| #else
| # if HAVE_STDLIB_H
| #  include <stdlib.h>
| # endif
| #endif
| #if HAVE_STRING_H
| # if !STDC_HEADERS && HAVE_MEMORY_H
| #  include <memory.h>
| # endif
| # include <string.h>
| #endif
| #if HAVE_STRINGS_H
| # include <strings.h>
| #endif
| #if HAVE_INTTYPES_H
| # include <inttypes.h>
| #else
| # if HAVE_STDINT_H
| #  include <stdint.h>
| # endif
| #endif
| #if HAVE_UNISTD_H
| # include <unistd.h>
| #endif
| #include <sys/dkstat.h>
configure:3777: result: no
configure:3781: checking sys/dkstat.h presence
configure:3791: g++ -E  conftest.cc
conftest.cc:32:24: sys/dkstat.h: No such file or directory
configure:3797: $? = 1
configure: failed program was:
| /* confdefs.h.  */
| 
| #define PACKAGE_NAME ""
| #define PACKAGE_TARNAME ""
| #define PACKAGE_VERSION ""
| #define PACKAGE_STRING ""
| #define PACKAGE_BUGREPORT ""
| #ifdef __cplusplus
| extern "C" void std::exit (int) throw (); using std::exit;
| #endif
| #define HAVE_DIRENT_H 1
| #define HAVE_SYS_WAIT_H 1
| #define STDC_HEADERS 1
| #define HAVE_SYS_TYPES_H 1
| #define HAVE_SYS_STAT_H 1
| #define HAVE_STDLIB_H 1
| #define HAVE_STRING_H 1
| #define HAVE_MEMORY_H 1
| #define HAVE_STRINGS_H 1
| #define HAVE_INTTYPES_H 1
| #define HAVE_STDINT_H 1
| #define HAVE_UNISTD_H 1
| #define HAVE_FCNTL_H 1
| #define HAVE_LIMITS_H 1
| #define HAVE_STRINGS_H 1
| #define HAVE_SYS_IOCTL_H 1
| #define HAVE_SYS_TIME_H 1
| #define HAVE_UNISTD_H 1
| #define HAVE_LINUX_THREADS_H 1
| #define HAVE_SCHED_H 1
| /* end confdefs.h.  */
| #include <sys/dkstat.h>
configure:3817: result: no
configure:3852: checking for sys/dkstat.h
configure:3859: result: no
configure:3736: checking sys/param.h usability
configure:3748: g++ -c -fpermissive -Wall -Wpointer-arith -Wconversion -Wwrite-strings -Winline -Woverloaded-virtual -W -fno-exceptions -fno-rtti -g -O2  conftest.cc >&5
configure:3754: $? = 0
configure:3758: test -z 
			 || test ! -s conftest.err
configure:3761: $? = 0
configure:3764: test -s conftest.o
configure:3767: $? = 0
configure:3777: result: yes
configure:3781: checking sys/param.h presence
configure:3791: g++ -E  conftest.cc
configure:3797: $? = 0
configure:3817: result: yes
configure:3852: checking for sys/param.h
configure:3859: result: yes
configure:3736: checking sys/sysctl.h usability
configure:3748: g++ -c -fpermissive -Wall -Wpointer-arith -Wconversion -Wwrite-strings -Winline -Woverloaded-virtual -W -fno-exceptions -fno-rtti -g -O2  conftest.cc >&5
configure:3754: $? = 0
configure:3758: test -z 
			 || test ! -s conftest.err
configure:3761: $? = 0
configure:3764: test -s conftest.o
configure:3767: $? = 0
configure:3777: result: yes
configure:3781: checking sys/sysctl.h presence
configure:3791: g++ -E  conftest.cc
configure:3797: $? = 0
configure:3817: result: yes
configure:3852: checking for sys/sysctl.h
configure:3859: result: yes
configure:3736: checking uvm/uvm_param.h usability
configure:3748: g++ -c -fpermissive -Wall -Wpointer-arith -Wconversion -Wwrite-strings -Winline -Woverloaded-virtual -W -fno-exceptions -fno-rtti -g -O2  conftest.cc >&5
conftest.cc:68:27: uvm/uvm_param.h: No such file or directory
configure:3754: $? = 1
configure: failed program was:
| /* confdefs.h.  */
| 
| #define PACKAGE_NAME ""
| #define PACKAGE_TARNAME ""
| #define PACKAGE_VERSION ""
| #define PACKAGE_STRING ""
| #define PACKAGE_BUGREPORT ""
| #ifdef __cplusplus
| extern "C" void std::exit (int) throw (); using std::exit;
| #endif
| #define HAVE_DIRENT_H 1
| #define HAVE_SYS_WAIT_H 1
| #define STDC_HEADERS 1
| #define HAVE_SYS_TYPES_H 1
| #define HAVE_SYS_STAT_H 1
| #define HAVE_STDLIB_H 1
| #define HAVE_STRING_H 1
| #define HAVE_MEMORY_H 1
| #define HAVE_STRINGS_H 1
| #define HAVE_INTTYPES_H 1
| #define HAVE_STDINT_H 1
| #define HAVE_UNISTD_H 1
| #define HAVE_FCNTL_H 1
| #define HAVE_LIMITS_H 1
| #define HAVE_STRINGS_H 1
| #define HAVE_SYS_IOCTL_H 1
| #define HAVE_SYS_TIME_H 1
| #define HAVE_UNISTD_H 1
| #define HAVE_LINUX_THREADS_H 1
| #define HAVE_SCHED_H 1
| #define HAVE_SYS_PARAM_H 1
| #define HAVE_SYS_SYSCTL_H 1
| /* end confdefs.h.  */
| #include <stdio.h>
| #if HAVE_SYS_TYPES_H
| # include <sys/types.h>
| #endif
| #if HAVE_SYS_STAT_H
| # include <sys/stat.h>
| #endif
| #if STDC_HEADERS
| # include <stdlib.h>
| # include <stddef.h>
| #else
| # if HAVE_STDLIB_H
| #  include <stdlib.h>
| # endif
| #endif
| #if HAVE_STRING_H
| # if !STDC_HEADERS && HAVE_MEMORY_H
| #  include <memory.h>
| # endif
| # include <string.h>
| #endif
| #if HAVE_STRINGS_H
| # include <strings.h>
| #endif
| #if HAVE_INTTYPES_H
| # include <inttypes.h>
| #else
| # if HAVE_STDINT_H
| #  include <stdint.h>
| # endif
| #endif
| #if HAVE_UNISTD_H
| # include <unistd.h>
| #endif
| #include <uvm/uvm_param.h>
configure:3777: result: no
configure:3781: checking uvm/uvm_param.h presence
configure:3791: g++ -E  conftest.cc
conftest.cc:34:27: uvm/uvm_param.h: No such file or directory
configure:3797: $? = 1
configure: failed program was:
| /* confdefs.h.  */
| 
| #define PACKAGE_NAME ""
| #define PACKAGE_TARNAME ""
| #define PACKAGE_VERSION ""
| #define PACKAGE_STRING ""
| #define PACKAGE_BUGREPORT ""
| #ifdef __cplusplus
| extern "C" void std::exit (int) throw (); using std::exit;
| #endif
| #define HAVE_DIRENT_H 1
| #define HAVE_SYS_WAIT_H 1
| #define STDC_HEADERS 1
| #define HAVE_SYS_TYPES_H 1
| #define HAVE_SYS_STAT_H 1
| #define HAVE_STDLIB_H 1
| #define HAVE_STRING_H 1
| #define HAVE_MEMORY_H 1
| #define HAVE_STRINGS_H 1
| #define HAVE_INTTYPES_H 1
| #define HAVE_STDINT_H 1
| #define HAVE_UNISTD_H 1
| #define HAVE_FCNTL_H 1
| #define HAVE_LIMITS_H 1
| #define HAVE_STRINGS_H 1
| #define HAVE_SYS_IOCTL_H 1
| #define HAVE_SYS_TIME_H 1
| #define HAVE_UNISTD_H 1
| #define HAVE_LINUX_THREADS_H 1
| #define HAVE_SCHED_H 1
| #define HAVE_SYS_PARAM_H 1
| #define HAVE_SYS_SYSCTL_H 1
| /* end confdefs.h.  */
| #include <uvm/uvm_param.h>
configure:3817: result: no
configure:3852: checking for uvm/uvm_param.h
configure:3859: result: no
configure:3887: checking libgen.h usability
configure:3899: g++ -c -fpermissive -Wall -Wpointer-arith -Wconversion -Wwrite-strings -Winline -Woverloaded-virtual -W -fno-exceptions -fno-rtti -g -O2  conftest.cc >&5
configure:3905: $? = 0
configure:3909: test -z 
			 || test ! -s conftest.err
configure:3912: $? = 0
configure:3915: test -s conftest.o
configure:3918: $? = 0
configure:3928: result: yes
configure:3932: checking libgen.h presence
configure:3942: g++ -E  conftest.cc
configure:3948: $? = 0
configure:3968: result: yes
configure:4003: checking for libgen.h
configure:4010: result: yes
configure:4037: checking kstat.h usability
configure:4049: g++ -c -fpermissive -Wall -Wpointer-arith -Wconversion -Wwrite-strings -Winline -Woverloaded-virtual -W -fno-exceptions -fno-rtti -g -O2  conftest.cc >&5
conftest.cc:69:19: kstat.h: No such file or directory
configure:4055: $? = 1
configure: failed program was:
| /* confdefs.h.  */
| 
| #define PACKAGE_NAME ""
| #define PACKAGE_TARNAME ""
| #define PACKAGE_VERSION ""
| #define PACKAGE_STRING ""
| #define PACKAGE_BUGREPORT ""
| #ifdef __cplusplus
| extern "C" void std::exit (int) throw (); using std::exit;
| #endif
| #define HAVE_DIRENT_H 1
| #define HAVE_SYS_WAIT_H 1
| #define STDC_HEADERS 1
| #define HAVE_SYS_TYPES_H 1
| #define HAVE_SYS_STAT_H 1
| #define HAVE_STDLIB_H 1
| #define HAVE_STRING_H 1
| #define HAVE_MEMORY_H 1
| #define HAVE_STRINGS_H 1
| #define HAVE_INTTYPES_H 1
| #define HAVE_STDINT_H 1
| #define HAVE_UNISTD_H 1
| #define HAVE_FCNTL_H 1
| #define HAVE_LIMITS_H 1
| #define HAVE_STRINGS_H 1
| #define HAVE_SYS_IOCTL_H 1
| #define HAVE_SYS_TIME_H 1
| #define HAVE_UNISTD_H 1
| #define HAVE_LINUX_THREADS_H 1
| #define HAVE_SCHED_H 1
| #define HAVE_SYS_PARAM_H 1
| #define HAVE_SYS_SYSCTL_H 1
| #define HAVE_LIBGEN_H 1
| /* end confdefs.h.  */
| #include <stdio.h>
| #if HAVE_SYS_TYPES_H
| # include <sys/types.h>
| #endif
| #if HAVE_SYS_STAT_H
| # include <sys/stat.h>
| #endif
| #if STDC_HEADERS
| # include <stdlib.h>
| # include <stddef.h>
| #else
| # if HAVE_STDLIB_H
| #  include <stdlib.h>
| # endif
| #endif
| #if HAVE_STRING_H
| # if !STDC_HEADERS && HAVE_MEMORY_H
| #  include <memory.h>
| # endif
| # include <string.h>
| #endif
| #if HAVE_STRINGS_H
| # include <strings.h>
| #endif
| #if HAVE_INTTYPES_H
| # include <inttypes.h>
| #else
| # if HAVE_STDINT_H
| #  include <stdint.h>
| # endif
| #endif
| #if HAVE_UNISTD_H
| # include <unistd.h>
| #endif
| #include <kstat.h>
configure:4078: result: no
configure:4082: checking kstat.h presence
configure:4092: g++ -E  conftest.cc
conftest.cc:35:19: kstat.h: No such file or directory
configure:4098: $? = 1
configure: failed program was:
| /* confdefs.h.  */
| 
| #define PACKAGE_NAME ""
| #define PACKAGE_TARNAME ""
| #define PACKAGE_VERSION ""
| #define PACKAGE_STRING ""
| #define PACKAGE_BUGREPORT ""
| #ifdef __cplusplus
| extern "C" void std::exit (int) throw (); using std::exit;
| #endif
| #define HAVE_DIRENT_H 1
| #define HAVE_SYS_WAIT_H 1
| #define STDC_HEADERS 1
| #define HAVE_SYS_TYPES_H 1
| #define HAVE_SYS_STAT_H 1
| #define HAVE_STDLIB_H 1
| #define HAVE_STRING_H 1
| #define HAVE_MEMORY_H 1
| #define HAVE_STRINGS_H 1
| #define HAVE_INTTYPES_H 1
| #define HAVE_STDINT_H 1
| #define HAVE_UNISTD_H 1
| #define HAVE_FCNTL_H 1
| #define HAVE_LIMITS_H 1
| #define HAVE_STRINGS_H 1
| #define HAVE_SYS_IOCTL_H 1
| #define HAVE_SYS_TIME_H 1
| #define HAVE_UNISTD_H 1
| #define HAVE_LINUX_THREADS_H 1
| #define HAVE_SCHED_H 1
| #define HAVE_SYS_PARAM_H 1
| #define HAVE_SYS_SYSCTL_H 1
| #define HAVE_LIBGEN_H 1
| /* end confdefs.h.  */
| #include <kstat.h>
configure:4118: result: no
configure:4153: checking for kstat.h
configure:4160: result: no
configure:4229: checking for size_t
configure:4253: g++ -c -fpermissive -Wall -Wpointer-arith -Wconversion -Wwrite-strings -Winline -Woverloaded-virtual -W -fno-exceptions -fno-rtti -g -O2  conftest.cc >&5
configure:4259: $? = 0
configure:4263: test -z 
			 || test ! -s conftest.err
configure:4266: $? = 0
configure:4269: test -s conftest.o
configure:4272: $? = 0
configure:4283: result: yes
configure:4295: checking whether time.h and sys/time.h may both be included
configure:4320: g++ -c -fpermissive -Wall -Wpointer-arith -Wconversion -Wwrite-strings -Winline -Woverloaded-virtual -W -fno-exceptions -fno-rtti -g -O2  conftest.cc >&5
configure:4326: $? = 0
configure:4330: test -z 
			 || test ! -s conftest.err
configure:4333: $? = 0
configure:4336: test -s conftest.o
configure:4339: $? = 0
configure:4350: result: yes
configure:4360: checking whether struct tm is in sys/time.h or time.h
configure:4383: g++ -c -fpermissive -Wall -Wpointer-arith -Wconversion -Wwrite-strings -Winline -Woverloaded-virtual -W -fno-exceptions -fno-rtti -g -O2  conftest.cc >&5
conftest.cc: In function `int main()':
conftest.cc:42: warning: statement with no effect
configure:4389: $? = 0
configure:4393: test -z 
			 || test ! -s conftest.err
configure:4396: $? = 0
configure:4399: test -s conftest.o
configure:4402: $? = 0
configure:4413: result: time.h
configure:4424: checking for char
configure:4448: g++ -c -fpermissive -Wall -Wpointer-arith -Wconversion -Wwrite-strings -Winline -Woverloaded-virtual -W -fno-exceptions -fno-rtti -g -O2  conftest.cc >&5
configure:4454: $? = 0
configure:4458: test -z 
			 || test ! -s conftest.err
configure:4461: $? = 0
configure:4464: test -s conftest.o
configure:4467: $? = 0
configure:4478: result: yes
configure:4481: checking size of char
configure:4800: g++ -o conftest -fpermissive -Wall -Wpointer-arith -Wconversion -Wwrite-strings -Winline -Woverloaded-virtual -W -fno-exceptions -fno-rtti -g -O2   conftest.cc  >&5
configure:4803: $? = 0
configure:4805: ./conftest
configure:4808: $? = 0
configure:4831: result: 1
configure:4838: checking for short
configure:4862: g++ -c -fpermissive -Wall -Wpointer-arith -Wconversion -Wwrite-strings -Winline -Woverloaded-virtual -W -fno-exceptions -fno-rtti -g -O2  conftest.cc >&5
configure:4868: $? = 0
configure:4872: test -z 
			 || test ! -s conftest.err
configure:4875: $? = 0
configure:4878: test -s conftest.o
configure:4881: $? = 0
configure:4892: result: yes
configure:4895: checking size of short
configure:5214: g++ -o conftest -fpermissive -Wall -Wpointer-arith -Wconversion -Wwrite-strings -Winline -Woverloaded-virtual -W -fno-exceptions -fno-rtti -g -O2   conftest.cc  >&5
configure:5217: $? = 0
configure:5219: ./conftest
configure:5222: $? = 0
configure:5245: result: 2
configure:5252: checking for int
configure:5276: g++ -c -fpermissive -Wall -Wpointer-arith -Wconversion -Wwrite-strings -Winline -Woverloaded-virtual -W -fno-exceptions -fno-rtti -g -O2  conftest.cc >&5
configure:5282: $? = 0
configure:5286: test -z 
			 || test ! -s conftest.err
configure:5289: $? = 0
configure:5292: test -s conftest.o
configure:5295: $? = 0
configure:5306: result: yes
configure:5309: checking size of int
configure:5628: g++ -o conftest -fpermissive -Wall -Wpointer-arith -Wconversion -Wwrite-strings -Winline -Woverloaded-virtual -W -fno-exceptions -fno-rtti -g -O2   conftest.cc  >&5
configure:5631: $? = 0
configure:5633: ./conftest
configure:5636: $? = 0
configure:5659: result: 4
configure:5666: checking for long
configure:5690: g++ -c -fpermissive -Wall -Wpointer-arith -Wconversion -Wwrite-strings -Winline -Woverloaded-virtual -W -fno-exceptions -fno-rtti -g -O2  conftest.cc >&5
configure:5696: $? = 0
configure:5700: test -z 
			 || test ! -s conftest.err
configure:5703: $? = 0
configure:5706: test -s conftest.o
configure:5709: $? = 0
configure:5720: result: yes
configure:5723: checking size of long
configure:6042: g++ -o conftest -fpermissive -Wall -Wpointer-arith -Wconversion -Wwrite-strings -Winline -Woverloaded-virtual -W -fno-exceptions -fno-rtti -g -O2   conftest.cc  >&5
configure:6045: $? = 0
configure:6047: ./conftest
configure:6050: $? = 0
configure:6073: result: 4
configure:6081: checking return type of signal handlers
configure:6112: g++ -c -fpermissive -Wall -Wpointer-arith -Wconversion -Wwrite-strings -Winline -Woverloaded-virtual -W -fno-exceptions -fno-rtti -g -O2  conftest.cc >&5
conftest.cc: In function `int main()':
conftest.cc:54: warning: unused variable `int i'
configure:6118: $? = 0
configure:6122: test -z 
			 || test ! -s conftest.err
configure:6125: $? = 0
configure:6128: test -s conftest.o
configure:6131: $? = 0
configure:6142: result: void
configure:6154: checking for strftime
configure:6211: g++ -o conftest -fpermissive -Wall -Wpointer-arith -Wconversion -Wwrite-strings -Winline -Woverloaded-virtual -W -fno-exceptions -fno-rtti -g -O2   conftest.cc  >&5
conftest.cc:65: error: nonnull argument with out-of-range operand number (arg 1
   , operand 3)
configure:6217: $? = 1
configure: failed program was:
| /* confdefs.h.  */
| 
| #define PACKAGE_NAME ""
| #define PACKAGE_TARNAME ""
| #define PACKAGE_VERSION ""
| #define PACKAGE_STRING ""
| #define PACKAGE_BUGREPORT ""
| #ifdef __cplusplus
| extern "C" void std::exit (int) throw (); using std::exit;
| #endif
| #define HAVE_DIRENT_H 1
| #define HAVE_SYS_WAIT_H 1
| #define STDC_HEADERS 1
| #define HAVE_SYS_TYPES_H 1
| #define HAVE_SYS_STAT_H 1
| #define HAVE_STDLIB_H 1
| #define HAVE_STRING_H 1
| #define HAVE_MEMORY_H 1
| #define HAVE_STRINGS_H 1
| #define HAVE_INTTYPES_H 1
| #define HAVE_STDINT_H 1
| #define HAVE_UNISTD_H 1
| #define HAVE_FCNTL_H 1
| #define HAVE_LIMITS_H 1
| #define HAVE_STRINGS_H 1
| #define HAVE_SYS_IOCTL_H 1
| #define HAVE_SYS_TIME_H 1
| #define HAVE_UNISTD_H 1
| #define HAVE_LINUX_THREADS_H 1
| #define HAVE_SCHED_H 1
| #define HAVE_SYS_PARAM_H 1
| #define HAVE_SYS_SYSCTL_H 1
| #define HAVE_LIBGEN_H 1
| #define TIME_WITH_SYS_TIME 1
| #define SIZEOF_CHAR 1
| #define SIZEOF_SHORT 2
| #define SIZEOF_INT 4
| #define SIZEOF_LONG 4
| #define RETSIGTYPE void
| /* end confdefs.h.  */
| /* Define strftime to an innocuous variant, in case <limits.h> declares strftime.
|    For example, HP-UX 11i <limits.h> declares gettimeofday.  */
| #define strftime innocuous_strftime
| 
| /* System header to define __stub macros and hopefully few prototypes,
|     which can conflict with char strftime (); below.
|     Prefer <limits.h> to <assert.h> if __STDC__ is defined, since
|     <limits.h> exists even on freestanding compilers.  */
| 
| #ifdef __STDC__
| # include <limits.h>
| #else
| # include <assert.h>
| #endif
| 
| #undef strftime
| 
| /* Override any gcc2 internal prototype to avoid an error.  */
| #ifdef __cplusplus
| extern "C"
| {
| #endif
| /* We use char because int might match the return type of a gcc2
|    builtin and then its argument prototype would still apply.  */
| char strftime ();
| /* The GNU C library defines this for functions which it implements
|     to always fail with ENOSYS.  Some functions are actually named
|     something starting with __ and the normal name is an alias.  */
| #if defined (__stub_strftime) || defined (__stub___strftime)
| choke me
| #else
| char (*f) () = strftime;
| #endif
| #ifdef __cplusplus
| }
| #endif
| 
| int
| main ()
| {
| return f != strftime;
|   ;
|   return 0;
| }
configure:6242: result: no
configure:6251: checking for strftime in -lintl
configure:6281: g++ -o conftest -fpermissive -Wall -Wpointer-arith -Wconversion -Wwrite-strings -Winline -Woverloaded-virtual -W -fno-exceptions -fno-rtti -g -O2   conftest.cc -lintl   >&5
conftest.cc:48: error: nonnull argument with out-of-range operand number (arg 1
   , operand 3)
configure:6287: $? = 1
configure: failed program was:
| /* confdefs.h.  */
| 
| #define PACKAGE_NAME ""
| #define PACKAGE_TARNAME ""
| #define PACKAGE_VERSION ""
| #define PACKAGE_STRING ""
| #define PACKAGE_BUGREPORT ""
| #ifdef __cplusplus
| extern "C" void std::exit (int) throw (); using std::exit;
| #endif
| #define HAVE_DIRENT_H 1
| #define HAVE_SYS_WAIT_H 1
| #define STDC_HEADERS 1
| #define HAVE_SYS_TYPES_H 1
| #define HAVE_SYS_STAT_H 1
| #define HAVE_STDLIB_H 1
| #define HAVE_STRING_H 1
| #define HAVE_MEMORY_H 1
| #define HAVE_STRINGS_H 1
| #define HAVE_INTTYPES_H 1
| #define HAVE_STDINT_H 1
| #define HAVE_UNISTD_H 1
| #define HAVE_FCNTL_H 1
| #define HAVE_LIMITS_H 1
| #define HAVE_STRINGS_H 1
| #define HAVE_SYS_IOCTL_H 1
| #define HAVE_SYS_TIME_H 1
| #define HAVE_UNISTD_H 1
| #define HAVE_LINUX_THREADS_H 1
| #define HAVE_SCHED_H 1
| #define HAVE_SYS_PARAM_H 1
| #define HAVE_SYS_SYSCTL_H 1
| #define HAVE_LIBGEN_H 1
| #define TIME_WITH_SYS_TIME 1
| #define SIZEOF_CHAR 1
| #define SIZEOF_SHORT 2
| #define SIZEOF_INT 4
| #define SIZEOF_LONG 4
| #define RETSIGTYPE void
| /* end confdefs.h.  */
| 
| /* Override any gcc2 internal prototype to avoid an error.  */
| #ifdef __cplusplus
| extern "C"
| #endif
| /* We use char because int might match the return type of a gcc2
|    builtin and then its argument prototype would still apply.  */
| char strftime ();
| int
| main ()
| {
| strftime ();
|   ;
|   return 0;
| }
configure:6313: result: no
configure:6330: checking for vprintf
configure:6387: g++ -o conftest -fpermissive -Wall -Wpointer-arith -Wconversion -Wwrite-strings -Winline -Woverloaded-virtual -W -fno-exceptions -fno-rtti -g -O2   conftest.cc  >&5
configure:6393: $? = 0
configure:6397: test -z 
			 || test ! -s conftest.err
configure:6400: $? = 0
configure:6403: test -s conftest
configure:6406: $? = 0
configure:6418: result: yes
configure:6425: checking for _doprnt
configure:6482: g++ -o conftest -fpermissive -Wall -Wpointer-arith -Wconversion -Wwrite-strings -Winline -Woverloaded-virtual -W -fno-exceptions -fno-rtti -g -O2   conftest.cc  >&5
/tmp/cctEOzfi.o(.text+0x11): In function `main':
/pluto/trunk/src/utilities/linux/window_manager/wm_icewm/icewm-1.2.21pre1.patched/conftest.cc:82: undefined reference to `_doprnt'
/tmp/cctEOzfi.o(.data+0x0):/pluto/trunk/src/utilities/linux/window_manager/wm_icewm/icewm-1.2.21pre1.patched/conftest.cc:81: undefined reference to `_doprnt'
collect2: ld returned 1 exit status
configure:6488: $? = 1
configure: failed program was:
| /* confdefs.h.  */
| 
| #define PACKAGE_NAME ""
| #define PACKAGE_TARNAME ""
| #define PACKAGE_VERSION ""
| #define PACKAGE_STRING ""
| #define PACKAGE_BUGREPORT ""
| #ifdef __cplusplus
| extern "C" void std::exit (int) throw (); using std::exit;
| #endif
| #define HAVE_DIRENT_H 1
| #define HAVE_SYS_WAIT_H 1
| #define STDC_HEADERS 1
| #define HAVE_SYS_TYPES_H 1
| #define HAVE_SYS_STAT_H 1
| #define HAVE_STDLIB_H 1
| #define HAVE_STRING_H 1
| #define HAVE_MEMORY_H 1
| #define HAVE_STRINGS_H 1
| #define HAVE_INTTYPES_H 1
| #define HAVE_STDINT_H 1
| #define HAVE_UNISTD_H 1
| #define HAVE_FCNTL_H 1
| #define HAVE_LIMITS_H 1
| #define HAVE_STRINGS_H 1
| #define HAVE_SYS_IOCTL_H 1
| #define HAVE_SYS_TIME_H 1
| #define HAVE_UNISTD_H 1
| #define HAVE_LINUX_THREADS_H 1
| #define HAVE_SCHED_H 1
| #define HAVE_SYS_PARAM_H 1
| #define HAVE_SYS_SYSCTL_H 1
| #define HAVE_LIBGEN_H 1
| #define TIME_WITH_SYS_TIME 1
| #define SIZEOF_CHAR 1
| #define SIZEOF_SHORT 2
| #define SIZEOF_INT 4
| #define SIZEOF_LONG 4
| #define RETSIGTYPE void
| #define HAVE_VPRINTF 1
| /* end confdefs.h.  */
| /* Define _doprnt to an innocuous variant, in case <limits.h> declares _doprnt.
|    For example, HP-UX 11i <limits.h> declares gettimeofday.  */
| #define _doprnt innocuous__doprnt
| 
| /* System header to define __stub macros and hopefully few prototypes,
|     which can conflict with char _doprnt (); below.
|     Prefer <limits.h> to <assert.h> if __STDC__ is defined, since
|     <limits.h> exists even on freestanding compilers.  */
| 
| #ifdef __STDC__
| # include <limits.h>
| #else
| # include <assert.h>
| #endif
| 
| #undef _doprnt
| 
| /* Override any gcc2 internal prototype to avoid an error.  */
| #ifdef __cplusplus
| extern "C"
| {
| #endif
| /* We use char because int might match the return type of a gcc2
|    builtin and then its argument prototype would still apply.  */
| char _doprnt ();
| /* The GNU C library defines this for functions which it implements
|     to always fail with ENOSYS.  Some functions are actually named
|     something starting with __ and the normal name is an alias.  */
| #if defined (__stub__doprnt) || defined (__stub____doprnt)
| choke me
| #else
| char (*f) () = _doprnt;
| #endif
| #ifdef __cplusplus
| }
| #endif
| 
| int
| main ()
| {
| return f != _doprnt;
|   ;
|   return 0;
| }
configure:6513: result: no
configure:6537: checking for gettimeofday
configure:6594: g++ -o conftest -fpermissive -Wall -Wpointer-arith -Wconversion -Wwrite-strings -Winline -Woverloaded-virtual -W -fno-exceptions -fno-rtti -g -O2   conftest.cc  >&5
configure:6600: $? = 0
configure:6604: test -z 
			 || test ! -s conftest.err
configure:6607: $? = 0
configure:6610: test -s conftest
configure:6613: $? = 0
configure:6625: result: yes
configure:6537: checking for putenv
configure:6594: g++ -o conftest -fpermissive -Wall -Wpointer-arith -Wconversion -Wwrite-strings -Winline -Woverloaded-virtual -W -fno-exceptions -fno-rtti -g -O2   conftest.cc  >&5
configure:6600: $? = 0
configure:6604: test -z 
			 || test ! -s conftest.err
configure:6607: $? = 0
configure:6610: test -s conftest
configure:6613: $? = 0
configure:6625: result: yes
configure:6537: checking for select
configure:6594: g++ -o conftest -fpermissive -Wall -Wpointer-arith -Wconversion -Wwrite-strings -Winline -Woverloaded-virtual -W -fno-exceptions -fno-rtti -g -O2   conftest.cc  >&5
configure:6600: $? = 0
configure:6604: test -z 
			 || test ! -s conftest.err
configure:6607: $? = 0
configure:6610: test -s conftest
configure:6613: $? = 0
configure:6625: result: yes
configure:6537: checking for socket
configure:6594: g++ -o conftest -fpermissive -Wall -Wpointer-arith -Wconversion -Wwrite-strings -Winline -Woverloaded-virtual -W -fno-exceptions -fno-rtti -g -O2   conftest.cc  >&5
configure:6600: $? = 0
configure:6604: test -z 
			 || test ! -s conftest.err
configure:6607: $? = 0
configure:6610: test -s conftest
configure:6613: $? = 0
configure:6625: result: yes
configure:6537: checking for strtol
configure:6594: g++ -o conftest -fpermissive -Wall -Wpointer-arith -Wconversion -Wwrite-strings -Winline -Woverloaded-virtual -W -fno-exceptions -fno-rtti -g -O2   conftest.cc  >&5
configure:6600: $? = 0
configure:6604: test -z 
			 || test ! -s conftest.err
configure:6607: $? = 0
configure:6610: test -s conftest
configure:6613: $? = 0
configure:6625: result: yes
configure:6537: checking for strtoul
configure:6594: g++ -o conftest -fpermissive -Wall -Wpointer-arith -Wconversion -Wwrite-strings -Winline -Woverloaded-virtual -W -fno-exceptions -fno-rtti -g -O2   conftest.cc  >&5
configure:6600: $? = 0
configure:6604: test -z 
			 || test ! -s conftest.err
configure:6607: $? = 0
configure:6610: test -s conftest
configure:6613: $? = 0
configure:6625: result: yes
configure:6537: checking for basename
configure:6594: g++ -o conftest -fpermissive -Wall -Wpointer-arith -Wconversion -Wwrite-strings -Winline -Woverloaded-virtual -W -fno-exceptions -fno-rtti -g -O2   conftest.cc  >&5
configure:6600: $? = 0
configure:6604: test -z 
			 || test ! -s conftest.err
configure:6607: $? = 0
configure:6610: test -s conftest
configure:6613: $? = 0
configure:6625: result: yes
configure:6639: checking for sysctlbyname
configure:6696: g++ -o conftest -fpermissive -Wall -Wpointer-arith -Wconversion -Wwrite-strings -Winline -Woverloaded-virtual -W -fno-exceptions -fno-rtti -g -O2   conftest.cc  >&5
/tmp/ccSP5jeO.o(.text+0x11): In function `main':
/pluto/trunk/src/utilities/linux/window_manager/wm_icewm/icewm-1.2.21pre1.patched/conftest.cc:89: undefined reference to `sysctlbyname'
/tmp/ccSP5jeO.o(.data+0x0):/pluto/trunk/src/utilities/linux/window_manager/wm_icewm/icewm-1.2.21pre1.patched/conftest.cc:88: undefined reference to `sysctlbyname'
collect2: ld returned 1 exit status
configure:6702: $? = 1
configure: failed program was:
| /* confdefs.h.  */
| 
| #define PACKAGE_NAME ""
| #define PACKAGE_TARNAME ""
| #define PACKAGE_VERSION ""
| #define PACKAGE_STRING ""
| #define PACKAGE_BUGREPORT ""
| #ifdef __cplusplus
| extern "C" void std::exit (int) throw (); using std::exit;
| #endif
| #define HAVE_DIRENT_H 1
| #define HAVE_SYS_WAIT_H 1
| #define STDC_HEADERS 1
| #define HAVE_SYS_TYPES_H 1
| #define HAVE_SYS_STAT_H 1
| #define HAVE_STDLIB_H 1
| #define HAVE_STRING_H 1
| #define HAVE_MEMORY_H 1
| #define HAVE_STRINGS_H 1
| #define HAVE_INTTYPES_H 1
| #define HAVE_STDINT_H 1
| #define HAVE_UNISTD_H 1
| #define HAVE_FCNTL_H 1
| #define HAVE_LIMITS_H 1
| #define HAVE_STRINGS_H 1
| #define HAVE_SYS_IOCTL_H 1
| #define HAVE_SYS_TIME_H 1
| #define HAVE_UNISTD_H 1
| #define HAVE_LINUX_THREADS_H 1
| #define HAVE_SCHED_H 1
| #define HAVE_SYS_PARAM_H 1
| #define HAVE_SYS_SYSCTL_H 1
| #define HAVE_LIBGEN_H 1
| #define TIME_WITH_SYS_TIME 1
| #define SIZEOF_CHAR 1
| #define SIZEOF_SHORT 2
| #define SIZEOF_INT 4
| #define SIZEOF_LONG 4
| #define RETSIGTYPE void
| #define HAVE_VPRINTF 1
| #define HAVE_GETTIMEOFDAY 1
| #define HAVE_PUTENV 1
| #define HAVE_SELECT 1
| #define HAVE_SOCKET 1
| #define HAVE_STRTOL 1
| #define HAVE_STRTOUL 1
| #define HAVE_BASENAME 1
| /* end confdefs.h.  */
| /* Define sysctlbyname to an innocuous variant, in case <limits.h> declares sysctlbyname.
|    For example, HP-UX 11i <limits.h> declares gettimeofday.  */
| #define sysctlbyname innocuous_sysctlbyname
| 
| /* System header to define __stub macros and hopefully few prototypes,
|     which can conflict with char sysctlbyname (); below.
|     Prefer <limits.h> to <assert.h> if __STDC__ is defined, since
|     <limits.h> exists even on freestanding compilers.  */
| 
| #ifdef __STDC__
| # include <limits.h>
| #else
| # include <assert.h>
| #endif
| 
| #undef sysctlbyname
| 
| /* Override any gcc2 internal prototype to avoid an error.  */
| #ifdef __cplusplus
| extern "C"
| {
| #endif
| /* We use char because int might match the return type of a gcc2
|    builtin and then its argument prototype would still apply.  */
| char sysctlbyname ();
| /* The GNU C library defines this for functions which it implements
|     to always fail with ENOSYS.  Some functions are actually named
|     something starting with __ and the normal name is an alias.  */
| #if defined (__stub_sysctlbyname) || defined (__stub___sysctlbyname)
| choke me
| #else
| char (*f) () = sysctlbyname;
| #endif
| #ifdef __cplusplus
| }
| #endif
| 
| int
| main ()
| {
| return f != sysctlbyname;
|   ;
|   return 0;
| }
configure:6727: result: no
configure:6752: checking sys/select.h usability
configure:6764: g++ -c -fpermissive -Wall -Wpointer-arith -Wconversion -Wwrite-strings -Winline -Woverloaded-virtual -W -fno-exceptions -fno-rtti -g -O2  conftest.cc >&5
configure:6770: $? = 0
configure:6774: test -z 
			 || test ! -s conftest.err
configure:6777: $? = 0
configure:6780: test -s conftest.o
configure:6783: $? = 0
configure:6793: result: yes
configure:6797: checking sys/select.h presence
configure:6807: g++ -E  conftest.cc
configure:6813: $? = 0
configure:6833: result: yes
configure:6868: checking for sys/select.h
configure:6875: result: yes
configure:6752: checking sys/socket.h usability
configure:6764: g++ -c -fpermissive -Wall -Wpointer-arith -Wconversion -Wwrite-strings -Winline -Woverloaded-virtual -W -fno-exceptions -fno-rtti -g -O2  conftest.cc >&5
configure:6770: $? = 0
configure:6774: test -z 
			 || test ! -s conftest.err
configure:6777: $? = 0
configure:6780: test -s conftest.o
configure:6783: $? = 0
configure:6793: result: yes
configure:6797: checking sys/socket.h presence
configure:6807: g++ -E  conftest.cc
configure:6813: $? = 0
configure:6833: result: yes
configure:6868: checking for sys/socket.h
configure:6875: result: yes
configure:6888: checking types of arguments for select
configure:6921: g++ -c -fpermissive -Wall -Wpointer-arith -Wconversion -Wwrite-strings -Winline -Woverloaded-virtual -W -fno-exceptions -fno-rtti -g -O2  conftest.cc >&5
configure:6927: $? = 0
configure:6931: test -z 
			 || test ! -s conftest.err
configure:6934: $? = 0
configure:6937: test -s conftest.o
configure:6940: $? = 0
configure:6956: result: int,fd_set *,struct timeval *
configure:6980: checking for getloadavg
configure:6998: g++ -o conftest -fpermissive -Wall -Wpointer-arith -Wconversion -Wwrite-strings -Winline -Woverloaded-virtual -W -fno-exceptions -fno-rtti -g -O2   conftest.cc  >&5
configure:7004: $? = 0
configure:7008: test -z 
			 || test ! -s conftest.err
configure:7011: $? = 0
configure:7014: test -s conftest
configure:7017: $? = 0
configure:7019: result: yes
configure:7036: checking for kern.cp_time
configure:7047: result: no
configure:7051: checking for X
configure:7281: result: libraries /usr/X11R6/lib, headers /usr/X11R6/include
configure:7453: g++ -o conftest -fpermissive -Wall -Wpointer-arith -Wconversion -Wwrite-strings -Winline -Woverloaded-virtual -W -fno-exceptions -fno-rtti -g -O2   conftest.cc   -L/usr/X11R6/lib -lX11 >&5
configure:7459: $? = 0
configure:7463: test -z 
			 || test ! -s conftest.err
configure:7466: $? = 0
configure:7469: test -s conftest
configure:7472: $? = 0
configure:7630: checking for gethostbyname
configure:7687: g++ -o conftest -fpermissive -Wall -Wpointer-arith -Wconversion -Wwrite-strings -Winline -Woverloaded-virtual -W -fno-exceptions -fno-rtti -g -O2   conftest.cc  >&5
configure:7693: $? = 0
configure:7697: test -z 
			 || test ! -s conftest.err
configure:7700: $? = 0
configure:7703: test -s conftest
configure:7706: $? = 0
configure:7718: result: yes
configure:7869: checking for connect
configure:7926: g++ -o conftest -fpermissive -Wall -Wpointer-arith -Wconversion -Wwrite-strings -Winline -Woverloaded-virtual -W -fno-exceptions -fno-rtti -g -O2   conftest.cc  >&5
configure:7932: $? = 0
configure:7936: test -z 
			 || test ! -s conftest.err
configure:7939: $? = 0
configure:7942: test -s conftest
configure:7945: $? = 0
configure:7957: result: yes
configure:8032: checking for remove
configure:8089: g++ -o conftest -fpermissive -Wall -Wpointer-arith -Wconversion -Wwrite-strings -Winline -Woverloaded-virtual -W -fno-exceptions -fno-rtti -g -O2   conftest.cc  >&5
configure:8095: $? = 0
configure:8099: test -z 
			 || test ! -s conftest.err
configure:8102: $? = 0
configure:8105: test -s conftest
configure:8108: $? = 0
configure:8120: result: yes
configure:8195: checking for shmat
configure:8252: g++ -o conftest -fpermissive -Wall -Wpointer-arith -Wconversion -Wwrite-strings -Winline -Woverloaded-virtual -W -fno-exceptions -fno-rtti -g -O2   conftest.cc  >&5
configure:8258: $? = 0
configure:8262: test -z 
			 || test ! -s conftest.err
configure:8265: $? = 0
configure:8268: test -s conftest
configure:8271: $? = 0
configure:8283: result: yes
configure:8367: checking for IceConnectionNumber in -lICE
configure:8397: g++ -o conftest -fpermissive -Wall -Wpointer-arith -Wconversion -Wwrite-strings -Winline -Woverloaded-virtual -W -fno-exceptions -fno-rtti -g -O2   -L/usr/X11R6/lib conftest.cc -lICE   >&5
configure:8403: $? = 0
configure:8407: test -z 
			 || test ! -s conftest.err
configure:8410: $? = 0
configure:8413: test -s conftest
configure:8416: $? = 0
configure:8429: result: yes
configure:8491: checking langinfo.h usability
configure:8503: g++ -c -fpermissive -Wall -Wpointer-arith -Wconversion -Wwrite-strings -Winline -Woverloaded-virtual -W -fno-exceptions -fno-rtti -g -O2  conftest.cc >&5
configure:8509: $? = 0
configure:8513: test -z 
			 || test ! -s conftest.err
configure:8516: $? = 0
configure:8519: test -s conftest.o
configure:8522: $? = 0
configure:8532: result: yes
configure:8536: checking langinfo.h presence
configure:8546: g++ -E  conftest.cc
configure:8552: $? = 0
configure:8572: result: yes
configure:8607: checking for langinfo.h
configure:8614: result: yes
configure:8633: checking for nl_langinfo
configure:8690: g++ -o conftest -fpermissive -Wall -Wpointer-arith -Wconversion -Wwrite-strings -Winline -Woverloaded-virtual -W -fno-exceptions -fno-rtti -g -O2   conftest.cc  >&5
configure:8696: $? = 0
configure:8700: test -z 
			 || test ! -s conftest.err
configure:8703: $? = 0
configure:8706: test -s conftest
configure:8709: $? = 0
configure:8721: result: yes
configure:8737: checking whether nl_langinfo supports CODESET
configure:8757: g++ -c -fpermissive -Wall -Wpointer-arith -Wconversion -Wwrite-strings -Winline -Woverloaded-virtual -W -fno-exceptions -fno-rtti -g -O2  conftest.cc >&5
configure:8763: $? = 0
configure:8767: test -z 
			 || test ! -s conftest.err
configure:8770: $? = 0
configure:8773: test -s conftest.o
configure:8776: $? = 0
configure:8778: result: yes
configure:8792: checking whether nl_langinfo supports _NL_CTYPE_CODESET_NAME
configure:8812: g++ -c -fpermissive -Wall -Wpointer-arith -Wconversion -Wwrite-strings -Winline -Woverloaded-virtual -W -fno-exceptions -fno-rtti -g -O2  conftest.cc >&5
configure:8818: $? = 0
configure:8822: test -z 
			 || test ! -s conftest.err
configure:8825: $? = 0
configure:8828: test -s conftest.o
configure:8831: $? = 0
configure:8833: result: yes
configure:8882: checking iconv.h usability
configure:8894: g++ -c -fpermissive -Wall -Wpointer-arith -Wconversion -Wwrite-strings -Winline -Woverloaded-virtual -W -fno-exceptions -fno-rtti -g -O2  conftest.cc >&5
configure:8900: $? = 0
configure:8904: test -z 
			 || test ! -s conftest.err
configure:8907: $? = 0
configure:8910: test -s conftest.o
configure:8913: $? = 0
configure:8923: result: yes
configure:8927: checking iconv.h presence
configure:8937: g++ -E  conftest.cc
configure:8943: $? = 0
configure:8963: result: yes
configure:8998: checking for iconv.h
configure:9005: result: yes
configure:9039: checking whether _libiconv_version is declared
configure:9064: g++ -c -fpermissive -Wall -Wpointer-arith -Wconversion -Wwrite-strings -Winline -Woverloaded-virtual -W -fno-exceptions -fno-rtti -g -O2  conftest.cc >&5
conftest.cc: In function `int main()':
conftest.cc:64: error: `_libiconv_version' undeclared (first use this function)
conftest.cc:64: error: (Each undeclared identifier is reported only once for 
   each function it appears in.)
conftest.cc:64: warning: unused variable `char*p'
configure:9070: $? = 1
configure: failed program was:
| /* confdefs.h.  */
| 
| #define PACKAGE_NAME ""
| #define PACKAGE_TARNAME ""
| #define PACKAGE_VERSION ""
| #define PACKAGE_STRING ""
| #define PACKAGE_BUGREPORT ""
| #ifdef __cplusplus
| extern "C" void std::exit (int) throw (); using std::exit;
| #endif
| #define HAVE_DIRENT_H 1
| #define HAVE_SYS_WAIT_H 1
| #define STDC_HEADERS 1
| #define HAVE_SYS_TYPES_H 1
| #define HAVE_SYS_STAT_H 1
| #define HAVE_STDLIB_H 1
| #define HAVE_STRING_H 1
| #define HAVE_MEMORY_H 1
| #define HAVE_STRINGS_H 1
| #define HAVE_INTTYPES_H 1
| #define HAVE_STDINT_H 1
| #define HAVE_UNISTD_H 1
| #define HAVE_FCNTL_H 1
| #define HAVE_LIMITS_H 1
| #define HAVE_STRINGS_H 1
| #define HAVE_SYS_IOCTL_H 1
| #define HAVE_SYS_TIME_H 1
| #define HAVE_UNISTD_H 1
| #define HAVE_LINUX_THREADS_H 1
| #define HAVE_SCHED_H 1
| #define HAVE_SYS_PARAM_H 1
| #define HAVE_SYS_SYSCTL_H 1
| #define HAVE_LIBGEN_H 1
| #define TIME_WITH_SYS_TIME 1
| #define SIZEOF_CHAR 1
| #define SIZEOF_SHORT 2
| #define SIZEOF_INT 4
| #define SIZEOF_LONG 4
| #define RETSIGTYPE void
| #define HAVE_VPRINTF 1
| #define HAVE_GETTIMEOFDAY 1
| #define HAVE_PUTENV 1
| #define HAVE_SELECT 1
| #define HAVE_SOCKET 1
| #define HAVE_STRTOL 1
| #define HAVE_STRTOUL 1
| #define HAVE_BASENAME 1
| #define HAVE_SYS_SELECT_H 1
| #define HAVE_SYS_SOCKET_H 1
| #define SELECT_TYPE_ARG1 int
| #define SELECT_TYPE_ARG234 (fd_set *)
| #define SELECT_TYPE_ARG5 (struct timeval *)
| #define HAVE_GETLOADAVG2 1
| #define HAVE_LANGINFO_H 1
| #define CONFIG_NL_CODESETS  CODESET, _NL_CTYPE_CODESET_NAME, 0
| #define HAVE_ICONV_H 1
| /* end confdefs.h.  */
| #include <iconv.h>
| 
| int
| main ()
| {
| #ifndef _libiconv_version
|   char *p = (char *) _libiconv_version;
| #endif
| 
|   ;
|   return 0;
| }
configure:9094: result: no
configure:9259: result: assuming iconv.h belongs to the C library
configure:9267: checking for iconv
configure:9324: g++ -o conftest -fpermissive -Wall -Wpointer-arith -Wconversion -Wwrite-strings -Winline -Woverloaded-virtual -W -fno-exceptions -fno-rtti -g -O2   conftest.cc  >&5
configure:9330: $? = 0
configure:9334: test -z 
			 || test ! -s conftest.err
configure:9337: $? = 0
configure:9340: test -s conftest
configure:9343: $? = 0
configure:9355: result: yes
configure:9267: checking for iconv_open
configure:9324: g++ -o conftest -fpermissive -Wall -Wpointer-arith -Wconversion -Wwrite-strings -Winline -Woverloaded-virtual -W -fno-exceptions -fno-rtti -g -O2   conftest.cc  >&5
configure:9330: $? = 0
configure:9334: test -z 
			 || test ! -s conftest.err
configure:9337: $? = 0
configure:9340: test -s conftest
configure:9343: $? = 0
configure:9355: result: yes
configure:9267: checking for iconv_close
configure:9324: g++ -o conftest -fpermissive -Wall -Wpointer-arith -Wconversion -Wwrite-strings -Winline -Woverloaded-virtual -W -fno-exceptions -fno-rtti -g -O2   conftest.cc  >&5
configure:9330: $? = 0
configure:9334: test -z 
			 || test ! -s conftest.err
configure:9337: $? = 0
configure:9340: test -s conftest
configure:9343: $? = 0
configure:9355: result: yes
configure:9406: checking whether iconv converts from UTF-8 to UCS-4//TRANSLIT
configure:9431: g++ -o conftest -fpermissive -Wall -Wpointer-arith -Wconversion -Wwrite-strings -Winline -Woverloaded-virtual -W -fno-exceptions -fno-rtti -g -O2   conftest.cc  >&5
configure:9434: $? = 0
configure:9436: ./conftest
configure:9439: $? = 0
configure:9441: result: yes
configure:9466: checking whether iconv converts from ISO-8859-1 to UCS-4//TRANSLIT
configure:9491: g++ -o conftest -fpermissive -Wall -Wpointer-arith -Wconversion -Wwrite-strings -Winline -Woverloaded-virtual -W -fno-exceptions -fno-rtti -g -O2   conftest.cc  >&5
configure:9494: $? = 0
configure:9496: ./conftest
configure:9499: $? = 0
configure:9501: result: yes
configure:9502: checking whether iconv converts from ISO-8859-2 to UCS-4//TRANSLIT
configure:9527: g++ -o conftest -fpermissive -Wall -Wpointer-arith -Wconversion -Wwrite-strings -Winline -Woverloaded-virtual -W -fno-exceptions -fno-rtti -g -O2   conftest.cc  >&5
configure:9530: $? = 0
configure:9532: ./conftest
configure:9535: $? = 0
configure:9537: result: yes
configure:9538: checking whether iconv converts from UTF-8 to UCS-4//TRANSLIT
configure:9563: g++ -o conftest -fpermissive -Wall -Wpointer-arith -Wconversion -Wwrite-strings -Winline -Woverloaded-virtual -W -fno-exceptions -fno-rtti -g -O2   conftest.cc  >&5
configure:9566: $? = 0
configure:9568: ./conftest
configure:9571: $? = 0
configure:9573: result: yes
configure:9649: checking for bindtextdomain
configure:9706: g++ -o conftest -fpermissive -Wall -Wpointer-arith -Wconversion -Wwrite-strings -Winline -Woverloaded-virtual -W -fno-exceptions -fno-rtti -g -O2   conftest.cc  >&5
configure:9712: $? = 0
configure:9716: test -z 
			 || test ! -s conftest.err
configure:9719: $? = 0
configure:9722: test -s conftest
configure:9725: $? = 0
configure:9737: result: yes
configure:9842: checking for xgettext
configure:9860: found /usr/bin/xgettext
configure:9872: result: /usr/bin/xgettext
configure:9881: checking for msgmerge
configure:9899: found /usr/bin/msgmerge
configure:9911: result: /usr/bin/msgmerge
configure:9920: checking for msgfmt
configure:9938: found /usr/bin/msgfmt
configure:9950: result: /usr/bin/msgfmt
configure:9992: checking for XInternAtoms in -lX11
configure:10022: g++ -o conftest -fpermissive -Wall -Wpointer-arith -Wconversion -Wwrite-strings -Winline -Woverloaded-virtual -W -fno-exceptions -fno-rtti -g -O2   conftest.cc -lX11   -lSM -lICE  -lX11  -L/usr/X11R6/lib  >&5
configure:10028: $? = 0
configure:10032: test -z 
			 || test ! -s conftest.err
configure:10035: $? = 0
configure:10038: test -s conftest
configure:10041: $? = 0
configure:10054: result: yes
configure:10071: checking for IceConnectionNumber in -lICE
configure:10133: result: yes
configure:10155: checking for XShapeCombineRectangles in -lXext
configure:10185: g++ -o conftest -fpermissive -Wall -Wpointer-arith -Wconversion -Wwrite-strings -Winline -Woverloaded-virtual -W -fno-exceptions -fno-rtti -g -O2   conftest.cc -lXext   -lSM -lICE  -lX11  -L/usr/X11R6/lib  >&5
configure:10191: $? = 0
configure:10195: test -z 
			 || test ! -s conftest.err
configure:10198: $? = 0
configure:10201: test -s conftest
configure:10204: $? = 0
configure:10217: result: yes
configure:10317: checking for xft-config
configure:10335: found /usr/bin/xft-config
configure:10347: result: /usr/bin/xft-config
configure:11217: checking for XineramaQueryScreens in -lXinerama
configure:11247: g++ -o conftest -fpermissive -Wall -Wpointer-arith -Wconversion -Wwrite-strings -Winline -Woverloaded-virtual -W -fno-exceptions -fno-rtti -g -O2   conftest.cc -lXinerama   -lSM -lICE  -lX11  -L/usr/X11R6/lib  -lXinerama -lXext  >&5
configure:11253: $? = 0
configure:11257: test -z 
			 || test ! -s conftest.err
configure:11260: $? = 0
configure:11263: test -s conftest
configure:11266: $? = 0
configure:11279: result: yes
configure:11562: checking for imlib-config
configure:11580: found /usr/bin/imlib-config
configure:11592: result: /usr/bin/imlib-config
configure:11717: checking for mkfontdir
configure:11736: found /usr/bin/X11/mkfontdir
configure:11748: result: /usr/bin/X11/mkfontdir
configure:12286: creating ./config.status

## ---------------------- ##
## Running config.status. ##
## ---------------------- ##

This file was extended by config.status, which was
generated by GNU Autoconf 2.59.  Invocation command line was

  CONFIG_FILES    = 
  CONFIG_HEADERS  = 
  CONFIG_LINKS    = 
  CONFIG_COMMANDS = 
  $ ./config.status 

on remus

config.status:743: creating Makefile
config.status:743: creating src/Makefile
config.status:743: creating po/Makefile
config.status:743: creating lib/keys
config.status:743: creating lib/menu
config.status:743: creating lib/programs
config.status:743: creating lib/toolbar
config.status:743: creating lib/winoptions
config.status:847: creating src/config.h
config.status:1117: src/config.h is unchanged
config.status:1275: executing config.status commands
configure:13529: result: 
configure:13550: result: Build targets: base nls
configure:13572: result: Applications: icewm icewm-session icesh icewmhint icewmbg icewmtray icehelp
configure:13594: result: Image library: Imlib
configure:13616: result: Audio support: 
configure:13638: result: Features: i18n nls shaped-decorations xfreetype x86-asm
configure:13660: result: Paths: PREFIX: /opt/icewm-1.2.21pre1
configure:13682: result:        BINDIR: /opt/icewm-1.2.21pre1/bin
configure:13704: result:        LOCDIR: /opt/icewm-1.2.21pre1/share/locale
configure:13726: result:        LIBDIR: /opt/icewm-1.2.21pre1/share/icewm
configure:13748: result:        CFGDIR: /opt/icewm-1.2.21pre1/etc/icewm
configure:13770: result:        KDEDIR: /opt/icewm-1.2.21pre1/share
configure:13792: result:        DOCDIR: /opt/icewm-1.2.21pre1/share/doc

## ---------------- ##
## Cache variables. ##
## ---------------- ##

ac_cv_build=i686-pc-linux-gnu
ac_cv_build_alias=i686-pc-linux-gnu
ac_cv_cxx_compiler_gnu=yes
ac_cv_env_CPPFLAGS_set=
ac_cv_env_CPPFLAGS_value=
ac_cv_env_CXXCPP_set=
ac_cv_env_CXXCPP_value=
ac_cv_env_CXXFLAGS_set=
ac_cv_env_CXXFLAGS_value=
ac_cv_env_CXX_set=
ac_cv_env_CXX_value=
ac_cv_env_LDFLAGS_set=
ac_cv_env_LDFLAGS_value=
ac_cv_env_build_alias_set=
ac_cv_env_build_alias_value=
ac_cv_env_host_alias_set=
ac_cv_env_host_alias_value=
ac_cv_env_target_alias_set=
ac_cv_env_target_alias_value=
ac_cv_exeext=
ac_cv_func__doprnt=no
ac_cv_func_basename=yes
ac_cv_func_bindtextdomain=yes
ac_cv_func_connect=yes
ac_cv_func_gethostbyname=yes
ac_cv_func_gettimeofday=yes
ac_cv_func_iconv=yes
ac_cv_func_iconv_close=yes
ac_cv_func_iconv_open=yes
ac_cv_func_nl_langinfo=yes
ac_cv_func_putenv=yes
ac_cv_func_remove=yes
ac_cv_func_select=yes
ac_cv_func_select_args='int,fd_set *,struct timeval *'
ac_cv_func_shmat=yes
ac_cv_func_socket=yes
ac_cv_func_strftime=no
ac_cv_func_strtol=yes
ac_cv_func_strtoul=yes
ac_cv_func_sysctlbyname=no
ac_cv_func_vprintf=yes
ac_cv_have_decl__libiconv_version=no
ac_cv_have_x='have_x=yes 		ac_x_includes=/usr/X11R6/include ac_x_libraries=/usr/X11R6/lib'
ac_cv_header_dirent_dirent_h=yes
ac_cv_header_fcntl_h=yes
ac_cv_header_iconv_h=yes
ac_cv_header_inttypes_h=yes
ac_cv_header_kstat_h=no
ac_cv_header_langinfo_h=yes
ac_cv_header_libgen_h=yes
ac_cv_header_limits_h=yes
ac_cv_header_linux_tasks_h=no
ac_cv_header_linux_threads_h=yes
ac_cv_header_memory_h=yes
ac_cv_header_sched_h=yes
ac_cv_header_stdc=yes
ac_cv_header_stdint_h=yes
ac_cv_header_stdlib_h=yes
ac_cv_header_string_h=yes
ac_cv_header_strings_h=yes
ac_cv_header_sys_dkstat_h=no
ac_cv_header_sys_ioctl_h=yes
ac_cv_header_sys_param_h=yes
ac_cv_header_sys_select_h=yes
ac_cv_header_sys_socket_h=yes
ac_cv_header_sys_stat_h=yes
ac_cv_header_sys_sysctl_h=yes
ac_cv_header_sys_time_h=yes
ac_cv_header_sys_types_h=yes
ac_cv_header_sys_wait_h=yes
ac_cv_header_time=yes
ac_cv_header_unistd_h=yes
ac_cv_header_uvm_uvm_param_h=no
ac_cv_host=i686-pc-linux-gnu
ac_cv_host_alias=i686-pc-linux-gnu
ac_cv_lib_ICE_IceConnectionNumber=yes
ac_cv_lib_X11_XInternAtoms=yes
ac_cv_lib_Xext_XShapeCombineRectangles=yes
ac_cv_lib_Xinerama_XineramaQueryScreens=yes
ac_cv_lib_intl_strftime=no
ac_cv_objext=o
ac_cv_path_IMLIB_CONFIG=/usr/bin/imlib-config
ac_cv_path_MKFONTDIR=/usr/bin/X11/mkfontdir
ac_cv_path_MSGFMT=/usr/bin/msgfmt
ac_cv_path_MSGMERGE=/usr/bin/msgmerge
ac_cv_path_XFT_CONFIG=/usr/bin/xft-config
ac_cv_path_XGETTEXT=/usr/bin/xgettext
ac_cv_path_install='/usr/bin/install -c'
ac_cv_prog_CXXCPP='g++ -E'
ac_cv_prog_ac_ct_CXX=g++
ac_cv_prog_cxx_g=yes
ac_cv_prog_egrep='grep -E'
ac_cv_search_opendir='none required'
ac_cv_sizeof_char=1
ac_cv_sizeof_int=4
ac_cv_sizeof_long=4
ac_cv_sizeof_short=2
ac_cv_struct_tm=time.h
ac_cv_target=i686-pc-linux-gnu
ac_cv_target_alias=i686-pc-linux-gnu
ac_cv_type_char=yes
ac_cv_type_int=yes
ac_cv_type_long=yes
ac_cv_type_short=yes
ac_cv_type_signal=void
ac_cv_type_size_t=yes

## ----------------- ##
## Output variables. ##
## ----------------- ##

APPLICATIONS='icewm icewm-session icesh icewmhint icewmbg icewmtray icehelp'
AUDIO_CFLAGS=''
AUDIO_LIBS=''
BASEBINS=' icewm icewm-session icesh icewmhint icewmbg icewmtray icehelp'
BASEOBJS=' $(icewm_OBJS) $(icewm-session_OBJS) $(icesh_OBJS) $(icewmhint_OBJS) $(icewmbg_OBJS) $(icewmtray_OBJS) $(icehelp_OBJS)'
BINDIR='/opt/icewm-1.2.21pre1/bin'
BINFILES='$(top_srcdir)/src/icewm $(top_srcdir)/src/icewm-session $(top_srcdir)/src/icesh $(top_srcdir)/src/icewmhint $(top_srcdir)/src/icewmbg $(top_srcdir)/src/icewmtray $(top_srcdir)/src/icehelp '
CFGDIR='/opt/icewm-1.2.21pre1/etc/icewm'
CONFIG_GNOME1_MENU_DIR=''
CONFIG_GNOME2_MENU_DIR=''
CONFIG_KDE_MENU_DIR='/usr/share/applnk/'
CORE_CFLAGS=' -I/usr/X11R6/include -I/usr/include -I/usr/include/freetype2 -I/usr/X11R6/include'
CORE_LIBS='-lXinerama  -lSM -lICE  -lX11  -L/usr/X11R6/lib  -lXrandr -lXrender -lXext -lXft -lX11 -lfreetype -lz -lfontconfig -L/usr/X11R6/lib -lXrender -lX11'
CPPFLAGS=''
CXX='g++'
CXXCPP='g++ -E'
CXXFLAGS='-fpermissive -Wall -Wpointer-arith -Wconversion -Wwrite-strings -Winline -Woverloaded-virtual -W -fno-exceptions -fno-rtti -g -O2'
CXX_LINK='g++'
DEBUG=''
DEFS='-DHAVE_CONFIG_H'
DOCDIR='/opt/icewm-1.2.21pre1/share/doc'
ECHO_C=''
ECHO_N='-n'
ECHO_T=''
EGREP='grep -E'
ESD_CONFIG=''
EXEEXT=''
GCCDEP=''
GNOME1_CFLAGS=''
GNOME1_CONFIG=''
GNOME1_LIBS=''
GNOME2_CFLAGS=''
GNOME2_LIBS=''
GNOME_VER=''
GWMDIR=''
HOSTCPU='i686'
HOSTOS='Linux 2.6.15-1-k7'
IMAGE_CFLAGS='-I/usr/X11R6/include'
IMAGE_LIBS='-L/usr/lib -lImlib -ljpeg -ltiff -lungif -lpng -lz -lm -lXext -L/usr/X11R6/lib -lSM -lICE -lXext -lX11'
IMLIB_CONFIG='/usr/bin/imlib-config'
INSTALL='/usr/bin/install -c'
INSTALLBIN='${INSTALL}'
INSTALLDIR='/usr/bin/install -c -m 755 -d'
INSTALLETC='${INSTALL} -m 644'
INSTALLLIB='${INSTALL} -m 644'
INSTALL_DATA='${INSTALL} -m 644'
INSTALL_PROGRAM='${INSTALL}'
INSTALL_SCRIPT='${INSTALL}'
KDEDIR='/opt/icewm-1.2.21pre1/share'
LDFLAGS=''
LIBDIR='/opt/icewm-1.2.21pre1/share/icewm'
LIBOBJS=''
LIBS=''
LOCDIR='/opt/icewm-1.2.21pre1/share/locale'
LTLIBOBJS=''
MKFONTDIR='/usr/bin/X11/mkfontdir'
MSGFMT='/usr/bin/msgfmt'
MSGMERGE='/usr/bin/msgmerge'
NLS_MOFILES='be.mo bg.mo ca.mo cs.mo de.mo el.mo en.mo es.mo fi.mo fr.mo hr.mo hu.mo it.mo ja.mo ko.mo lt.mo nl.mo no.mo pl.mo pt_BR.mo ro.mo ru.mo sk.mo sl.mo sv.mo tr.mo uk.mo zh_CN.mo zh_TW.Big5.mo'
NLS_POFILES='be.po bg.po ca.po cs.po de.po el.po en.po es.po fi.po fr.po hr.po hu.po it.po ja.po ko.po lt.po nl.po no.po pl.po pt_BR.po ro.po ru.po sk.po sl.po sv.po tr.po uk.po zh_CN.po zh_TW.Big5.po'
NLS_POXFILES='be.pox bg.pox ca.pox cs.pox de.pox el.pox en.pox es.pox fi.pox fr.pox hr.pox hu.pox it.pox ja.pox ko.pox lt.pox nl.pox no.pox pl.pox pt_BR.pox ro.pox ru.pox sk.pox sl.pox sv.pox tr.pox uk.pox zh_CN.pox zh_TW.Big5.pox'
NLS_SOURCES='$(top_srcdir)/src/aapm.cc $(top_srcdir)/src/acpustatus.cc $(top_srcdir)/src/amailbox.cc $(top_srcdir)/src/apppstatus.cc $(top_srcdir)/src/aworkspaces.cc $(top_srcdir)/src/icehelp.cc $(top_srcdir)/src/icelist.cc $(top_srcdir)/src/icesame.cc $(top_srcdir)/src/icesh.cc $(top_srcdir)/src/iceskt.cc $(top_srcdir)/src/icesound.cc $(top_srcdir)/src/iceview.cc $(top_srcdir)/src/icewmbg.cc $(top_srcdir)/src/icewmhint.cc $(top_srcdir)/src/misc.cc $(top_srcdir)/src/movesize.cc $(top_srcdir)/src/testnetwmhints.cc $(top_srcdir)/src/testwinhints.cc $(top_srcdir)/src/themes.cc $(top_srcdir)/src/wmabout.cc $(top_srcdir)/src/wmapp.cc $(top_srcdir)/src/wmconfig.cc $(top_srcdir)/src/wmdialog.cc $(top_srcdir)/src/wmframe.cc $(top_srcdir)/src/wmoption.cc $(top_srcdir)/src/wmprog.cc $(top_srcdir)/src/wmsession.cc $(top_srcdir)/src/wmstatus.cc $(top_srcdir)/src/wmtaskbar.cc $(top_srcdir)/src/wmwinlist.cc $(top_srcdir)/src/wmwinmenu.cc $(top_srcdir)/src/yapp.cc $(top_srcdir)/src/ybutton.cc $(top_srcdir)/src/ycmdline.cc $(top_srcdir)/src/yconfig.cc $(top_srcdir)/src/ycursor.cc $(top_srcdir)/src/yfontcore.cc $(top_srcdir)/src/yfontxft.cc $(top_srcdir)/src/yicon.cc $(top_srcdir)/src/yimage.cc $(top_srcdir)/src/yinput.cc $(top_srcdir)/src/ylocale.cc $(top_srcdir)/src/ymenufile.cc $(top_srcdir)/src/ymenuitem.cc $(top_srcdir)/src/ymsgbox.cc $(top_srcdir)/src/yparser.cc $(top_srcdir)/src/ypaths.cc $(top_srcdir)/src/ypixbuf.cc $(top_srcdir)/src/ysmapp.cc $(top_srcdir)/src/yurl.cc $(top_srcdir)/src/yxapp.cc'
OBJEXT='o'
PACKAGE='icewm'
PACKAGE_BUGREPORT=''
PACKAGE_NAME=''
PACKAGE_STRING=''
PACKAGE_TARNAME=''
PACKAGE_VERSION=''
PATH_SEPARATOR=':'
PKG_CONFIG=''
PREFIX='/opt/icewm-1.2.21pre1'
SHELL='/bin/sh'
TARGETS='base nls'
TARGETS_INSTALL='install-base install-nls '
TESTBINS=' testarray testdesktop testlocale testmap testmenus testnetwmhints testwinhints iceview icesame iceicon icerun icelist'
TESTCASES='testarray testdesktop testlocale testmap testmenus testnetwmhints testwinhints iceview icesame iceicon icerun icelist'
TESTOBJS=' $(testarray_OBJS) $(testdesktop_OBJS) $(testlocale_OBJS) $(testmap_OBJS) $(testmenus_OBJS) $(testnetwmhints_OBJS) $(testwinhints_OBJS) $(iceview_OBJS) $(icesame_OBJS) $(iceicon_OBJS) $(icerun_OBJS) $(icelist_OBJS)'
VERSION='1.2.21pre1'
XFT_CONFIG='/usr/bin/xft-config'
XGETTEXT='/usr/bin/xgettext'
X_CFLAGS=' -I/usr/X11R6/include'
X_EXTRA_LIBS=''
X_LIBS=' -L/usr/X11R6/lib'
X_PRE_LIBS=' -lSM -lICE'
ac_ct_CXX='g++'
bindir='${exec_prefix}/bin'
build='i686-pc-linux-gnu'
build_alias=''
build_cpu='i686'
build_os='linux-gnu'
build_vendor='pc'
datadir='${prefix}/share'
exec_prefix='${prefix}'
host='i686-pc-linux-gnu'
host_alias=''
host_cpu='i686'
host_os='linux-gnu'
host_vendor='pc'
includedir='${prefix}/include'
infodir='${prefix}/info'
libdir='${exec_prefix}/lib'
libexecdir='${exec_prefix}/libexec'
localstatedir='${prefix}/var'
mandir='${prefix}/man'
oldincludedir='/usr/include'
prefix='/opt/icewm-1.2.21pre1'
program_transform_name='s,x,x,'
sbindir='${exec_prefix}/sbin'
sharedstatedir='${prefix}/com'
sysconfdir='${prefix}/etc'
target='i686-pc-linux-gnu'
target_alias=''
target_cpu='i686'
target_os='linux-gnu'
target_vendor='pc'

## ----------- ##
## confdefs.h. ##
## ----------- ##

#define CONFIG_ADDRESSBAR 1
#define CONFIG_APPLET_APM 1
#define CONFIG_APPLET_CLOCK 1
#define CONFIG_APPLET_CPU_STATUS 1
#define CONFIG_APPLET_MAILBOX 1
#define CONFIG_APPLET_NET_STATUS 1
#define CONFIG_GNOME_ROOT_PROPERTY  "GNOME_SM_PROXY"
#define CONFIG_I18N 1
#define CONFIG_IMLIB 1
#define CONFIG_NL_CODESETS  CODESET, _NL_CTYPE_CODESET_NAME, 0
#define CONFIG_SESSION 1
#define CONFIG_SHAPE 1
#define CONFIG_SHAPED_DECORATION 1
#define CONFIG_TASKBAR 1
#define CONFIG_TASKBAR 1
#define CONFIG_TOOLTIP 1
#define CONFIG_TRAY 1
#define CONFIG_WINLIST 1
#define CONFIG_WINMENU 1
#define CONFIG_WINMENU 1
#define CONFIG_X86_ASM 1
#define CONFIG_XFREETYPE 2
#define CONFIG_XRANDR 1
#define ENABLE_NLS 1
#define GNOME1_HINTS 1
#define HAVE_BASENAME 1
#define HAVE_DIRENT_H 1
#define HAVE_FCNTL_H 1
#define HAVE_GETLOADAVG2 1
#define HAVE_GETTIMEOFDAY 1
#define HAVE_ICONV 1
#define HAVE_ICONV_CLOSE 1
#define HAVE_ICONV_H 1
#define HAVE_ICONV_OPEN 1
#define HAVE_INTTYPES_H 1
#define HAVE_LANGINFO_H 1
#define HAVE_LIBGEN_H 1
#define HAVE_LIMITS_H 1
#define HAVE_LINUX_THREADS_H 1
#define HAVE_MEMORY_H 1
#define HAVE_PUTENV 1
#define HAVE_SCHED_H 1
#define HAVE_SELECT 1
#define HAVE_SOCKET 1
#define HAVE_STDINT_H 1
#define HAVE_STDLIB_H 1
#define HAVE_STRINGS_H 1
#define HAVE_STRINGS_H 1
#define HAVE_STRING_H 1
#define HAVE_STRTOL 1
#define HAVE_STRTOUL 1
#define HAVE_SYS_IOCTL_H 1
#define HAVE_SYS_PARAM_H 1
#define HAVE_SYS_SELECT_H 1
#define HAVE_SYS_SOCKET_H 1
#define HAVE_SYS_STAT_H 1
#define HAVE_SYS_SYSCTL_H 1
#define HAVE_SYS_TIME_H 1
#define HAVE_SYS_TYPES_H 1
#define HAVE_SYS_WAIT_H 1
#define HAVE_UNISTD_H 1
#define HAVE_UNISTD_H 1
#define HAVE_VPRINTF 1
#define HAVE_XINTERNATOMS 1
#define PACKAGE_BUGREPORT ""
#define PACKAGE_NAME ""
#define PACKAGE_STRING ""
#define PACKAGE_TARNAME ""
#define PACKAGE_VERSION ""
#define RETSIGTYPE void
#define SELECT_TYPE_ARG1 int
#define SELECT_TYPE_ARG234 (fd_set *)
#define SELECT_TYPE_ARG5 (struct timeval *)
#define SIZEOF_CHAR 1
#define SIZEOF_INT 4
#define SIZEOF_LONG 4
#define SIZEOF_SHORT 2
#define STDC_HEADERS 1
#define TIME_WITH_SYS_TIME 1
#define WMSPEC_HINTS 1
#define XINERAMA 1
#endif
#ifdef __cplusplus
extern "C" void std::exit (int) throw (); using std::exit;

configure: exit 0
