Milksop GPL Reflasher - 0.12 - (c)2002 andy@warmcat.com

CheapI2C on printer port at 0x378
Starting realtime...
Entering capture mode, your PC will appear frozen - press any key to end
      0uS: 21 W 09 
    673uS: 21 r 06 
198.059mS: 50 W 00 
    677uS: 50 r 84 12 00 00 
  1.594mS: 50 W 04 
    671uS: 50 r 05 
  1.576mS: 50 W 08 
    688uS: 50 r 08 0A 23 
  1.622mS: 50 W 0C 
    679uS: 50 r BB 50 44 9D 
  1.578mS: 50 W 10 
    679uS: 50 r 00 00 00 00 
  1.576mS: 50 W 14 
    679uS: 50 r 04 84 0A 00 
  1.624mS: 50 W 18 
    675uS: 50 r 01 01 20 77 
  1.582mS: 50 W  -interrupted-
    682uS: 50 r 00 40 EE 6F 
  1.576mS: 50 W 20 
    678uS: 50 r 28 00 74 02 
  1.605mS: 50 W 24 
    674uS: 50 r 01 8A 00 79 
  1.581mS: 50 W  -interrupted-
    679uS: 50 r 8D 00 00 
  1.606mS: 50 W 2C 
    680uS: 50 r 00 00 00 00 
  1.580mS: 50 W 30 
    681uS: 50 r 00 00 00 00 
  1.577mS: 50 W 34 
    685uS: 50 r 00 00 00 00 
  1.580mS: 50 W  -interrupted-
    677uS: 50 r 00 00 00 00 
  1.578mS: 50 W 3C 
    678uS: 50 r 00 
  1.581mS: 50 W 40 
    677uS: 50 r 00 00 00 00 
  1.578mS: 50 W  -interrupted-
    681uS: 50 r 00 00 00 00 
  1.608mS: 50 W 48 
    680uS: 50 r 00 00 00 00 
  1.578mS: 50 W 4C 
    677uS: 50 r 00 00 00 00 
  1.592mS: 50 W 50 
    680uS: 50 r 00 
  1.581mS: 50 W 54 
    676uS: 50 r 00 00 00 00 
  1.586mS: 50 W 58 
    677uS: 50 r 00 00 00 00 
  1.575mS: 50 W 5C 
    677uS: 50 r 00 00 00 00 
  1.578mS: 50 W 60 
    679uS: 50 r 00 00 00 00 
  1.575mS: 50 W 64 
    677uS: 50 r 00 00 00 00 
  1.579mS: 50 W 68 
    677uS: 50 r 00 00 00 00 
  1.602mS: 50 W 6C 
    681uS: 50 r 00 00 00 00 
  1.579mS: 50 W 70 
    681uS: 50 r 00 00 
  1.579mS: 50 W 74 
    681uS: 50 r 00 00 00 00 
  1.575mS: 50 W  -interrupted-
    674uS: 50 r 00 00 00 00 
  1.584mS: 50 W 7C 
    681uS: 50 r 13 EB 00 70 
  1.574mS: 50 W 80 
    679uS: 50 r 84 12 00 00 
  1.579mS: 50 W 84 
    677uS: 50 r 05 
  1.574mS: 50 W 88 
    682uS: 50 r 08 0A 23 8B 
  1.578mS: 50 W 8C 
    683uS: 50 r BB 50 44 9D 
  1.582mS: 50 W 90 
    682uS: 50 r 00 00 00 00 
  1.577mS: 50 W 94 
    681uS: 50 r 04 84 0A 00 
  1.588mS: 50 W 98 
    678uS: 50 r 01 01 20 77 
  1.578mS: 50 W 9C 
    676uS: 50 r 00 40 EE 6F 
  1.584mS: 50 W A0 
    681uS: 50 r 28 00 74 02 
  1.571mS: 50 W A4 
    682uS: 50 r 01 8A 00 79 
  1.606mS: 50 W A8 
    678uS: 50 r 8D 00 00 00 
  1.575mS: 50 W  -interrupted-
    679uS: 50 r 00 00 00 00 
  1.581mS: 50 W  -interrupted-
    680uS: 50 r 00 00 00 00 
  1.604mS: 50 W B4 
    678uS: 50 r 00 
  1.572mS: 50 W B8 
    685uS: 50 r 00 00 00 00 
  1.579mS: 50 W BC 
    676uS: 50 r 00 00 00 00 
  1.579mS: 50 W C0 
    680uS: 50 r 00 00 00 00 
  1.585mS: 50 W C4 
    677uS: 50 r 00 00 00 00 
  1.576mS: 50 W C8 
    681uS: 50 r 00 00 00 00 
  1.601mS: 50 W CC 
    676uS: 50 r 00 00 00 00 
  1.578mS: 50 W D0 
    678uS: 50 r 00 00 00 00 
  1.597mS: 50 W D4 
    680uS: 50 r 00 00 00 00 
  1.579mS: 50 W D8 
    676uS: 50 r 00 00 00 00 
  1.576mS: 50 W  -interrupted-
    683uS: 50 r 00 00 00 00 
  1.581mS: 50 W E0 
    674uS: 50 r 00 00 00 00 
  1.576mS: 50 W E4 
    679uS: 50 r 00 
  1.595mS: 50 W E8 
    680uS: 50 r 00 00 00 00 
  1.578mS: 50 W  -interrupted-
    681uS: 50 r 00 00 00 00 
  1.579mS: 50 W  -interrupted-
    680uS: 50 r 00 00 00 00 
  1.576mS: 50 W  -interrupted-
    678uS: 50 r 00 00 00 00 
  1.592mS: 50 W F8 
    682uS: 50 r 00 00 00 
  1.579mS: 50 W FC 
    678uS: 50 r 13 EB 00 70 
 95.972mS: 40 W  -interrupted-
  1.482mS: 40 W 00 
  1.475mS: 42 W 
    447uS: 42 W  -interrupted-
    449uS: 42 W 
    531uS: 42 W 
    449uS: 42 W 
    446uS: 42 W 
  8.894mS: 40 W 13 00 1F 
  1.331mS: 40 r 23 46 
  1.040mS: 40 W 13 00 1E 
  1.331mS: 40 r 02 07 
 15.250mS: 40 W 10 00 30 20 00 
  2.113mS: 40 W 12 00 00 00 00 
  2.114mS: 40 W 12 00 01 00 00 
  2.093mS: 40 W  -interrupted-
  2.135mS: 40 W 12 
  2.112mS: 40 W 12 00 04 00 00 
  2.106mS: 40 W  -interrupted-
  2.104mS: 40 W 12 
  2.106mS: 40 W 12 00 07 00 00 
  2.103mS: 40 W 12 00 08 05 20 
  2.107mS: 40 W 12 00 09 06 20 
  2.130mS: 40 W  -interrupted-
  2.100mS: 40 W 12 00 
  2.115mS: 40 W  -interrupted-
  2.108mS: 40 W 12 00 0D 19 00 
  2.109mS: 40 W 12 00 0E 30 00 
  2.122mS: 40 W 12 00 0F 00 00 
  2.112mS: 40 W 12 00 10 7F 00 
  2.098mS: 40 W 12 00 13 0C 00 
  2.105mS: 40 W 12 00 14 00 00 
  2.115mS: 40 W 12 00 15 00 00 
  2.149mS: 40 W 10 00 
  2.103mS: 40 W 12 00 08 07 30 
  2.115mS: 40 W 12 00 09 07 30 
  2.104mS: 40 W 12 00 0B 07 30 
  2.129mS: 40 W 12 00 0A 00 30 
  2.108mS: 40 W 12 00 0E 
  2.107mS: 40 W 12 00 06 
  2.111mS: 40 W 12 00 07 7C 01 
  9.867mS: 40 W 12 00 00 FF E0 
  2.117mS: 40 W 12 00 06 FF E0 
  2.132mS: 40 W 13 00 0D 
  1.322mS: 40 r 19 00 
  1.037mS: 40 W 12 
 62.880mS: 40 W 10 00 20 00 20 
  2.127mS: 40 W 12 00 08 07 20 
  2.146mS: 40 W 12 00 09 07 20 
  2.102mS: 40 W  -interrupted-
  2.102mS: 40 W 12 00 0A 03 20 
  2.118mS: 40 W 12 00 
238.392mS: 40 W 12 00 00 73 00 
  2.122mS: 40 W  -interrupted-
  2.108mS: 40 W 13 00 06 
  1.327mS: 40 r 73 00 
  1.102mS: 40 W 10 00 20 
 12.032mS: 21 W 0D 
    681uS: 21 r 04 
 11.023mS: 21 W 0C 
    676uS: 21 r 40 
    824uS: 21 W 0A 
    681uS: 21 r 96 
    874uS: 21 W 0B 
    679uS: 21 r 
  8.348mS: 21 W 30 BC 
  1.137mS: 21 W  -interrupted-
  1.139mS: 21 W 32 02 
  1.129mS: 21 W 34 F2 
  1.137mS: 21 W 35 00 
  1.140mS: 21 W 36 2D 
  1.620mS: 21 W 88 D0 
  1.134mS: 21 W 91 08 
  1.174mS: 21 W 93 80 
  1.295mS: 21 W 98 0D 
  4.316mS: 44 W 
    609uS: 21 W 09 
    681uS: 21 r 06 
    807uS: 21 W 09 46 
  3.076mS: 21 W 88 00 
  1.131mS: 21 W 88 F0 
  9.462mS: 40 W  -interrupted-
  1.333mS: 40 r 
 75.935mS: 21 W 02 84 
  1.150mS: 21 W 09 
    677uS: 21 r 
    765uS: 21 W 09 53 
  1.196mS: 40 W 13 00 05 
  1.331mS: 40 r 00 00 
  1.040mS: 40 W 10 00 20 00 20 
  2.110mS: 40 W 13 00 00 
  1.337mS: 40 r 73 00 
  1.041mS: 40 W 12 00 00 75 80 
998.094mS: 40 W 13 00 00 
  1.322mS: 40 r 75 
  1.043mS: 40 W 12 00 00 73 00 
119.486mS: 21 W 09 
    681uS: 21 r 
    821uS: 40 W 13 00 05 
  1.324mS: 40 r 00 00 
  1.065mS: 40 W  -interrupted-
414.072mS: 40 W 13 00 06 
  1.329mS: 40 r 73 00 
361.336mS: 21 W 09 
    678uS: 21 r 53 
  1.869mS: 21 W 09 
    676uS: 21 r 53 
    818uS: 40 W 13 00 05 
  1.322mS: 40 r 00 00 
  1.036mS: 40 W 10 00 20 00 20 
  2.142mS: 40 W 12 00 00 FF E0 
  2.111mS: 40 W 12 00 06 FF E0 
 74.489mS: 61 W 08 10 8E A0 
 77.135mS: 61 r FA 
    765uS: 61 r 7A 
    774uS: 40 W  -interrupted-
  2.103mS: 40 W 12 00 06 73 00 
  2.106mS: 40 W  -interrupted-
  1.326mS: 40 r 73 00 
  1.042mS: 40 W 13 00 05 
  1.331mS: 40 r 00 00 
  1.036mS: 40 W 10 00 20 00 20 
199.487mS: 40 W 13 00 06 
  1.323mS: 40 r 73 00 
  1.181mS: 21 W 09 
    680uS: 21 r 53 
  2.147mS: 21 W 88 00 
  1.131mS: 21 W 88 F0 
  1.149mS: 21 W 1F 
    680uS: 21 r 81 
  1.158mS: 21 W 88 00 
  1.143mS: 21 W 88 F0 
 70.668mS: 21 W 88 D0 
  1.100mS: 21 W 91 48 
  1.094mS: 21 W 93 84 
  1.112mS: 21 W 88 F0 
 17.654mS: 21 W 98 05 
 48.256mS: 21 W 0D 
    677uS: 21 r 04 
    828uS: 21 W  -interrupted-
    675uS: 21 r 40 
    823uS: 21 W 0A 
    680uS: 21 r 
    884uS: 21 W 0B 
    680uS: 21 r 
    815uS: 21 W 30 CD 
  1.138mS: 21 W 31 20 
  1.137mS: 21 W 32 03 
  1.140mS: 21 W 34 CE 
  1.129mS: 21 W 35 FB 
  1.134mS: 21 W 36 30 
 45.627mS: 21 W 09 
    680uS: 21 r 53 
    824uS: 40 W 13 00 05 
  1.328mS: 40 r 00 00 
  1.044mS: 40 W  -interrupted-
104.366mS: 40 W 11 02 00 
  1.337mS: 40 r 00 00 
106.529mS: 40 W 11 02 00 
  1.327mS: 40 r 01 40 
 14.744mS: 40 W 11 02 00 
  1.327mS: 40 r 01 
  2.140 S: 40 W 11 02 00 
  1.330mS: 40 r 01 40 
  2.078 S: 40 W 11 02 
  1.340mS: 40 r 01 40 
  2.068 S: 40 W 11 02 00 
  1.328mS: 40 r 01 40 
  2.007 S: 40 W 11 02 00 
  1.336mS: 40 r 01 40 
  2.078 S: 40 W 11 02 00 
  1.340mS: 40 r 01 40 
  1.703 S: 21 W 09 
    690uS: 21 r 53 
  1.155mS: 21 W 91 08 
  1.181mS: 21 W 93 80 
  1.288mS: 21 W 98 0D 
  1.465mS: 21 W 09 
    686uS: 21 r 53 
    819uS: 40 W 13 00 05 
  1.333mS: 40 r 00 00 
  1.055mS: 40 W  -interrupted-
  2.122mS: 40 W  -interrupted-
  2.118mS: 40 W 12 
 61.539mS: 61 W 8E A0 06 50 
 57.974mS: 61 r 7A 
    764uS: 61 r 7A 
    776uS: 40 W 12 00 00 73 00 
  2.120mS: 40 W 12 
  2.118mS: 40 W 13 00 06 
  1.339mS: 40 r 73 00 
  1.040mS: 40 W 13 00 05 
  1.333mS: 40 r 00 00 
  1.045mS: 40 W 10 00 
202.487mS: 40 W 13 00 06 
  1.331mS: 40 r 73 00 
  1.199mS: 21 W 09 
    674uS: 21 r 53 
  2.334mS: 21 W 88 00 
  1.133mS: 21 W  -interrupted-
  1.165mS: 21 W 1F 
    681uS: 21 r 
  1.160mS: 21 W 88 00 
  1.149mS: 21 W 88 F0 
 70.861mS: 21 W 88 D0 
  1.101mS: 21 W 91 48 
  1.109mS: 21 W 93 84 
  1.113mS: 21 W 88 F0 
 17.651mS: 21 W 98 05 
 48.177mS: 21 W 0D 
    680uS: 21 r 04 
    831uS: 21 W 0C 
    684uS: 21 r 40 
    832uS: 21 W 0A 
    678uS: 21 r 96 
    857uS: 21 W 0B 
    697uS: 21 r 41 
364.871mS: 21 W 87 00 
  2.160mS: 21 W 88 
  1.129mS: 21 W 88 F0 
 98.706mS: 21 W 87 01 
  1.085 S: 21 W 88 D0 
  1.126mS: 21 W 88 F0 
 64.285mS: 21 W 87 00 
  2.137mS: 21 W 88 D0 
  1.119mS: 21 W 88 F0 
 98.733mS: 21 W 87 01 
  2.084 S: 21 W 88 D0 
  1.127mS: 21 W 88 F0 
 64.281mS: 21 W 87 00 
  2.145mS: 21 W 88 D0 
  1.127mS: 21 W 88 F0 
 98.719mS: 21 W 87 01 
  2.079 S: 21 W 88 D0 
  1.128mS: 21 W 88 F0 
 64.249mS: 21 W 87 00 
  2.144mS: 21 W 88 D0 
  1.125mS: 21 W  -interrupted-
 98.717mS: 21 W 87 01 
  2.082 S: 21 W  -interrupted-
  1.124mS: 21 W 88 F0 
 64.270mS: 21 W 87 00 
  2.150mS: 21 W 88 D0 
  1.117mS: 21 W 88 F0 
 98.735mS: 21 W 87 01 
 31.110mS: 40 W 11 02 00 
  1.337mS: 40 r 01 
  1.343 S: 40 W 11 02 00 
  1.338mS: 40 r 01 40 
  3.360 S: 40 W 11 02 00 
  1.331mS: 40 r 01 40 
  2.038 S: 40 W 11 02 00 
  1.329mS: 40 r 01 40 
  2.038 S: 40 W  -interrupted-
  1.330mS: 40 r 01 40 
  2.006 S: 40 W 11 02 00 
  1.333mS: 40 r 01 40 
  1.974 S: 40 W 11 02 00 
  1.336mS: 40 r 01 40 
 70.746mS: 40 W 11 02 00 
  1.338mS: 40 r 01 
  2.006 S: 40 W  -interrupted-
  1.330mS: 40 r 01 40 
  2.430 S: 40 W 11 02 00 
  1.335mS: 40 r 01 40 
  2.347 S: 40 W 11 02 
  1.330mS: 40 r 01 40 
  2.504 S: 40 W 11 02 00 
  1.331mS: 40 r 01 
  2.006 S: 40 W 11 02 00 
  1.333mS: 40 r 01 40 
  1.270 S: 21 W  -interrupted-
    688uS: 21 r 53 
  1.194mS: 21 W 91 08 
  1.192mS: 21 W 93 80 
  1.297mS: 21 W 98 0D 
  1.460mS: 21 W 09 
    684uS: 21 r 53 
    827uS: 40 W 13 00 05 
  1.334mS: 40 r 00 00 
  1.045mS: 40 W 10 00 20 00 20 
  2.131mS: 40 W 12 00 00 FF E0 
  2.122mS: 40 W 12 00 06 FF E0 
 61.434mS: 61 W 10 10 8E 90 
 57.967mS: 61 r 7A 
    763uS: 61 r 7A 
    777uS: 40 W 12 00 00 73 00 
  2.119mS: 40 W 12 00 06 73 00 
  2.139mS: 40 W 13 00 06 
  1.334mS: 40 r 73 00 
  1.045mS: 40 W 13 00 05 
  1.340mS: 40 r 00 00 
  1.060mS: 40 W 10 00 
201.405mS: 40 W 13 00 06 
  1.334mS: 40 r 73 00 
  1.213mS: 21 W 09 
    678uS: 21 r 53 
  2.133mS: 21 W 88 00 
  1.138mS: 21 W 88 F0 
  1.158mS: 21 W 1F 
    685uS: 21 r A1 
  1.163mS: 21 W 88 00 
  1.145mS: 21 W 88 F0 
 69.671mS: 21 W 88 D0 
  1.106mS: 21 W 91 48 
  1.097mS: 21 W 93 84 
  1.118mS: 21 W 88 F0 
 17.646mS: 21 W 98 05 
 47.936mS: 21 W 0D 
    673uS: 21 r 
    869uS: 21 W 0C 
    684uS: 21 r 40 
    829uS: 21 W 0A 
    684uS: 21 r 96 
    865uS: 21 W 0B 
    681uS: 21 r 41 
 80.670mS: 21 W 87 00 
  2.160mS: 21 W 88 D0 
  1.124mS: 21 W 88 F0 
 98.714mS: 21 W 87 01 
  8.170 S: 40 W 11 02 00 
  1.338mS: 40 r 01 40 
  2.280mS: 40 W 11 02 00 
  1.338mS: 40 r 01 40 
  2.182 S: 40 W 11 02 00 
  1.343mS: 40 r 01 40 
  2.099 S: 40 W 11 02 00 
  1.335mS: 40 r 01 40 
  2.022 S: 40 W 11 02 00 
  1.341mS: 40 r 01 40 
  2.063 S: 40 W 11 02 00 
  1.331mS: 40 r 01 40 
  2.007 S: 40 W 11 02 00 
  1.344mS: 40 r 01 40 
  2.195 S: 40 W 11 02 00 
  1.344mS: 40 r 01 40 
  2.020 S: 40 W 11 02 00 
  1.343mS: 40 r 01 
  2.049 S: 40 W 11 02 00 
  1.348mS: 40 r 01 40 
  2.004 S: 40 W 11 02 00 
  1.346mS: 40 r 01 40 
  2.071 S: 40 W 11 02 00 
  1.350mS: 40 r 01 40 
  2.003 S: 40 W  -interrupted-
  1.340mS: 40 r 01 40 
  2.045 S: 40 W 11 02 00 
  1.336mS: 40 r 01 
  3.552 S: 21 W 1F 
    685uS: 21 r 
  2.170 S: 21 W 87 00 
228.718mS: 21 W 88 D0 
  1.124mS: 21 W 88 F0 
 98.709mS: 21 W 87 01 
790.269mS: 40 W 11 02 00 
  1.328mS: 40 r 01 40 
  2.120 S: 40 W 11 02 
  1.330mS: 40 r 01 40 
  2.005 S: 40 W 11 02 00 
  1.327mS: 40 r 01 40 
  2.046 S: 40 W 11 02 00 
  1.343mS: 40 r 01 40 
  3.865 S: 21 W 87 00 
  2.072 S: 21 W 88 D0 
  1.121mS: 21 W 88 F0 
 63.218mS: 21 W 09 
    676uS: 21 r 53 
    787uS: 21 W 30 BC 
  1.105mS: 21 W 31 DF 
  1.105mS: 21 W 32 02 
  1.096mS: 21 W 34 F2 
  1.104mS: 21 W 35 00 
  1.103mS: 21 W 36 2D 
  1.101mS: 21 W 80 00 
  1.112mS: 21 W 87 01 
  1.107mS: 21 W 88 D0 
  1.097mS: 21 W  -interrupted-
  1.108mS: 21 W 93 80 
  1.107mS: 21 W 98 0D 
  1.189mS: 21 W CA FD 
  1.110mS: 21 W CE FD 
  1.178mS: 21 W 91 48 
  1.098mS: 21 W 93 84 
  1.118mS: 21 W 88 F0 
  1.097mS: 21 W 30 CD 
  1.104mS: 21 W 31 20 
  1.104mS: 21 W 32 
  1.096mS: 21 W 34 CE 
  1.104mS: 21 W 35 FB 
  1.105mS: 21 W 36 30 
  1.105mS: 21 W 02 C6 
  1.110mS: 21 W 09 56 
  1.098mS: 21 W 98 05 
  1.176mS: 21 W 90 80 
  1.105mS: 21 W 30 BC 
  1.105mS: 21 W 31 DF 
  1.090mS: 21 W 32 02 
  1.111mS: 21 W CA F0 
  1.095mS: 21 W CE F0 
  1.108mS: 21 W 80 30 
  1.105mS: 21 W 02 88 
  1.100mS: 21 W  -interrupted-
  1.207mS: 21 W 08 78 
  1.423mS: 40 W 12 00 13 0C 00 
  2.077mS: 40 W 12 00 0D 17 00 
  2.079mS: 40 W 12 00 07 7C 01 
  2.063mS: 40 W 12 00 0A 02 20 
  2.081mS: 21 W 09 
    676uS: 21 r C6 
 63.091mS: 40 W 13 00 13 
  1.329mS: 40 r 0C 00 
  1.057mS: 40 W 12 00 13 0F 00 
  2.136mS: 40 W 13 00 
  1.328mS: 40 r 00 00 
  1.039mS: 40 W 10 00 20 
  2.112mS: 40 W 12 00 0A 02 20 
  2.105mS: 40 W 13 00 0D 
  1.325mS: 40 r 17 00 
  1.041mS: 40 W  -interrupted-
  2.115mS: 40 W 13 00 06 
  1.332mS: 40 r 73 00 
  1.175mS: 40 W 13 00 13 
  1.323mS: 40 r 0F 00 
  1.041mS: 40 W 13 00 05 
  1.330mS: 40 r 00 00 
  1.040mS: 40 W 10 00 20 00 20 
  2.112mS: 40 W 13 00 0D 
  1.328mS: 40 r 19 00 
  1.045mS: 40 W 12 00 00 FF E0 
  2.198mS: 40 W  -interrupted-
   Binary Hack Dump ../bin/lmilk written
Done
