Script started on Fri Dec 13 01:51:24 2002

# I start cheapi2c
# I start the windows app, which has the comp line as default
# app shows video feed
# I close windows app
# I stop cheapi2c

Milksop GPL Reflasher - 0.12 - (c)2002 andy@warmcat.com

CheapI2C on printer port at 0x378
Starting realtime...
Entering capture mode, your PC will appear frozen - press any key to end
      0uS: 18 r 00 00 
200.230mS: 18 r 00 00 
200.231mS: 18 r 00 00 
200.232mS: 18 r 00 00 
200.320mS: 18 r 00 00 
200.148mS: 18 r 00 00 
200.233mS: 18 r 00 00 
200.228mS: 18 r 00 00 
200.241mS: 18 r 00 00 
200.339mS: 18 r 00 00 
200.173mS: 18 r 00 00 
200.200mS: 18 r 00 00 
 93.840mS: 21 W 09 
    494uS: 21 r C6 
 96.553mS: 21 W 0A 
    497uS: 21 r 88 
    659uS: 21 W 0A 
    492uS: 21 r 88 
    552uS: 21 W 0A 8E 
    881uS: 21 W 0A 
    494uS: 21 r 8E 
    550uS: 21 W 0A 88 
  1.244mS: 21 W 0B 
    497uS: 21 r 48 
  3.545mS: 18 r 00 00 
226.281mS: 21 W 88 D0 
    865uS: 21 W 88 F0 
 13.203mS: 21 W 30 00 
    815uS: 21 W 31 C0 
    807uS: 21 W 32 03 
  4.137mS: 21 W 90 00 
 46.329mS: 21 W 09 
    499uS: 21 r C6 
    565uS: 21 W 08 68 
    892uS: 21 W 30 BC 
    802uS: 21 W 31 DF 
    813uS: 21 W 32 02 
    808uS: 21 W 34 F2 
    808uS: 21 W 35 00 
    808uS: 21 W 36 2D 
    831uS: 21 W 80 00 
    848uS: 21 W 88 D0 
    803uS: 21 W 91 40 
    818uS: 21 W 93 80 
    840uS: 21 W 98 0D 
  1.034mS: 21 W CA FD 
    813uS: 21 W CE FD 
    997uS: 21 W 91 48 
    809uS: 21 W 93 84 
    861uS: 21 W 88 F0 
    816uS: 21 W 30 CD 
    800uS: 21 W 31 20 
    800uS: 21 W 32 03 
    808uS: 21 W 34 CE 
    817uS: 21 W 35 FB 
    814uS: 21 W 36 30 
    813uS: 21 W 02 C6 
    836uS: 21 W 98 05 
    988uS: 21 W 90 80 
    815uS: 21 W 30 BC 
    807uS: 21 W 31 DF 
    813uS: 21 W 32 02 
    838uS: 21 W CA F0 
    814uS: 21 W CE F0 
    817uS: 21 W 80 30 
    820uS: 21 W 02 88 
    915uS: 21 W 08 78 
  1.118mS: 40 W 12 00 13 0C 00 
  1.531mS: 40 W 12 00 0D 17 00 
  1.516mS: 40 W 12 00 07 7C 01 
  1.519mS: 40 W 12 00 0A 02 20 
  1.545mS: 21 W 09 
    502uS: 21 r C6 
    801uS: 18 r 00 00 
    855uS: 21 W 0A 
    505uS: 21 r 88 
    563uS: 21 W 0A 
    492uS: 21 r 88 
    649uS: 21 W 0C 
    496uS: 21 r 47 
    562uS: 21 W 0C 
    494uS: 21 r 47 
    628uS: 21 W 0D 
    497uS: 21 r 00 
    563uS: 21 W 0D 
    498uS: 21 r 00 
    606uS: 21 W 0B 
    502uS: 21 r 48 
    555uS: 21 W 0B 
    505uS: 21 r 48 
 15.348mS: 50 W 00 
    497uS: 50 r 84 12 00 00 
  1.142mS: 50 W 04 
    496uS: 50 r 05 50 13 5F 
  1.132mS: 50 W 08 
    502uS: 50 r 10 0B 23 8F 
  1.136mS: 50 W 0C 
    499uS: 50 r BB 51 74 9D 
  1.136mS: 50 W 10 
    505uS: 50 r 00 00 00 00 
  1.237mS: 50 W 14 
    494uS: 50 r 04 84 0A 00 
  1.140mS: 50 W 18 
    496uS: 50 r 01 01 20 77 
  1.135mS: 50 W 1C 
    497uS: 50 r 00 40 E3 10 
  1.137mS: 50 W 20 
    497uS: 50 r 5F 00 74 02 
  1.150mS: 50 W 24 
    499uS: 50 r 01 86 00 79 
  1.135mS: 50 W 28 
    506uS: 50 r 86 00 00 00 
  1.133mS: 50 W 2C 
    502uS: 50 r 00 00 00 00 
  1.138mS: 50 W 30 
    496uS: 50 r 00 00 00 00 
  1.137mS: 50 W 34 
    496uS: 50 r 00 00 00 00 
  1.134mS: 50 W 38 
    492uS: 50 r 00 00 00 00 
  1.132mS: 50 W 3C 
    494uS: 50 r 00 00 00 00 
  1.137mS: 50 W 40 
    507uS: 50 r 00 00 00 00 
  1.163mS: 50 W 44 
    492uS: 50 r 00 00 00 00 
  1.139mS: 50 W 48 
    491uS: 50 r 00 00 00 00 
  1.147mS: 50 W 4C 
    499uS: 50 r 00 00 00 00 
  1.142mS: 50 W 50 
    500uS: 50 r 00 00 00 00 
  1.137mS: 50 W 54 
    496uS: 50 r 00 00 00 00 
  1.135mS: 50 W 58 
    492uS: 50 r 00 00 00 00 
  1.147mS: 50 W 5C 
    499uS: 50 r 00 00 00 00 
  1.135mS: 50 W 60 
    497uS: 50 r 00 00 00 00 
  1.138mS: 50 W 64 
    491uS: 50 r 00 00 00 00 
  1.132mS: 50 W 68 
    496uS: 50 r 00 00 00 00 
  1.130mS: 50 W 6C 
    497uS: 50 r 00 00 00 00 
  1.134mS: 50 W 70 
    498uS: 50 r 00 00 00 00 
  1.317mS: 50 W 74 
    499uS: 50 r 00 00 00 00 
  1.134mS: 50 W 78 
    499uS: 50 r 00 00 00 00 
  1.140mS: 50 W 7C 
    495uS: 50 r 13 EB 00 70 
  1.134mS: 50 W 80 
    497uS: 50 r 84 12 00 00 
  1.135mS: 50 W 84 
    502uS: 50 r 05 50 13 5F 
  1.141mS: 50 W 88 
    497uS: 50 r 10 0B 23 8F 
  1.145mS: 50 W 8C 
    499uS: 50 r BB 51 74 9D 
  1.142mS: 50 W 90 
    497uS: 50 r 00 00 00 00 
  1.134mS: 50 W 94 
    497uS: 50 r 04 84 0A 00 
  1.128mS: 50 W 98 
    496uS: 50 r 01 01 20 77 
  1.149mS: 50 W 9C 
    490uS: 50 r 00 40 E3 10 
  1.135mS: 50 W A0 
    499uS: 50 r 5F 00 74 02 
  1.161mS: 50 W A4 
    494uS: 50 r 01 86 00 79 
  1.134mS: 50 W A8 
    500uS: 50 r 86 00 00 00 
  1.134mS: 50 W AC 
    499uS: 50 r 00 00 00 00 
  1.150mS: 50 W B0 
    494uS: 50 r 00 00 00 00 
  1.140mS: 50 W B4 
    500uS: 50 r 00 00 00 00 
  1.137mS: 50 W B8 
    501uS: 50 r 00 00 00 00 
  1.148mS: 50 W BC 
    497uS: 50 r 00 00 00 00 
  1.150mS: 50 W C0 
    499uS: 50 r 00 00 00 00 
  1.163mS: 50 W C4 
    499uS: 50 r 00 00 00 00 
  1.373mS: 50 W C8 
    497uS: 50 r 00 00 00 00 
  1.138mS: 50 W CC 
    500uS: 50 r 00 00 00 00 
  1.135mS: 50 W D0 
    496uS: 50 r 00 00 00 00 
  1.216mS: 50 W D4 
    494uS: 50 r 00 00 00 00 
  1.134mS: 50 W D8 
    494uS: 50 r 00 00 00 00 
  1.129mS: 50 W DC 
    492uS: 50 r 00 00 00 00 
  1.138mS: 50 W E0 
    498uS: 50 r 00 00 00 00 
  1.133mS: 50 W E4 
    498uS: 50 r 00 00 00 00 
  1.130mS: 50 W E8 
    494uS: 50 r 00 00 00 00 
  1.179mS: 50 W EC 
    496uS: 50 r 00 00 00 00 
  1.161mS: 50 W F0 
    497uS: 50 r 00 00 00 00 
  1.258mS: 50 W F4 
    500uS: 50 r 00 00 00 00 
  1.139mS: 50 W F8 
    494uS: 50 r 00 00 00 00 
  1.137mS: 50 W FC 
    496uS: 50 r 13 EB 00 70 
 16.615mS: 40 W 00 80 00 
  1.082mS: 40 W 00 00 00 
  1.079mS: 42 W 
    327uS: 42 W 
    329uS: 42 W 
    400uS: 42 W 
    329uS: 42 W 
    325uS: 42 W 
    748uS: 40 W 13 00 1F 
    975uS: 40 r 0F 48 
    860uS: 40 W 13 00 1E 
    972uS: 40 r 02 07 
    998uS: 40 W 12 00 00 00 00 
  1.597mS: 40 W 12 00 01 00 00 
  1.565mS: 40 W 12 00 02 00 00 
  1.784mS: 40 W 12 00 03 00 00 
  1.550mS: 40 W 12 00 04 00 00 
  1.563mS: 40 W 12 00 05 00 00 
  1.545mS: 40 W 12 00 06 00 00 
  1.552mS: 40 W 12 00 07 75 00 
  1.552mS: 40 W 12 00 08 05 20 
  1.556mS: 40 W 12 00 09 06 20 
  1.540mS: 40 W 12 00 0A 00 00 
  1.566mS: 40 W 12 00 0B 00 20 
  1.608mS: 40 W 12 00 0C 00 00 
  1.557mS: 40 W 12 00 0D 19 00 
  1.672mS: 40 W 12 00 0E 30 00 
  1.552mS: 40 W 12 00 0F 00 00 
  1.550mS: 40 W 12 00 10 7F 00 
  1.550mS: 40 W 12 00 11 00 00 
  1.563mS: 40 W 12 00 13 0C 00 
  1.550mS: 40 W 12 00 14 00 00 
  1.539mS: 40 W 12 00 15 00 00 
  1.550mS: 40 W 12 00 07 7C 01 
  1.568mS: 40 W 13 00 0E 
    970uS: 40 r 30 00 
    767uS: 40 W 10 00 20 00 01 
 21.144mS: 18 r 00 00 
 80.016mS: 40 W 11 00 7E 
    972uS: 40 r 0F FE 
    753uS: 40 W 11 00 7E 
    970uS: 40 r 0F FE 
    763uS: 40 W 11 00 7E 
    971uS: 40 r 0F FE 
    765uS: 40 W 11 00 7E 
    970uS: 40 r 0F FE 
    828uS: 40 W 11 00 7E 
    975uS: 40 r 0F FE 
    751uS: 40 W 11 00 7E 
    975uS: 40 r 0F FE 
    816uS: 40 W 11 00 7E 
    969uS: 40 r 0F FE 
    745uS: 40 W 11 00 7E 
    977uS: 40 r 0F FE 
    763uS: 40 W 11 00 7E 
    969uS: 40 r 0F FE 
    749uS: 40 W 11 00 7E 
    972uS: 40 r 0F FE 
    747uS: 40 W 11 00 7E 
    974uS: 40 r 0F FE 
    751uS: 40 W 11 00 7E 
    979uS: 40 r 0F FE 
    823uS: 40 W 11 00 7E 
    970uS: 40 r 0F FE 
    761uS: 40 W 11 00 7E 
    973uS: 40 r 0F FE 
    873uS: 40 W 11 00 7E 
    976uS: 40 r 0F FE 
    750uS: 40 W 11 00 7E 
    972uS: 40 r 0F FE 
    749uS: 40 W 11 00 7E 
    969uS: 40 r 0F FE 
    762uS: 40 W 11 00 7E 
    981uS: 40 r 0F FE 
    747uS: 40 W 11 00 7E 
    977uS: 40 r 0F FE 
    748uS: 40 W 11 00 7E 
    972uS: 40 r 0F FE 
    745uS: 40 W 11 00 7E 
    965uS: 40 r 0F FE 
    745uS: 40 W 11 00 7E 
    969uS: 40 r 0F FE 
    747uS: 40 W 11 00 7E 
    975uS: 40 r 0F FE 
    786uS: 40 W 11 00 7E 
    976uS: 40 r 0F FE 
    747uS: 40 W 11 00 7E 
    966uS: 40 r 0F FE 
    753uS: 40 W 11 00 7E 
    969uS: 40 r 0F FE 
    749uS: 40 W 11 00 7E 
    972uS: 40 r 0F FE 
    767uS: 40 W 11 00 7E 
    968uS: 40 r 0F FE 
    747uS: 40 W 11 00 7E 
    969uS: 40 r 0F FE 
    768uS: 40 W 11 00 7E 
    971uS: 40 r 0F FE 
    749uS: 40 W 11 00 7E 
    970uS: 40 r 0F FE 
    748uS: 40 W 11 00 7E 
    968uS: 40 r 0F FE 
    749uS: 40 W 11 00 7E 
    971uS: 40 r 0F FE 
    747uS: 40 W 11 00 7E 
    968uS: 40 r 0F FE 
    748uS: 40 W 11 00 7E 
    971uS: 40 r 0F FE 
    780uS: 40 W 11 00 7E 
    978uS: 40 r 0F FE 
    753uS: 40 W 11 00 7E 
    969uS: 40 r 0F FE 
    762uS: 40 W 11 00 7E 
    968uS: 40 r 0F FE 
    745uS: 40 W 11 00 7E 
    977uS: 40 r 0F FE 
    748uS: 40 W 11 00 7E 
    967uS: 40 r 0F FE 
    750uS: 40 W 11 00 7E 
    972uS: 40 r 0F FE 
    750uS: 40 W 11 00 7E 
    970uS: 40 r 0F FE 
    749uS: 40 W 11 00 7E 
    971uS: 40 r 0F FE 
    749uS: 40 W 11 00 7E 
    967uS: 40 r 0F FE 
    747uS: 40 W 11 00 7E 
    967uS: 40 r 0F FE 
    745uS: 40 W 11 00 7E 
    971uS: 40 r 0F FE 
    760uS: 40 W 11 00 7E 
    973uS: 40 r 0F FE 
    774uS: 40 W 11 00 7E 
    972uS: 40 r 0F FE 
    752uS: 40 W 11 00 7E 
    969uS: 40 r 0F FE 
    746uS: 40 W 11 00 7E 
    977uS: 40 r 0F FE 
    748uS: 40 W 11 00 7E 
    970uS: 40 r 0F FE 
    750uS: 40 W 11 00 7E 
    971uS: 40 r 0F FE 
    760uS: 40 W 11 00 7E 
    972uS: 40 r 0F FE 
    754uS: 40 W 11 00 7E 
    968uS: 40 r 0F FE 
    747uS: 40 W 11 00 7E 
    963uS: 40 r 0F FE 
    747uS: 40 W 11 00 7E 
    970uS: 40 r 0F FE 
    763uS: 40 W 11 00 7E 
    967uS: 40 r 0F FE 
    752uS: 40 W 11 00 7E 
    972uS: 40 r 0F FE 
    782uS: 40 W 11 00 7E 
    967uS: 40 r 0F FE 
    749uS: 40 W 11 00 7E 
    964uS: 40 r 0F FE 
    752uS: 40 W 11 00 7E 
    975uS: 40 r 0F FE 
    747uS: 40 W 11 00 7E 
    972uS: 40 r 0F FE 
    752uS: 40 W 11 00 7E 
    967uS: 40 r 00 00 
    754uS: 40 W 10 00 21 00 01 
  1.560mS: 40 W 10 00 20 00 01 
  9.591mS: 18 r 00 00 
 90.038mS: 40 W 11 00 7E 
    974uS: 40 r 0F FE 
    751uS: 40 W 11 00 7E 
    964uS: 40 r 0F FE 
    765uS: 40 W 11 00 7E 
    965uS: 40 r 0F FE 
    752uS: 40 W 11 00 7E 
    971uS: 40 r 0F FE 
    748uS: 40 W 11 00 7E 
    970uS: 40 r 0F FE 
    745uS: 40 W 11 00 7E 
    971uS: 40 r 0F FE 
    790uS: 40 W 11 00 7E 
    975uS: 40 r 0F FE 
    774uS: 40 W 11 00 7E 
    968uS: 40 r 0F FE 
    749uS: 40 W 11 00 7E 
    969uS: 40 r 0F FE 
    749uS: 40 W 11 00 7E 
    968uS: 40 r 0F FE 
    761uS: 40 W 11 00 7E 
    970uS: 40 r 0F FE 
    758uS: 40 W 11 00 7E 
    973uS: 40 r 0F FE 
    890uS: 40 W 11 00 7E 
    970uS: 40 r 0F FE 
    742uS: 40 W 11 00 7E 
    966uS: 40 r 0F FE 
    750uS: 40 W 11 00 7E 
    972uS: 40 r 0F FE 
    751uS: 40 W 11 00 7E 
    976uS: 40 r 0F FE 
    749uS: 40 W 11 00 7E 
    971uS: 40 r 0F FE 
    749uS: 40 W 11 00 7E 
    973uS: 40 r 0F FE 
    776uS: 40 W 11 00 7E 
    967uS: 40 r 0F FE 
    749uS: 40 W 11 00 7E 
    971uS: 40 r 0F FE 
    762uS: 40 W 11 00 7E 
    970uS: 40 r 0F FE 
    773uS: 40 W 11 00 7E 
    969uS: 40 r 0F FE 
    872uS: 40 W 11 00 7E 
    972uS: 40 r 0F FE 
    760uS: 40 W 11 00 7E 
    968uS: 40 r 0F FE 
    750uS: 40 W 11 00 7E 
    972uS: 40 r 0F FE 
    752uS: 40 W 11 00 7E 
    975uS: 40 r 0F FE 
    745uS: 40 W 11 00 7E 
    966uS: 40 r 0F FE 
    748uS: 40 W 11 00 7E 
    973uS: 40 r 0F FE 
    749uS: 40 W 11 00 7E 
    971uS: 40 r 0F FE 
    787uS: 40 W 11 00 7E 
    977uS: 40 r 0F FE 
    769uS: 40 W 11 00 7E 
    975uS: 40 r 0F FE 
    773uS: 40 W 11 00 7E 
    972uS: 40 r 0F FE 
    870uS: 40 W 11 00 7E 
    970uS: 40 r 0F FE 
    753uS: 40 W 11 00 7E 
    972uS: 40 r 0F FE 
    752uS: 40 W 11 00 7E 
    974uS: 40 r 0F FE 
    870uS: 40 W 11 00 7E 
    972uS: 40 r 0F FE 
    752uS: 40 W 11 00 7E 
    966uS: 40 r 0F FE 
    746uS: 40 W 11 00 7E 
    976uS: 40 r 0F FE 
    745uS: 40 W 11 00 7E 
    973uS: 40 r 0F FE 
    746uS: 40 W 11 00 7E 
    971uS: 40 r 0F FE 
    778uS: 40 W 11 00 7E 
    975uS: 40 r 0F FE 
    798uS: 40 W 11 00 7E 
    970uS: 40 r 0F FE 
    867uS: 40 W 11 00 7E 
    977uS: 40 r 0F FE 
    746uS: 40 W 11 00 7E 
    970uS: 40 r 0F FE 
    752uS: 40 W 11 00 7E 
    971uS: 40 r 0F FE 
    755uS: 40 W 11 00 7E 
    968uS: 40 r 0F FE 
    953uS: 40 W 11 00 7E 
    972uS: 40 r 0F FE 
    821uS: 40 W 11 00 7E 
    971uS: 40 r 0F FE 
    815uS: 40 W 11 00 7E 
    972uS: 40 r 0F FE 
    807uS: 40 W 11 00 7E 
    973uS: 40 r 0F FE 
    784uS: 40 W 11 00 7E 
    970uS: 40 r 0F FE 
    768uS: 40 W 11 00 7E 
    976uS: 40 r 0F FE 
    917uS: 40 W 11 00 7E 
    978uS: 40 r 0F FE 
    752uS: 40 W 11 00 7E 
    977uS: 40 r 0F FE 
    749uS: 40 W 11 00 7E 
    964uS: 40 r 0F FE 
    745uS: 40 W 11 00 7E 
    971uS: 40 r 0F FE 
    751uS: 40 W 11 00 7E 
    964uS: 40 r 0F FE 
    749uS: 40 W 11 00 7E 
    977uS: 40 r 0F FE 
    757uS: 40 W 11 00 7E 
    973uS: 40 r 0F FE 
    766uS: 40 W 11 00 7E 
    972uS: 40 r 0F FE 
    766uS: 40 W 11 00 7E 
    968uS: 40 r 0F FE 
    768uS: 40 W 11 00 7E 
    977uS: 40 r 0F FE 
    872uS: 40 W 11 00 7E 
    970uS: 40 r 0F FE 
    857uS: 18 r 00 00 
    760uS: 40 W 11 00 7E 
    975uS: 40 r 00 00 
    758uS: 40 W 10 00 21 00 01 
  1.550mS: 40 W 12 00 08 02 30 
  1.547mS: 40 W 12 00 0A 02 30 
  1.539mS: 40 W 13 00 0D 
    967uS: 40 r 19 00 
    747uS: 40 W 13 00 13 
    970uS: 40 r 0C 00 
    776uS: 40 W 12 00 13 0D 00 
  1.568mS: 40 W 13 00 05 
    970uS: 40 r 00 00 
  1.898mS: 40 W 12 00 00 FF E0 
  1.559mS: 40 W 12 00 06 FF E0 
  1.553mS: 40 W 13 00 0D 
    974uS: 40 r 19 00 
    850uS: 40 W 12 00 0D 17 00 
120.741mS: 21 W 0A 
    495uS: 21 r 88 
    651uS: 21 W 0A 
    496uS: 21 r 88 
    571uS: 21 W 0A 8E 
    886uS: 21 W 0A 
    496uS: 21 r 8E 
    556uS: 21 W 0A 88 
    881uS: 21 W 0B 
    501uS: 21 r 48 
 15.435mS: 40 W 13 00 0E 
    972uS: 40 r 30 00 
    763uS: 40 W 13 00 0D 
    973uS: 40 r 17 00 
    760uS: 40 W 12 00 0D 19 00 
  1.556mS: 40 W 13 00 13 
    973uS: 40 r 0D 00 
 16.892mS: 21 W 08 68 
  1.480mS: 21 W 34 F2 
    830uS: 21 W 35 00 
    838uS: 21 W 36 2D 
  1.264mS: 21 W 88 D0 
    839uS: 21 W 91 08 
    879uS: 21 W 93 80 
  1.059mS: 21 W 98 0D 
  3.755mS: 44 W 
    406uS: 21 W 09 
    502uS: 21 r C6 
    750uS: 21 W 02 80 
    835uS: 21 W 09 
    500uS: 21 r C6 
    567uS: 21 W 09 56 
    852uS: 40 W 13 00 13 
    980uS: 40 r 0D 00 
    760uS: 40 W 12 00 13 0C 00 
  1.563mS: 40 W 12 00 08 07 20 
  1.558mS: 40 W 12 00 09 07 20 
  1.570mS: 40 W 12 00 0B 07 20 
  1.565mS: 40 W 12 00 0A 02 20 
  1.568mS: 40 W 13 00 0D 
    979uS: 40 r 19 00 
    760uS: 40 W 12 00 0D 17 00 
  1.557mS: 40 W 13 00 00 
    980uS: 40 r FF E0 
    969uS: 18 r 00 00 
171.935mS: 18 r 00 00 
199.565mS: 18 r 00 00 
200.591mS: 18 r 00 00 
207.581mS: 18 r 00 00 
200.597mS: 18 r 00 00 
 19.053mS: 40 W 13 00 00 
    985uS: 40 r FF E0 
  2.569mS: 21 W 02 88 
    860uS: 21 W 09 
    497uS: 21 r 56 
    570uS: 21 W 09 C6 
    990uS: 21 W 02 80 
    842uS: 21 W 09 
    504uS: 21 r C6 
    564uS: 21 W 09 56 
    852uS: 40 W 13 00 13 
    980uS: 40 r 0C 00 
    758uS: 40 W 13 00 0D 
    973uS: 40 r 17 00 
 56.574mS: 21 W 02 88 
    876uS: 21 W 09 
    496uS: 21 r 56 
    558uS: 21 W 09 C6 
  1.003mS: 21 W 02 80 
    839uS: 21 W 09 
    495uS: 21 r C6 
    560uS: 21 W 09 56 
    855uS: 40 W 13 00 13 
    981uS: 40 r 0C 00 
    756uS: 40 W 13 00 0D 
    976uS: 40 r 17 00 
    899uS: 21 W 09 
    504uS: 21 r 56 
102.282mS: 18 r 00 00 
199.510mS: 18 r 00 00 
199.562mS: 18 r 00 00 
198.586mS: 18 r 00 00 
200.568mS: 18 r 00 00 
 99.677mS: 21 W 88 00 
    850uS: 21 W 88 F0 
    935uS: 21 W 08 28 
    918uS: 21 W 09 
    494uS: 21 r 56 
    638uS: 21 W C4 00 
    981uS: 21 W CA 20 
    849uS: 21 W CB 01 
    828uS: 21 W CE 20 
    847uS: 21 W CF 01 
    954uS: 21 W 94 00 
    947uS: 21 W 98 0A 
    880uS: 21 W 9A 03 
    876uS: 21 W 9C D0 
    842uS: 21 W 9D 02 
 76.574mS: 21 W 88 D0 
    811uS: 21 W 91 48 
    818uS: 21 W 93 84 
    856uS: 21 W 88 F0 
 16.378mS: 21 W 98 05 
    816uS: 21 W 9A 02 
    978uS: 21 W 90 00 
 47.298mS: 21 W 9D 05 
    844uS: 21 W 9C A0 
  1.312mS: 21 W 88 00 
    908uS: 21 W 88 F0 
    855uS: 21 W 30 00 
    842uS: 21 W 31 C0 
    838uS: 21 W 32 03 
    845uS: 21 W 34 CE 
    833uS: 21 W 35 FB 
    843uS: 21 W 36 30 
  1.477mS: 18 r 00 00 
 82.269mS: 21 W 87 00 
  1.844mS: 21 W 88 D0 
    865uS: 21 W 88 F0 
 99.111mS: 21 W 87 01 
 12.643mS: 18 r 00 00 
197.536mS: 18 r 00 00 
203.671mS: 18 r 00 00 
198.141mS: 18 r 00 00 
198.011mS: 18 r 00 00 
204.989mS: 18 r 00 00 
198.152mS: 18 r 00 00 
198.579mS: 18 r 00 00 
200.583mS: 18 r 00 00 
198.590mS: 18 r 00 00 
198.556mS: 18 r 00 00 
200.606mS: 18 r 00 00 
200.791mS: 18 r 00 00 
200.449mS: 18 r 00 00 
200.504mS: 18 r 00 00 
199.626mS: 18 r 00 00 
198.528mS: 18 r 00 00 
206.611mS: 18 r 00 00 
196.610mS: 18 r 00 00 
200.580mS: 18 r 00 00 
196.520mS: 18 r 00 00 
208.615mS: 18 r 00 00 
199.566mS: 18 r 00 00 
113.895mS: 21 W 87 00 
 67.176mS: 21 W 88 D0 
    870uS: 21 W 88 F0 
 62.135mS: 21 W 09 
    499uS: 21 r 56 
    564uS: 21 W 08 68 
    899uS: 21 W 30 BC 
    805uS: 21 W 31 DF 
    807uS: 21 W 32 02 
    801uS: 21 W 34 F2 
    805uS: 21 W 35 00 
    811uS: 21 W 36 2D 
    835uS: 21 W 80 00 
    833uS: 21 W 87 01 
    805uS: 21 W 88 D0 
    808uS: 21 W 91 40 
    819uS: 21 W 93 80 
    803uS: 21 W 94 02 
    821uS: 21 W 98 0D 
  1.004mS: 21 W C4 02 
    844uS: 21 W CA FD 
    798uS: 21 W CB 00 
    808uS: 21 W CE FD 
    813uS: 21 W CF 00 
    992uS: 21 W 91 48 
    813uS: 21 W 93 84 
    855uS: 21 W 88 F0 
    810uS: 21 W 30 CD 
    813uS: 21 W 31 20 
    821uS: 21 W 32 03 
    811uS: 21 W 34 CE 
    802uS: 21 W 35 FB 
    808uS: 21 W 36 30 
    813uS: 21 W 02 C6 
    841uS: 21 W 98 05 
    991uS: 21 W 90 80 
    811uS: 21 W 30 BC 
    813uS: 21 W 31 DF 
    813uS: 21 W 32 02 
    825uS: 21 W CA F0 
    817uS: 21 W CE F0 
    822uS: 21 W 80 30 
    809uS: 21 W 02 88 
    813uS: 21 W 09 C6 
    902uS: 21 W 08 78 
  1.124mS: 40 W 12 00 13 0C 00 
  1.524mS: 40 W 12 00 0D 17 00 
  1.538mS: 40 W 12 00 07 7C 01 
  1.523mS: 40 W 12 00 0A 02 20 
  1.547mS: 21 W 09 
    492uS: 21 r C6 
    867uS: 21 W 0A 
    504uS: 21 r 88 
    552uS: 21 W 0A 
    500uS: 21 r 88 
    675uS: 21 W 0C 
    492uS: 21 r 47 
    575uS: 21 W 0C 
    504uS: 21 r 47 
    696uS: 21 W 0D 
    499uS: 21 r 00 
    594uS: 21 W 0D 
    497uS: 21 r 00 
    612uS: 21 W 0B 
    492uS: 21 r 48 
    554uS: 21 W 0B 
    499uS: 21 r 48 
  1.096mS: 18 r 00 00 
  8.351mS: 40 W 13 00 0D 
    973uS: 40 r 17 00 
    771uS: 40 W 12 00 0D 19 00 
  1.607mS: 40 W 12 00 00 75 80 
  1.560mS: 40 W 12 00 06 75 F0 
  1.562mS: 40 W 13 00 06 
    972uS: 40 r 75 F0 
    771uS: 40 W 12 00 07 7C F0 
  1.607mS: 40 W 13 00 0D 
    972uS: 40 r 19 00 
    757uS: 40 W 12 00 00 FF E0 
  1.566mS: 40 W 12 00 06 FF E0 
181.286mS: 18 r 00 00 
200.167mS: 18 r 00 00 
200.218mS: 18 r 00 00 
200.259mS: 18 r 00 00 
200.203mS: 18 r 00 00 
200.255mS: 18 r 00 00 
200.259mS: 18 r 00 00 
200.198mS: 18 r 00 00 
200.214mS: 18 r 00 00 
200.244mS: 18 r 00 00 
200.222mS: 18 r 00 00 
200.241mS: 18 r 00 00 
200.218mS: 18 r 00 00 
200.247mS: 18 r 00 00 
200.216mS: 18 r 00 00 
200.251mS: 18 r 00 00 
200.212mS: 18 r 00 00 
200.247mS: 18 r 00 00 
200.215mS: 18 r 00 00 
200.259mS: 18 r 00 00 
200.208mS: 18 r 00 00 
200.241mS: 18 r 00 00 
200.221mS: 18 r 00 00 
200.244mS: 18 r 00 00 
200.215mS: 18 r 00 00 
200.310mS: 18 r 00 00 
   Binary Hack Dump lmilk written
Done
Script done on Fri Dec 13 01:51:52 2002
