Script started on Fri Dec 13 01:53:45 2002

# I start the cheapi2c
# I start the windows app, it defaults to comp line and shows feed
# I stop cheapi2c

      0uS: 18 r 00 00 
200.225mS: 18 r 00 00 
200.242mS: 18 r 00 00 
200.210mS: 18 r 00 00 
200.269mS: 18 r 00 00 
200.200mS: 18 r 00 00 
200.249mS: 18 r 00 00 
200.223mS: 18 r 00 00 
200.246mS: 18 r 00 00 
200.221mS: 18 r 00 00 
200.373mS: 18 r 00 00 
 70.223mS: 21 W 09 
    499uS: 21 r C6 
 99.971mS: 21 W 0A 
    492uS: 21 r 88 
    672uS: 21 W 0A 
    494uS: 21 r 88 
    871uS: 21 W 0A 8E 
    897uS: 21 W 0A 
    499uS: 21 r 8E 
    553uS: 21 W 0A 88 
    878uS: 21 W 0B 
    494uS: 21 r 48 
 23.638mS: 18 r 00 00 
206.321mS: 21 W 88 D0 
    851uS: 21 W 88 F0 
 13.197mS: 21 W 30 00 
    807uS: 21 W 31 C0 
    808uS: 21 W 32 03 
  4.114mS: 21 W 90 00 
 46.323mS: 21 W 09 
    504uS: 21 r C6 
    567uS: 21 W 08 68 
    886uS: 21 W 30 BC 
    806uS: 21 W 31 DF 
    815uS: 21 W 32 02 
    805uS: 21 W 34 F2 
    809uS: 21 W 35 00 
    806uS: 21 W 36 2D 
    839uS: 21 W 80 00 
    843uS: 21 W 88 D0 
    803uS: 21 W 91 40 
    816uS: 21 W 93 80 
    835uS: 21 W 98 0D 
  1.035mS: 21 W CA FD 
    813uS: 21 W CE FD 
    995uS: 21 W 91 48 
    805uS: 21 W 93 84 
    854uS: 21 W 88 F0 
    813uS: 21 W 30 CD 
    808uS: 21 W 31 20 
    802uS: 21 W 32 03 
    819uS: 21 W 34 CE 
    803uS: 21 W 35 FB 
    812uS: 21 W 36 30 
    810uS: 21 W 02 C6 
    841uS: 21 W 98 05 
    993uS: 21 W 90 80 
    808uS: 21 W 30 BC 
    816uS: 21 W 31 DF 
    812uS: 21 W 32 02 
    833uS: 21 W CA F0 
    817uS: 21 W CE F0 
    812uS: 21 W 80 30 
    814uS: 21 W 02 88 
    916uS: 21 W 08 78 
  1.118mS: 40 W 12 00 13 0C 00 
  1.519mS: 40 W 12 00 0D 17 00 
  1.510mS: 40 W 12 00 07 7C 01 
  1.523mS: 40 W 12 00 0A 02 20 
  1.537mS: 21 W 09 
    508uS: 21 r C6 
  1.283mS: 18 r 00 00 
  1.671mS: 21 W 0A 
    497uS: 21 r 88 
    557uS: 21 W 0A 
    497uS: 21 r 88 
    634uS: 21 W 0C 
    497uS: 21 r 47 
    557uS: 21 W 0C 
    505uS: 21 r 47 
    604uS: 21 W 0D 
    504uS: 21 r 00 
    554uS: 21 W 0D 
    507uS: 21 r 00 
    597uS: 21 W 0B 
    496uS: 21 r 48 
    554uS: 21 W 0B 
    507uS: 21 r 48 
 22.160mS: 50 W 00 
    499uS: 50 r 84 12 00 00 
  1.149mS: 50 W 04 
    495uS: 50 r 05 50 13 5F 
  1.134mS: 50 W 08 
    499uS: 50 r 10 0B 23 8F 
  1.129mS: 50 W 0C 
    497uS: 50 r BB 51 74 9D 
  1.139mS: 50 W 10 
    495uS: 50 r 00 00 00 00 
  1.133mS: 50 W 14 
    498uS: 50 r 04 84 0A 00 
  1.147mS: 50 W 18 
    493uS: 50 r 01 01 20 77 
  1.139mS: 50 W 1C 
    500uS: 50 r 00 40 E3 10 
  1.153mS: 50 W 20 
    500uS: 50 r 5F 00 74 02 
  1.139mS: 50 W 24 
    494uS: 50 r 01 86 00 79 
  1.136mS: 50 W 28 
    498uS: 50 r 86 00 00 00 
  1.139mS: 50 W 2C 
    492uS: 50 r 00 00 00 00 
  1.168mS: 50 W 30 
    496uS: 50 r 00 00 00 00 
  1.134mS: 50 W 34 
    497uS: 50 r 00 00 00 00 
  1.134mS: 50 W 38 
    496uS: 50 r 00 00 00 00 
  1.132mS: 50 W 3C 
    499uS: 50 r 00 00 00 00 
  1.137mS: 50 W 40 
    492uS: 50 r 00 00 00 00 
  1.135mS: 50 W 44 
    496uS: 50 r 00 00 00 00 
  1.148mS: 50 W 48 
    508uS: 50 r 00 00 00 00 
  1.132mS: 50 W 4C 
    494uS: 50 r 00 00 00 00 
  1.137mS: 50 W 50 
    494uS: 50 r 00 00 00 00 
  1.130mS: 50 W 54 
    497uS: 50 r 00 00 00 00 
  1.138mS: 50 W 58 
    494uS: 50 r 00 00 00 00 
  1.134mS: 50 W 5C 
    500uS: 50 r 00 00 00 00 
  1.132mS: 50 W 60 
    505uS: 50 r 00 00 00 00 
  1.159mS: 50 W 64 
    497uS: 50 r 00 00 00 00 
  1.129mS: 50 W 68 
    494uS: 50 r 00 00 00 00 
  1.137mS: 50 W 6C 
    497uS: 50 r 00 00 00 00 
  1.138mS: 50 W 70 
    496uS: 50 r 00 00 00 00 
  1.133mS: 50 W 74 
    492uS: 50 r 00 00 00 00 
  1.133mS: 50 W 78 
    510uS: 50 r 00 00 00 00 
  1.138mS: 50 W 7C 
    497uS: 50 r 13 EB 00 70 
  1.131mS: 50 W 80 
    498uS: 50 r 84 12 00 00 
  1.139mS: 50 W 84 
    499uS: 50 r 05 50 13 5F 
  1.137mS: 50 W 88 
    494uS: 50 r 10 0B 23 8F 
  1.131mS: 50 W 8C 
    495uS: 50 r BB 51 74 9D 
  1.133mS: 50 W 90 
    496uS: 50 r 00 00 00 00 
  1.154mS: 50 W 94 
    494uS: 50 r 04 84 0A 00 
  1.153mS: 50 W 98 
    496uS: 50 r 01 01 20 77 
  1.130mS: 50 W 9C 
    496uS: 50 r 00 40 E3 10 
  1.140mS: 50 W A0 
    494uS: 50 r 5F 00 74 02 
  1.132mS: 50 W A4 
    497uS: 50 r 01 86 00 79 
  1.136mS: 50 W A8 
    500uS: 50 r 86 00 00 00 
  1.141mS: 50 W AC 
    497uS: 50 r 00 00 00 00 
  1.140mS: 50 W B0 
    494uS: 50 r 00 00 00 00 
  1.134mS: 50 W B4 
    497uS: 50 r 00 00 00 00 
  1.130mS: 50 W B8 
    494uS: 50 r 00 00 00 00 
  1.145mS: 50 W BC 
    501uS: 50 r 00 00 00 00 
  1.135mS: 50 W C0 
    497uS: 50 r 00 00 00 00 
  1.227mS: 50 W C4 
    494uS: 50 r 00 00 00 00 
  1.135mS: 50 W C8 
    496uS: 50 r 00 00 00 00 
  1.137mS: 50 W CC 
    500uS: 50 r 00 00 00 00 
  1.129mS: 50 W D0 
    496uS: 50 r 00 00 00 00 
  1.133mS: 50 W D4 
    493uS: 50 r 00 00 00 00 
  1.139mS: 50 W D8 
    499uS: 50 r 00 00 00 00 
  1.145mS: 50 W DC 
    496uS: 50 r 00 00 00 00 
  1.132mS: 50 W E0 
    497uS: 50 r 00 00 00 00 
  1.138mS: 50 W E4 
    492uS: 50 r 00 00 00 00 
  1.137mS: 50 W E8 
    502uS: 50 r 00 00 00 00 
  1.151mS: 50 W EC 
    494uS: 50 r 00 00 00 00 
  1.140mS: 50 W F0 
    498uS: 50 r 00 00 00 00 
  1.160mS: 50 W F4 
    499uS: 50 r 00 00 00 00 
  1.130mS: 50 W F8 
    499uS: 50 r 00 00 00 00 
  1.131mS: 50 W FC 
    494uS: 50 r 13 EB 00 70 
 16.148mS: 40 W 00 80 00 
  1.087mS: 40 W 00 00 00 
  1.076mS: 42 W 
    322uS: 42 W 
    325uS: 42 W 
    479uS: 42 W 
    322uS: 42 W 
    325uS: 42 W 
    766uS: 40 W 13 00 1F 
    972uS: 40 r 0F 48 
    753uS: 40 W 13 00 1E 
    971uS: 40 r 02 07 
    999uS: 40 W 12 00 00 00 00 
  1.574mS: 40 W 12 00 01 00 00 
  1.555mS: 40 W 12 00 02 00 00 
  1.549mS: 40 W 12 00 03 00 00 
  1.549mS: 40 W 12 00 04 00 00 
  1.555mS: 40 W 12 00 05 00 00 
  1.542mS: 40 W 12 00 06 00 00 
  1.547mS: 40 W 12 00 07 75 00 
  1.625mS: 40 W 12 00 08 05 20 
  1.548mS: 40 W 12 00 09 06 20 
  1.548mS: 40 W 12 00 0A 00 00 
  1.553mS: 40 W 12 00 0B 00 20 
  1.545mS: 40 W 12 00 0C 00 00 
  1.544mS: 40 W 12 00 0D 19 00 
  1.553mS: 40 W 12 00 0E 30 00 
  1.542mS: 40 W 12 00 0F 00 00 
  1.547mS: 40 W 12 00 10 7F 00 
  1.547mS: 40 W 12 00 11 00 00 
  1.548mS: 40 W 12 00 13 0C 00 
  1.547mS: 40 W 12 00 14 00 00 
  1.545mS: 40 W 12 00 15 00 00 
  1.574mS: 40 W 12 00 07 7C 01 
  1.557mS: 40 W 13 00 0E 
    972uS: 40 r 30 00 
    753uS: 40 W 10 00 20 00 01 
 15.722mS: 18 r 00 00 
 80.013mS: 40 W 11 00 7E 
    969uS: 40 r 0F FE 
    771uS: 40 W 11 00 7E 
    970uS: 40 r 0F FE 
    763uS: 40 W 11 00 7E 
    967uS: 40 r 0F FE 
    749uS: 40 W 11 00 7E 
    967uS: 40 r 0F FE 
    750uS: 40 W 11 00 7E 
    971uS: 40 r 0F FE 
    750uS: 40 W 11 00 7E 
    972uS: 40 r 0F FE 
    770uS: 40 W 11 00 7E 
    968uS: 40 r 0F FE 
    747uS: 40 W 11 00 7E 
    980uS: 40 r 0F FE 
    749uS: 40 W 11 00 7E 
    969uS: 40 r 0F FE 
    748uS: 40 W 11 00 7E 
    968uS: 40 r 0F FE 
    745uS: 40 W 11 00 7E 
    971uS: 40 r 0F FE 
    766uS: 40 W 11 00 7E 
    982uS: 40 r 0F FE 
    999uS: 40 W 11 00 7E 
    970uS: 40 r 0F FE 
    841uS: 40 W 11 00 7E 
    972uS: 40 r 0F FE 
    799uS: 40 W 11 00 7E 
    972uS: 40 r 0F FE 
    750uS: 40 W 11 00 7E 
    973uS: 40 r 0F FE 
    752uS: 40 W 11 00 7E 
    967uS: 40 r 0F FE 
    750uS: 40 W 11 00 7E 
    986uS: 40 r 0F FE 
    749uS: 40 W 11 00 7E 
    971uS: 40 r 0F FE 
    744uS: 40 W 11 00 7E 
    975uS: 40 r 0F FE 
    742uS: 40 W 11 00 7E 
    971uS: 40 r 0F FE 
    762uS: 40 W 11 00 7E 
    969uS: 40 r 0F FE 
    752uS: 40 W 11 00 7E 
    972uS: 40 r 0F FE 
    797uS: 40 W 11 00 7E 
    965uS: 40 r 0F FE 
    750uS: 40 W 11 00 7E 
    972uS: 40 r 0F FE 
    744uS: 40 W 11 00 7E 
    975uS: 40 r 0F FE 
    750uS: 40 W 11 00 7E 
    974uS: 40 r 0F FE 
    755uS: 40 W 11 00 7E 
    970uS: 40 r 0F FE 
    748uS: 40 W 11 00 7E 
    971uS: 40 r 0F FE 
    762uS: 40 W 11 00 7E 
    964uS: 40 r 0F FE 
    760uS: 40 W 11 00 7E 
    965uS: 40 r 0F FE 
    747uS: 40 W 11 00 7E 
    967uS: 40 r 0F FE 
    745uS: 40 W 11 00 7E 
    970uS: 40 r 0F FE 
    752uS: 40 W 11 00 7E 
    974uS: 40 r 0F FE 
    749uS: 40 W 11 00 7E 
    972uS: 40 r 0F FE 
    777uS: 40 W 11 00 7E 
    964uS: 40 r 0F FE 
    751uS: 40 W 11 00 7E 
    970uS: 40 r 0F FE 
    749uS: 40 W 11 00 7E 
    963uS: 40 r 0F FE 
    747uS: 40 W 11 00 7E 
    974uS: 40 r 0F FE 
    749uS: 40 W 11 00 7E 
    969uS: 40 r 0F FE 
    760uS: 40 W 11 00 7E 
    972uS: 40 r 0F FE 
    755uS: 40 W 11 00 7E 
    968uS: 40 r 0F FE 
    750uS: 40 W 11 00 7E 
    977uS: 40 r 0F FE 
    745uS: 40 W 11 00 7E 
    971uS: 40 r 0F FE 
    745uS: 40 W 11 00 7E 
    967uS: 40 r 0F FE 
    744uS: 40 W 11 00 7E 
    972uS: 40 r 0F FE 
    755uS: 40 W 11 00 7E 
    981uS: 40 r 0F FE 
    771uS: 40 W 11 00 7E 
    976uS: 40 r 0F FE 
    750uS: 40 W 11 00 7E 
    973uS: 40 r 0F FE 
    745uS: 40 W 11 00 7E 
    975uS: 40 r 0F FE 
    765uS: 40 W 11 00 7E 
    968uS: 40 r 0F FE 
    745uS: 40 W 11 00 7E 
    977uS: 40 r 0F FE 
    755uS: 40 W 11 00 7E 
    975uS: 40 r 0F FE 
    752uS: 40 W 11 00 7E 
    971uS: 40 r 0F FE 
    750uS: 40 W 11 00 7E 
    973uS: 40 r 0F FE 
    744uS: 40 W 11 00 7E 
    969uS: 40 r 0F FE 
    749uS: 40 W 11 00 7E 
    965uS: 40 r 0F FE 
    752uS: 40 W 11 00 7E 
    971uS: 40 r 0F FE 
    782uS: 40 W 11 00 7E 
    969uS: 40 r 0F FE 
    760uS: 40 W 11 00 7E 
    970uS: 40 r 0F FE 
    742uS: 40 W 11 00 7E 
    979uS: 40 r 0F FE 
    750uS: 40 W 11 00 7E 
    973uS: 40 r 0F FE 
    747uS: 40 W 11 00 7E 
    971uS: 40 r 0F FE 
    746uS: 40 W 11 00 7E 
    964uS: 40 r 0F FE 
    755uS: 40 W 11 00 7E 
    975uS: 40 r 0F FE 
    747uS: 40 W 11 00 7E 
    969uS: 40 r 0F FE 
    749uS: 40 W 11 00 7E 
    967uS: 40 r 00 00 
    753uS: 40 W 10 00 21 00 01 
  1.555mS: 40 W 10 00 20 00 01 
  2.670mS: 18 r 00 00 
 90.035mS: 40 W 11 00 7E 
    971uS: 40 r 0F FE 
    751uS: 40 W 11 00 7E 
    972uS: 40 r 0F FE 
    752uS: 40 W 11 00 7E 
    969uS: 40 r 0F FE 
    744uS: 40 W 11 00 7E 
    972uS: 40 r 0F FE 
    748uS: 40 W 11 00 7E 
    965uS: 40 r 0F FE 
    761uS: 40 W 11 00 7E 
    971uS: 40 r 0F FE 
    800uS: 40 W 11 00 7E 
    965uS: 40 r 0F FE 
    753uS: 40 W 11 00 7E 
    974uS: 40 r 0F FE 
    749uS: 40 W 11 00 7E 
    965uS: 40 r 0F FE 
    750uS: 40 W 11 00 7E 
    966uS: 40 r 0F FE 
    749uS: 40 W 11 00 7E 
    974uS: 40 r 0F FE 
    752uS: 40 W 11 00 7E 
    969uS: 40 r 0F FE 
    753uS: 40 W 11 00 7E 
    973uS: 40 r 0F FE 
    768uS: 40 W 11 00 7E 
    969uS: 40 r 0F FE 
    749uS: 40 W 11 00 7E 
    969uS: 40 r 0F FE 
    761uS: 40 W 11 00 7E 
    964uS: 40 r 0F FE 
    750uS: 40 W 11 00 7E 
    967uS: 40 r 0F FE 
    749uS: 40 W 11 00 7E 
    975uS: 40 r 0F FE 
    776uS: 40 W 11 00 7E 
    971uS: 40 r 0F FE 
    746uS: 40 W 11 00 7E 
    968uS: 40 r 0F FE 
    758uS: 40 W 11 00 7E 
    967uS: 40 r 0F FE 
    750uS: 40 W 11 00 7E 
    970uS: 40 r 0F FE 
    750uS: 40 W 11 00 7E 
    972uS: 40 r 0F FE 
    747uS: 40 W 11 00 7E 
    980uS: 40 r 0F FE 
    745uS: 40 W 11 00 7E 
    969uS: 40 r 0F FE 
    765uS: 40 W 11 00 7E 
    975uS: 40 r 0F FE 
    751uS: 40 W 11 00 7E 
    972uS: 40 r 0F FE 
    750uS: 40 W 11 00 7E 
    979uS: 40 r 0F FE 
    745uS: 40 W 11 00 7E 
    963uS: 40 r 0F FE 
    781uS: 40 W 11 00 7E 
    966uS: 40 r 0F FE 
    750uS: 40 W 11 00 7E 
    965uS: 40 r 0F FE 
    752uS: 40 W 11 00 7E 
    969uS: 40 r 0F FE 
    745uS: 40 W 11 00 7E 
    969uS: 40 r 0F FE 
    750uS: 40 W 11 00 7E 
    978uS: 40 r 0F FE 
    762uS: 40 W 11 00 7E 
    969uS: 40 r 0F FE 
    758uS: 40 W 11 00 7E 
    970uS: 40 r 0F FE 
    750uS: 40 W 11 00 7E 
    972uS: 40 r 0F FE 
    757uS: 40 W 11 00 7E 
    970uS: 40 r 0F FE 
    745uS: 40 W 11 00 7E 
    964uS: 40 r 0F FE 
    750uS: 40 W 11 00 7E 
    973uS: 40 r 0F FE 
    749uS: 40 W 11 00 7E 
    971uS: 40 r 0F FE 
    784uS: 40 W 11 00 7E 
    972uS: 40 r 0F FE 
    749uS: 40 W 11 00 7E 
    967uS: 40 r 0F FE 
    749uS: 40 W 11 00 7E 
    971uS: 40 r 0F FE 
    763uS: 40 W 11 00 7E 
    969uS: 40 r 0F FE 
    752uS: 40 W 11 00 7E 
    976uS: 40 r 0F FE 
    747uS: 40 W 11 00 7E 
    973uS: 40 r 0F FE 
    747uS: 40 W 11 00 7E 
    969uS: 40 r 0F FE 
    748uS: 40 W 11 00 7E 
    970uS: 40 r 0F FE 
    751uS: 40 W 11 00 7E 
    971uS: 40 r 0F FE 
    754uS: 40 W 11 00 7E 
    975uS: 40 r 0F FE 
    745uS: 40 W 11 00 7E 
    973uS: 40 r 0F FE 
    748uS: 40 W 11 00 7E 
    980uS: 40 r 0F FE 
    771uS: 40 W 11 00 7E 
    971uS: 40 r 0F FE 
    760uS: 40 W 11 00 7E 
    965uS: 40 r 0F FE 
    748uS: 40 W 11 00 7E 
    968uS: 40 r 0F FE 
    744uS: 40 W 11 00 7E 
    966uS: 40 r 0F FE 
    749uS: 40 W 11 00 7E 
    968uS: 40 r 0F FE 
    758uS: 40 W 11 00 7E 
    969uS: 40 r 0F FE 
    750uS: 40 W 11 00 7E 
    968uS: 40 r 0F FE 
    747uS: 40 W 11 00 7E 
    971uS: 40 r 0F FE 
    748uS: 40 W 11 00 7E 
    972uS: 40 r 0F FE 
    747uS: 40 W 11 00 7E 
    969uS: 40 r 0F FE 
    761uS: 40 W 11 00 7E 
    968uS: 40 r 0F FE 
    817uS: 18 r 00 00 
    752uS: 40 W 11 00 7E 
    970uS: 40 r 0F FE 
    752uS: 40 W 11 00 7E 
    967uS: 40 r 0F FE 
    746uS: 40 W 11 00 7E 
    970uS: 40 r 0F FE 
    750uS: 40 W 11 00 7E 
    971uS: 40 r 00 00 
    752uS: 40 W 10 00 21 00 01 
  1.545mS: 40 W 12 00 08 02 30 
  1.553mS: 40 W 12 00 0A 02 30 
  1.539mS: 40 W 13 00 0D 
    969uS: 40 r 19 00 
    750uS: 40 W 13 00 13 
    970uS: 40 r 0C 00 
    761uS: 40 W 12 00 13 0D 00 
  1.544mS: 40 W 13 00 05 
    975uS: 40 r 00 00 
  1.809mS: 40 W 12 00 00 FF E0 
  1.565mS: 40 W 12 00 06 FF E0 
  1.551mS: 40 W 13 00 0D 
    973uS: 40 r 19 00 
    755uS: 40 W 12 00 0D 17 00 
125.644mS: 21 W 0A 
    500uS: 21 r 88 
    649uS: 21 W 0A 
    500uS: 21 r 88 
    550uS: 21 W 0A 8E 
    878uS: 21 W 0A 
    493uS: 21 r 8E 
    555uS: 21 W 0A 88 
    881uS: 21 W 0B 
    498uS: 21 r 48 
 15.463mS: 40 W 13 00 0E 
    974uS: 40 r 30 00 
    764uS: 40 W 13 00 0D 
    975uS: 40 r 17 00 
    755uS: 40 W 12 00 0D 19 00 
  1.558mS: 40 W 13 00 13 
    980uS: 40 r 0D 00 
 17.220mS: 21 W 08 68 
  1.490mS: 21 W 34 F2 
    842uS: 21 W 35 00 
    865uS: 21 W 36 2D 
  1.273mS: 21 W 88 D0 
    847uS: 21 W 91 08 
    878uS: 21 W 93 80 
    980uS: 21 W 98 0D 
  3.736mS: 44 W 
    401uS: 21 W 09 
    499uS: 21 r C6 
    748uS: 21 W 02 80 
    850uS: 21 W 09 
    497uS: 21 r C6 
    565uS: 21 W 09 56 
    852uS: 40 W 13 00 13 
    985uS: 40 r 0D 00 
    774uS: 40 W 12 00 13 0C 00 
  1.558mS: 40 W 12 00 08 07 20 
  1.563mS: 40 W 12 00 09 07 20 
  1.560mS: 40 W 12 00 0B 07 20 
  1.560mS: 40 W 12 00 0A 02 20 
  1.547mS: 40 W 13 00 0D 
    977uS: 40 r 19 00 
    753uS: 40 W 12 00 0D 17 00 
  1.560mS: 40 W 13 00 00 
    975uS: 40 r FF E0 
    967uS: 18 r 00 00 
166.668mS: 18 r 00 00 
198.579mS: 18 r 00 00 
198.546mS: 18 r 00 00 
197.596mS: 18 r 00 00 
200.571mS: 18 r 00 00 
 37.113mS: 40 W 13 00 00 
    986uS: 40 r FF E0 
  2.609mS: 21 W 02 88 
    875uS: 21 W 09 
    507uS: 21 r 56 
    559uS: 21 W 09 C6 
    985uS: 21 W 02 80 
    866uS: 21 W 09 
    497uS: 21 r C6 
    562uS: 21 W 09 56 
    847uS: 40 W 13 00 13 
    975uS: 40 r 0C 00 
    767uS: 40 W 13 00 0D 
    975uS: 40 r 17 00 
 56.710mS: 21 W 02 88 
    876uS: 21 W 09 
    496uS: 21 r 56 
    621uS: 21 W 09 C6 
  1.006mS: 21 W 02 80 
    848uS: 21 W 09 
    497uS: 21 r C6 
    586uS: 21 W 09 56 
    855uS: 40 W 13 00 13 
    980uS: 40 r 0C 00 
    766uS: 40 W 13 00 0D 
    981uS: 40 r 17 00 
    884uS: 21 W 09 
    504uS: 21 r 56 
 89.927mS: 18 r 00 00 
199.499mS: 18 r 00 00 
199.594mS: 18 r 00 00 
199.566mS: 18 r 00 00 
200.603mS: 18 r 00 00 
111.690mS: 21 W 88 00 
    847uS: 21 W 88 F0 
    933uS: 21 W 08 28 
    915uS: 21 W 09 
    494uS: 21 r 56 
    630uS: 21 W C4 00 
    948uS: 21 W CA 20 
    846uS: 21 W CB 01 
    834uS: 21 W CE 20 
    845uS: 21 W CF 01 
    949uS: 21 W 94 00 
    964uS: 21 W 98 0A 
    892uS: 21 W 9A 03 
    876uS: 21 W 9C D0 
    841uS: 21 W 9D 02 
 76.716mS: 21 W 88 D0 
    810uS: 21 W 91 48 
    806uS: 21 W 93 84 
    858uS: 21 W 88 F0 
 16.393mS: 21 W 98 05 
    815uS: 21 W 9A 02 
    978uS: 21 W 90 00 
 47.294mS: 21 W 9D 05 
    840uS: 21 W 9C A0 
  1.119mS: 21 W 88 00 
    837uS: 21 W 88 F0 
    865uS: 21 W 30 00 
    832uS: 21 W 31 C0 
    844uS: 21 W 32 03 
    843uS: 21 W 34 CE 
    836uS: 21 W 35 FB 
    843uS: 21 W 36 30 
  1.336mS: 18 r 00 00 
 74.238mS: 21 W 87 00 
  1.856mS: 21 W 88 D0 
    855uS: 21 W 88 F0 
 99.121mS: 21 W 87 01 
 11.930mS: 18 r 00 00 
200.634mS: 18 r 00 00 
199.797mS: 18 r 00 00 
200.361mS: 18 r 00 00 
198.552mS: 18 r 00 00 
208.625mS: 18 r 00 00 
200.576mS: 18 r 00 00 
199.591mS: 18 r 00 00 
199.554mS: 18 r 00 00 
206.201mS: 18 r 00 00 
200.988mS: 18 r 00 00 
196.916mS: 18 r 00 00 
201.063mS: 18 r 00 00 
200.792mS: 18 r 00 00 
198.564mS: 18 r 00 00 
200.624mS: 18 r 00 00 
200.787mS: 18 r 00 00 
   Binary Hack Dump lmilk written
Done
[root@mini tmp]# [root@mini tmp]# 
Script done on Fri Dec 13 01:54:01 2002
