Script started on Fri Dec 13 01:45:41 2002

# I start the lmilk
# I start the windows app which defaults to the tuner
# I wait five secs or more
# I switch from the tuner to the comp (video appears)
# I wait a few secs
# I close the pc application down
# I stop the cheapi2c tool.

Milksop GPL Reflasher - 0.12 - (c)2002 andy@warmcat.com

CheapI2C on printer port at 0x378
Starting realtime...
Entering capture mode, your PC will appear frozen - press any key to end
      0uS: 18 r 00 00 
200.213mS: 18 r 00 00 
200.243mS: 18 r 00 00 
200.256mS: 18 r 00 00 
200.215mS: 18 r 00 00 
200.229mS: 18 r 00 00 
200.238mS: 18 r 00 00 
200.216mS: 18 r 00 00 
200.259mS: 18 r 00 00 
200.211mS: 18 r 00 00 
 94.253mS: 21 W 09 
    496uS: 21 r C6 
 96.094mS: 21 W 0A 
    500uS: 21 r 88 
    653uS: 21 W 0A 
    497uS: 21 r 88 
    554uS: 21 W 0A 8E 
    883uS: 21 W 0A 
    497uS: 21 r 8E 
    554uS: 21 W 0A 88 
  1.219mS: 21 W 0B 
    494uS: 21 r 48 
 11.137mS: 18 r 00 00 
216.469mS: 21 W 88 D0 
    868uS: 21 W 88 F0 
 13.248mS: 21 W 30 00 
    816uS: 21 W 31 C0 
    820uS: 21 W 32 03 
  4.134mS: 21 W 90 00 
 46.377mS: 21 W 09 
    507uS: 21 r C6 
    562uS: 21 W 08 68 
    891uS: 21 W 30 BC 
    803uS: 21 W 31 DF 
    814uS: 21 W 32 02 
    807uS: 21 W 34 F2 
    810uS: 21 W 35 00 
    807uS: 21 W 36 2D 
    831uS: 21 W 80 00 
    855uS: 21 W 88 D0 
    815uS: 21 W 91 40 
    814uS: 21 W 93 80 
    822uS: 21 W 98 0D 
  1.037mS: 21 W CA FD 
    820uS: 21 W CE FD 
    994uS: 21 W 91 48 
    813uS: 21 W 93 84 
    845uS: 21 W 88 F0 
    797uS: 21 W 30 CD 
    805uS: 21 W 31 20 
    806uS: 21 W 32 03 
    815uS: 21 W 34 CE 
    813uS: 21 W 35 FB 
    808uS: 21 W 36 30 
    805uS: 21 W 02 C6 
    838uS: 21 W 98 05 
    981uS: 21 W 90 80 
    814uS: 21 W 30 BC 
    807uS: 21 W 31 DF 
    816uS: 21 W 32 02 
    834uS: 21 W CA F0 
    808uS: 21 W CE F0 
    826uS: 21 W 80 30 
    811uS: 21 W 02 88 
    916uS: 21 W 08 78 
  1.119mS: 40 W 12 00 13 0C 00 
  1.526mS: 40 W 12 00 0D 17 00 
  1.513mS: 40 W 12 00 07 7C 01 
  1.534mS: 40 W 12 00 0A 02 20 
  1.537mS: 21 W 09 
    497uS: 21 r C6 
    758uS: 18 r 00 00 
    949uS: 21 W 0A 
    507uS: 21 r 88 
    798uS: 21 W 0A 
    492uS: 21 r 88 
    659uS: 21 W 0C 
    499uS: 21 r 47 
    588uS: 21 W 0C 
    496uS: 21 r 47 
    629uS: 21 W 0D 
    499uS: 21 r 00 
    700uS: 21 W 0D 
    504uS: 21 r 00 
    607uS: 21 W 0B 
    500uS: 21 r 48 
    550uS: 21 W 0B 
    508uS: 21 r 48 
 15.716mS: 50 W 00 
    502uS: 50 r 84 12 00 00 
  1.140mS: 50 W 04 
    497uS: 50 r 05 50 13 5F 
  1.139mS: 50 W 08 
    495uS: 50 r 10 0B 23 8F 
  1.139mS: 50 W 0C 
    499uS: 50 r BB 51 74 9D 
  1.231mS: 50 W 10 
    494uS: 50 r 00 00 00 00 
  1.137mS: 50 W 14 
    495uS: 50 r 04 84 0A 00 
  1.134mS: 50 W 18 
    497uS: 50 r 01 01 20 77 
  1.131mS: 50 W 1C 
    494uS: 50 r 00 40 E3 10 
  1.171mS: 50 W 20 
    497uS: 50 r 5F 00 74 02 
  1.141mS: 50 W 24 
    499uS: 50 r 01 86 00 79 
  1.317mS: 50 W 28 
    492uS: 50 r 86 00 00 00 
  1.132mS: 50 W 2C 
    496uS: 50 r 00 00 00 00 
  1.138mS: 50 W 30 
    496uS: 50 r 00 00 00 00 
  1.135mS: 50 W 34 
    491uS: 50 r 00 00 00 00 
  1.134mS: 50 W 38 
    497uS: 50 r 00 00 00 00 
  1.135mS: 50 W 3C 
    497uS: 50 r 00 00 00 00 
  1.175mS: 50 W 40 
    496uS: 50 r 00 00 00 00 
  1.132mS: 50 W 44 
    499uS: 50 r 00 00 00 00 
  1.151mS: 50 W 48 
    499uS: 50 r 00 00 00 00 
  1.150mS: 50 W 4C 
    499uS: 50 r 00 00 00 00 
  1.140mS: 50 W 50 
    494uS: 50 r 00 00 00 00 
  1.257mS: 50 W 54 
    493uS: 50 r 00 00 00 00 
  1.145mS: 50 W 58 
    498uS: 50 r 00 00 00 00 
  1.133mS: 50 W 5C 
    500uS: 50 r 00 00 00 00 
  1.134mS: 50 W 60 
    499uS: 50 r 00 00 00 00 
  1.137mS: 50 W 64 
    499uS: 50 r 00 00 00 00 
  1.139mS: 50 W 68 
    492uS: 50 r 00 00 00 00 
  1.133mS: 50 W 6C 
    496uS: 50 r 00 00 00 00 
  1.181mS: 50 W 70 
    497uS: 50 r 00 00 00 00 
  1.142mS: 50 W 74 
    497uS: 50 r 00 00 00 00 
  1.151mS: 50 W 78 
    497uS: 50 r 00 00 00 00 
  1.260mS: 50 W 7C 
    491uS: 50 r 13 EB 00 70 
  1.137mS: 50 W 80 
    496uS: 50 r 84 12 00 00 
  1.132mS: 50 W 84 
    498uS: 50 r 05 50 13 5F 
  1.151mS: 50 W 88 
    495uS: 50 r 10 0B 23 8F 
  1.135mS: 50 W 8C 
    497uS: 50 r BB 51 74 9D 
  1.133mS: 50 W 90 
    504uS: 50 r 00 00 00 00 
  1.140mS: 50 W 94 
    497uS: 50 r 04 84 0A 00 
  1.150mS: 50 W 98 
    497uS: 50 r 01 01 20 77 
  1.133mS: 50 W 9C 
    495uS: 50 r 00 40 E3 10 
  1.167mS: 50 W A0 
    492uS: 50 r 5F 00 74 02 
  1.178mS: 50 W A4 
    492uS: 50 r 01 86 00 79 
  1.255mS: 50 W A8 
    496uS: 50 r 86 00 00 00 
  1.133mS: 50 W AC 
    497uS: 50 r 00 00 00 00 
  1.135mS: 50 W B0 
    497uS: 50 r 00 00 00 00 
  1.135mS: 50 W B4 
    496uS: 50 r 00 00 00 00 
  1.130mS: 50 W B8 
    505uS: 50 r 00 00 00 00 
  1.137mS: 50 W BC 
    495uS: 50 r 00 00 00 00 
  1.143mS: 50 W C0 
    495uS: 50 r 00 00 00 00 
  1.135mS: 50 W C4 
    497uS: 50 r 00 00 00 00 
  1.150mS: 50 W C8 
    492uS: 50 r 00 00 00 00 
  1.150mS: 50 W CC 
    494uS: 50 r 00 00 00 00 
  1.262mS: 50 W D0 
    505uS: 50 r 00 00 00 00 
  1.213mS: 50 W D4 
    497uS: 50 r 00 00 00 00 
  1.135mS: 50 W D8 
    499uS: 50 r 00 00 00 00 
  1.137mS: 50 W DC 
    494uS: 50 r 00 00 00 00 
  1.135mS: 50 W E0 
    492uS: 50 r 00 00 00 00 
  1.135mS: 50 W E4 
    497uS: 50 r 00 00 00 00 
  1.150mS: 50 W E8 
    505uS: 50 r 00 00 00 00 
  1.151mS: 50 W EC 
    497uS: 50 r 00 00 00 00 
  1.135mS: 50 W F0 
    497uS: 50 r 00 00 00 00 
  1.155mS: 50 W F4 
    496uS: 50 r 00 00 00 00 
  1.153mS: 50 W F8 
    496uS: 50 r 00 00 00 00 
  1.256mS: 50 W FC 
    494uS: 50 r 13 EB 00 70 
 16.147mS: 40 W 00 80 00 
  1.087mS: 40 W 00 00 00 
  1.079mS: 42 W 
    322uS: 42 W 
    323uS: 42 W 
    401uS: 42 W 
    325uS: 42 W 
    324uS: 42 W 
    746uS: 40 W 13 00 1F 
    987uS: 40 r 0F 48 
    849uS: 40 W 13 00 1E 
    972uS: 40 r 02 07 
  1.009mS: 40 W 12 00 00 00 00 
  1.553mS: 40 W 12 00 01 00 00 
  1.552mS: 40 W 12 00 02 00 00 
  1.545mS: 40 W 12 00 03 00 00 
  1.550mS: 40 W 12 00 04 00 00 
  1.688mS: 40 W 12 00 05 00 00 
  1.546mS: 40 W 12 00 06 00 00 
  1.544mS: 40 W 12 00 07 75 00 
  1.540mS: 40 W 12 00 08 05 20 
  1.547mS: 40 W 12 00 09 06 20 
  1.537mS: 40 W 12 00 0A 00 00 
  1.629mS: 40 W 12 00 0B 00 20 
  1.545mS: 40 W 12 00 0C 00 00 
  1.545mS: 40 W 12 00 0D 19 00 
  1.552mS: 40 W 12 00 0E 30 00 
  1.544mS: 40 W 12 00 0F 00 00 
  1.550mS: 40 W 12 00 10 7F 00 
  1.540mS: 40 W 12 00 11 00 00 
  1.560mS: 40 W 12 00 13 0C 00 
  1.550mS: 40 W 12 00 14 00 00 
  1.555mS: 40 W 12 00 15 00 00 
  1.554mS: 40 W 12 00 07 7C 01 
  1.557mS: 40 W 13 00 0E 
    970uS: 40 r 30 00 
    753uS: 40 W 10 00 20 00 01 
 10.961mS: 18 r 00 00 
 90.078mS: 40 W 11 00 7E 
    964uS: 40 r 0F FE 
    751uS: 40 W 11 00 7E 
    970uS: 40 r 0F FE 
    768uS: 40 W 11 00 7E 
    969uS: 40 r 0F FE 
    750uS: 40 W 11 00 7E 
    970uS: 40 r 0F FE 
    763uS: 40 W 11 00 7E 
    971uS: 40 r 0F FE 
    768uS: 40 W 11 00 7E 
    965uS: 40 r 0F FE 
    881uS: 40 W 11 00 7E 
    973uS: 40 r 0F FE 
    750uS: 40 W 11 00 7E 
    967uS: 40 r 0F FE 
    763uS: 40 W 11 00 7E 
    966uS: 40 r 0F FE 
    745uS: 40 W 11 00 7E 
    971uS: 40 r 0F FE 
    747uS: 40 W 11 00 7E 
    962uS: 40 r 0F FE 
    745uS: 40 W 11 00 7E 
    969uS: 40 r 0F FE 
    807uS: 40 W 11 00 7E 
    970uS: 40 r 0F FE 
    747uS: 40 W 11 00 7E 
    968uS: 40 r 0F FE 
    760uS: 40 W 11 00 7E 
    970uS: 40 r 0F FE 
    760uS: 40 W 11 00 7E 
    976uS: 40 r 0F FE 
    868uS: 40 W 11 00 7E 
    970uS: 40 r 0F FE 
    766uS: 40 W 11 00 7E 
    974uS: 40 r 0F FE 
    757uS: 40 W 11 00 7E 
    971uS: 40 r 0F FE 
    745uS: 40 W 11 00 7E 
    973uS: 40 r 0F FE 
    742uS: 40 W 11 00 7E 
    974uS: 40 r 0F FE 
    750uS: 40 W 11 00 7E 
    972uS: 40 r 0F FE 
    748uS: 40 W 11 00 7E 
    973uS: 40 r 0F FE 
    749uS: 40 W 11 00 7E 
    972uS: 40 r 0F FE 
    787uS: 40 W 11 00 7E 
    978uS: 40 r 0F FE 
    762uS: 40 W 11 00 7E 
    976uS: 40 r 0F FE 
    870uS: 40 W 11 00 7E 
    972uS: 40 r 0F FE 
    763uS: 40 W 11 00 7E 
    972uS: 40 r 0F FE 
    750uS: 40 W 11 00 7E 
    965uS: 40 r 0F FE 
    755uS: 40 W 11 00 7E 
    966uS: 40 r 0F FE 
    752uS: 40 W 11 00 7E 
    969uS: 40 r 0F FE 
    745uS: 40 W 11 00 7E 
    974uS: 40 r 0F FE 
    747uS: 40 W 11 00 7E 
    973uS: 40 r 0F FE 
    753uS: 40 W 11 00 7E 
    974uS: 40 r 0F FE 
    763uS: 40 W 11 00 7E 
    977uS: 40 r 0F FE 
    788uS: 40 W 11 00 7E 
    974uS: 40 r 0F FE 
    883uS: 40 W 11 00 7E 
    967uS: 40 r 0F FE 
    749uS: 40 W 11 00 7E 
    967uS: 40 r 0F FE 
    748uS: 40 W 11 00 7E 
    970uS: 40 r 0F FE 
    745uS: 40 W 11 00 7E 
    970uS: 40 r 0F FE 
    744uS: 40 W 11 00 7E 
    974uS: 40 r 0F FE 
    747uS: 40 W 11 00 7E 
    972uS: 40 r 0F FE 
    743uS: 40 W 11 00 7E 
    977uS: 40 r 0F FE 
    750uS: 40 W 11 00 7E 
    967uS: 40 r 0F FE 
    763uS: 40 W 11 00 7E 
    969uS: 40 r 0F FE 
    765uS: 40 W 11 00 7E 
    977uS: 40 r 0F FE 
    912uS: 40 W 11 00 7E 
    976uS: 40 r 0F FE 
    750uS: 40 W 11 00 7E 
    970uS: 40 r 0F FE 
    748uS: 40 W 11 00 7E 
    966uS: 40 r 0F FE 
    747uS: 40 W 11 00 7E 
    973uS: 40 r 0F FE 
    744uS: 40 W 11 00 7E 
    977uS: 40 r 0F FE 
    745uS: 40 W 11 00 7E 
    978uS: 40 r 0F FE 
    750uS: 40 W 11 00 7E 
    967uS: 40 r 0F FE 
    749uS: 40 W 11 00 7E 
    961uS: 40 r 0F FE 
    762uS: 40 W 11 00 7E 
    965uS: 40 r 0F FE 
    765uS: 40 W 11 00 7E 
    977uS: 40 r 0F FE 
    883uS: 40 W 11 00 7E 
    971uS: 40 r 0F FE 
    752uS: 40 W 11 00 7E 
    983uS: 40 r 0F FE 
    775uS: 40 W 11 00 7E 
    964uS: 40 r 0F FE 
    746uS: 40 W 11 00 7E 
    978uS: 40 r 0F FE 
    749uS: 40 W 11 00 7E 
    969uS: 40 r 0F FE 
    744uS: 40 W 11 00 7E 
    970uS: 40 r 0F FE 
    742uS: 40 W 11 00 7E 
    973uS: 40 r 00 00 
    751uS: 40 W 10 00 21 00 01 
  1.589mS: 18 r 00 00 
    768uS: 40 W 10 00 20 00 01 
 98.319mS: 40 W 11 00 7E 
    971uS: 40 r 0F FE 
    755uS: 40 W 11 00 7E 
    974uS: 40 r 0F FE 
    765uS: 40 W 11 00 7E 
    978uS: 40 r 0F FE 
    766uS: 40 W 11 00 7E 
    977uS: 40 r 0F FE 
    763uS: 40 W 11 00 7E 
    967uS: 40 r 0F FE 
    871uS: 40 W 11 00 7E 
    972uS: 40 r 0F FE 
    817uS: 40 W 11 00 7E 
    972uS: 40 r 0F FE 
    751uS: 40 W 11 00 7E 
    977uS: 40 r 0F FE 
    752uS: 40 W 11 00 7E 
    969uS: 40 r 0F FE 
    752uS: 40 W 11 00 7E 
    966uS: 40 r 0F FE 
    755uS: 40 W 11 00 7E 
    967uS: 40 r 0F FE 
    767uS: 40 W 11 00 7E 
    985uS: 40 r 0F FE 
    749uS: 40 W 11 00 7E 
    972uS: 40 r 0F FE 
    770uS: 40 W 11 00 7E 
    974uS: 40 r 0F FE 
    770uS: 40 W 11 00 7E 
    973uS: 40 r 0F FE 
    872uS: 40 W 11 00 7E 
    968uS: 40 r 0F FE 
    751uS: 40 W 11 00 7E 
    972uS: 40 r 0F FE 
    749uS: 40 W 11 00 7E 
    982uS: 40 r 0F FE 
    787uS: 40 W 11 00 7E 
    971uS: 40 r 0F FE 
    752uS: 40 W 11 00 7E 
    968uS: 40 r 0F FE 
    756uS: 40 W 11 00 7E 
    967uS: 40 r 0F FE 
    770uS: 40 W 11 00 7E 
    976uS: 40 r 0F FE 
    750uS: 40 W 11 00 7E 
    973uS: 40 r 0F FE 
    778uS: 40 W 11 00 7E 
    970uS: 40 r 0F FE 
    768uS: 40 W 11 00 7E 
    971uS: 40 r 0F FE 
    873uS: 40 W 11 00 7E 
    973uS: 40 r 0F FE 
    757uS: 40 W 11 00 7E 
    974uS: 40 r 0F FE 
    752uS: 40 W 11 00 7E 
    971uS: 40 r 0F FE 
    747uS: 40 W 11 00 7E 
    969uS: 40 r 0F FE 
    781uS: 40 W 11 00 7E 
    966uS: 40 r 0F FE 
    768uS: 40 W 11 00 7E 
    971uS: 40 r 0F FE 
    749uS: 40 W 11 00 7E 
    969uS: 40 r 0F FE 
    744uS: 40 W 11 00 7E 
    972uS: 40 r 0F FE 
    753uS: 40 W 11 00 7E 
    977uS: 40 r 0F FE 
    746uS: 40 W 11 00 7E 
    981uS: 40 r 0F FE 
    747uS: 40 W 11 00 7E 
    970uS: 40 r 0F FE 
    747uS: 40 W 11 00 7E 
    974uS: 40 r 0F FE 
    750uS: 40 W 11 00 7E 
    972uS: 40 r 0F FE 
    747uS: 40 W 11 00 7E 
    971uS: 40 r 0F FE 
    746uS: 40 W 11 00 7E 
    968uS: 40 r 0F FE 
    759uS: 40 W 11 00 7E 
    979uS: 40 r 0F FE 
    775uS: 40 W 11 00 7E 
    967uS: 40 r 0F FE 
    750uS: 40 W 11 00 7E 
    970uS: 40 r 0F FE 
    748uS: 40 W 11 00 7E 
    971uS: 40 r 0F FE 
    749uS: 40 W 11 00 7E 
    970uS: 40 r 0F FE 
    744uS: 40 W 11 00 7E 
    969uS: 40 r 0F FE 
    746uS: 40 W 11 00 7E 
    985uS: 40 r 0F FE 
    755uS: 40 W 11 00 7E 
    972uS: 40 r 0F FE 
    749uS: 40 W 11 00 7E 
    973uS: 40 r 0F FE 
    754uS: 40 W 11 00 7E 
    974uS: 40 r 0F FE 
    760uS: 40 W 11 00 7E 
    969uS: 40 r 0F FE 
    744uS: 40 W 11 00 7E 
    974uS: 40 r 0F FE 
    866uS: 40 W 11 00 7E 
    967uS: 40 r 0F FE 
    754uS: 40 W 11 00 7E 
    971uS: 40 r 0F FE 
    766uS: 40 W 11 00 7E 
    977uS: 40 r 0F FE 
    744uS: 40 W 11 00 7E 
    972uS: 40 r 0F FE 
    748uS: 40 W 11 00 7E 
    970uS: 40 r 0F FE 
    750uS: 40 W 11 00 7E 
    967uS: 40 r 0F FE 
    781uS: 18 r 00 00 
    751uS: 40 W 11 00 7E 
    969uS: 40 r 0F FE 
    763uS: 40 W 11 00 7E 
    964uS: 40 r 0F FE 
    754uS: 40 W 11 00 7E 
    965uS: 40 r 0F FE 
    745uS: 40 W 11 00 7E 
    971uS: 40 r 0F FE 
    752uS: 40 W 11 00 7E 
    970uS: 40 r 0F FE 
    819uS: 40 W 11 00 7E 
    972uS: 40 r 00 00 
    751uS: 40 W 10 00 21 00 01 
  1.555mS: 40 W 12 00 08 02 30 
  1.550mS: 40 W 12 00 0A 02 30 
  1.552mS: 40 W 13 00 0D 
    972uS: 40 r 19 00 
    751uS: 40 W 13 00 13 
    970uS: 40 r 0C 00 
    774uS: 40 W 12 00 13 0D 00 
  1.545mS: 40 W 13 00 05 
    968uS: 40 r 00 00 
  1.737mS: 40 W 12 00 00 FF E0 
  1.557mS: 40 W 12 00 06 FF E0 
  1.552mS: 40 W 13 00 0D 
    970uS: 40 r 19 00 
    748uS: 40 W 12 00 0D 17 00 
121.853mS: 21 W 0A 
    497uS: 21 r 88 
    670uS: 21 W 0A 
    499uS: 21 r 88 
    552uS: 21 W 0A 8E 
    881uS: 21 W 0A 
    497uS: 21 r 8E 
    554uS: 21 W 0A 88 
    881uS: 21 W 0B 
    492uS: 21 r 48 
 15.768mS: 40 W 13 00 0E 
    970uS: 40 r 30 00 
    758uS: 40 W 13 00 0D 
    970uS: 40 r 17 00 
    748uS: 40 W 12 00 0D 19 00 
  1.545mS: 40 W 13 00 13 
    972uS: 40 r 0D 00 
 17.210mS: 21 W 08 68 
  1.487mS: 21 W 34 F2 
    839uS: 21 W 35 00 
    845uS: 21 W 36 2D 
  1.271mS: 21 W 88 D0 
    873uS: 21 W 91 08 
  1.052mS: 21 W 93 80 
  1.004mS: 21 W 98 0D 
  3.728mS: 44 W 
    364uS: 21 W 02 84 
    844uS: 21 W 09 
    495uS: 21 r C6 
    564uS: 21 W 09 53 
    863uS: 40 W 12 00 08 07 20 
  1.558mS: 40 W 12 00 09 07 20 
  1.688mS: 40 W 12 00 0B 07 20 
  1.675mS: 40 W 12 00 0A 01 20 
  1.613mS: 40 W 13 00 00 
    978uS: 40 r FF E0 
  1.009mS: 18 r 00 00 
172.681mS: 18 r 00 00 
199.586mS: 18 r 00 00 
199.572mS: 18 r 00 00 
200.644mS: 18 r 00 00 
206.548mS: 18 r 00 00 
 20.072mS: 40 W 13 00 00 
    972uS: 40 r FF E0 
  2.648mS: 21 W 09 
    506uS: 21 r 53 
 56.809mS: 21 W 09 
    507uS: 21 r 53 
 59.970mS: 61 W 1F E2 8E 30 
 57.084mS: 61 r 7C 
    567uS: 40 W 13 00 0E 
    985uS: 40 r 30 00 
    771uS: 40 W 10 00 20 00 01 
  1.715mS: 18 r 00 00 
 99.253mS: 40 W 11 00 7E 
    974uS: 40 r 0F FE 
    757uS: 40 W 11 00 7E 
    985uS: 40 r 0F FE 
    762uS: 40 W 11 00 7E 
    972uS: 40 r 0F FE 
    758uS: 40 W 11 00 7E 
    977uS: 40 r 0F FE 
    789uS: 40 W 11 00 7E 
    972uS: 40 r 0F FE 
    763uS: 40 W 11 00 7E 
    980uS: 40 r 0F FE 
    762uS: 40 W 11 00 7E 
    973uS: 40 r 0F FE 
    766uS: 40 W 11 00 7E 
    985uS: 40 r 0F FE 
    747uS: 40 W 11 00 7E 
    971uS: 40 r 0F FE 
    757uS: 40 W 11 00 7E 
    985uS: 40 r 0F FE 
    755uS: 40 W 11 00 7E 
    978uS: 40 r 0F FE 
    770uS: 40 W 11 00 7E 
    977uS: 40 r 0F FE 
    744uS: 40 W 11 00 7E 
    977uS: 40 r 0F FE 
    760uS: 40 W 11 00 7E 
    974uS: 40 r 0F FE 
    755uS: 40 W 11 00 7E 
    965uS: 40 r 0F FE 
    763uS: 40 W 11 00 7E 
    974uS: 40 r 0F FE 
    757uS: 40 W 11 00 7E 
    977uS: 40 r 0F FE 
    757uS: 40 W 11 00 7E 
    976uS: 40 r 0F FE 
    761uS: 40 W 11 00 7E 
    979uS: 40 r 0F FE 
    754uS: 40 W 11 00 7E 
    980uS: 40 r 0F FE 
    758uS: 40 W 11 00 7E 
    979uS: 40 r 0F FE 
    770uS: 40 W 11 00 7E 
    980uS: 40 r 0F FE 
    763uS: 40 W 11 00 7E 
    979uS: 40 r 0F FE 
    745uS: 40 W 11 00 7E 
    973uS: 40 r 0F FE 
    761uS: 40 W 11 00 7E 
    972uS: 40 r 0F FE 
    763uS: 40 W 11 00 7E 
    988uS: 40 r 0F FE 
    756uS: 40 W 11 00 7E 
    978uS: 40 r 0F FE 
    749uS: 40 W 11 00 7E 
    981uS: 40 r 0F FE 
    758uS: 40 W 11 00 7E 
    971uS: 40 r 0F FE 
    763uS: 40 W 11 00 7E 
    967uS: 40 r 0F FE 
    904uS: 40 W 11 00 7E 
    974uS: 40 r 0F FE 
    766uS: 40 W 11 00 7E 
    979uS: 40 r 0F FE 
    762uS: 40 W 11 00 7E 
    977uS: 40 r 0F FE 
    758uS: 40 W 11 00 7E 
    980uS: 40 r 0F FE 
    750uS: 40 W 11 00 7E 
    966uS: 40 r 0F FE 
    760uS: 40 W 11 00 7E 
    978uS: 40 r 0F FE 
    760uS: 40 W 11 00 7E 
    982uS: 40 r 0F FE 
    760uS: 40 W 11 00 7E 
    976uS: 40 r 0F FE 
    758uS: 40 W 11 00 7E 
    974uS: 40 r 0F FE 
    755uS: 40 W 11 00 7E 
    980uS: 40 r 0F FE 
    765uS: 40 W 11 00 7E 
    980uS: 40 r 0F FE 
    755uS: 40 W 11 00 7E 
    980uS: 40 r 0F FE 
    747uS: 40 W 11 00 7E 
    984uS: 40 r 0F FE 
    757uS: 40 W 11 00 7E 
    972uS: 40 r 0F FE 
    759uS: 40 W 11 00 7E 
    985uS: 40 r 0F FE 
    760uS: 40 W 11 00 7E 
    985uS: 40 r 0F FE 
    756uS: 40 W 11 00 7E 
    971uS: 40 r 0F FE 
    757uS: 40 W 11 00 7E 
    984uS: 40 r 0F FE 
    755uS: 40 W 11 00 7E 
    976uS: 40 r 0F FE 
    763uS: 40 W 11 00 7E 
    980uS: 40 r 0F FE 
    765uS: 40 W 11 00 7E 
    981uS: 40 r 0F FE 
    749uS: 40 W 11 00 7E 
    980uS: 40 r 0F FE 
    761uS: 40 W 11 00 7E 
    973uS: 40 r 0F FE 
    760uS: 40 W 11 00 7E 
    976uS: 40 r 0F FE 
    757uS: 40 W 11 00 7E 
    975uS: 40 r 0F FE 
    761uS: 40 W 11 00 7E 
    974uS: 40 r 0F FE 
    760uS: 40 W 11 00 7E 
    981uS: 40 r 0F FE 
    752uS: 40 W 11 00 7E 
    974uS: 40 r 0F FE 
    765uS: 40 W 11 00 7E 
    983uS: 40 r 0F FE 
    773uS: 40 W 11 00 7E 
    980uS: 40 r 0F FE 
    754uS: 40 W 11 00 7E 
    977uS: 40 r 0F FE 
    766uS: 40 W 11 00 7E 
    979uS: 40 r 0F FE 
    789uS: 40 W 11 00 7E 
    977uS: 40 r 00 00 
    764uS: 40 W 10 00 21 00 01 
  1.561mS: 40 W 10 00 20 00 01 
  1.615mS: 18 r 00 00 
 99.803mS: 40 W 11 00 7E 
    988uS: 40 r 0F FE 
    753uS: 40 W 11 00 7E 
    977uS: 40 r 0F FE 
    748uS: 40 W 11 00 7E 
    977uS: 40 r 0F FE 
    754uS: 40 W 11 00 7E 
    980uS: 40 r 0F FE 
    765uS: 40 W 11 00 7E 
    976uS: 40 r 0F FE 
    763uS: 40 W 11 00 7E 
    972uS: 40 r 0F FE 
    757uS: 40 W 11 00 7E 
    972uS: 40 r 0F FE 
    755uS: 40 W 11 00 7E 
    975uS: 40 r 0F FE 
    752uS: 40 W 11 00 7E 
    971uS: 40 r 0F FE 
    761uS: 40 W 11 00 7E 
    980uS: 40 r 0F FE 
    760uS: 40 W 11 00 7E 
    983uS: 40 r 0F FE 
    757uS: 40 W 11 00 7E 
    988uS: 40 r 0F FE 
    748uS: 40 W 11 00 7E 
    967uS: 40 r 0F FE 
    757uS: 40 W 11 00 7E 
    974uS: 40 r 0F FE 
    768uS: 40 W 11 00 7E 
    978uS: 40 r 0F FE 
    756uS: 40 W 11 00 7E 
    974uS: 40 r 0F FE 
    756uS: 40 W 11 00 7E 
    975uS: 40 r 0F FE 
    762uS: 40 W 11 00 7E 
    982uS: 40 r 0F FE 
    757uS: 40 W 11 00 7E 
    977uS: 40 r 0F FE 
    753uS: 40 W 11 00 7E 
    979uS: 40 r 0F FE 
    750uS: 40 W 11 00 7E 
    977uS: 40 r 0F FE 
    756uS: 40 W 11 00 7E 
    974uS: 40 r 0F FE 
    761uS: 40 W 11 00 7E 
    981uS: 40 r 0F FE 
    760uS: 40 W 11 00 7E 
    978uS: 40 r 0F FE 
    760uS: 40 W 11 00 7E 
    982uS: 40 r 0F FE 
    758uS: 40 W 11 00 7E 
    975uS: 40 r 0F FE 
    753uS: 40 W 11 00 7E 
    985uS: 40 r 0F FE 
    747uS: 40 W 11 00 7E 
    968uS: 40 r 0F FE 
    753uS: 40 W 11 00 7E 
    966uS: 40 r 0F FE 
    768uS: 40 W 11 00 7E 
    977uS: 40 r 0F FE 
    747uS: 40 W 11 00 7E 
    980uS: 40 r 0F FE 
    758uS: 40 W 11 00 7E 
    978uS: 40 r 0F FE 
    753uS: 40 W 11 00 7E 
    971uS: 40 r 0F FE 
    773uS: 40 W 11 00 7E 
    976uS: 40 r 0F FE 
    749uS: 40 W 11 00 7E 
    979uS: 40 r 0F FE 
    757uS: 40 W 11 00 7E 
    985uS: 40 r 0F FE 
    770uS: 40 W 11 00 7E 
    980uS: 40 r 0F FE 
    773uS: 40 W 11 00 7E 
    970uS: 40 r 0F FE 
    833uS: 40 W 11 00 7E 
    978uS: 40 r 0F FE 
    753uS: 40 W 11 00 7E 
    981uS: 40 r 0F FE 
    757uS: 40 W 11 00 7E 
    971uS: 40 r 0F FE 
    766uS: 40 W 11 00 7E 
    977uS: 40 r 0F FE 
    758uS: 40 W 11 00 7E 
    983uS: 40 r 0F FE 
    747uS: 40 W 11 00 7E 
    984uS: 40 r 0F FE 
    760uS: 40 W 11 00 7E 
    977uS: 40 r 0F FE 
    758uS: 40 W 11 00 7E 
    974uS: 40 r 0F FE 
    754uS: 40 W 11 00 7E 
    978uS: 40 r 0F FE 
    758uS: 40 W 11 00 7E 
    982uS: 40 r 0F FE 
    763uS: 40 W 11 00 7E 
    976uS: 40 r 0F FE 
    750uS: 40 W 11 00 7E 
    972uS: 40 r 0F FE 
    755uS: 40 W 11 00 7E 
    981uS: 40 r 0F FE 
    760uS: 40 W 11 00 7E 
    981uS: 40 r 0F FE 
    768uS: 40 W 11 00 7E 
    981uS: 40 r 0F FE 
    755uS: 40 W 11 00 7E 
    978uS: 40 r 0F FE 
    758uS: 40 W 11 00 7E 
    972uS: 40 r 0F FE 
    784uS: 40 W 11 00 7E 
    977uS: 40 r 0F FE 
    771uS: 40 W 11 00 7E 
    985uS: 40 r 0F FE 
    760uS: 40 W 11 00 7E 
    982uS: 40 r 0F FE 
    838uS: 40 W 11 00 7E 
    977uS: 40 r 0F FE 
    762uS: 40 W 11 00 7E 
    974uS: 40 r 0F FE 
    760uS: 40 W 11 00 7E 
    979uS: 40 r 0F FE 
    750uS: 40 W 11 00 7E 
    980uS: 40 r 0F FE 
    768uS: 40 W 11 00 7E 
    975uS: 40 r 00 00 
    752uS: 40 W 10 00 21 00 01 
  1.555mS: 40 W 12 00 08 02 30 
  1.550mS: 40 W 12 00 0A 02 30 
  1.558mS: 40 W 13 00 0D 
    977uS: 40 r 19 00 
    758uS: 40 W 13 00 13 
    972uS: 40 r 0D 00 
    766uS: 40 W 13 00 05 
    978uS: 40 r 00 00 
  1.143mS: 21 W 88 00 
    844uS: 21 W 88 F0 
    945uS: 21 W 08 28 
    908uS: 21 W 09 
    494uS: 21 r 53 
    648uS: 21 W C4 00 
    949uS: 21 W CA 20 
    849uS: 21 W CB 01 
    844uS: 21 W CE 20 
    842uS: 21 W CF 01 
    949uS: 21 W 94 00 
    944uS: 21 W 98 0A 
    876uS: 21 W 9A 03 
    871uS: 21 W 9C D0 
    860uS: 21 W 9D 02 
 76.710mS: 21 W 88 D0 
    812uS: 21 W 91 48 
    818uS: 21 W 93 84 
    852uS: 21 W 88 F0 
 16.375mS: 21 W 98 05 
    820uS: 21 W 9A 02 
    983uS: 21 W 90 00 
 47.408mS: 18 r 00 00 
    771uS: 21 W 9D 05 
    962uS: 21 W 9C A0 
  1.124mS: 21 W 88 00 
    839uS: 21 W 88 F0 
    852uS: 21 W 30 00 
    842uS: 21 W 31 C0 
    834uS: 21 W 32 03 
    847uS: 21 W 34 CE 
    838uS: 21 W 35 FB 
    857uS: 21 W 36 30 
  1.258mS: 18 r 00 00 
 21.138mS: 21 W 87 00 
  1.851mS: 21 W 88 D0 
    865uS: 21 W 88 F0 
 99.101mS: 21 W 87 01 
 72.022mS: 18 r 00 00 
200.600mS: 18 r 00 00 
205.314mS: 18 r 00 00 
193.868mS: 18 r 00 00 
207.654mS: 18 r 00 00 
198.524mS: 18 r 00 00 
203.242mS: 18 r 00 00 
143.741mS: 40 W 13 00 0E 
    979uS: 40 r 30 03 
    876uS: 40 W 10 00 20 00 01 
 47.318mS: 18 r 00 00 
 54.104mS: 40 W 11 00 7E 
    967uS: 40 r 0F FE 
    776uS: 40 W 11 00 7E 
    978uS: 40 r 0F FE 
    814uS: 40 W 11 00 7E 
    975uS: 40 r 0F FE 
    759uS: 40 W 11 00 7E 
    982uS: 40 r 0F FE 
    760uS: 40 W 11 00 7E 
    972uS: 40 r 0F FE 
    754uS: 40 W 11 00 7E 
    982uS: 40 r 0F FE 
    760uS: 40 W 11 00 7E 
    975uS: 40 r 0F FE 
    786uS: 40 W 11 00 7E 
    987uS: 40 r 0F FE 
    791uS: 40 W 11 00 7E 
    982uS: 40 r 0F FE 
    874uS: 40 W 11 00 7E 
    990uS: 40 r 0F FE 
    760uS: 40 W 11 00 7E 
    972uS: 40 r 0F FE 
    778uS: 40 W 11 00 7E 
    981uS: 40 r 0F FE 
    760uS: 40 W 11 00 7E 
    988uS: 40 r 0F FE 
    846uS: 40 W 11 00 7E 
  1.083mS: 40 r 0F FE 
  1.191mS: 40 W 11 00 7E 
    977uS: 40 r 0F FE 
    807uS: 40 W 11 00 7E 
    978uS: 40 r 0F FE 
  1.318mS: 40 W 11 00 7E 
    967uS: 40 r 0F FE 
    784uS: 40 W 11 00 7E 
    972uS: 40 r 0F FE 
    881uS: 40 W 11 00 7E 
    985uS: 40 r 0F FE 
  1.061mS: 40 W 11 00 7E 
    980uS: 40 r 0F FE 
    762uS: 40 W 11 00 7E 
    982uS: 40 r 0F FE 
    837uS: 40 W 11 00 7E 
    982uS: 40 r 0F FE 
    752uS: 40 W 11 00 7E 
    971uS: 40 r 0F FE 
    749uS: 40 W 11 00 7E 
    978uS: 40 r 0F FE 
    762uS: 40 W 11 00 7E 
    977uS: 40 r 0F FE 
    758uS: 40 W 11 00 7E 
    985uS: 40 r 0F FE 
    770uS: 40 W 11 00 7E 
    975uS: 40 r 0F FE 
    765uS: 40 W 11 00 7E 
    982uS: 40 r 0F FE 
    885uS: 40 W 11 00 7E 
    968uS: 40 r 0F FE 
    776uS: 40 W 11 00 7E 
    973uS: 40 r 0F FE 
    769uS: 40 W 11 00 7E 
    975uS: 40 r 0F FE 
    752uS: 40 W 11 00 7E 
    981uS: 40 r 0F FE 
    757uS: 40 W 11 00 7E 
    984uS: 40 r 0F FE 
    755uS: 40 W 11 00 7E 
    983uS: 40 r 0F FE 
    768uS: 40 W 11 00 7E 
    977uS: 40 r 0F FE 
    803uS: 40 W 11 00 7E 
    980uS: 40 r 0F FE 
    778uS: 40 W 11 00 7E 
    977uS: 40 r 0F FE 
    873uS: 40 W 11 00 7E 
  1.066mS: 40 r 0F FE 
  1.323mS: 40 W 11 00 7E 
    980uS: 40 r 0F FE 
    784uS: 40 W 11 00 7E 
    972uS: 40 r 0F FE 
    755uS: 40 W 11 00 7E 
    972uS: 40 r 0F FE 
  1.189mS: 40 W 11 00 7E 
    982uS: 40 r 0F FE 
    761uS: 40 W 11 00 7E 
    972uS: 40 r 0F FE 
    757uS: 40 W 11 00 7E 
    976uS: 40 r 0F FE 
    805uS: 40 W 11 00 7E 
    973uS: 40 r 0F FE 
    771uS: 40 W 11 00 7E 
    980uS: 40 r 0F FE 
    779uS: 40 W 11 00 7E 
    972uS: 40 r 0F FE 
    946uS: 40 W 11 00 7E 
    976uS: 40 r 0F FE 
    749uS: 40 W 11 00 7E 
    980uS: 40 r 0F FE 
    760uS: 40 W 11 00 7E 
    975uS: 40 r 0F FE 
    759uS: 40 W 11 00 7E 
    970uS: 40 r 0F FE 
    760uS: 40 W 11 00 7E 
    977uS: 40 r 0F FE 
    753uS: 40 W 11 00 7E 
    985uS: 40 r 0F FE 
    765uS: 40 W 11 00 7E 
    980uS: 40 r 0F FE 
    809uS: 40 W 11 00 7E 
    980uS: 40 r 0F FE 
    771uS: 40 W 11 00 7E 
    974uS: 40 r 0F FE 
    776uS: 40 W 11 00 7E 
    978uS: 40 r 0F FE 
    840uS: 40 W 11 00 7E 
    974uS: 40 r 0F FE 
    755uS: 40 W 11 00 7E 
    975uS: 40 r 0F FE 
    757uS: 40 W 11 00 7E 
    975uS: 40 r 0F FE 
    749uS: 40 W 11 00 7E 
    980uS: 40 r 00 00 
    804uS: 40 W 10 00 21 00 01 
  1.566mS: 40 W 10 00 20 00 01 
 33.994mS: 18 r 00 00 
 67.189mS: 40 W 11 00 7E 
    980uS: 40 r 0F FE 
    771uS: 40 W 11 00 7E 
    978uS: 40 r 0F FE 
    771uS: 40 W 11 00 7E 
    966uS: 40 r 0F FE 
  1.599mS: 40 W 11 00 7E 
    979uS: 40 r 0F FE 
  9.394mS: 40 W 11 00 7E 
    975uS: 40 r 0F FE 
    774uS: 40 W 11 00 7E 
    982uS: 40 r 0F FE 
    849uS: 40 W 11 00 7E 
    969uS: 40 r 0F FE 
  1.466mS: 40 W 11 00 7E 
    979uS: 40 r 0F FE 
    792uS: 40 W 11 00 7E 
    976uS: 40 r 0F FE 
    762uS: 40 W 11 00 7E 
    965uS: 40 r 0F FE 
  1.984mS: 40 W 11 00 7E 
    978uS: 40 r 0F FE 
    878uS: 40 W 11 00 7E 
  1.089mS: 40 r 0F FE 
  2.474mS: 40 W 11 00 7E 
    980uS: 40 r 0F FE 
    765uS: 40 W 11 00 7E 
    971uS: 40 r 0F FE 
    755uS: 40 W 11 00 7E 
    978uS: 40 r 0F FE 
  1.328mS: 40 W 11 00 7E 
    978uS: 40 r 0F FE 
    751uS: 40 W 11 00 7E 
    980uS: 40 r 0F FE 
  2.338mS: 40 W 11 00 7E 
    979uS: 40 r 0F FE 
    752uS: 40 W 11 00 7E 
    979uS: 40 r 0F FE 
  1.445mS: 40 W 11 00 7E 
    977uS: 40 r 0F FE 
    772uS: 40 W 11 00 7E 
    977uS: 40 r 0F FE 
  1.687mS: 40 W 11 00 7E 
    982uS: 40 r 0F FE 
    864uS: 40 W 11 00 7E 
    980uS: 40 r 0F FE 
    764uS: 40 W 11 00 7E 
    969uS: 40 r 0F FE 
  1.220mS: 40 W 11 00 7E 
    985uS: 40 r 0F FE 
    756uS: 40 W 11 00 7E 
    973uS: 40 r 0F FE 
  2.306mS: 40 W 11 00 7E 
    984uS: 40 r 0F FE 
    758uS: 40 W 11 00 7E 
    978uS: 40 r 0F FE 
  1.552mS: 40 W 11 00 7E 
    980uS: 40 r 0F FE 
    771uS: 40 W 11 00 7E 
    976uS: 40 r 0F FE 
  9.696mS: 40 W 11 00 7E 
    982uS: 40 r 0F FE 
    757uS: 40 W 11 00 7E 
    979uS: 40 r 0F FE 
    801uS: 40 W 11 00 7E 
    975uS: 40 r 0F FE 
  1.965mS: 40 W 11 00 7E 
    985uS: 40 r 0F FE 
    784uS: 40 W 11 00 7E 
    977uS: 40 r 0F FE 
  2.373mS: 40 W 11 00 7E 
    974uS: 40 r 0F FE 
    783uS: 40 W 11 00 7E 
    979uS: 40 r 0F FE 
  1.663mS: 40 W 11 00 7E 
    990uS: 40 r 0F FE 
    904uS: 40 W 11 00 7E 
    980uS: 40 r 0F FE 
    761uS: 40 W 11 00 7E 
    973uS: 40 r 0F FE 
  1.799mS: 40 W 11 00 7E 
    970uS: 40 r 0F FE 
    802uS: 40 W 11 00 7E 
    981uS: 40 r 0F FE 
  1.882mS: 40 W 11 00 7E 
    975uS: 40 r 00 00 
    780uS: 40 W 10 00 21 00 01 
  2.679mS: 40 W 13 00 0D 
    977uS: 40 r 19 00 
    977uS: 40 W 13 00 13 
    985uS: 40 r 0D 00 
  1.013mS: 40 W 13 00 05 
    980uS: 40 r 00 00 
102.862mS: 18 r 00 00 
131.244mS: 18 r 00 00 
182.802mS: 18 r 00 00 
209.980mS: 18 r 00 00 
191.904mS: 18 r 00 00 
198.867mS: 18 r 00 00 
197.574mS: 18 r 00 00 
200.585mS: 18 r 00 00 
158.505mS: 40 W 11 00 23 
    980uS: 40 r 08 00 
    820uS: 40 W 13 00 0E 
    979uS: 40 r 30 03 
    771uS: 40 W 13 00 0D 
    976uS: 40 r 19 00 
    779uS: 40 W 13 00 13 
    978uS: 40 r 0D 00 
 43.808mS: 18 r 00 00 
194.648mS: 18 r 00 00 
208.835mS: 18 r 00 00 
191.475mS: 18 r 00 00 
200.225mS: 18 r 00 00 
203.729mS: 18 r 00 00 
206.249mS: 18 r 00 00 
195.942mS: 18 r 00 00 
195.695mS: 18 r 00 00 
201.413mS: 18 r 00 00 
145.529mS: 40 W 11 00 23 
    985uS: 40 r 08 00 
 49.090mS: 18 r 00 00 
201.574mS: 18 r 00 00 
199.584mS: 18 r 00 00 
217.421mS: 18 r 00 00 
194.258mS: 18 r 00 00 
194.077mS: 18 r 00 00 
200.605mS: 18 r 00 00 
200.602mS: 18 r 00 00 
197.548mS: 18 r 00 00 
199.579mS: 18 r 00 00 
149.801mS: 40 W 11 00 23 
    986uS: 40 r 08 00 
 71.983mS: 18 r 00 00 
184.601mS: 18 r 00 00 
202.087mS: 18 r 00 00 
195.382mS: 18 r 00 00 
217.134mS: 18 r 00 00 
176.541mS: 18 r 00 00 
204.611mS: 18 r 00 00 
168.958mS: 21 W 09 
    505uS: 21 r 53 
    608uS: 40 W 12 00 08 07 20 
  1.665mS: 40 W 12 00 0A 01 20 
 12.872mS: 21 W 09 
    499uS: 21 r 53 
 20.713mS: 18 r 00 00 
191.290mS: 18 r 00 00 
194.531mS: 21 W 87 00 
 11.058mS: 18 r 00 00 
 50.109mS: 61 W 8E 30 1F E2 
 57.141mS: 61 r 7C 
    565uS: 40 W 13 00 0E 
    984uS: 40 r 30 03 
    771uS: 40 W 10 00 20 00 01 
 88.957mS: 18 r 00 00 
 12.021mS: 40 W 11 00 7E 
    977uS: 40 r 0F FE 
    750uS: 40 W 11 00 7E 
    980uS: 40 r 0F FE 
    754uS: 40 W 11 00 7E 
    982uS: 40 r 0F FE 
    756uS: 40 W 11 00 7E 
    970uS: 40 r 0F FE 
    748uS: 40 W 11 00 7E 
    979uS: 40 r 0F FE 
    753uS: 40 W 11 00 7E 
    983uS: 40 r 0F FE 
    758uS: 40 W 11 00 7E 
    975uS: 40 r 0F FE 
    771uS: 40 W 11 00 7E 
    977uS: 40 r 0F FE 
    752uS: 40 W 11 00 7E 
    968uS: 40 r 0F FE 
    757uS: 40 W 11 00 7E 
    979uS: 40 r 0F FE 
    750uS: 40 W 11 00 7E 
    983uS: 40 r 0F FE 
    760uS: 40 W 11 00 7E 
    979uS: 40 r 0F FE 
    750uS: 40 W 11 00 7E 
    973uS: 40 r 0F FE 
    749uS: 40 W 11 00 7E 
    974uS: 40 r 0F FE 
    757uS: 40 W 11 00 7E 
    983uS: 40 r 0F FE 
    750uS: 40 W 11 00 7E 
    982uS: 40 r 0F FE 
    763uS: 40 W 11 00 7E 
    980uS: 40 r 0F FE 
    760uS: 40 W 11 00 7E 
    973uS: 40 r 0F FE 
    753uS: 40 W 11 00 7E 
    973uS: 40 r 0F FE 
    752uS: 40 W 11 00 7E 
    980uS: 40 r 0F FE 
    750uS: 40 W 11 00 7E 
    977uS: 40 r 0F FE 
    757uS: 40 W 11 00 7E 
    980uS: 40 r 0F FE 
    757uS: 40 W 11 00 7E 
    977uS: 40 r 0F FE 
    757uS: 40 W 11 00 7E 
    978uS: 40 r 0F FE 
    760uS: 40 W 11 00 7E 
    977uS: 40 r 0F FE 
    754uS: 40 W 11 00 7E 
    973uS: 40 r 0F FE 
    773uS: 40 W 11 00 7E 
    976uS: 40 r 0F FE 
    757uS: 40 W 11 00 7E 
    977uS: 40 r 0F FE 
    752uS: 40 W 11 00 7E 
    977uS: 40 r 0F FE 
    755uS: 40 W 11 00 7E 
    972uS: 40 r 0F FE 
    744uS: 40 W 11 00 7E 
    984uS: 40 r 0F FE 
    757uS: 40 W 11 00 7E 
    978uS: 40 r 0F FE 
    757uS: 40 W 11 00 7E 
    976uS: 40 r 0F FE 
    751uS: 40 W 11 00 7E 
    980uS: 40 r 0F FE 
    763uS: 40 W 11 00 7E 
    975uS: 40 r 0F FE 
    780uS: 40 W 11 00 7E 
    985uS: 40 r 0F FE 
    846uS: 40 W 11 00 7E 
    975uS: 40 r 0F FE 
    755uS: 40 W 11 00 7E 
    975uS: 40 r 0F FE 
    751uS: 40 W 11 00 7E 
    974uS: 40 r 0F FE 
    763uS: 40 W 11 00 7E 
    974uS: 40 r 0F FE 
    758uS: 40 W 11 00 7E 
    969uS: 40 r 0F FE 
    761uS: 40 W 11 00 7E 
    975uS: 40 r 0F FE 
    752uS: 40 W 11 00 7E 
    985uS: 40 r 0F FE 
    750uS: 40 W 11 00 7E 
    977uS: 40 r 0F FE 
    770uS: 40 W 11 00 7E 
    977uS: 40 r 0F FE 
    786uS: 40 W 11 00 7E 
    972uS: 40 r 0F FE 
    832uS: 40 W 11 00 7E 
    966uS: 40 r 0F FE 
    787uS: 40 W 11 00 7E 
    979uS: 40 r 0F FE 
    758uS: 40 W 11 00 7E 
    976uS: 40 r 0F FE 
    759uS: 40 W 11 00 7E 
    972uS: 40 r 0F FE 
    757uS: 40 W 11 00 7E 
    980uS: 40 r 0F FE 
    758uS: 40 W 11 00 7E 
    983uS: 40 r 0F FE 
    758uS: 40 W 11 00 7E 
    985uS: 40 r 0F FE 
    753uS: 40 W 11 00 7E 
    978uS: 40 r 0F FE 
    769uS: 40 W 11 00 7E 
    974uS: 40 r 0F FE 
    781uS: 40 W 11 00 7E 
    982uS: 40 r 0F FE 
    833uS: 40 W 11 00 7E 
    986uS: 40 r 0F FE 
    750uS: 40 W 11 00 7E 
    977uS: 40 r 0F FE 
    752uS: 40 W 11 00 7E 
    979uS: 40 r 0F FE 
    762uS: 40 W 11 00 7E 
    979uS: 40 r 0F FE 
    757uS: 40 W 11 00 7E 
    975uS: 40 r 0F FE 
    750uS: 40 W 11 00 7E 
    980uS: 40 r 0F FE 
    758uS: 40 W 11 00 7E 
    974uS: 40 r 00 00 
    758uS: 40 W 10 00 21 00 01 
  1.576mS: 40 W 10 00 20 00 01 
 81.370mS: 18 r 00 00 
 20.050mS: 40 W 11 00 7E 
    970uS: 40 r 0F FE 
    750uS: 40 W 11 00 7E 
    967uS: 40 r 0F FE 
    778uS: 40 W 11 00 7E 
    980uS: 40 r 0F FE 
    766uS: 40 W 11 00 7E 
    975uS: 40 r 0F FE 
    835uS: 40 W 11 00 7E 
    981uS: 40 r 0F FE 
    750uS: 40 W 11 00 7E 
    977uS: 40 r 0F FE 
    755uS: 40 W 11 00 7E 
    973uS: 40 r 0F FE 
    761uS: 40 W 11 00 7E 
    971uS: 40 r 0F FE 
    752uS: 40 W 11 00 7E 
    979uS: 40 r 0F FE 
    770uS: 40 W 11 00 7E 
    981uS: 40 r 0F FE 
    753uS: 40 W 11 00 7E 
    978uS: 40 r 0F FE 
    748uS: 40 W 11 00 7E 
    981uS: 40 r 0F FE 
    753uS: 40 W 11 00 7E 
    974uS: 40 r 0F FE 
    759uS: 40 W 11 00 7E 
    978uS: 40 r 0F FE 
    755uS: 40 W 11 00 7E 
    974uS: 40 r 0F FE 
    761uS: 40 W 11 00 7E 
    974uS: 40 r 0F FE 
    747uS: 40 W 11 00 7E 
    974uS: 40 r 0F FE 
    761uS: 40 W 11 00 7E 
    967uS: 40 r 0F FE 
    763uS: 40 W 11 00 7E 
    975uS: 40 r 0F FE 
    771uS: 40 W 11 00 7E 
    972uS: 40 r 0F FE 
    762uS: 40 W 11 00 7E 
    981uS: 40 r 0F FE 
    756uS: 40 W 11 00 7E 
    980uS: 40 r 0F FE 
    760uS: 40 W 11 00 7E 
    979uS: 40 r 0F FE 
    749uS: 40 W 11 00 7E 
    979uS: 40 r 0F FE 
    755uS: 40 W 11 00 7E 
    980uS: 40 r 0F FE 
    761uS: 40 W 11 00 7E 
    977uS: 40 r 0F FE 
    755uS: 40 W 11 00 7E 
    978uS: 40 r 0F FE 
    748uS: 40 W 11 00 7E 
    984uS: 40 r 0F FE 
    770uS: 40 W 11 00 7E 
    974uS: 40 r 0F FE 
    757uS: 40 W 11 00 7E 
    976uS: 40 r 0F FE 
    753uS: 40 W 11 00 7E 
    978uS: 40 r 0F FE 
    748uS: 40 W 11 00 7E 
    974uS: 40 r 0F FE 
    759uS: 40 W 11 00 7E 
    980uS: 40 r 0F FE 
    750uS: 40 W 11 00 7E 
    976uS: 40 r 0F FE 
    747uS: 40 W 11 00 7E 
    980uS: 40 r 0F FE 
    760uS: 40 W 11 00 7E 
    988uS: 40 r 0F FE 
    759uS: 40 W 11 00 7E 
    978uS: 40 r 0F FE 
    754uS: 40 W 11 00 7E 
    975uS: 40 r 0F FE 
    761uS: 40 W 11 00 7E 
    983uS: 40 r 0F FE 
    755uS: 40 W 11 00 7E 
    974uS: 40 r 0F FE 
    786uS: 40 W 11 00 7E 
    977uS: 40 r 0F FE 
    763uS: 40 W 11 00 7E 
    982uS: 40 r 0F FE 
    750uS: 40 W 11 00 7E 
    977uS: 40 r 0F FE 
    757uS: 40 W 11 00 7E 
    970uS: 40 r 0F FE 
    757uS: 40 W 11 00 7E 
    979uS: 40 r 0F FE 
    766uS: 40 W 11 00 7E 
    968uS: 40 r 0F FE 
    754uS: 40 W 11 00 7E 
    985uS: 40 r 0F FE 
    771uS: 40 W 11 00 7E 
    983uS: 40 r 0F FE 
    753uS: 40 W 11 00 7E 
    977uS: 40 r 0F FE 
    755uS: 40 W 11 00 7E 
    980uS: 40 r 0F FE 
    749uS: 40 W 11 00 7E 
    984uS: 40 r 0F FE 
    754uS: 40 W 11 00 7E 
    973uS: 40 r 0F FE 
    758uS: 40 W 11 00 7E 
    979uS: 40 r 0F FE 
    755uS: 40 W 11 00 7E 
    975uS: 40 r 0F FE 
    761uS: 40 W 11 00 7E 
    973uS: 40 r 0F FE 
    754uS: 40 W 11 00 7E 
    969uS: 40 r 0F FE 
    758uS: 40 W 11 00 7E 
    979uS: 40 r 0F FE 
    765uS: 40 W 11 00 7E 
    983uS: 40 r 0F FE 
    754uS: 40 W 11 00 7E 
    977uS: 40 r 0F FE 
    756uS: 40 W 11 00 7E 
    973uS: 40 r 0F FE 
    747uS: 40 W 11 00 7E 
    974uS: 40 r 0F FE 
    751uS: 40 W 11 00 7E 
    971uS: 40 r 0F FE 
    761uS: 40 W 11 00 7E 
    980uS: 40 r 00 00 
    756uS: 40 W 10 00 21 00 01 
  1.549mS: 40 W 12 00 08 02 30 
  1.558mS: 40 W 12 00 0A 02 30 
  1.555mS: 40 W 13 00 0D 
    977uS: 40 r 19 00 
    779uS: 40 W 13 00 13 
    968uS: 40 r 0D 00 
    753uS: 40 W 13 00 05 
    977uS: 40 r 00 00 
  9.970mS: 21 W 88 D0 
    870uS: 21 W 88 F0 
 99.089mS: 21 W 87 01 
  4.494mS: 18 r 00 00 
204.345mS: 18 r 00 00 
195.701mS: 18 r 00 00 
309.153mS: 18 r 00 00 
113.921mS: 18 r 00 00 
198.462mS: 18 r 00 00 
184.858mS: 18 r 00 00 
216.132mS: 18 r 00 00 
 69.601mS: 40 W 11 00 23 
    978uS: 40 r 08 00 
    769uS: 40 W 13 00 0E 
    988uS: 40 r 30 03 
    760uS: 40 W 13 00 0D 
    978uS: 40 r 19 00 
    759uS: 40 W 13 00 13 
    976uS: 40 r 0D 00 
116.239mS: 18 r 00 00 
205.618mS: 18 r 00 00 
188.793mS: 18 r 00 00 
 66.713mS: 21 W 02 88 
    928uS: 21 W 09 
    507uS: 21 r 53 
    615uS: 21 W 09 C6 
  1.028mS: 21 W 02 80 
    837uS: 21 W 09 
    508uS: 21 r C6 
  3.237mS: 21 W 09 56 
    873uS: 40 W 13 00 13 
    972uS: 40 r 0D 00 
    764uS: 40 W 12 00 13 0C 00 
  3.187mS: 40 W 12 00 08 07 20 
  1.581mS: 40 W 12 00 0A 02 20 
  2.759mS: 40 W 13 00 0D 
    978uS: 40 r 19 00 
    763uS: 40 W 12 00 0D 17 00 
  2.080mS: 21 W 09 
    499uS: 21 r 56 
109.382mS: 18 r 00 00 
200.576mS: 18 r 00 00 
199.542mS: 18 r 00 00 
203.390mS: 18 r 00 00 
191.845mS: 18 r 00 00 
205.594mS: 18 r 00 00 
199.924mS: 18 r 00 00 
197.202mS: 18 r 00 00 
199.720mS: 18 r 00 00 
160.621mS: 21 W 02 88 
    873uS: 21 W 09 
    497uS: 21 r 56 
    585uS: 21 W 09 C6 
  1.010mS: 21 W 02 80 
    845uS: 21 W 09 
    497uS: 21 r C6 
    562uS: 21 W 09 56 
    850uS: 40 W 13 00 13 
    979uS: 40 r 0C 00 
    752uS: 40 W 13 00 0D 
    988uS: 40 r 17 00 
  2.220mS: 21 W 09 
    499uS: 21 r 56 
 28.603mS: 18 r 00 00 
198.607mS: 18 r 00 00 
200.565mS: 18 r 00 00 
199.594mS: 18 r 00 00 
199.564mS: 18 r 00 00 
207.577mS: 18 r 00 00 
199.247mS: 18 r 00 00 
201.056mS: 18 r 00 00 
220.636mS: 18 r 00 00 
200.567mS: 18 r 00 00 
199.904mS: 18 r 00 00 
198.872mS: 18 r 00 00 
201.875mS: 18 r 00 00 
199.044mS: 18 r 00 00 
198.519mS: 18 r 00 00 
202.660mS: 18 r 00 00 
176.742mS: 18 r 00 00 
200.590mS: 18 r 00 00 
197.565mS: 18 r 00 00 
200.571mS: 18 r 00 00 
200.430mS: 18 r 00 00 
222.626mS: 18 r 00 00 
200.418mS: 18 r 00 00 
200.142mS: 18 r 00 00 
178.296mS: 18 r 00 00 
199.583mS: 18 r 00 00 
221.806mS: 18 r 00 00 
199.521mS: 18 r 00 00 
199.272mS: 18 r 00 00 
201.662mS: 18 r 00 00 
200.074mS: 18 r 00 00 
199.198mS: 18 r 00 00 
199.567mS: 18 r 00 00 
200.938mS: 18 r 00 00 
193.860mS: 18 r 00 00 
205.213mS: 18 r 00 00 
200.182mS: 18 r 00 00 
199.965mS: 18 r 00 00 
201.848mS: 18 r 00 00 
199.728mS: 18 r 00 00 
197.667mS: 18 r 00 00 
200.315mS: 18 r 00 00 
201.148mS: 18 r 00 00 
198.337mS: 18 r 00 00 
201.020mS: 18 r 00 00 
188.103mS: 18 r 00 00 
233.758mS: 21 W 87 00 
 67.198mS: 21 W 88 D0 
    864uS: 21 W 88 F0 
 62.176mS: 21 W 09 
    507uS: 21 r 56 
    565uS: 21 W 08 68 
    895uS: 21 W 30 BC 
    811uS: 21 W 31 DF 
    807uS: 21 W 32 02 
    806uS: 21 W 34 F2 
    810uS: 21 W 35 00 
    814uS: 21 W 36 2D 
    829uS: 21 W 80 00 
    845uS: 21 W 87 01 
    805uS: 21 W 88 D0 
    811uS: 21 W 91 40 
    818uS: 21 W 93 80 
    811uS: 21 W 94 02 
    834uS: 21 W 98 0D 
    994uS: 21 W C4 02 
    840uS: 21 W CA FD 
    808uS: 21 W CB 00 
    807uS: 21 W CE FD 
    810uS: 21 W CF 00 
    990uS: 21 W 91 48 
    813uS: 21 W 93 84 
    847uS: 21 W 88 F0 
    802uS: 21 W 30 CD 
    813uS: 21 W 31 20 
    816uS: 21 W 32 03 
    801uS: 21 W 34 CE 
    808uS: 21 W 35 FB 
    805uS: 21 W 36 30 
    810uS: 21 W 02 C6 
    841uS: 21 W 98 05 
    995uS: 21 W 90 80 
    817uS: 21 W 30 BC 
    814uS: 21 W 31 DF 
    814uS: 21 W 32 02 
    821uS: 21 W CA F0 
    823uS: 21 W CE F0 
    821uS: 21 W 80 30 
    816uS: 21 W 02 88 
    808uS: 21 W 09 C6 
    913uS: 21 W 08 78 
  1.122mS: 40 W 12 00 13 0C 00 
  1.519mS: 40 W 12 00 0D 17 00 
  1.536mS: 40 W 12 00 07 7C 01 
  1.526mS: 40 W 12 00 0A 02 20 
  1.547mS: 21 W 09 
    497uS: 21 r C6 
    737uS: 21 W 0A 
    501uS: 21 r 88 
    553uS: 21 W 0A 
    503uS: 21 r 88 
    657uS: 21 W 0C 
    502uS: 21 r 47 
    557uS: 21 W 0C 
    494uS: 21 r 47 
    609uS: 21 W 0D 
    499uS: 21 r 00 
    581uS: 21 W 0D 
    505uS: 21 r 00 
    616uS: 21 W 0B 
    501uS: 21 r 48 
    553uS: 21 W 0B 
    499uS: 21 r 48 
    790uS: 18 r 00 00 
  7.816mS: 40 W 13 00 0D 
    978uS: 40 r 17 00 
    771uS: 40 W 12 00 0D 19 00 
  1.604mS: 40 W 12 00 00 75 80 
  1.563mS: 40 W 12 00 06 75 F0 
  1.560mS: 40 W 13 00 06 
    981uS: 40 r 75 F0 
    758uS: 40 W 12 00 07 7C F0 
  1.593mS: 40 W 13 00 0D 
    980uS: 40 r 19 00 
    768uS: 40 W 12 00 00 FF E0 
  1.558mS: 40 W 12 00 06 FF E0 
112.974mS: 18 r 00 00 
 98.272mS: 18 r 00 00 
200.273mS: 18 r 00 00 
200.177mS: 18 r 00 00 
200.249mS: 18 r 00 00 
200.212mS: 18 r 00 00 
200.243mS: 18 r 00 00 
200.221mS: 18 r 00 00 
200.233mS: 18 r 00 00 
200.232mS: 18 r 00 00 
200.232mS: 18 r 00 00 
200.235mS: 18 r 00 00 
200.230mS: 18 r 00 00 
200.228mS: 18 r 00 00 
200.233mS: 18 r 00 00 
   Binary Hack Dump lmilk written
Done
Script done on Fri Dec 13 01:46:15 2002
