This file contains any messages produced by compilers while
running configure, to aid debugging if configure makes a mistake.

It was created by configure, which was
generated by GNU Autoconf 2.59.  Invocation command line was

  $ ./configure --prefix=/opt/icewm-1.2.26 --with-cfgdir=/opt/icewm-1.2.26/etc/icewm

## --------- ##
## Platform. ##
## --------- ##

hostname = remus
uname -m = i686
uname -r = 2.6.15-1-k7
uname -s = Linux
uname -v = #2 Tue Mar 7 02:52:03 CET 2006

/usr/bin/uname -p = unknown
/bin/uname -X     = unknown

/bin/arch              = i686
/usr/bin/arch -k       = unknown
/usr/convex/getsysinfo = unknown
hostinfo               = unknown
/bin/machine           = unknown
/usr/bin/oslevel       = unknown
/bin/universe          = unknown

PATH: /home/user/bin_home
PATH: /local/wx/build
PATH: /usr/local/bin
PATH: /usr/bin
PATH: /bin
PATH: /usr/bin/X11
PATH: /usr/games
PATH: /sbin
PATH: /usr/sbin
PATH: /usr/local/sbin
PATH: /home/user/bin
PATH: /home/user/env_pluto/bin
PATH: /usr/pluto/bin


## ----------- ##
## Core tests. ##
## ----------- ##

configure:1387: checking build system type
configure:1405: result: i686-pc-linux-gnu
configure:1413: checking host system type
configure:1427: result: i686-pc-linux-gnu
configure:1435: checking target system type
configure:1449: result: i686-pc-linux-gnu
configure:1528: checking for g++
configure:1544: found /usr/local/bin/g++
configure:1554: result: g++
configure:1570: checking for C++ compiler version
configure:1573: g++ --version </dev/null >&5
g++ (GCC) 3.3.5 (Debian 1:3.3.5-13)
Copyright (C) 2003 Free Software Foundation, Inc.
This is free software; see the source for copying conditions.  There is NO
warranty; not even for MERCHANTABILITY or FITNESS FOR A PARTICULAR PURPOSE.

configure:1576: $? = 0
configure:1578: g++ -v </dev/null >&5
Reading specs from /usr/lib/gcc-lib/i486-linux/3.3.5/specs
Configured with: ../src/configure -v --enable-languages=c,c++,java,f77,pascal,objc,ada,treelang --prefix=/usr --mandir=/usr/share/man --infodir=/usr/share/info --with-gxx-include-dir=/usr/include/c++/3.3 --enable-shared --enable-__cxa_atexit --with-system-zlib --enable-nls --without-included-gettext --enable-clocale=gnu --enable-debug --enable-java-gc=boehm --enable-java-awt=xlib --enable-objc-gc i486-linux
Thread model: posix
gcc version 3.3.5 (Debian 1:3.3.5-13)
configure:1581: $? = 0
configure:1583: g++ -V </dev/null >&5
g++: `-V' option must have argument
configure:1586: $? = 1
configure:1609: checking for C++ compiler default output file name
configure:1612: g++    conftest.cc  >&5
configure:1615: $? = 0
configure:1661: result: a.out
configure:1666: checking whether the C++ compiler works
configure:1672: ./a.out
configure:1675: $? = 0
configure:1692: result: yes
configure:1699: checking whether we are cross compiling
configure:1701: result: no
configure:1704: checking for suffix of executables
configure:1706: g++ -o conftest    conftest.cc  >&5
configure:1709: $? = 0
configure:1734: result: 
configure:1740: checking for suffix of object files
configure:1761: g++ -c   conftest.cc >&5
configure:1764: $? = 0
configure:1786: result: o
configure:1790: checking whether we are using the GNU C++ compiler
configure:1814: g++ -c   conftest.cc >&5
configure:1820: $? = 0
configure:1823: test -z 			 || test ! -s conftest.err
configure:1826: $? = 0
configure:1829: test -s conftest.o
configure:1832: $? = 0
configure:1845: result: yes
configure:1851: checking whether g++ accepts -g
configure:1872: g++ -c -g  conftest.cc >&5
configure:1878: $? = 0
configure:1881: test -z 			 || test ! -s conftest.err
configure:1884: $? = 0
configure:1887: test -s conftest.o
configure:1890: $? = 0
configure:1901: result: yes
configure:1943: g++ -c -g -O2  conftest.cc >&5
configure:1949: $? = 0
configure:1952: test -z 			 || test ! -s conftest.err
configure:1955: $? = 0
configure:1958: test -s conftest.o
configure:1961: $? = 0
configure:1987: g++ -c -g -O2  conftest.cc >&5
conftest.cc: In function `int main()':
conftest.cc:13: error: `exit' undeclared (first use this function)
conftest.cc:13: error: (Each undeclared identifier is reported only once for 
   each function it appears in.)
configure:1993: $? = 1
configure: failed program was:
| /* confdefs.h.  */
| 
| #define PACKAGE_NAME ""
| #define PACKAGE_TARNAME ""
| #define PACKAGE_VERSION ""
| #define PACKAGE_STRING ""
| #define PACKAGE_BUGREPORT ""
| /* end confdefs.h.  */
| 
| int
| main ()
| {
| exit (42);
|   ;
|   return 0;
| }
configure:1943: g++ -c -g -O2  conftest.cc >&5
configure:1949: $? = 0
configure:1952: test -z 			 || test ! -s conftest.err
configure:1955: $? = 0
configure:1958: test -s conftest.o
configure:1961: $? = 0
configure:1987: g++ -c -g -O2  conftest.cc >&5
configure:1993: $? = 0
configure:1996: test -z 			 || test ! -s conftest.err
configure:1999: $? = 0
configure:2002: test -s conftest.o
configure:2005: $? = 0
configure:2036: checking whether the C++ compiler (g++) accepts no_rtti
configure:2054: g++ -c -fno-rtti -g -O2  conftest.cc >&5
configure:2060: $? = 0
configure:2063: test -z 			 || test ! -s conftest.err
configure:2066: $? = 0
configure:2069: test -s conftest.o
configure:2072: $? = 0
configure:2082: result: yes
configure:2148: checking whether the C++ compiler (g++) accepts no_exceptions
configure:2166: g++ -c -fno-exceptions -fno-rtti -g -O2  conftest.cc >&5
configure:2172: $? = 0
configure:2175: test -z 			 || test ! -s conftest.err
configure:2178: $? = 0
configure:2181: test -s conftest.o
configure:2184: $? = 0
configure:2194: result: yes
configure:2262: checking whether the C++ compiler (g++) accepts warn_xxx
configure:2280: g++ -c -Wall -Wpointer-arith -Wconversion -Wwrite-strings -Winline -Woverloaded-virtual -W -fno-exceptions -fno-rtti -g -O2  conftest.cc >&5
configure:2286: $? = 0
configure:2289: test -z 			 || test ! -s conftest.err
configure:2292: $? = 0
configure:2295: test -s conftest.o
configure:2298: $? = 0
configure:2308: result: yes
configure:2315: checking whether the C++ compiler (g++) accepts permissive
configure:2333: g++ -c -fpermissive -Wall -Wpointer-arith -Wconversion -Wwrite-strings -Winline -Woverloaded-virtual -W -fno-exceptions -fno-rtti -g -O2  conftest.cc >&5
configure:2339: $? = 0
configure:2342: test -z 			 || test ! -s conftest.err
configure:2345: $? = 0
configure:2348: test -s conftest.o
configure:2351: $? = 0
configure:2361: result: yes
configure:2452: checking for a BSD-compatible install
configure:2507: result: /usr/bin/install -c
configure:2527: checking for dirent.h that defines DIR
configure:2551: g++ -c -fpermissive -Wall -Wpointer-arith -Wconversion -Wwrite-strings -Winline -Woverloaded-virtual -W -fno-exceptions -fno-rtti -g -O2  conftest.cc >&5
configure:2557: $? = 0
configure:2560: test -z 			 || test ! -s conftest.err
configure:2563: $? = 0
configure:2566: test -s conftest.o
configure:2569: $? = 0
configure:2580: result: yes
configure:2593: checking for library containing opendir
configure:2623: g++ -o conftest -fpermissive -Wall -Wpointer-arith -Wconversion -Wwrite-strings -Winline -Woverloaded-virtual -W -fno-exceptions -fno-rtti -g -O2   conftest.cc  >&5
configure:2629: $? = 0
configure:2632: test -z 			 || test ! -s conftest.err
configure:2635: $? = 0
configure:2638: test -s conftest
configure:2641: $? = 0
configure:2710: result: none required
configure:2844: checking for sys/wait.h that is POSIX.1 compatible
configure:2875: g++ -c -fpermissive -Wall -Wpointer-arith -Wconversion -Wwrite-strings -Winline -Woverloaded-virtual -W -fno-exceptions -fno-rtti -g -O2  conftest.cc >&5
configure:2881: $? = 0
configure:2884: test -z 			 || test ! -s conftest.err
configure:2887: $? = 0
configure:2890: test -s conftest.o
configure:2893: $? = 0
configure:2904: result: yes
configure:2919: checking how to run the C++ preprocessor
configure:2950: g++ -E  conftest.cc
configure:2956: $? = 0
configure:2988: g++ -E  conftest.cc
conftest.cc:14:28: ac_nonexistent.h: No such file or directory
configure:2994: $? = 1
configure: failed program was:
| /* confdefs.h.  */
| 
| #define PACKAGE_NAME ""
| #define PACKAGE_TARNAME ""
| #define PACKAGE_VERSION ""
| #define PACKAGE_STRING ""
| #define PACKAGE_BUGREPORT ""
| #ifdef __cplusplus
| extern "C" void std::exit (int) throw (); using std::exit;
| #endif
| #define HAVE_DIRENT_H 1
| #define HAVE_SYS_WAIT_H 1
| /* end confdefs.h.  */
| #include <ac_nonexistent.h>
configure:3033: result: g++ -E
configure:3057: g++ -E  conftest.cc
configure:3063: $? = 0
configure:3095: g++ -E  conftest.cc
conftest.cc:14:28: ac_nonexistent.h: No such file or directory
configure:3101: $? = 1
configure: failed program was:
| /* confdefs.h.  */
| 
| #define PACKAGE_NAME ""
| #define PACKAGE_TARNAME ""
| #define PACKAGE_VERSION ""
| #define PACKAGE_STRING ""
| #define PACKAGE_BUGREPORT ""
| #ifdef __cplusplus
| extern "C" void std::exit (int) throw (); using std::exit;
| #endif
| #define HAVE_DIRENT_H 1
| #define HAVE_SYS_WAIT_H 1
| /* end confdefs.h.  */
| #include <ac_nonexistent.h>
configure:3145: checking for egrep
configure:3155: result: grep -E
configure:3160: checking for ANSI C header files
configure:3185: g++ -c -fpermissive -Wall -Wpointer-arith -Wconversion -Wwrite-strings -Winline -Woverloaded-virtual -W -fno-exceptions -fno-rtti -g -O2  conftest.cc >&5
configure:3191: $? = 0
configure:3194: test -z 			 || test ! -s conftest.err
configure:3197: $? = 0
configure:3200: test -s conftest.o
configure:3203: $? = 0
configure:3289: g++ -o conftest -fpermissive -Wall -Wpointer-arith -Wconversion -Wwrite-strings -Winline -Woverloaded-virtual -W -fno-exceptions -fno-rtti -g -O2   conftest.cc  >&5
configure:3292: $? = 0
configure:3294: ./conftest
configure:3297: $? = 0
configure:3312: result: yes
configure:3336: checking for sys/types.h
configure:3352: g++ -c -fpermissive -Wall -Wpointer-arith -Wconversion -Wwrite-strings -Winline -Woverloaded-virtual -W -fno-exceptions -fno-rtti -g -O2  conftest.cc >&5
configure:3358: $? = 0
configure:3361: test -z 			 || test ! -s conftest.err
configure:3364: $? = 0
configure:3367: test -s conftest.o
configure:3370: $? = 0
configure:3381: result: yes
configure:3336: checking for sys/stat.h
configure:3352: g++ -c -fpermissive -Wall -Wpointer-arith -Wconversion -Wwrite-strings -Winline -Woverloaded-virtual -W -fno-exceptions -fno-rtti -g -O2  conftest.cc >&5
configure:3358: $? = 0
configure:3361: test -z 			 || test ! -s conftest.err
configure:3364: $? = 0
configure:3367: test -s conftest.o
configure:3370: $? = 0
configure:3381: result: yes
configure:3336: checking for stdlib.h
configure:3352: g++ -c -fpermissive -Wall -Wpointer-arith -Wconversion -Wwrite-strings -Winline -Woverloaded-virtual -W -fno-exceptions -fno-rtti -g -O2  conftest.cc >&5
configure:3358: $? = 0
configure:3361: test -z 			 || test ! -s conftest.err
configure:3364: $? = 0
configure:3367: test -s conftest.o
configure:3370: $? = 0
configure:3381: result: yes
configure:3336: checking for string.h
configure:3352: g++ -c -fpermissive -Wall -Wpointer-arith -Wconversion -Wwrite-strings -Winline -Woverloaded-virtual -W -fno-exceptions -fno-rtti -g -O2  conftest.cc >&5
configure:3358: $? = 0
configure:3361: test -z 			 || test ! -s conftest.err
configure:3364: $? = 0
configure:3367: test -s conftest.o
configure:3370: $? = 0
configure:3381: result: yes
configure:3336: checking for memory.h
configure:3352: g++ -c -fpermissive -Wall -Wpointer-arith -Wconversion -Wwrite-strings -Winline -Woverloaded-virtual -W -fno-exceptions -fno-rtti -g -O2  conftest.cc >&5
configure:3358: $? = 0
configure:3361: test -z 			 || test ! -s conftest.err
configure:3364: $? = 0
configure:3367: test -s conftest.o
configure:3370: $? = 0
configure:3381: result: yes
configure:3336: checking for strings.h
configure:3352: g++ -c -fpermissive -Wall -Wpointer-arith -Wconversion -Wwrite-strings -Winline -Woverloaded-virtual -W -fno-exceptions -fno-rtti -g -O2  conftest.cc >&5
configure:3358: $? = 0
configure:3361: test -z 			 || test ! -s conftest.err
configure:3364: $? = 0
configure:3367: test -s conftest.o
configure:3370: $? = 0
configure:3381: result: yes
configure:3336: checking for inttypes.h
configure:3352: g++ -c -fpermissive -Wall -Wpointer-arith -Wconversion -Wwrite-strings -Winline -Woverloaded-virtual -W -fno-exceptions -fno-rtti -g -O2  conftest.cc >&5
configure:3358: $? = 0
configure:3361: test -z 			 || test ! -s conftest.err
configure:3364: $? = 0
configure:3367: test -s conftest.o
configure:3370: $? = 0
configure:3381: result: yes
configure:3336: checking for stdint.h
configure:3352: g++ -c -fpermissive -Wall -Wpointer-arith -Wconversion -Wwrite-strings -Winline -Woverloaded-virtual -W -fno-exceptions -fno-rtti -g -O2  conftest.cc >&5
configure:3358: $? = 0
configure:3361: test -z 			 || test ! -s conftest.err
configure:3364: $? = 0
configure:3367: test -s conftest.o
configure:3370: $? = 0
configure:3381: result: yes
configure:3336: checking for unistd.h
configure:3352: g++ -c -fpermissive -Wall -Wpointer-arith -Wconversion -Wwrite-strings -Winline -Woverloaded-virtual -W -fno-exceptions -fno-rtti -g -O2  conftest.cc >&5
configure:3358: $? = 0
configure:3361: test -z 			 || test ! -s conftest.err
configure:3364: $? = 0
configure:3367: test -s conftest.o
configure:3370: $? = 0
configure:3381: result: yes
configure:3412: checking fcntl.h usability
configure:3424: g++ -c -fpermissive -Wall -Wpointer-arith -Wconversion -Wwrite-strings -Winline -Woverloaded-virtual -W -fno-exceptions -fno-rtti -g -O2  conftest.cc >&5
configure:3430: $? = 0
configure:3433: test -z 			 || test ! -s conftest.err
configure:3436: $? = 0
configure:3439: test -s conftest.o
configure:3442: $? = 0
configure:3452: result: yes
configure:3456: checking fcntl.h presence
configure:3466: g++ -E  conftest.cc
configure:3472: $? = 0
configure:3492: result: yes
configure:3527: checking for fcntl.h
configure:3534: result: yes
configure:3412: checking limits.h usability
configure:3424: g++ -c -fpermissive -Wall -Wpointer-arith -Wconversion -Wwrite-strings -Winline -Woverloaded-virtual -W -fno-exceptions -fno-rtti -g -O2  conftest.cc >&5
configure:3430: $? = 0
configure:3433: test -z 			 || test ! -s conftest.err
configure:3436: $? = 0
configure:3439: test -s conftest.o
configure:3442: $? = 0
configure:3452: result: yes
configure:3456: checking limits.h presence
configure:3466: g++ -E  conftest.cc
configure:3472: $? = 0
configure:3492: result: yes
configure:3527: checking for limits.h
configure:3534: result: yes
configure:3403: checking for strings.h
configure:3408: result: yes
configure:3412: checking sys/ioctl.h usability
configure:3424: g++ -c -fpermissive -Wall -Wpointer-arith -Wconversion -Wwrite-strings -Winline -Woverloaded-virtual -W -fno-exceptions -fno-rtti -g -O2  conftest.cc >&5
configure:3430: $? = 0
configure:3433: test -z 			 || test ! -s conftest.err
configure:3436: $? = 0
configure:3439: test -s conftest.o
configure:3442: $? = 0
configure:3452: result: yes
configure:3456: checking sys/ioctl.h presence
configure:3466: g++ -E  conftest.cc
configure:3472: $? = 0
configure:3492: result: yes
configure:3527: checking for sys/ioctl.h
configure:3534: result: yes
configure:3412: checking sys/time.h usability
configure:3424: g++ -c -fpermissive -Wall -Wpointer-arith -Wconversion -Wwrite-strings -Winline -Woverloaded-virtual -W -fno-exceptions -fno-rtti -g -O2  conftest.cc >&5
configure:3430: $? = 0
configure:3433: test -z 			 || test ! -s conftest.err
configure:3436: $? = 0
configure:3439: test -s conftest.o
configure:3442: $? = 0
configure:3452: result: yes
configure:3456: checking sys/time.h presence
configure:3466: g++ -E  conftest.cc
configure:3472: $? = 0
configure:3492: result: yes
configure:3527: checking for sys/time.h
configure:3534: result: yes
configure:3403: checking for unistd.h
configure:3408: result: yes
configure:3562: checking linux/threads.h usability
configure:3574: g++ -c -fpermissive -Wall -Wpointer-arith -Wconversion -Wwrite-strings -Winline -Woverloaded-virtual -W -fno-exceptions -fno-rtti -g -O2  conftest.cc >&5
configure:3580: $? = 0
configure:3583: test -z 			 || test ! -s conftest.err
configure:3586: $? = 0
configure:3589: test -s conftest.o
configure:3592: $? = 0
configure:3602: result: yes
configure:3606: checking linux/threads.h presence
configure:3616: g++ -E  conftest.cc
configure:3622: $? = 0
configure:3642: result: yes
configure:3677: checking for linux/threads.h
configure:3684: result: yes
configure:3562: checking linux/tasks.h usability
configure:3574: g++ -c -fpermissive -Wall -Wpointer-arith -Wconversion -Wwrite-strings -Winline -Woverloaded-virtual -W -fno-exceptions -fno-rtti -g -O2  conftest.cc >&5
conftest.cc:65:25: linux/tasks.h: No such file or directory
configure:3580: $? = 1
configure: failed program was:
| /* confdefs.h.  */
| 
| #define PACKAGE_NAME ""
| #define PACKAGE_TARNAME ""
| #define PACKAGE_VERSION ""
| #define PACKAGE_STRING ""
| #define PACKAGE_BUGREPORT ""
| #ifdef __cplusplus
| extern "C" void std::exit (int) throw (); using std::exit;
| #endif
| #define HAVE_DIRENT_H 1
| #define HAVE_SYS_WAIT_H 1
| #define STDC_HEADERS 1
| #define HAVE_SYS_TYPES_H 1
| #define HAVE_SYS_STAT_H 1
| #define HAVE_STDLIB_H 1
| #define HAVE_STRING_H 1
| #define HAVE_MEMORY_H 1
| #define HAVE_STRINGS_H 1
| #define HAVE_INTTYPES_H 1
| #define HAVE_STDINT_H 1
| #define HAVE_UNISTD_H 1
| #define HAVE_FCNTL_H 1
| #define HAVE_LIMITS_H 1
| #define HAVE_STRINGS_H 1
| #define HAVE_SYS_IOCTL_H 1
| #define HAVE_SYS_TIME_H 1
| #define HAVE_UNISTD_H 1
| #define HAVE_LINUX_THREADS_H 1
| /* end confdefs.h.  */
| #include <stdio.h>
| #if HAVE_SYS_TYPES_H
| # include <sys/types.h>
| #endif
| #if HAVE_SYS_STAT_H
| # include <sys/stat.h>
| #endif
| #if STDC_HEADERS
| # include <stdlib.h>
| # include <stddef.h>
| #else
| # if HAVE_STDLIB_H
| #  include <stdlib.h>
| # endif
| #endif
| #if HAVE_STRING_H
| # if !STDC_HEADERS && HAVE_MEMORY_H
| #  include <memory.h>
| # endif
| # include <string.h>
| #endif
| #if HAVE_STRINGS_H
| # include <strings.h>
| #endif
| #if HAVE_INTTYPES_H
| # include <inttypes.h>
| #else
| # if HAVE_STDINT_H
| #  include <stdint.h>
| # endif
| #endif
| #if HAVE_UNISTD_H
| # include <unistd.h>
| #endif
| #include <linux/tasks.h>
configure:3602: result: no
configure:3606: checking linux/tasks.h presence
configure:3616: g++ -E  conftest.cc
conftest.cc:31:25: linux/tasks.h: No such file or directory
configure:3622: $? = 1
configure: failed program was:
| /* confdefs.h.  */
| 
| #define PACKAGE_NAME ""
| #define PACKAGE_TARNAME ""
| #define PACKAGE_VERSION ""
| #define PACKAGE_STRING ""
| #define PACKAGE_BUGREPORT ""
| #ifdef __cplusplus
| extern "C" void std::exit (int) throw (); using std::exit;
| #endif
| #define HAVE_DIRENT_H 1
| #define HAVE_SYS_WAIT_H 1
| #define STDC_HEADERS 1
| #define HAVE_SYS_TYPES_H 1
| #define HAVE_SYS_STAT_H 1
| #define HAVE_STDLIB_H 1
| #define HAVE_STRING_H 1
| #define HAVE_MEMORY_H 1
| #define HAVE_STRINGS_H 1
| #define HAVE_INTTYPES_H 1
| #define HAVE_STDINT_H 1
| #define HAVE_UNISTD_H 1
| #define HAVE_FCNTL_H 1
| #define HAVE_LIMITS_H 1
| #define HAVE_STRINGS_H 1
| #define HAVE_SYS_IOCTL_H 1
| #define HAVE_SYS_TIME_H 1
| #define HAVE_UNISTD_H 1
| #define HAVE_LINUX_THREADS_H 1
| /* end confdefs.h.  */
| #include <linux/tasks.h>
configure:3642: result: no
configure:3677: checking for linux/tasks.h
configure:3684: result: no
configure:3715: checking sched.h usability
configure:3727: g++ -c -fpermissive -Wall -Wpointer-arith -Wconversion -Wwrite-strings -Winline -Woverloaded-virtual -W -fno-exceptions -fno-rtti -g -O2  conftest.cc >&5
configure:3733: $? = 0
configure:3736: test -z 			 || test ! -s conftest.err
configure:3739: $? = 0
configure:3742: test -s conftest.o
configure:3745: $? = 0
configure:3755: result: yes
configure:3759: checking sched.h presence
configure:3769: g++ -E  conftest.cc
configure:3775: $? = 0
configure:3795: result: yes
configure:3830: checking for sched.h
configure:3837: result: yes
configure:3715: checking sys/dkstat.h usability
configure:3727: g++ -c -fpermissive -Wall -Wpointer-arith -Wconversion -Wwrite-strings -Winline -Woverloaded-virtual -W -fno-exceptions -fno-rtti -g -O2  conftest.cc >&5
conftest.cc:66:24: sys/dkstat.h: No such file or directory
configure:3733: $? = 1
configure: failed program was:
| /* confdefs.h.  */
| 
| #define PACKAGE_NAME ""
| #define PACKAGE_TARNAME ""
| #define PACKAGE_VERSION ""
| #define PACKAGE_STRING ""
| #define PACKAGE_BUGREPORT ""
| #ifdef __cplusplus
| extern "C" void std::exit (int) throw (); using std::exit;
| #endif
| #define HAVE_DIRENT_H 1
| #define HAVE_SYS_WAIT_H 1
| #define STDC_HEADERS 1
| #define HAVE_SYS_TYPES_H 1
| #define HAVE_SYS_STAT_H 1
| #define HAVE_STDLIB_H 1
| #define HAVE_STRING_H 1
| #define HAVE_MEMORY_H 1
| #define HAVE_STRINGS_H 1
| #define HAVE_INTTYPES_H 1
| #define HAVE_STDINT_H 1
| #define HAVE_UNISTD_H 1
| #define HAVE_FCNTL_H 1
| #define HAVE_LIMITS_H 1
| #define HAVE_STRINGS_H 1
| #define HAVE_SYS_IOCTL_H 1
| #define HAVE_SYS_TIME_H 1
| #define HAVE_UNISTD_H 1
| #define HAVE_LINUX_THREADS_H 1
| #define HAVE_SCHED_H 1
| /* end confdefs.h.  */
| #include <stdio.h>
| #if HAVE_SYS_TYPES_H
| # include <sys/types.h>
| #endif
| #if HAVE_SYS_STAT_H
| # include <sys/stat.h>
| #endif
| #if STDC_HEADERS
| # include <stdlib.h>
| # include <stddef.h>
| #else
| # if HAVE_STDLIB_H
| #  include <stdlib.h>
| # endif
| #endif
| #if HAVE_STRING_H
| # if !STDC_HEADERS && HAVE_MEMORY_H
| #  include <memory.h>
| # endif
| # include <string.h>
| #endif
| #if HAVE_STRINGS_H
| # include <strings.h>
| #endif
| #if HAVE_INTTYPES_H
| # include <inttypes.h>
| #else
| # if HAVE_STDINT_H
| #  include <stdint.h>
| # endif
| #endif
| #if HAVE_UNISTD_H
| # include <unistd.h>
| #endif
| #include <sys/dkstat.h>
configure:3755: result: no
configure:3759: checking sys/dkstat.h presence
configure:3769: g++ -E  conftest.cc
conftest.cc:32:24: sys/dkstat.h: No such file or directory
configure:3775: $? = 1
configure: failed program was:
| /* confdefs.h.  */
| 
| #define PACKAGE_NAME ""
| #define PACKAGE_TARNAME ""
| #define PACKAGE_VERSION ""
| #define PACKAGE_STRING ""
| #define PACKAGE_BUGREPORT ""
| #ifdef __cplusplus
| extern "C" void std::exit (int) throw (); using std::exit;
| #endif
| #define HAVE_DIRENT_H 1
| #define HAVE_SYS_WAIT_H 1
| #define STDC_HEADERS 1
| #define HAVE_SYS_TYPES_H 1
| #define HAVE_SYS_STAT_H 1
| #define HAVE_STDLIB_H 1
| #define HAVE_STRING_H 1
| #define HAVE_MEMORY_H 1
| #define HAVE_STRINGS_H 1
| #define HAVE_INTTYPES_H 1
| #define HAVE_STDINT_H 1
| #define HAVE_UNISTD_H 1
| #define HAVE_FCNTL_H 1
| #define HAVE_LIMITS_H 1
| #define HAVE_STRINGS_H 1
| #define HAVE_SYS_IOCTL_H 1
| #define HAVE_SYS_TIME_H 1
| #define HAVE_UNISTD_H 1
| #define HAVE_LINUX_THREADS_H 1
| #define HAVE_SCHED_H 1
| /* end confdefs.h.  */
| #include <sys/dkstat.h>
configure:3795: result: no
configure:3830: checking for sys/dkstat.h
configure:3837: result: no
configure:3715: checking sys/param.h usability
configure:3727: g++ -c -fpermissive -Wall -Wpointer-arith -Wconversion -Wwrite-strings -Winline -Woverloaded-virtual -W -fno-exceptions -fno-rtti -g -O2  conftest.cc >&5
configure:3733: $? = 0
configure:3736: test -z 			 || test ! -s conftest.err
configure:3739: $? = 0
configure:3742: test -s conftest.o
configure:3745: $? = 0
configure:3755: result: yes
configure:3759: checking sys/param.h presence
configure:3769: g++ -E  conftest.cc
configure:3775: $? = 0
configure:3795: result: yes
configure:3830: checking for sys/param.h
configure:3837: result: yes
configure:3715: checking sys/sysctl.h usability
configure:3727: g++ -c -fpermissive -Wall -Wpointer-arith -Wconversion -Wwrite-strings -Winline -Woverloaded-virtual -W -fno-exceptions -fno-rtti -g -O2  conftest.cc >&5
configure:3733: $? = 0
configure:3736: test -z 			 || test ! -s conftest.err
configure:3739: $? = 0
configure:3742: test -s conftest.o
configure:3745: $? = 0
configure:3755: result: yes
configure:3759: checking sys/sysctl.h presence
configure:3769: g++ -E  conftest.cc
configure:3775: $? = 0
configure:3795: result: yes
configure:3830: checking for sys/sysctl.h
configure:3837: result: yes
configure:3715: checking uvm/uvm_param.h usability
configure:3727: g++ -c -fpermissive -Wall -Wpointer-arith -Wconversion -Wwrite-strings -Winline -Woverloaded-virtual -W -fno-exceptions -fno-rtti -g -O2  conftest.cc >&5
conftest.cc:68:27: uvm/uvm_param.h: No such file or directory
configure:3733: $? = 1
configure: failed program was:
| /* confdefs.h.  */
| 
| #define PACKAGE_NAME ""
| #define PACKAGE_TARNAME ""
| #define PACKAGE_VERSION ""
| #define PACKAGE_STRING ""
| #define PACKAGE_BUGREPORT ""
| #ifdef __cplusplus
| extern "C" void std::exit (int) throw (); using std::exit;
| #endif
| #define HAVE_DIRENT_H 1
| #define HAVE_SYS_WAIT_H 1
| #define STDC_HEADERS 1
| #define HAVE_SYS_TYPES_H 1
| #define HAVE_SYS_STAT_H 1
| #define HAVE_STDLIB_H 1
| #define HAVE_STRING_H 1
| #define HAVE_MEMORY_H 1
| #define HAVE_STRINGS_H 1
| #define HAVE_INTTYPES_H 1
| #define HAVE_STDINT_H 1
| #define HAVE_UNISTD_H 1
| #define HAVE_FCNTL_H 1
| #define HAVE_LIMITS_H 1
| #define HAVE_STRINGS_H 1
| #define HAVE_SYS_IOCTL_H 1
| #define HAVE_SYS_TIME_H 1
| #define HAVE_UNISTD_H 1
| #define HAVE_LINUX_THREADS_H 1
| #define HAVE_SCHED_H 1
| #define HAVE_SYS_PARAM_H 1
| #define HAVE_SYS_SYSCTL_H 1
| /* end confdefs.h.  */
| #include <stdio.h>
| #if HAVE_SYS_TYPES_H
| # include <sys/types.h>
| #endif
| #if HAVE_SYS_STAT_H
| # include <sys/stat.h>
| #endif
| #if STDC_HEADERS
| # include <stdlib.h>
| # include <stddef.h>
| #else
| # if HAVE_STDLIB_H
| #  include <stdlib.h>
| # endif
| #endif
| #if HAVE_STRING_H
| # if !STDC_HEADERS && HAVE_MEMORY_H
| #  include <memory.h>
| # endif
| # include <string.h>
| #endif
| #if HAVE_STRINGS_H
| # include <strings.h>
| #endif
| #if HAVE_INTTYPES_H
| # include <inttypes.h>
| #else
| # if HAVE_STDINT_H
| #  include <stdint.h>
| # endif
| #endif
| #if HAVE_UNISTD_H
| # include <unistd.h>
| #endif
| #include <uvm/uvm_param.h>
configure:3755: result: no
configure:3759: checking uvm/uvm_param.h presence
configure:3769: g++ -E  conftest.cc
conftest.cc:34:27: uvm/uvm_param.h: No such file or directory
configure:3775: $? = 1
configure: failed program was:
| /* confdefs.h.  */
| 
| #define PACKAGE_NAME ""
| #define PACKAGE_TARNAME ""
| #define PACKAGE_VERSION ""
| #define PACKAGE_STRING ""
| #define PACKAGE_BUGREPORT ""
| #ifdef __cplusplus
| extern "C" void std::exit (int) throw (); using std::exit;
| #endif
| #define HAVE_DIRENT_H 1
| #define HAVE_SYS_WAIT_H 1
| #define STDC_HEADERS 1
| #define HAVE_SYS_TYPES_H 1
| #define HAVE_SYS_STAT_H 1
| #define HAVE_STDLIB_H 1
| #define HAVE_STRING_H 1
| #define HAVE_MEMORY_H 1
| #define HAVE_STRINGS_H 1
| #define HAVE_INTTYPES_H 1
| #define HAVE_STDINT_H 1
| #define HAVE_UNISTD_H 1
| #define HAVE_FCNTL_H 1
| #define HAVE_LIMITS_H 1
| #define HAVE_STRINGS_H 1
| #define HAVE_SYS_IOCTL_H 1
| #define HAVE_SYS_TIME_H 1
| #define HAVE_UNISTD_H 1
| #define HAVE_LINUX_THREADS_H 1
| #define HAVE_SCHED_H 1
| #define HAVE_SYS_PARAM_H 1
| #define HAVE_SYS_SYSCTL_H 1
| /* end confdefs.h.  */
| #include <uvm/uvm_param.h>
configure:3795: result: no
configure:3830: checking for uvm/uvm_param.h
configure:3837: result: no
configure:3865: checking libgen.h usability
configure:3877: g++ -c -fpermissive -Wall -Wpointer-arith -Wconversion -Wwrite-strings -Winline -Woverloaded-virtual -W -fno-exceptions -fno-rtti -g -O2  conftest.cc >&5
configure:3883: $? = 0
configure:3886: test -z 			 || test ! -s conftest.err
configure:3889: $? = 0
configure:3892: test -s conftest.o
configure:3895: $? = 0
configure:3905: result: yes
configure:3909: checking libgen.h presence
configure:3919: g++ -E  conftest.cc
configure:3925: $? = 0
configure:3945: result: yes
configure:3980: checking for libgen.h
configure:3987: result: yes
configure:4014: checking kstat.h usability
configure:4026: g++ -c -fpermissive -Wall -Wpointer-arith -Wconversion -Wwrite-strings -Winline -Woverloaded-virtual -W -fno-exceptions -fno-rtti -g -O2  conftest.cc >&5
conftest.cc:69:19: kstat.h: No such file or directory
configure:4032: $? = 1
configure: failed program was:
| /* confdefs.h.  */
| 
| #define PACKAGE_NAME ""
| #define PACKAGE_TARNAME ""
| #define PACKAGE_VERSION ""
| #define PACKAGE_STRING ""
| #define PACKAGE_BUGREPORT ""
| #ifdef __cplusplus
| extern "C" void std::exit (int) throw (); using std::exit;
| #endif
| #define HAVE_DIRENT_H 1
| #define HAVE_SYS_WAIT_H 1
| #define STDC_HEADERS 1
| #define HAVE_SYS_TYPES_H 1
| #define HAVE_SYS_STAT_H 1
| #define HAVE_STDLIB_H 1
| #define HAVE_STRING_H 1
| #define HAVE_MEMORY_H 1
| #define HAVE_STRINGS_H 1
| #define HAVE_INTTYPES_H 1
| #define HAVE_STDINT_H 1
| #define HAVE_UNISTD_H 1
| #define HAVE_FCNTL_H 1
| #define HAVE_LIMITS_H 1
| #define HAVE_STRINGS_H 1
| #define HAVE_SYS_IOCTL_H 1
| #define HAVE_SYS_TIME_H 1
| #define HAVE_UNISTD_H 1
| #define HAVE_LINUX_THREADS_H 1
| #define HAVE_SCHED_H 1
| #define HAVE_SYS_PARAM_H 1
| #define HAVE_SYS_SYSCTL_H 1
| #define HAVE_LIBGEN_H 1
| /* end confdefs.h.  */
| #include <stdio.h>
| #if HAVE_SYS_TYPES_H
| # include <sys/types.h>
| #endif
| #if HAVE_SYS_STAT_H
| # include <sys/stat.h>
| #endif
| #if STDC_HEADERS
| # include <stdlib.h>
| # include <stddef.h>
| #else
| # if HAVE_STDLIB_H
| #  include <stdlib.h>
| # endif
| #endif
| #if HAVE_STRING_H
| # if !STDC_HEADERS && HAVE_MEMORY_H
| #  include <memory.h>
| # endif
| # include <string.h>
| #endif
| #if HAVE_STRINGS_H
| # include <strings.h>
| #endif
| #if HAVE_INTTYPES_H
| # include <inttypes.h>
| #else
| # if HAVE_STDINT_H
| #  include <stdint.h>
| # endif
| #endif
| #if HAVE_UNISTD_H
| # include <unistd.h>
| #endif
| #include <kstat.h>
configure:4054: result: no
configure:4058: checking kstat.h presence
configure:4068: g++ -E  conftest.cc
conftest.cc:35:19: kstat.h: No such file or directory
configure:4074: $? = 1
configure: failed program was:
| /* confdefs.h.  */
| 
| #define PACKAGE_NAME ""
| #define PACKAGE_TARNAME ""
| #define PACKAGE_VERSION ""
| #define PACKAGE_STRING ""
| #define PACKAGE_BUGREPORT ""
| #ifdef __cplusplus
| extern "C" void std::exit (int) throw (); using std::exit;
| #endif
| #define HAVE_DIRENT_H 1
| #define HAVE_SYS_WAIT_H 1
| #define STDC_HEADERS 1
| #define HAVE_SYS_TYPES_H 1
| #define HAVE_SYS_STAT_H 1
| #define HAVE_STDLIB_H 1
| #define HAVE_STRING_H 1
| #define HAVE_MEMORY_H 1
| #define HAVE_STRINGS_H 1
| #define HAVE_INTTYPES_H 1
| #define HAVE_STDINT_H 1
| #define HAVE_UNISTD_H 1
| #define HAVE_FCNTL_H 1
| #define HAVE_LIMITS_H 1
| #define HAVE_STRINGS_H 1
| #define HAVE_SYS_IOCTL_H 1
| #define HAVE_SYS_TIME_H 1
| #define HAVE_UNISTD_H 1
| #define HAVE_LINUX_THREADS_H 1
| #define HAVE_SCHED_H 1
| #define HAVE_SYS_PARAM_H 1
| #define HAVE_SYS_SYSCTL_H 1
| #define HAVE_LIBGEN_H 1
| /* end confdefs.h.  */
| #include <kstat.h>
configure:4094: result: no
configure:4129: checking for kstat.h
configure:4136: result: no
configure:4204: checking for size_t
configure:4228: g++ -c -fpermissive -Wall -Wpointer-arith -Wconversion -Wwrite-strings -Winline -Woverloaded-virtual -W -fno-exceptions -fno-rtti -g -O2  conftest.cc >&5
configure:4234: $? = 0
configure:4237: test -z 			 || test ! -s conftest.err
configure:4240: $? = 0
configure:4243: test -s conftest.o
configure:4246: $? = 0
configure:4257: result: yes
configure:4269: checking whether time.h and sys/time.h may both be included
configure:4294: g++ -c -fpermissive -Wall -Wpointer-arith -Wconversion -Wwrite-strings -Winline -Woverloaded-virtual -W -fno-exceptions -fno-rtti -g -O2  conftest.cc >&5
configure:4300: $? = 0
configure:4303: test -z 			 || test ! -s conftest.err
configure:4306: $? = 0
configure:4309: test -s conftest.o
configure:4312: $? = 0
configure:4323: result: yes
configure:4333: checking whether struct tm is in sys/time.h or time.h
configure:4356: g++ -c -fpermissive -Wall -Wpointer-arith -Wconversion -Wwrite-strings -Winline -Woverloaded-virtual -W -fno-exceptions -fno-rtti -g -O2  conftest.cc >&5
conftest.cc: In function `int main()':
conftest.cc:42: warning: statement with no effect
configure:4362: $? = 0
configure:4365: test -z 			 || test ! -s conftest.err
configure:4368: $? = 0
configure:4371: test -s conftest.o
configure:4374: $? = 0
configure:4385: result: time.h
configure:4396: checking for char
configure:4420: g++ -c -fpermissive -Wall -Wpointer-arith -Wconversion -Wwrite-strings -Winline -Woverloaded-virtual -W -fno-exceptions -fno-rtti -g -O2  conftest.cc >&5
configure:4426: $? = 0
configure:4429: test -z 			 || test ! -s conftest.err
configure:4432: $? = 0
configure:4435: test -s conftest.o
configure:4438: $? = 0
configure:4449: result: yes
configure:4452: checking size of char
configure:4764: g++ -o conftest -fpermissive -Wall -Wpointer-arith -Wconversion -Wwrite-strings -Winline -Woverloaded-virtual -W -fno-exceptions -fno-rtti -g -O2   conftest.cc  >&5
configure:4767: $? = 0
configure:4769: ./conftest
configure:4772: $? = 0
configure:4795: result: 1
configure:4802: checking for short
configure:4826: g++ -c -fpermissive -Wall -Wpointer-arith -Wconversion -Wwrite-strings -Winline -Woverloaded-virtual -W -fno-exceptions -fno-rtti -g -O2  conftest.cc >&5
configure:4832: $? = 0
configure:4835: test -z 			 || test ! -s conftest.err
configure:4838: $? = 0
configure:4841: test -s conftest.o
configure:4844: $? = 0
configure:4855: result: yes
configure:4858: checking size of short
configure:5170: g++ -o conftest -fpermissive -Wall -Wpointer-arith -Wconversion -Wwrite-strings -Winline -Woverloaded-virtual -W -fno-exceptions -fno-rtti -g -O2   conftest.cc  >&5
configure:5173: $? = 0
configure:5175: ./conftest
configure:5178: $? = 0
configure:5201: result: 2
configure:5208: checking for int
configure:5232: g++ -c -fpermissive -Wall -Wpointer-arith -Wconversion -Wwrite-strings -Winline -Woverloaded-virtual -W -fno-exceptions -fno-rtti -g -O2  conftest.cc >&5
configure:5238: $? = 0
configure:5241: test -z 			 || test ! -s conftest.err
configure:5244: $? = 0
configure:5247: test -s conftest.o
configure:5250: $? = 0
configure:5261: result: yes
configure:5264: checking size of int
configure:5576: g++ -o conftest -fpermissive -Wall -Wpointer-arith -Wconversion -Wwrite-strings -Winline -Woverloaded-virtual -W -fno-exceptions -fno-rtti -g -O2   conftest.cc  >&5
configure:5579: $? = 0
configure:5581: ./conftest
configure:5584: $? = 0
configure:5607: result: 4
configure:5614: checking for long
configure:5638: g++ -c -fpermissive -Wall -Wpointer-arith -Wconversion -Wwrite-strings -Winline -Woverloaded-virtual -W -fno-exceptions -fno-rtti -g -O2  conftest.cc >&5
configure:5644: $? = 0
configure:5647: test -z 			 || test ! -s conftest.err
configure:5650: $? = 0
configure:5653: test -s conftest.o
configure:5656: $? = 0
configure:5667: result: yes
configure:5670: checking size of long
configure:5982: g++ -o conftest -fpermissive -Wall -Wpointer-arith -Wconversion -Wwrite-strings -Winline -Woverloaded-virtual -W -fno-exceptions -fno-rtti -g -O2   conftest.cc  >&5
configure:5985: $? = 0
configure:5987: ./conftest
configure:5990: $? = 0
configure:6013: result: 4
configure:6021: checking return type of signal handlers
configure:6052: g++ -c -fpermissive -Wall -Wpointer-arith -Wconversion -Wwrite-strings -Winline -Woverloaded-virtual -W -fno-exceptions -fno-rtti -g -O2  conftest.cc >&5
conftest.cc: In function `int main()':
conftest.cc:54: warning: unused variable `int i'
configure:6058: $? = 0
configure:6061: test -z 			 || test ! -s conftest.err
configure:6064: $? = 0
configure:6067: test -s conftest.o
configure:6070: $? = 0
configure:6081: result: void
configure:6093: checking for strftime
configure:6150: g++ -o conftest -fpermissive -Wall -Wpointer-arith -Wconversion -Wwrite-strings -Winline -Woverloaded-virtual -W -fno-exceptions -fno-rtti -g -O2   conftest.cc  >&5
conftest.cc:65: error: nonnull argument with out-of-range operand number (arg 1
   , operand 3)
configure:6156: $? = 1
configure: failed program was:
| /* confdefs.h.  */
| 
| #define PACKAGE_NAME ""
| #define PACKAGE_TARNAME ""
| #define PACKAGE_VERSION ""
| #define PACKAGE_STRING ""
| #define PACKAGE_BUGREPORT ""
| #ifdef __cplusplus
| extern "C" void std::exit (int) throw (); using std::exit;
| #endif
| #define HAVE_DIRENT_H 1
| #define HAVE_SYS_WAIT_H 1
| #define STDC_HEADERS 1
| #define HAVE_SYS_TYPES_H 1
| #define HAVE_SYS_STAT_H 1
| #define HAVE_STDLIB_H 1
| #define HAVE_STRING_H 1
| #define HAVE_MEMORY_H 1
| #define HAVE_STRINGS_H 1
| #define HAVE_INTTYPES_H 1
| #define HAVE_STDINT_H 1
| #define HAVE_UNISTD_H 1
| #define HAVE_FCNTL_H 1
| #define HAVE_LIMITS_H 1
| #define HAVE_STRINGS_H 1
| #define HAVE_SYS_IOCTL_H 1
| #define HAVE_SYS_TIME_H 1
| #define HAVE_UNISTD_H 1
| #define HAVE_LINUX_THREADS_H 1
| #define HAVE_SCHED_H 1
| #define HAVE_SYS_PARAM_H 1
| #define HAVE_SYS_SYSCTL_H 1
| #define HAVE_LIBGEN_H 1
| #define TIME_WITH_SYS_TIME 1
| #define SIZEOF_CHAR 1
| #define SIZEOF_SHORT 2
| #define SIZEOF_INT 4
| #define SIZEOF_LONG 4
| #define RETSIGTYPE void
| /* end confdefs.h.  */
| /* Define strftime to an innocuous variant, in case <limits.h> declares strftime.
|    For example, HP-UX 11i <limits.h> declares gettimeofday.  */
| #define strftime innocuous_strftime
| 
| /* System header to define __stub macros and hopefully few prototypes,
|     which can conflict with char strftime (); below.
|     Prefer <limits.h> to <assert.h> if __STDC__ is defined, since
|     <limits.h> exists even on freestanding compilers.  */
| 
| #ifdef __STDC__
| # include <limits.h>
| #else
| # include <assert.h>
| #endif
| 
| #undef strftime
| 
| /* Override any gcc2 internal prototype to avoid an error.  */
| #ifdef __cplusplus
| extern "C"
| {
| #endif
| /* We use char because int might match the return type of a gcc2
|    builtin and then its argument prototype would still apply.  */
| char strftime ();
| /* The GNU C library defines this for functions which it implements
|     to always fail with ENOSYS.  Some functions are actually named
|     something starting with __ and the normal name is an alias.  */
| #if defined (__stub_strftime) || defined (__stub___strftime)
| choke me
| #else
| char (*f) () = strftime;
| #endif
| #ifdef __cplusplus
| }
| #endif
| 
| int
| main ()
| {
| return f != strftime;
|   ;
|   return 0;
| }
configure:6180: result: no
configure:6189: checking for strftime in -lintl
configure:6219: g++ -o conftest -fpermissive -Wall -Wpointer-arith -Wconversion -Wwrite-strings -Winline -Woverloaded-virtual -W -fno-exceptions -fno-rtti -g -O2   conftest.cc -lintl   >&5
conftest.cc:48: error: nonnull argument with out-of-range operand number (arg 1
   , operand 3)
configure:6225: $? = 1
configure: failed program was:
| /* confdefs.h.  */
| 
| #define PACKAGE_NAME ""
| #define PACKAGE_TARNAME ""
| #define PACKAGE_VERSION ""
| #define PACKAGE_STRING ""
| #define PACKAGE_BUGREPORT ""
| #ifdef __cplusplus
| extern "C" void std::exit (int) throw (); using std::exit;
| #endif
| #define HAVE_DIRENT_H 1
| #define HAVE_SYS_WAIT_H 1
| #define STDC_HEADERS 1
| #define HAVE_SYS_TYPES_H 1
| #define HAVE_SYS_STAT_H 1
| #define HAVE_STDLIB_H 1
| #define HAVE_STRING_H 1
| #define HAVE_MEMORY_H 1
| #define HAVE_STRINGS_H 1
| #define HAVE_INTTYPES_H 1
| #define HAVE_STDINT_H 1
| #define HAVE_UNISTD_H 1
| #define HAVE_FCNTL_H 1
| #define HAVE_LIMITS_H 1
| #define HAVE_STRINGS_H 1
| #define HAVE_SYS_IOCTL_H 1
| #define HAVE_SYS_TIME_H 1
| #define HAVE_UNISTD_H 1
| #define HAVE_LINUX_THREADS_H 1
| #define HAVE_SCHED_H 1
| #define HAVE_SYS_PARAM_H 1
| #define HAVE_SYS_SYSCTL_H 1
| #define HAVE_LIBGEN_H 1
| #define TIME_WITH_SYS_TIME 1
| #define SIZEOF_CHAR 1
| #define SIZEOF_SHORT 2
| #define SIZEOF_INT 4
| #define SIZEOF_LONG 4
| #define RETSIGTYPE void
| /* end confdefs.h.  */
| 
| /* Override any gcc2 internal prototype to avoid an error.  */
| #ifdef __cplusplus
| extern "C"
| #endif
| /* We use char because int might match the return type of a gcc2
|    builtin and then its argument prototype would still apply.  */
| char strftime ();
| int
| main ()
| {
| strftime ();
|   ;
|   return 0;
| }
configure:6250: result: no
configure:6267: checking for vprintf
configure:6324: g++ -o conftest -fpermissive -Wall -Wpointer-arith -Wconversion -Wwrite-strings -Winline -Woverloaded-virtual -W -fno-exceptions -fno-rtti -g -O2   conftest.cc  >&5
configure:6330: $? = 0
configure:6333: test -z 			 || test ! -s conftest.err
configure:6336: $? = 0
configure:6339: test -s conftest
configure:6342: $? = 0
configure:6354: result: yes
configure:6361: checking for _doprnt
configure:6418: g++ -o conftest -fpermissive -Wall -Wpointer-arith -Wconversion -Wwrite-strings -Winline -Woverloaded-virtual -W -fno-exceptions -fno-rtti -g -O2   conftest.cc  >&5
/tmp/cckKSDTn.o(.text+0x11): In function `main':
/pluto/trunk/src/utilities/linux/window_manager/wm_icewm/icewm-1.2.26.patched/conftest.cc:82: undefined reference to `_doprnt'
/tmp/cckKSDTn.o(.data+0x0):/pluto/trunk/src/utilities/linux/window_manager/wm_icewm/icewm-1.2.26.patched/conftest.cc:81: undefined reference to `_doprnt'
collect2: ld returned 1 exit status
configure:6424: $? = 1
configure: failed program was:
| /* confdefs.h.  */
| 
| #define PACKAGE_NAME ""
| #define PACKAGE_TARNAME ""
| #define PACKAGE_VERSION ""
| #define PACKAGE_STRING ""
| #define PACKAGE_BUGREPORT ""
| #ifdef __cplusplus
| extern "C" void std::exit (int) throw (); using std::exit;
| #endif
| #define HAVE_DIRENT_H 1
| #define HAVE_SYS_WAIT_H 1
| #define STDC_HEADERS 1
| #define HAVE_SYS_TYPES_H 1
| #define HAVE_SYS_STAT_H 1
| #define HAVE_STDLIB_H 1
| #define HAVE_STRING_H 1
| #define HAVE_MEMORY_H 1
| #define HAVE_STRINGS_H 1
| #define HAVE_INTTYPES_H 1
| #define HAVE_STDINT_H 1
| #define HAVE_UNISTD_H 1
| #define HAVE_FCNTL_H 1
| #define HAVE_LIMITS_H 1
| #define HAVE_STRINGS_H 1
| #define HAVE_SYS_IOCTL_H 1
| #define HAVE_SYS_TIME_H 1
| #define HAVE_UNISTD_H 1
| #define HAVE_LINUX_THREADS_H 1
| #define HAVE_SCHED_H 1
| #define HAVE_SYS_PARAM_H 1
| #define HAVE_SYS_SYSCTL_H 1
| #define HAVE_LIBGEN_H 1
| #define TIME_WITH_SYS_TIME 1
| #define SIZEOF_CHAR 1
| #define SIZEOF_SHORT 2
| #define SIZEOF_INT 4
| #define SIZEOF_LONG 4
| #define RETSIGTYPE void
| #define HAVE_VPRINTF 1
| /* end confdefs.h.  */
| /* Define _doprnt to an innocuous variant, in case <limits.h> declares _doprnt.
|    For example, HP-UX 11i <limits.h> declares gettimeofday.  */
| #define _doprnt innocuous__doprnt
| 
| /* System header to define __stub macros and hopefully few prototypes,
|     which can conflict with char _doprnt (); below.
|     Prefer <limits.h> to <assert.h> if __STDC__ is defined, since
|     <limits.h> exists even on freestanding compilers.  */
| 
| #ifdef __STDC__
| # include <limits.h>
| #else
| # include <assert.h>
| #endif
| 
| #undef _doprnt
| 
| /* Override any gcc2 internal prototype to avoid an error.  */
| #ifdef __cplusplus
| extern "C"
| {
| #endif
| /* We use char because int might match the return type of a gcc2
|    builtin and then its argument prototype would still apply.  */
| char _doprnt ();
| /* The GNU C library defines this for functions which it implements
|     to always fail with ENOSYS.  Some functions are actually named
|     something starting with __ and the normal name is an alias.  */
| #if defined (__stub__doprnt) || defined (__stub____doprnt)
| choke me
| #else
| char (*f) () = _doprnt;
| #endif
| #ifdef __cplusplus
| }
| #endif
| 
| int
| main ()
| {
| return f != _doprnt;
|   ;
|   return 0;
| }
configure:6448: result: no
configure:6472: checking for gettimeofday
configure:6529: g++ -o conftest -fpermissive -Wall -Wpointer-arith -Wconversion -Wwrite-strings -Winline -Woverloaded-virtual -W -fno-exceptions -fno-rtti -g -O2   conftest.cc  >&5
configure:6535: $? = 0
configure:6538: test -z 			 || test ! -s conftest.err
configure:6541: $? = 0
configure:6544: test -s conftest
configure:6547: $? = 0
configure:6559: result: yes
configure:6472: checking for putenv
configure:6529: g++ -o conftest -fpermissive -Wall -Wpointer-arith -Wconversion -Wwrite-strings -Winline -Woverloaded-virtual -W -fno-exceptions -fno-rtti -g -O2   conftest.cc  >&5
configure:6535: $? = 0
configure:6538: test -z 			 || test ! -s conftest.err
configure:6541: $? = 0
configure:6544: test -s conftest
configure:6547: $? = 0
configure:6559: result: yes
configure:6472: checking for select
configure:6529: g++ -o conftest -fpermissive -Wall -Wpointer-arith -Wconversion -Wwrite-strings -Winline -Woverloaded-virtual -W -fno-exceptions -fno-rtti -g -O2   conftest.cc  >&5
configure:6535: $? = 0
configure:6538: test -z 			 || test ! -s conftest.err
configure:6541: $? = 0
configure:6544: test -s conftest
configure:6547: $? = 0
configure:6559: result: yes
configure:6472: checking for socket
configure:6529: g++ -o conftest -fpermissive -Wall -Wpointer-arith -Wconversion -Wwrite-strings -Winline -Woverloaded-virtual -W -fno-exceptions -fno-rtti -g -O2   conftest.cc  >&5
configure:6535: $? = 0
configure:6538: test -z 			 || test ! -s conftest.err
configure:6541: $? = 0
configure:6544: test -s conftest
configure:6547: $? = 0
configure:6559: result: yes
configure:6472: checking for strtol
configure:6529: g++ -o conftest -fpermissive -Wall -Wpointer-arith -Wconversion -Wwrite-strings -Winline -Woverloaded-virtual -W -fno-exceptions -fno-rtti -g -O2   conftest.cc  >&5
configure:6535: $? = 0
configure:6538: test -z 			 || test ! -s conftest.err
configure:6541: $? = 0
configure:6544: test -s conftest
configure:6547: $? = 0
configure:6559: result: yes
configure:6472: checking for strtoul
configure:6529: g++ -o conftest -fpermissive -Wall -Wpointer-arith -Wconversion -Wwrite-strings -Winline -Woverloaded-virtual -W -fno-exceptions -fno-rtti -g -O2   conftest.cc  >&5
configure:6535: $? = 0
configure:6538: test -z 			 || test ! -s conftest.err
configure:6541: $? = 0
configure:6544: test -s conftest
configure:6547: $? = 0
configure:6559: result: yes
configure:6472: checking for basename
configure:6529: g++ -o conftest -fpermissive -Wall -Wpointer-arith -Wconversion -Wwrite-strings -Winline -Woverloaded-virtual -W -fno-exceptions -fno-rtti -g -O2   conftest.cc  >&5
configure:6535: $? = 0
configure:6538: test -z 			 || test ! -s conftest.err
configure:6541: $? = 0
configure:6544: test -s conftest
configure:6547: $? = 0
configure:6559: result: yes
configure:6573: checking for sysctlbyname
configure:6630: g++ -o conftest -fpermissive -Wall -Wpointer-arith -Wconversion -Wwrite-strings -Winline -Woverloaded-virtual -W -fno-exceptions -fno-rtti -g -O2   conftest.cc  >&5
/tmp/ccIMzDjN.o(.text+0x11): In function `main':
/pluto/trunk/src/utilities/linux/window_manager/wm_icewm/icewm-1.2.26.patched/conftest.cc:89: undefined reference to `sysctlbyname'
/tmp/ccIMzDjN.o(.data+0x0):/pluto/trunk/src/utilities/linux/window_manager/wm_icewm/icewm-1.2.26.patched/conftest.cc:88: undefined reference to `sysctlbyname'
collect2: ld returned 1 exit status
configure:6636: $? = 1
configure: failed program was:
| /* confdefs.h.  */
| 
| #define PACKAGE_NAME ""
| #define PACKAGE_TARNAME ""
| #define PACKAGE_VERSION ""
| #define PACKAGE_STRING ""
| #define PACKAGE_BUGREPORT ""
| #ifdef __cplusplus
| extern "C" void std::exit (int) throw (); using std::exit;
| #endif
| #define HAVE_DIRENT_H 1
| #define HAVE_SYS_WAIT_H 1
| #define STDC_HEADERS 1
| #define HAVE_SYS_TYPES_H 1
| #define HAVE_SYS_STAT_H 1
| #define HAVE_STDLIB_H 1
| #define HAVE_STRING_H 1
| #define HAVE_MEMORY_H 1
| #define HAVE_STRINGS_H 1
| #define HAVE_INTTYPES_H 1
| #define HAVE_STDINT_H 1
| #define HAVE_UNISTD_H 1
| #define HAVE_FCNTL_H 1
| #define HAVE_LIMITS_H 1
| #define HAVE_STRINGS_H 1
| #define HAVE_SYS_IOCTL_H 1
| #define HAVE_SYS_TIME_H 1
| #define HAVE_UNISTD_H 1
| #define HAVE_LINUX_THREADS_H 1
| #define HAVE_SCHED_H 1
| #define HAVE_SYS_PARAM_H 1
| #define HAVE_SYS_SYSCTL_H 1
| #define HAVE_LIBGEN_H 1
| #define TIME_WITH_SYS_TIME 1
| #define SIZEOF_CHAR 1
| #define SIZEOF_SHORT 2
| #define SIZEOF_INT 4
| #define SIZEOF_LONG 4
| #define RETSIGTYPE void
| #define HAVE_VPRINTF 1
| #define HAVE_GETTIMEOFDAY 1
| #define HAVE_PUTENV 1
| #define HAVE_SELECT 1
| #define HAVE_SOCKET 1
| #define HAVE_STRTOL 1
| #define HAVE_STRTOUL 1
| #define HAVE_BASENAME 1
| /* end confdefs.h.  */
| /* Define sysctlbyname to an innocuous variant, in case <limits.h> declares sysctlbyname.
|    For example, HP-UX 11i <limits.h> declares gettimeofday.  */
| #define sysctlbyname innocuous_sysctlbyname
| 
| /* System header to define __stub macros and hopefully few prototypes,
|     which can conflict with char sysctlbyname (); below.
|     Prefer <limits.h> to <assert.h> if __STDC__ is defined, since
|     <limits.h> exists even on freestanding compilers.  */
| 
| #ifdef __STDC__
| # include <limits.h>
| #else
| # include <assert.h>
| #endif
| 
| #undef sysctlbyname
| 
| /* Override any gcc2 internal prototype to avoid an error.  */
| #ifdef __cplusplus
| extern "C"
| {
| #endif
| /* We use char because int might match the return type of a gcc2
|    builtin and then its argument prototype would still apply.  */
| char sysctlbyname ();
| /* The GNU C library defines this for functions which it implements
|     to always fail with ENOSYS.  Some functions are actually named
|     something starting with __ and the normal name is an alias.  */
| #if defined (__stub_sysctlbyname) || defined (__stub___sysctlbyname)
| choke me
| #else
| char (*f) () = sysctlbyname;
| #endif
| #ifdef __cplusplus
| }
| #endif
| 
| int
| main ()
| {
| return f != sysctlbyname;
|   ;
|   return 0;
| }
configure:6660: result: no
configure:6685: checking sys/select.h usability
configure:6697: g++ -c -fpermissive -Wall -Wpointer-arith -Wconversion -Wwrite-strings -Winline -Woverloaded-virtual -W -fno-exceptions -fno-rtti -g -O2  conftest.cc >&5
configure:6703: $? = 0
configure:6706: test -z 			 || test ! -s conftest.err
configure:6709: $? = 0
configure:6712: test -s conftest.o
configure:6715: $? = 0
configure:6725: result: yes
configure:6729: checking sys/select.h presence
configure:6739: g++ -E  conftest.cc
configure:6745: $? = 0
configure:6765: result: yes
configure:6800: checking for sys/select.h
configure:6807: result: yes
configure:6685: checking sys/socket.h usability
configure:6697: g++ -c -fpermissive -Wall -Wpointer-arith -Wconversion -Wwrite-strings -Winline -Woverloaded-virtual -W -fno-exceptions -fno-rtti -g -O2  conftest.cc >&5
configure:6703: $? = 0
configure:6706: test -z 			 || test ! -s conftest.err
configure:6709: $? = 0
configure:6712: test -s conftest.o
configure:6715: $? = 0
configure:6725: result: yes
configure:6729: checking sys/socket.h presence
configure:6739: g++ -E  conftest.cc
configure:6745: $? = 0
configure:6765: result: yes
configure:6800: checking for sys/socket.h
configure:6807: result: yes
configure:6820: checking types of arguments for select
configure:6853: g++ -c -fpermissive -Wall -Wpointer-arith -Wconversion -Wwrite-strings -Winline -Woverloaded-virtual -W -fno-exceptions -fno-rtti -g -O2  conftest.cc >&5
configure:6859: $? = 0
configure:6862: test -z 			 || test ! -s conftest.err
configure:6865: $? = 0
configure:6868: test -s conftest.o
configure:6871: $? = 0
configure:6887: result: int,fd_set *,struct timeval *
configure:6911: checking for getloadavg
configure:6929: g++ -o conftest -fpermissive -Wall -Wpointer-arith -Wconversion -Wwrite-strings -Winline -Woverloaded-virtual -W -fno-exceptions -fno-rtti -g -O2   conftest.cc  >&5
configure:6935: $? = 0
configure:6938: test -z 			 || test ! -s conftest.err
configure:6941: $? = 0
configure:6944: test -s conftest
configure:6947: $? = 0
configure:6949: result: yes
configure:6966: checking for kern.cp_time
configure:6977: result: no
configure:6983: checking for X
configure:7217: result: libraries /usr/X11R6/lib, headers /usr/X11R6/include
configure:7388: g++ -o conftest -fpermissive -Wall -Wpointer-arith -Wconversion -Wwrite-strings -Winline -Woverloaded-virtual -W -fno-exceptions -fno-rtti -g -O2   conftest.cc   -L/usr/X11R6/lib -lX11 >&5
configure:7394: $? = 0
configure:7397: test -z 			 || test ! -s conftest.err
configure:7400: $? = 0
configure:7403: test -s conftest
configure:7406: $? = 0
configure:7562: checking for gethostbyname
configure:7619: g++ -o conftest -fpermissive -Wall -Wpointer-arith -Wconversion -Wwrite-strings -Winline -Woverloaded-virtual -W -fno-exceptions -fno-rtti -g -O2   conftest.cc  >&5
configure:7625: $? = 0
configure:7628: test -z 			 || test ! -s conftest.err
configure:7631: $? = 0
configure:7634: test -s conftest
configure:7637: $? = 0
configure:7649: result: yes
configure:7798: checking for connect
configure:7855: g++ -o conftest -fpermissive -Wall -Wpointer-arith -Wconversion -Wwrite-strings -Winline -Woverloaded-virtual -W -fno-exceptions -fno-rtti -g -O2   conftest.cc  >&5
configure:7861: $? = 0
configure:7864: test -z 			 || test ! -s conftest.err
configure:7867: $? = 0
configure:7870: test -s conftest
configure:7873: $? = 0
configure:7885: result: yes
configure:7959: checking for remove
configure:8016: g++ -o conftest -fpermissive -Wall -Wpointer-arith -Wconversion -Wwrite-strings -Winline -Woverloaded-virtual -W -fno-exceptions -fno-rtti -g -O2   conftest.cc  >&5
configure:8022: $? = 0
configure:8025: test -z 			 || test ! -s conftest.err
configure:8028: $? = 0
configure:8031: test -s conftest
configure:8034: $? = 0
configure:8046: result: yes
configure:8120: checking for shmat
configure:8177: g++ -o conftest -fpermissive -Wall -Wpointer-arith -Wconversion -Wwrite-strings -Winline -Woverloaded-virtual -W -fno-exceptions -fno-rtti -g -O2   conftest.cc  >&5
configure:8183: $? = 0
configure:8186: test -z 			 || test ! -s conftest.err
configure:8189: $? = 0
configure:8192: test -s conftest
configure:8195: $? = 0
configure:8207: result: yes
configure:8290: checking for IceConnectionNumber in -lICE
configure:8320: g++ -o conftest -fpermissive -Wall -Wpointer-arith -Wconversion -Wwrite-strings -Winline -Woverloaded-virtual -W -fno-exceptions -fno-rtti -g -O2   -L/usr/X11R6/lib conftest.cc -lICE   >&5
configure:8326: $? = 0
configure:8329: test -z 			 || test ! -s conftest.err
configure:8332: $? = 0
configure:8335: test -s conftest
configure:8338: $? = 0
configure:8351: result: yes
configure:8413: checking langinfo.h usability
configure:8425: g++ -c -fpermissive -Wall -Wpointer-arith -Wconversion -Wwrite-strings -Winline -Woverloaded-virtual -W -fno-exceptions -fno-rtti -g -O2  conftest.cc >&5
configure:8431: $? = 0
configure:8434: test -z 			 || test ! -s conftest.err
configure:8437: $? = 0
configure:8440: test -s conftest.o
configure:8443: $? = 0
configure:8453: result: yes
configure:8457: checking langinfo.h presence
configure:8467: g++ -E  conftest.cc
configure:8473: $? = 0
configure:8493: result: yes
configure:8528: checking for langinfo.h
configure:8535: result: yes
configure:8554: checking for nl_langinfo
configure:8611: g++ -o conftest -fpermissive -Wall -Wpointer-arith -Wconversion -Wwrite-strings -Winline -Woverloaded-virtual -W -fno-exceptions -fno-rtti -g -O2   conftest.cc  >&5
configure:8617: $? = 0
configure:8620: test -z 			 || test ! -s conftest.err
configure:8623: $? = 0
configure:8626: test -s conftest
configure:8629: $? = 0
configure:8641: result: yes
configure:8657: checking whether nl_langinfo supports CODESET
configure:8677: g++ -c -fpermissive -Wall -Wpointer-arith -Wconversion -Wwrite-strings -Winline -Woverloaded-virtual -W -fno-exceptions -fno-rtti -g -O2  conftest.cc >&5
configure:8683: $? = 0
configure:8686: test -z 			 || test ! -s conftest.err
configure:8689: $? = 0
configure:8692: test -s conftest.o
configure:8695: $? = 0
configure:8697: result: yes
configure:8711: checking whether nl_langinfo supports _NL_CTYPE_CODESET_NAME
configure:8731: g++ -c -fpermissive -Wall -Wpointer-arith -Wconversion -Wwrite-strings -Winline -Woverloaded-virtual -W -fno-exceptions -fno-rtti -g -O2  conftest.cc >&5
configure:8737: $? = 0
configure:8740: test -z 			 || test ! -s conftest.err
configure:8743: $? = 0
configure:8746: test -s conftest.o
configure:8749: $? = 0
configure:8751: result: yes
configure:8800: checking iconv.h usability
configure:8812: g++ -c -fpermissive -Wall -Wpointer-arith -Wconversion -Wwrite-strings -Winline -Woverloaded-virtual -W -fno-exceptions -fno-rtti -g -O2  conftest.cc >&5
configure:8818: $? = 0
configure:8821: test -z 			 || test ! -s conftest.err
configure:8824: $? = 0
configure:8827: test -s conftest.o
configure:8830: $? = 0
configure:8840: result: yes
configure:8844: checking iconv.h presence
configure:8854: g++ -E  conftest.cc
configure:8860: $? = 0
configure:8880: result: yes
configure:8915: checking for iconv.h
configure:8922: result: yes
configure:8956: checking whether _libiconv_version is declared
configure:8981: g++ -c -fpermissive -Wall -Wpointer-arith -Wconversion -Wwrite-strings -Winline -Woverloaded-virtual -W -fno-exceptions -fno-rtti -g -O2  conftest.cc >&5
conftest.cc: In function `int main()':
conftest.cc:64: error: `_libiconv_version' undeclared (first use this function)
conftest.cc:64: error: (Each undeclared identifier is reported only once for 
   each function it appears in.)
conftest.cc:64: warning: unused variable `char*p'
configure:8987: $? = 1
configure: failed program was:
| /* confdefs.h.  */
| 
| #define PACKAGE_NAME ""
| #define PACKAGE_TARNAME ""
| #define PACKAGE_VERSION ""
| #define PACKAGE_STRING ""
| #define PACKAGE_BUGREPORT ""
| #ifdef __cplusplus
| extern "C" void std::exit (int) throw (); using std::exit;
| #endif
| #define HAVE_DIRENT_H 1
| #define HAVE_SYS_WAIT_H 1
| #define STDC_HEADERS 1
| #define HAVE_SYS_TYPES_H 1
| #define HAVE_SYS_STAT_H 1
| #define HAVE_STDLIB_H 1
| #define HAVE_STRING_H 1
| #define HAVE_MEMORY_H 1
| #define HAVE_STRINGS_H 1
| #define HAVE_INTTYPES_H 1
| #define HAVE_STDINT_H 1
| #define HAVE_UNISTD_H 1
| #define HAVE_FCNTL_H 1
| #define HAVE_LIMITS_H 1
| #define HAVE_STRINGS_H 1
| #define HAVE_SYS_IOCTL_H 1
| #define HAVE_SYS_TIME_H 1
| #define HAVE_UNISTD_H 1
| #define HAVE_LINUX_THREADS_H 1
| #define HAVE_SCHED_H 1
| #define HAVE_SYS_PARAM_H 1
| #define HAVE_SYS_SYSCTL_H 1
| #define HAVE_LIBGEN_H 1
| #define TIME_WITH_SYS_TIME 1
| #define SIZEOF_CHAR 1
| #define SIZEOF_SHORT 2
| #define SIZEOF_INT 4
| #define SIZEOF_LONG 4
| #define RETSIGTYPE void
| #define HAVE_VPRINTF 1
| #define HAVE_GETTIMEOFDAY 1
| #define HAVE_PUTENV 1
| #define HAVE_SELECT 1
| #define HAVE_SOCKET 1
| #define HAVE_STRTOL 1
| #define HAVE_STRTOUL 1
| #define HAVE_BASENAME 1
| #define HAVE_SYS_SELECT_H 1
| #define HAVE_SYS_SOCKET_H 1
| #define SELECT_TYPE_ARG1 int
| #define SELECT_TYPE_ARG234 (fd_set *)
| #define SELECT_TYPE_ARG5 (struct timeval *)
| #define HAVE_GETLOADAVG2 1
| #define HAVE_LANGINFO_H 1
| #define CONFIG_NL_CODESETS  CODESET, _NL_CTYPE_CODESET_NAME, 0
| #define HAVE_ICONV_H 1
| /* end confdefs.h.  */
| #include <iconv.h>
| 
| int
| main ()
| {
| #ifndef _libiconv_version
|   char *p = (char *) _libiconv_version;
| #endif
| 
|   ;
|   return 0;
| }
configure:9010: result: no
configure:9172: result: assuming iconv.h belongs to the C library
configure:9180: checking for iconv
configure:9237: g++ -o conftest -fpermissive -Wall -Wpointer-arith -Wconversion -Wwrite-strings -Winline -Woverloaded-virtual -W -fno-exceptions -fno-rtti -g -O2   conftest.cc  >&5
configure:9243: $? = 0
configure:9246: test -z 			 || test ! -s conftest.err
configure:9249: $? = 0
configure:9252: test -s conftest
configure:9255: $? = 0
configure:9267: result: yes
configure:9180: checking for iconv_open
configure:9237: g++ -o conftest -fpermissive -Wall -Wpointer-arith -Wconversion -Wwrite-strings -Winline -Woverloaded-virtual -W -fno-exceptions -fno-rtti -g -O2   conftest.cc  >&5
configure:9243: $? = 0
configure:9246: test -z 			 || test ! -s conftest.err
configure:9249: $? = 0
configure:9252: test -s conftest
configure:9255: $? = 0
configure:9267: result: yes
configure:9180: checking for iconv_close
configure:9237: g++ -o conftest -fpermissive -Wall -Wpointer-arith -Wconversion -Wwrite-strings -Winline -Woverloaded-virtual -W -fno-exceptions -fno-rtti -g -O2   conftest.cc  >&5
configure:9243: $? = 0
configure:9246: test -z 			 || test ! -s conftest.err
configure:9249: $? = 0
configure:9252: test -s conftest
configure:9255: $? = 0
configure:9267: result: yes
configure:9318: checking whether iconv converts from UTF-8 to UCS-4//TRANSLIT
configure:9343: g++ -o conftest -fpermissive -Wall -Wpointer-arith -Wconversion -Wwrite-strings -Winline -Woverloaded-virtual -W -fno-exceptions -fno-rtti -g -O2   conftest.cc  >&5
configure:9346: $? = 0
configure:9348: ./conftest
configure:9351: $? = 0
configure:9353: result: yes
configure:9378: checking whether iconv converts from ISO-8859-1 to UCS-4//TRANSLIT
configure:9403: g++ -o conftest -fpermissive -Wall -Wpointer-arith -Wconversion -Wwrite-strings -Winline -Woverloaded-virtual -W -fno-exceptions -fno-rtti -g -O2   conftest.cc  >&5
configure:9406: $? = 0
configure:9408: ./conftest
configure:9411: $? = 0
configure:9413: result: yes
configure:9414: checking whether iconv converts from ISO-8859-2 to UCS-4//TRANSLIT
configure:9439: g++ -o conftest -fpermissive -Wall -Wpointer-arith -Wconversion -Wwrite-strings -Winline -Woverloaded-virtual -W -fno-exceptions -fno-rtti -g -O2   conftest.cc  >&5
configure:9442: $? = 0
configure:9444: ./conftest
configure:9447: $? = 0
configure:9449: result: yes
configure:9450: checking whether iconv converts from UTF-8 to UCS-4//TRANSLIT
configure:9475: g++ -o conftest -fpermissive -Wall -Wpointer-arith -Wconversion -Wwrite-strings -Winline -Woverloaded-virtual -W -fno-exceptions -fno-rtti -g -O2   conftest.cc  >&5
configure:9478: $? = 0
configure:9480: ./conftest
configure:9483: $? = 0
configure:9485: result: yes
configure:9561: checking for bindtextdomain
configure:9618: g++ -o conftest -fpermissive -Wall -Wpointer-arith -Wconversion -Wwrite-strings -Winline -Woverloaded-virtual -W -fno-exceptions -fno-rtti -g -O2   conftest.cc  >&5
configure:9624: $? = 0
configure:9627: test -z 			 || test ! -s conftest.err
configure:9630: $? = 0
configure:9633: test -s conftest
configure:9636: $? = 0
configure:9648: result: yes
configure:9752: checking for xgettext
configure:9770: found /usr/bin/xgettext
configure:9782: result: /usr/bin/xgettext
configure:9791: checking for msgmerge
configure:9809: found /usr/bin/msgmerge
configure:9821: result: /usr/bin/msgmerge
configure:9830: checking for msgfmt
configure:9848: found /usr/bin/msgfmt
configure:9860: result: /usr/bin/msgfmt
configure:9902: checking for XInternAtoms in -lX11
configure:9932: g++ -o conftest -fpermissive -Wall -Wpointer-arith -Wconversion -Wwrite-strings -Winline -Woverloaded-virtual -W -fno-exceptions -fno-rtti -g -O2   conftest.cc -lX11   -lSM -lICE  -lX11  -L/usr/X11R6/lib  >&5
configure:9938: $? = 0
configure:9941: test -z 			 || test ! -s conftest.err
configure:9944: $? = 0
configure:9947: test -s conftest
configure:9950: $? = 0
configure:9963: result: yes
configure:9980: checking for IceConnectionNumber in -lICE
configure:10041: result: yes
configure:10063: checking for XShapeCombineRectangles in -lXext
configure:10093: g++ -o conftest -fpermissive -Wall -Wpointer-arith -Wconversion -Wwrite-strings -Winline -Woverloaded-virtual -W -fno-exceptions -fno-rtti -g -O2   conftest.cc -lXext   -lSM -lICE  -lX11  -L/usr/X11R6/lib  >&5
configure:10099: $? = 0
configure:10102: test -z 			 || test ! -s conftest.err
configure:10105: $? = 0
configure:10108: test -s conftest
configure:10111: $? = 0
configure:10124: result: yes
configure:10224: checking for xft-config
configure:10242: found /usr/bin/xft-config
configure:10254: result: /usr/bin/xft-config
configure:11165: checking for XineramaQueryScreens in -lXinerama
configure:11195: g++ -o conftest -fpermissive -Wall -Wpointer-arith -Wconversion -Wwrite-strings -Winline -Woverloaded-virtual -W -fno-exceptions -fno-rtti -g -O2   conftest.cc -lXinerama   -lSM -lICE  -lX11  -L/usr/X11R6/lib  -lXinerama -lXext  >&5
configure:11201: $? = 0
configure:11204: test -z 			 || test ! -s conftest.err
configure:11207: $? = 0
configure:11210: test -s conftest
configure:11213: $? = 0
configure:11226: result: yes
configure:11509: checking for imlib-config
configure:11527: found /usr/bin/imlib-config
configure:11539: result: /usr/bin/imlib-config
configure:11663: checking for mkfontdir
configure:11682: found /usr/bin/X11/mkfontdir
configure:11694: result: /usr/bin/X11/mkfontdir
configure:12253: creating ./config.status

## ---------------------- ##
## Running config.status. ##
## ---------------------- ##

This file was extended by config.status, which was
generated by GNU Autoconf 2.59.  Invocation command line was

  CONFIG_FILES    = 
  CONFIG_HEADERS  = 
  CONFIG_LINKS    = 
  CONFIG_COMMANDS = 
  $ ./config.status 

on remus

config.status:784: creating Makefile
config.status:784: creating src/Makefile
config.status:784: creating po/Makefile
config.status:784: creating lib/keys
config.status:784: creating lib/menu
config.status:784: creating lib/programs
config.status:784: creating lib/toolbar
config.status:784: creating lib/winoptions
config.status:850: creating src/config.h
config.status:1120: src/config.h is unchanged
config.status:1278: executing config.status commands
configure:13499: result: 
configure:13520: result: Build targets: base nls
configure:13542: result: Applications: icewm icewm-session icesh icewmhint icewmbg icewmtray icehelp
configure:13564: result: Image library: Imlib
configure:13586: result: Audio support: 
configure:13608: result: Features: i18n nls shaped-decorations xfreetype x86-asm
configure:13630: result: Paths: PREFIX: /opt/icewm-1.2.26
configure:13652: result:        BINDIR: /opt/icewm-1.2.26/bin
configure:13674: result:        LOCDIR: /opt/icewm-1.2.26/share/locale
configure:13696: result:        LIBDIR: /opt/icewm-1.2.26/share/icewm
configure:13718: result:        CFGDIR: /opt/icewm-1.2.26/etc/icewm
configure:13740: result:        KDEDIR: /opt/icewm-1.2.26/share
configure:13762: result:        DOCDIR: /opt/icewm-1.2.26/share/doc
configure:13784: result:        MANDIR: /opt/icewm-1.2.26/man

## ---------------- ##
## Cache variables. ##
## ---------------- ##

ac_cv_build=i686-pc-linux-gnu
ac_cv_build_alias=i686-pc-linux-gnu
ac_cv_cxx_compiler_gnu=yes
ac_cv_env_CPPFLAGS_set=
ac_cv_env_CPPFLAGS_value=
ac_cv_env_CXXCPP_set=
ac_cv_env_CXXCPP_value=
ac_cv_env_CXXFLAGS_set=
ac_cv_env_CXXFLAGS_value=
ac_cv_env_CXX_set=
ac_cv_env_CXX_value=
ac_cv_env_LDFLAGS_set=
ac_cv_env_LDFLAGS_value=
ac_cv_env_build_alias_set=
ac_cv_env_build_alias_value=
ac_cv_env_host_alias_set=
ac_cv_env_host_alias_value=
ac_cv_env_target_alias_set=
ac_cv_env_target_alias_value=
ac_cv_exeext=
ac_cv_func__doprnt=no
ac_cv_func_basename=yes
ac_cv_func_bindtextdomain=yes
ac_cv_func_connect=yes
ac_cv_func_gethostbyname=yes
ac_cv_func_gettimeofday=yes
ac_cv_func_iconv=yes
ac_cv_func_iconv_close=yes
ac_cv_func_iconv_open=yes
ac_cv_func_nl_langinfo=yes
ac_cv_func_putenv=yes
ac_cv_func_remove=yes
ac_cv_func_select=yes
ac_cv_func_select_args='int,fd_set *,struct timeval *'
ac_cv_func_shmat=yes
ac_cv_func_socket=yes
ac_cv_func_strftime=no
ac_cv_func_strtol=yes
ac_cv_func_strtoul=yes
ac_cv_func_sysctlbyname=no
ac_cv_func_vprintf=yes
ac_cv_have_decl__libiconv_version=no
ac_cv_have_x='have_x=yes 		ac_x_includes=/usr/X11R6/include ac_x_libraries=/usr/X11R6/lib'
ac_cv_header_dirent_dirent_h=yes
ac_cv_header_fcntl_h=yes
ac_cv_header_iconv_h=yes
ac_cv_header_inttypes_h=yes
ac_cv_header_kstat_h=no
ac_cv_header_langinfo_h=yes
ac_cv_header_libgen_h=yes
ac_cv_header_limits_h=yes
ac_cv_header_linux_tasks_h=no
ac_cv_header_linux_threads_h=yes
ac_cv_header_memory_h=yes
ac_cv_header_sched_h=yes
ac_cv_header_stdc=yes
ac_cv_header_stdint_h=yes
ac_cv_header_stdlib_h=yes
ac_cv_header_string_h=yes
ac_cv_header_strings_h=yes
ac_cv_header_sys_dkstat_h=no
ac_cv_header_sys_ioctl_h=yes
ac_cv_header_sys_param_h=yes
ac_cv_header_sys_select_h=yes
ac_cv_header_sys_socket_h=yes
ac_cv_header_sys_stat_h=yes
ac_cv_header_sys_sysctl_h=yes
ac_cv_header_sys_time_h=yes
ac_cv_header_sys_types_h=yes
ac_cv_header_sys_wait_h=yes
ac_cv_header_time=yes
ac_cv_header_unistd_h=yes
ac_cv_header_uvm_uvm_param_h=no
ac_cv_host=i686-pc-linux-gnu
ac_cv_host_alias=i686-pc-linux-gnu
ac_cv_lib_ICE_IceConnectionNumber=yes
ac_cv_lib_X11_XInternAtoms=yes
ac_cv_lib_Xext_XShapeCombineRectangles=yes
ac_cv_lib_Xinerama_XineramaQueryScreens=yes
ac_cv_lib_intl_strftime=no
ac_cv_objext=o
ac_cv_path_IMLIB_CONFIG=/usr/bin/imlib-config
ac_cv_path_MKFONTDIR=/usr/bin/X11/mkfontdir
ac_cv_path_MSGFMT=/usr/bin/msgfmt
ac_cv_path_MSGMERGE=/usr/bin/msgmerge
ac_cv_path_XFT_CONFIG=/usr/bin/xft-config
ac_cv_path_XGETTEXT=/usr/bin/xgettext
ac_cv_path_install='/usr/bin/install -c'
ac_cv_prog_CXXCPP='g++ -E'
ac_cv_prog_ac_ct_CXX=g++
ac_cv_prog_cxx_g=yes
ac_cv_prog_egrep='grep -E'
ac_cv_search_opendir='none required'
ac_cv_sizeof_char=1
ac_cv_sizeof_int=4
ac_cv_sizeof_long=4
ac_cv_sizeof_short=2
ac_cv_struct_tm=time.h
ac_cv_target=i686-pc-linux-gnu
ac_cv_target_alias=i686-pc-linux-gnu
ac_cv_type_char=yes
ac_cv_type_int=yes
ac_cv_type_long=yes
ac_cv_type_short=yes
ac_cv_type_signal=void
ac_cv_type_size_t=yes

## ----------------- ##
## Output variables. ##
## ----------------- ##

APPLICATIONS='icewm icewm-session icesh icewmhint icewmbg icewmtray icehelp'
AUDIO_CFLAGS=''
AUDIO_LIBS=''
BASEBINS=' icewm icewm-session icesh icewmhint icewmbg icewmtray icehelp'
BASEOBJS=' $(icewm_OBJS) $(icewm-session_OBJS) $(icesh_OBJS) $(icewmhint_OBJS) $(icewmbg_OBJS) $(icewmtray_OBJS) $(icehelp_OBJS)'
BINDIR='/opt/icewm-1.2.26/bin'
BINFILES='$(top_srcdir)/src/icewm $(top_srcdir)/src/icewm-session $(top_srcdir)/src/icesh $(top_srcdir)/src/icewmhint $(top_srcdir)/src/icewmbg $(top_srcdir)/src/icewmtray $(top_srcdir)/src/icehelp '
CFGDIR='/opt/icewm-1.2.26/etc/icewm'
CONFIG_GNOME1_MENU_DIR=''
CONFIG_GNOME2_MENU_DIR=''
CONFIG_KDE_MENU_DIR='/usr/share/applnk/'
CORE_CFLAGS=' -I/usr/X11R6/include -I/usr/include -I/usr/include/freetype2 -I/usr/X11R6/include'
CORE_LIBS='-lXinerama  -lSM -lICE  -lX11  -L/usr/X11R6/lib  -lXrandr -lXrender -lXext -lXft -lX11 -lfreetype -lz -lfontconfig -L/usr/X11R6/lib -lXrender -lX11'
CPPFLAGS=''
CXX='g++'
CXXCPP='g++ -E'
CXXFLAGS='-fpermissive -Wall -Wpointer-arith -Wconversion -Wwrite-strings -Winline -Woverloaded-virtual -W -fno-exceptions -fno-rtti -g -O2'
CXX_LINK='g++'
DEBUG=''
DEFS='-DHAVE_CONFIG_H'
DOCDIR='/opt/icewm-1.2.26/share/doc'
ECHO_C=''
ECHO_N='-n'
ECHO_T=''
EGREP='grep -E'
ESD_CONFIG=''
EXEEXT=''
GCCDEP=''
GNOME1_CFLAGS=''
GNOME1_CONFIG=''
GNOME1_LIBS=''
GNOME2_CFLAGS=''
GNOME2_LIBS=''
GNOME_VER=''
GWMDIR=''
HOSTCPU='i686'
HOSTOS='Linux 2.6.15-1-k7'
IMAGE_CFLAGS='-I/usr/X11R6/include'
IMAGE_LIBS='-L/usr/lib -lImlib -ljpeg -ltiff -lungif -lpng -lz -lm -lXext -L/usr/X11R6/lib -lSM -lICE -lXext -lX11'
IMLIB_CONFIG='/usr/bin/imlib-config'
INSTALL='/usr/bin/install -c'
INSTALLBIN='${INSTALL}'
INSTALLDIR='/usr/bin/install -c -m 755 -d'
INSTALLETC='${INSTALL} -m 644'
INSTALLLIB='${INSTALL} -m 644'
INSTALLMAN='${INSTALL} -m 644'
INSTALL_DATA='${INSTALL} -m 644'
INSTALL_PROGRAM='${INSTALL}'
INSTALL_SCRIPT='${INSTALL}'
KDEDIR='/opt/icewm-1.2.26/share'
LDFLAGS=''
LIBDIR='/opt/icewm-1.2.26/share/icewm'
LIBOBJS=''
LIBS=''
LOCDIR='/opt/icewm-1.2.26/share/locale'
LTLIBOBJS=''
MANDIR='/opt/icewm-1.2.26/man'
MKFONTDIR='/usr/bin/X11/mkfontdir'
MSGFMT='/usr/bin/msgfmt'
MSGMERGE='/usr/bin/msgmerge'
NLS_MOFILES='be.mo bg.mo ca.mo cs.mo de.mo el.mo en.mo es.mo fi.mo fr.mo hr.mo hu.mo id.mo it.mo ja.mo ko.mo lt.mo lv.mo nb.mo nl.mo pl.mo pt_BR.mo ro.mo ru.mo sk.mo sl.mo sv.mo tr.mo uk.mo vi.mo zh_CN.mo zh_TW.Big5.mo zh_TW.mo'
NLS_POFILES='be.po bg.po ca.po cs.po de.po el.po en.po es.po fi.po fr.po hr.po hu.po id.po it.po ja.po ko.po lt.po lv.po nb.po nl.po pl.po pt_BR.po ro.po ru.po sk.po sl.po sv.po tr.po uk.po vi.po zh_CN.po zh_TW.Big5.po zh_TW.po'
NLS_POXFILES='be.pox bg.pox ca.pox cs.pox de.pox el.pox en.pox es.pox fi.pox fr.pox hr.pox hu.pox id.pox it.pox ja.pox ko.pox lt.pox lv.pox nb.pox nl.pox pl.pox pt_BR.pox ro.pox ru.pox sk.pox sl.pox sv.pox tr.pox uk.pox vi.pox zh_CN.pox zh_TW.Big5.pox zh_TW.pox'
NLS_SOURCES='$(top_srcdir)/src/aapm.cc $(top_srcdir)/src/acpustatus.cc $(top_srcdir)/src/amailbox.cc $(top_srcdir)/src/apppstatus.cc $(top_srcdir)/src/aworkspaces.cc $(top_srcdir)/src/icehelp.cc $(top_srcdir)/src/icelist.cc $(top_srcdir)/src/icesame.cc $(top_srcdir)/src/icesh.cc $(top_srcdir)/src/iceskt.cc $(top_srcdir)/src/icesound.cc $(top_srcdir)/src/iceview.cc $(top_srcdir)/src/icewmbg.cc $(top_srcdir)/src/icewmhint.cc $(top_srcdir)/src/misc.cc $(top_srcdir)/src/movesize.cc $(top_srcdir)/src/testnetwmhints.cc $(top_srcdir)/src/testwinhints.cc $(top_srcdir)/src/themes.cc $(top_srcdir)/src/wmabout.cc $(top_srcdir)/src/wmapp.cc $(top_srcdir)/src/wmconfig.cc $(top_srcdir)/src/wmdialog.cc $(top_srcdir)/src/wmframe.cc $(top_srcdir)/src/wmoption.cc $(top_srcdir)/src/wmprog.cc $(top_srcdir)/src/wmsession.cc $(top_srcdir)/src/wmstatus.cc $(top_srcdir)/src/wmtaskbar.cc $(top_srcdir)/src/wmwinlist.cc $(top_srcdir)/src/wmwinmenu.cc $(top_srcdir)/src/yapp.cc $(top_srcdir)/src/ybutton.cc $(top_srcdir)/src/ycmdline.cc $(top_srcdir)/src/yconfig.cc $(top_srcdir)/src/ycursor.cc $(top_srcdir)/src/yfontcore.cc $(top_srcdir)/src/yfontxft.cc $(top_srcdir)/src/yicon.cc $(top_srcdir)/src/yimage.cc $(top_srcdir)/src/yinput.cc $(top_srcdir)/src/ylocale.cc $(top_srcdir)/src/ymenufile.cc $(top_srcdir)/src/ymenuitem.cc $(top_srcdir)/src/ymsgbox.cc $(top_srcdir)/src/yparser.cc $(top_srcdir)/src/ypaths.cc $(top_srcdir)/src/ypixbuf.cc $(top_srcdir)/src/ysmapp.cc $(top_srcdir)/src/yurl.cc $(top_srcdir)/src/yxapp.cc'
OBJEXT='o'
PACKAGE='icewm'
PACKAGE_BUGREPORT=''
PACKAGE_NAME=''
PACKAGE_STRING=''
PACKAGE_TARNAME=''
PACKAGE_VERSION=''
PATH_SEPARATOR=':'
PKG_CONFIG=''
PREFIX='/opt/icewm-1.2.26'
SHELL='/bin/sh'
TARGETS='base nls'
TARGETS_INSTALL='install-base install-nls '
TESTBINS=' testarray testdesktop testlocale testmap testmenus testnetwmhints testwinhints iceview icesame iceicon icerun icelist'
TESTCASES='testarray testdesktop testlocale testmap testmenus testnetwmhints testwinhints iceview icesame iceicon icerun icelist'
TESTOBJS=' $(testarray_OBJS) $(testdesktop_OBJS) $(testlocale_OBJS) $(testmap_OBJS) $(testmenus_OBJS) $(testnetwmhints_OBJS) $(testwinhints_OBJS) $(iceview_OBJS) $(icesame_OBJS) $(iceicon_OBJS) $(icerun_OBJS) $(icelist_OBJS)'
VERSION='1.2.26'
XFT_CONFIG='/usr/bin/xft-config'
XGETTEXT='/usr/bin/xgettext'
X_CFLAGS=' -I/usr/X11R6/include'
X_EXTRA_LIBS=''
X_LIBS=' -L/usr/X11R6/lib'
X_PRE_LIBS=' -lSM -lICE'
ac_ct_CXX='g++'
bindir='${exec_prefix}/bin'
build='i686-pc-linux-gnu'
build_alias=''
build_cpu='i686'
build_os='linux-gnu'
build_vendor='pc'
datadir='${prefix}/share'
exec_prefix='${prefix}'
host='i686-pc-linux-gnu'
host_alias=''
host_cpu='i686'
host_os='linux-gnu'
host_vendor='pc'
includedir='${prefix}/include'
infodir='${prefix}/info'
libdir='${exec_prefix}/lib'
libexecdir='${exec_prefix}/libexec'
localstatedir='${prefix}/var'
mandir='${prefix}/man'
oldincludedir='/usr/include'
prefix='/opt/icewm-1.2.26'
program_transform_name='s,x,x,'
sbindir='${exec_prefix}/sbin'
sharedstatedir='${prefix}/com'
sysconfdir='${prefix}/etc'
target='i686-pc-linux-gnu'
target_alias=''
target_cpu='i686'
target_os='linux-gnu'
target_vendor='pc'

## ----------- ##
## confdefs.h. ##
## ----------- ##

#define CONFIG_ADDRESSBAR 1
#define CONFIG_APPLET_APM 1
#define CONFIG_APPLET_CLOCK 1
#define CONFIG_APPLET_CPU_STATUS 1
#define CONFIG_APPLET_MAILBOX 1
#define CONFIG_APPLET_NET_STATUS 1
#define CONFIG_GNOME_ROOT_PROPERTY  "GNOME_SM_PROXY"
#define CONFIG_I18N 1
#define CONFIG_IMLIB 1
#define CONFIG_NL_CODESETS  CODESET, _NL_CTYPE_CODESET_NAME, 0
#define CONFIG_SESSION 1
#define CONFIG_SHAPE 1
#define CONFIG_SHAPED_DECORATION 1
#define CONFIG_TASKBAR 1
#define CONFIG_TASKBAR 1
#define CONFIG_TOOLTIP 1
#define CONFIG_TRAY 1
#define CONFIG_WINLIST 1
#define CONFIG_WINMENU 1
#define CONFIG_WINMENU 1
#define CONFIG_X86_ASM 1
#define CONFIG_XFREETYPE 2
#define CONFIG_XRANDR 1
#define ENABLE_NLS 1
#define GNOME1_HINTS 1
#define HAVE_BASENAME 1
#define HAVE_DIRENT_H 1
#define HAVE_FCNTL_H 1
#define HAVE_GETLOADAVG2 1
#define HAVE_GETTIMEOFDAY 1
#define HAVE_ICONV 1
#define HAVE_ICONV_CLOSE 1
#define HAVE_ICONV_H 1
#define HAVE_ICONV_OPEN 1
#define HAVE_INTTYPES_H 1
#define HAVE_LANGINFO_H 1
#define HAVE_LIBGEN_H 1
#define HAVE_LIMITS_H 1
#define HAVE_LINUX_THREADS_H 1
#define HAVE_MEMORY_H 1
#define HAVE_PUTENV 1
#define HAVE_SCHED_H 1
#define HAVE_SELECT 1
#define HAVE_SOCKET 1
#define HAVE_STDINT_H 1
#define HAVE_STDLIB_H 1
#define HAVE_STRINGS_H 1
#define HAVE_STRINGS_H 1
#define HAVE_STRING_H 1
#define HAVE_STRTOL 1
#define HAVE_STRTOUL 1
#define HAVE_SYS_IOCTL_H 1
#define HAVE_SYS_PARAM_H 1
#define HAVE_SYS_SELECT_H 1
#define HAVE_SYS_SOCKET_H 1
#define HAVE_SYS_STAT_H 1
#define HAVE_SYS_SYSCTL_H 1
#define HAVE_SYS_TIME_H 1
#define HAVE_SYS_TYPES_H 1
#define HAVE_SYS_WAIT_H 1
#define HAVE_UNISTD_H 1
#define HAVE_UNISTD_H 1
#define HAVE_VPRINTF 1
#define HAVE_XINTERNATOMS 1
#define PACKAGE_BUGREPORT ""
#define PACKAGE_NAME ""
#define PACKAGE_STRING ""
#define PACKAGE_TARNAME ""
#define PACKAGE_VERSION ""
#define RETSIGTYPE void
#define SELECT_TYPE_ARG1 int
#define SELECT_TYPE_ARG234 (fd_set *)
#define SELECT_TYPE_ARG5 (struct timeval *)
#define SIZEOF_CHAR 1
#define SIZEOF_INT 4
#define SIZEOF_LONG 4
#define SIZEOF_SHORT 2
#define STDC_HEADERS 1
#define TIME_WITH_SYS_TIME 1
#define WMSPEC_HINTS 1
#define XINERAMA 1
#endif
#ifdef __cplusplus
extern "C" void std::exit (int) throw (); using std::exit;

configure: exit 0
