This file contains any messages produced by compilers while
running configure, to aid debugging if configure makes a mistake.

It was created by spl configure 0.6.5.9, which was
generated by GNU Autoconf 2.69.  Invocation command line was

  $ ./configure 

## --------- ##
## Platform. ##
## --------- ##

hostname = dcerouter
uname -m = x86_64
uname -r = 4.4.0-72-generic
uname -s = Linux
uname -v = #93~14.04.1-Ubuntu SMP Fri Mar 31 15:05:15 UTC 2017

/usr/bin/uname -p = unknown
/bin/uname -X     = unknown

/bin/arch              = unknown
/usr/bin/arch -k       = unknown
/usr/convex/getsysinfo = unknown
/usr/bin/hostinfo      = unknown
/bin/machine           = unknown
/usr/bin/oslevel       = unknown
/bin/universe          = unknown

PATH: /usr/local/sbin
PATH: /usr/local/bin
PATH: /usr/sbin
PATH: /usr/bin
PATH: /sbin
PATH: /bin
PATH: /snap/bin


## ----------- ##
## Core tests. ##
## ----------- ##

configure:2206: checking for gawk
configure:2222: found /usr/bin/gawk
configure:2233: result: gawk
configure:2244: checking metadata
configure:2368: result: META file
configure:2406: checking build system type
configure:2420: result: x86_64-unknown-linux-gnu
configure:2440: checking host system type
configure:2453: result: x86_64-unknown-linux-gnu
configure:2473: checking target system type
configure:2486: result: x86_64-unknown-linux-gnu
configure:2514: checking whether to enable maintainer-specific portions of Makefiles
configure:2523: result: no
configure:2547: checking whether make supports nested variables
configure:2564: result: yes
configure:2591: checking for a BSD-compatible install
configure:2659: result: /usr/bin/install -c
configure:2670: checking whether build environment is sane
configure:2725: result: yes
configure:2876: checking for a thread-safe mkdir -p
configure:2915: result: /bin/mkdir -p
configure:2918: checking whether make sets $(MAKE)
configure:2940: result: yes
configure:3124: checking for gcc
configure:3140: found /usr/bin/gcc
configure:3151: result: gcc
configure:3380: checking for C compiler version
configure:3389: gcc --version >&5
gcc (Ubuntu 4.8.4-2ubuntu1~14.04.3) 4.8.4
Copyright (C) 2013 Free Software Foundation, Inc.
This is free software; see the source for copying conditions.  There is NO
warranty; not even for MERCHANTABILITY or FITNESS FOR A PARTICULAR PURPOSE.

configure:3400: $? = 0
configure:3389: gcc -v >&5
Using built-in specs.
COLLECT_GCC=gcc
COLLECT_LTO_WRAPPER=/usr/lib/gcc/x86_64-linux-gnu/4.8/lto-wrapper
Target: x86_64-linux-gnu
Configured with: ../src/configure -v --with-pkgversion='Ubuntu 4.8.4-2ubuntu1~14.04.3' --with-bugurl=file:///usr/share/doc/gcc-4.8/README.Bugs --enable-languages=c,c++,java,go,d,fortran,objc,obj-c++ --prefix=/usr --program-suffix=-4.8 --enable-shared --enable-linker-build-id --libexecdir=/usr/lib --without-included-gettext --enable-threads=posix --with-gxx-include-dir=/usr/include/c++/4.8 --libdir=/usr/lib --enable-nls --with-sysroot=/ --enable-clocale=gnu --enable-libstdcxx-debug --enable-libstdcxx-time=yes --enable-gnu-unique-object --disable-libmudflap --enable-plugin --with-system-zlib --disable-browser-plugin --enable-java-awt=gtk --enable-gtk-cairo --with-java-home=/usr/lib/jvm/java-1.5.0-gcj-4.8-amd64/jre --enable-java-home --with-jvm-root-dir=/usr/lib/jvm/java-1.5.0-gcj-4.8-amd64 --with-jvm-jar-dir=/usr/lib/jvm-exports/java-1.5.0-gcj-4.8-amd64 --with-arch-directory=amd64 --with-ecj-jar=/usr/share/java/eclipse-ecj.jar --enable-objc-gc --enable-multiarch --disable-werror --with-arch-32=i686 --with-abi=m64 --with-multilib-list=m32,m64,mx32 --with-tune=generic --enable-checking=release --build=x86_64-linux-gnu --host=x86_64-linux-gnu --target=x86_64-linux-gnu
Thread model: posix
gcc version 4.8.4 (Ubuntu 4.8.4-2ubuntu1~14.04.3) 
configure:3400: $? = 0
configure:3389: gcc -V >&5
gcc: error: unrecognized command line option '-V'
gcc: fatal error: no input files
compilation terminated.
configure:3400: $? = 4
configure:3389: gcc -qversion >&5
gcc: error: unrecognized command line option '-qversion'
gcc: fatal error: no input files
compilation terminated.
configure:3400: $? = 4
configure:3420: checking whether the C compiler works
configure:3442: gcc    conftest.c  >&5
configure:3446: $? = 0
configure:3494: result: yes
configure:3497: checking for C compiler default output file name
configure:3499: result: a.out
configure:3505: checking for suffix of executables
configure:3512: gcc -o conftest    conftest.c  >&5
configure:3516: $? = 0
configure:3538: result: 
configure:3560: checking whether we are cross compiling
configure:3568: gcc -o conftest    conftest.c  >&5
configure:3572: $? = 0
configure:3579: ./conftest
configure:3583: $? = 0
configure:3598: result: no
configure:3603: checking for suffix of object files
configure:3625: gcc -c   conftest.c >&5
configure:3629: $? = 0
configure:3650: result: o
configure:3654: checking whether we are using the GNU C compiler
configure:3673: gcc -c   conftest.c >&5
configure:3673: $? = 0
configure:3682: result: yes
configure:3691: checking whether gcc accepts -g
configure:3711: gcc -c -g  conftest.c >&5
configure:3711: $? = 0
configure:3752: result: yes
configure:3769: checking for gcc option to accept ISO C89
configure:3832: gcc  -c -g -O2  conftest.c >&5
configure:3832: $? = 0
configure:3845: result: none needed
configure:3870: checking whether gcc understands -c and -o together
configure:3892: gcc -c conftest.c -o conftest2.o
configure:3895: $? = 0
configure:3892: gcc -c conftest.c -o conftest2.o
configure:3895: $? = 0
configure:3907: result: yes
configure:3935: checking for style of include used by make
configure:3963: result: GNU
configure:3989: checking dependency style of gcc
configure:4100: result: gcc3
configure:4161: checking how to print strings
configure:4188: result: printf
configure:4209: checking for a sed that does not truncate output
configure:4273: result: /bin/sed
configure:4291: checking for grep that handles long lines and -e
configure:4349: result: /bin/grep
configure:4354: checking for egrep
configure:4416: result: /bin/grep -E
configure:4421: checking for fgrep
configure:4483: result: /bin/grep -F
configure:4518: checking for ld used by gcc
configure:4585: result: /usr/bin/ld
configure:4592: checking if the linker (/usr/bin/ld) is GNU ld
configure:4607: result: yes
configure:4619: checking for BSD- or MS-compatible name lister (nm)
configure:4668: result: /usr/bin/nm -B
configure:4798: checking the name lister (/usr/bin/nm -B) interface
configure:4805: gcc -c -g -O2  conftest.c >&5
configure:4808: /usr/bin/nm -B "conftest.o"
configure:4811: output
0000000000000000 B some_variable
configure:4818: result: BSD nm
configure:4821: checking whether ln -s works
configure:4825: result: yes
configure:4833: checking the maximum length of command line arguments
configure:4964: result: 1572864
configure:4981: checking whether the shell understands some XSI constructs
configure:4991: result: yes
configure:4995: checking whether the shell understands "+="
configure:5001: result: yes
configure:5036: checking how to convert x86_64-unknown-linux-gnu file names to x86_64-unknown-linux-gnu format
configure:5076: result: func_convert_file_noop
configure:5083: checking how to convert x86_64-unknown-linux-gnu file names to toolchain format
configure:5103: result: func_convert_file_noop
configure:5110: checking for /usr/bin/ld option to reload object files
configure:5117: result: -r
configure:5191: checking for objdump
configure:5207: found /usr/bin/objdump
configure:5218: result: objdump
configure:5250: checking how to recognize dependent libraries
configure:5448: result: pass_all
configure:5533: checking for dlltool
configure:5563: result: no
configure:5593: checking how to associate runtime and link libraries
configure:5620: result: printf %s\n
configure:5681: checking for ar
configure:5697: found /usr/bin/ar
configure:5708: result: ar
configure:5745: checking for archiver @FILE support
configure:5762: gcc -c -g -O2  conftest.c >&5
configure:5762: $? = 0
configure:5765: ar cru libconftest.a @conftest.lst >&5
configure:5768: $? = 0
configure:5773: ar cru libconftest.a @conftest.lst >&5
ar: conftest.o: No such file or directory
configure:5776: $? = 1
configure:5788: result: @
configure:5846: checking for strip
configure:5862: found /usr/bin/strip
configure:5873: result: strip
configure:5945: checking for ranlib
configure:5961: found /usr/bin/ranlib
configure:5972: result: ranlib
configure:6074: checking command to parse /usr/bin/nm -B output from gcc object
configure:6194: gcc -c -g -O2  conftest.c >&5
configure:6197: $? = 0
configure:6201: /usr/bin/nm -B conftest.o \| sed -n -e 's/^.*[ ]\([ABCDGIRSTW][ABCDGIRSTW]*\)[ ][ ]*\([_A-Za-z][_A-Za-z0-9]*\)$/\1 \2 \2/p' | sed '/ __gnu_lto/d' \> conftest.nm
configure:6204: $? = 0
configure:6270: gcc -o conftest -g -O2   conftest.c conftstm.o >&5
configure:6273: $? = 0
configure:6311: result: ok
configure:6348: checking for sysroot
configure:6378: result: no
configure:6455: gcc -c -g -O2  conftest.c >&5
configure:6458: $? = 0
configure:6647: checking for mt
configure:6663: found /bin/mt
configure:6674: result: mt
configure:6697: checking if mt is a manifest tool
configure:6703: mt '-?'
configure:6711: result: no
configure:7353: checking how to run the C preprocessor
configure:7384: gcc -E  conftest.c
configure:7384: $? = 0
configure:7398: gcc -E  conftest.c
conftest.c:17:28: fatal error: ac_nonexistent.h: No such file or directory
 #include <ac_nonexistent.h>
                            ^
compilation terminated.
configure:7398: $? = 1
configure: failed program was:
| /* confdefs.h */
| #define PACKAGE_NAME "spl"
| #define PACKAGE_TARNAME "spl"
| #define PACKAGE_VERSION "0.6.5.9"
| #define PACKAGE_STRING "spl 0.6.5.9"
| #define PACKAGE_BUGREPORT ""
| #define PACKAGE_URL ""
| #define SPL_META_NAME "spl"
| #define SPL_META_VERSION "0.6.5.9"
| #define SPL_META_RELEASE "1~trusty"
| #define SPL_META_LICENSE "GPL"
| #define SPL_META_ALIAS "spl-0.6.5.9-1~trusty"
| #define SPL_META_AUTHOR "OpenZFS on Linux"
| #define PACKAGE "spl"
| #define VERSION "0.6.5.9"
| /* end confdefs.h.  */
| #include <ac_nonexistent.h>
configure:7423: result: gcc -E
configure:7443: gcc -E  conftest.c
configure:7443: $? = 0
configure:7457: gcc -E  conftest.c
conftest.c:17:28: fatal error: ac_nonexistent.h: No such file or directory
 #include <ac_nonexistent.h>
                            ^
compilation terminated.
configure:7457: $? = 1
configure: failed program was:
| /* confdefs.h */
| #define PACKAGE_NAME "spl"
| #define PACKAGE_TARNAME "spl"
| #define PACKAGE_VERSION "0.6.5.9"
| #define PACKAGE_STRING "spl 0.6.5.9"
| #define PACKAGE_BUGREPORT ""
| #define PACKAGE_URL ""
| #define SPL_META_NAME "spl"
| #define SPL_META_VERSION "0.6.5.9"
| #define SPL_META_RELEASE "1~trusty"
| #define SPL_META_LICENSE "GPL"
| #define SPL_META_ALIAS "spl-0.6.5.9-1~trusty"
| #define SPL_META_AUTHOR "OpenZFS on Linux"
| #define PACKAGE "spl"
| #define VERSION "0.6.5.9"
| /* end confdefs.h.  */
| #include <ac_nonexistent.h>
configure:7486: checking for ANSI C header files
configure:7506: gcc -c -g -O2  conftest.c >&5
configure:7506: $? = 0
configure:7579: gcc -o conftest -g -O2   conftest.c  >&5
configure:7579: $? = 0
configure:7579: ./conftest
configure:7579: $? = 0
configure:7590: result: yes
configure:7603: checking for sys/types.h
configure:7603: gcc -c -g -O2  conftest.c >&5
configure:7603: $? = 0
configure:7603: result: yes
configure:7603: checking for sys/stat.h
configure:7603: gcc -c -g -O2  conftest.c >&5
configure:7603: $? = 0
configure:7603: result: yes
configure:7603: checking for stdlib.h
configure:7603: gcc -c -g -O2  conftest.c >&5
configure:7603: $? = 0
configure:7603: result: yes
configure:7603: checking for string.h
configure:7603: gcc -c -g -O2  conftest.c >&5
configure:7603: $? = 0
configure:7603: result: yes
configure:7603: checking for memory.h
configure:7603: gcc -c -g -O2  conftest.c >&5
configure:7603: $? = 0
configure:7603: result: yes
configure:7603: checking for strings.h
configure:7603: gcc -c -g -O2  conftest.c >&5
configure:7603: $? = 0
configure:7603: result: yes
configure:7603: checking for inttypes.h
configure:7603: gcc -c -g -O2  conftest.c >&5
configure:7603: $? = 0
configure:7603: result: yes
configure:7603: checking for stdint.h
configure:7603: gcc -c -g -O2  conftest.c >&5
configure:7603: $? = 0
configure:7603: result: yes
configure:7603: checking for unistd.h
configure:7603: gcc -c -g -O2  conftest.c >&5
configure:7603: $? = 0
configure:7603: result: yes
configure:7617: checking for dlfcn.h
configure:7617: gcc -c -g -O2  conftest.c >&5
configure:7617: $? = 0
configure:7617: result: yes
configure:7823: checking for objdir
configure:7838: result: .libs
configure:8109: checking if gcc supports -fno-rtti -fno-exceptions
configure:8127: gcc -c -g -O2  -fno-rtti -fno-exceptions conftest.c >&5
cc1: warning: command line option '-fno-rtti' is valid for C++/ObjC++ but not for C [enabled by default]
configure:8131: $? = 0
configure:8144: result: no
configure:8471: checking for gcc option to produce PIC
configure:8478: result: -fPIC -DPIC
configure:8486: checking if gcc PIC flag -fPIC -DPIC works
configure:8504: gcc -c -g -O2  -fPIC -DPIC -DPIC conftest.c >&5
configure:8508: $? = 0
configure:8521: result: yes
configure:8550: checking if gcc static flag -static works
configure:8578: result: yes
configure:8593: checking if gcc supports -c -o file.o
configure:8614: gcc -c -g -O2  -o out/conftest2.o conftest.c >&5
configure:8618: $? = 0
configure:8640: result: yes
configure:8648: checking if gcc supports -c -o file.o
configure:8695: result: yes
configure:8728: checking whether the gcc linker (/usr/bin/ld -m elf_x86_64) supports shared libraries
configure:9885: result: yes
configure:9922: checking whether -lc should be explicitly linked in
configure:9930: gcc -c -g -O2  conftest.c >&5
configure:9933: $? = 0
configure:9948: gcc -shared  -fPIC -DPIC conftest.o  -v -Wl,-soname -Wl,conftest -o conftest 2\>\&1 \| /bin/grep  -lc  \>/dev/null 2\>\&1
configure:9951: $? = 0
configure:9965: result: no
configure:10125: checking dynamic linker characteristics
configure:10625: gcc -o conftest -g -O2   -Wl,-rpath -Wl,/foo conftest.c  >&5
configure:10625: $? = 0
configure:10859: result: GNU/Linux ld.so
configure:10966: checking how to hardcode library paths into programs
configure:10991: result: immediate
configure:11531: checking whether stripping libraries is possible
configure:11536: result: yes
configure:11571: checking if libtool supports shared libraries
configure:11573: result: yes
configure:11576: checking whether to build shared libraries
configure:11597: result: yes
configure:11600: checking whether to build static libraries
configure:11604: result: yes
configure:11643: checking spl author
configure:11645: result: OpenZFS on Linux
configure:11648: checking spl license
configure:11650: result: GPL
configure:11655: checking linux distribution
configure:11680: result: ubuntu
configure:11684: checking default package type
configure:11700: result: deb
configure:11708: checking whether rpm is available
configure:11714: result: yes (4.11.1)
configure:11725: checking whether rpmbuild is available
configure:11731: result: yes (4.11.1)
configure:11760: checking whether spec files are available
configure:11762: result: yes (rpm/generic/*.spec.in)
configure:11787: checking whether dpkg is available
configure:11793: result: yes (1.17.5)
configure:11804: checking whether dpkg-buildpackage is available
configure:11811: result: yes (1.17.5.)
configure:11833: checking whether alien is available
configure:11839: result: yes (8.90)
configure:11871: checking spl config
configure:11873: result: all
configure:14845: checking kernel source directory
configure:14871: result: /usr/src/linux-headers-4.4.0-72-generic
configure:14880: checking kernel build directory
configure:14895: result: /usr/src/linux-headers-4.4.0-72-generic
configure:14898: checking kernel source version
configure:14934: result: 4.4.0-72-generic
configure:14947: checking kernel file name for module symbols
configure:14966: result: Module.symvers
configure:14981: checking whether debugging is enabled
configure:15007: result: no
configure:15034: checking whether basic kmem accounting is enabled
configure:15036: result: no
configure:15063: checking whether detailed kmem tracking is enabled
configure:15065: result: no
configure:15068: checking whether modules can be built
configure:15091: cp conftest.c build && make modules -C /usr/src/linux-headers-4.4.0-72-generic EXTRA_CFLAGS=-Werror-implicit-function-declaration   M=/home/code/linuxmce/ubuntu/spl-linux-0.6.5.9/build 
configure:15094: $? = 0
configure:15096: test -s build/conftest.o
configure:15099: $? = 0
configure:15102: result: yes
configure:15152: gcc -o conftest -g -O2   conftest.c  >&5
configure:15152: $? = 0
configure:15152: ./conftest
configure:15152: $? = 0
configure:15200: cp conftest.c build && make modules -C /usr/src/linux-headers-4.4.0-72-generic EXTRA_CFLAGS=-Werror-implicit-function-declaration   M=/home/code/linuxmce/ubuntu/spl-linux-0.6.5.9/build 
configure:15203: $? = 0
configure:15205: test -s build/conftest.o
configure:15208: $? = 0
configure:15262: checking whether atomic types use spinlocks
configure:15264: result: no
configure:15267: checking whether kernel defines atomic64_t
configure:15269: result: yes
configure:15275: checking whether old 2-argument shrinker exists
configure:15308: cp conftest.c build && make modules -C /usr/src/linux-headers-4.4.0-72-generic EXTRA_CFLAGS=-Werror-implicit-function-declaration -Werror  M=/home/code/linuxmce/ubuntu/spl-linux-0.6.5.9/build 
/home/code/linuxmce/ubuntu/spl-linux-0.6.5.9/build/conftest.c: In function ‘main’:
/home/code/linuxmce/ubuntu/spl-linux-0.6.5.9/build/conftest.c:41:4: error: unknown field ‘shrink’ specified in initializer
    .shrink = shrinker_cb,
    ^
/home/code/linuxmce/ubuntu/spl-linux-0.6.5.9/build/conftest.c:41:4: error: initialization from incompatible pointer type [-Werror]
/home/code/linuxmce/ubuntu/spl-linux-0.6.5.9/build/conftest.c:41:4: error: (near initialization for ‘cache_shrinker.count_objects’) [-Werror]
cc1: all warnings being treated as errors
make[1]: *** [/home/code/linuxmce/ubuntu/spl-linux-0.6.5.9/build/conftest.o] Error 1
make: *** [_module_/home/code/linuxmce/ubuntu/spl-linux-0.6.5.9/build] Error 2
configure:15311: $? = 2
configure: failed program was:
| /* confdefs.h */
| #define PACKAGE_NAME "spl"
| #define PACKAGE_TARNAME "spl"
| #define PACKAGE_VERSION "0.6.5.9"
| #define PACKAGE_STRING "spl 0.6.5.9"
| #define PACKAGE_BUGREPORT ""
| #define PACKAGE_URL ""
| #define SPL_META_NAME "spl"
| #define SPL_META_VERSION "0.6.5.9"
| #define SPL_META_RELEASE "1~trusty"
| #define SPL_META_LICENSE "GPL"
| #define SPL_META_ALIAS "spl-0.6.5.9-1~trusty"
| #define SPL_META_AUTHOR "OpenZFS on Linux"
| #define PACKAGE "spl"
| #define VERSION "0.6.5.9"
| #define STDC_HEADERS 1
| #define HAVE_SYS_TYPES_H 1
| #define HAVE_SYS_STAT_H 1
| #define HAVE_STDLIB_H 1
| #define HAVE_STRING_H 1
| #define HAVE_MEMORY_H 1
| #define HAVE_STRINGS_H 1
| #define HAVE_INTTYPES_H 1
| #define HAVE_STDINT_H 1
| #define HAVE_UNISTD_H 1
| #define HAVE_DLFCN_H 1
| #define LT_OBJDIR ".libs/"
| #define SPL_IS_GPL_COMPATIBLE 1
| #define HAVE_ATOMIC64_T 1
| 
| 
| 		#include <linux/mm.h>
| 
| 		int shrinker_cb(int nr_to_scan, gfp_t gfp_mask);
| 
| int
| main (void)
| {
| 
| 		struct shrinker cache_shrinker = {
| 			.shrink = shrinker_cb,
| 			.seeks = DEFAULT_SEEKS,
| 		};
| 		register_shrinker(&cache_shrinker);
| 
|   ;
|   return 0;
| }
| 
configure:15329: result: no
configure:15331: checking whether old 3-argument shrinker exists
configure:15365: cp conftest.c build && make modules -C /usr/src/linux-headers-4.4.0-72-generic EXTRA_CFLAGS=-Werror-implicit-function-declaration -Werror  M=/home/code/linuxmce/ubuntu/spl-linux-0.6.5.9/build 
/home/code/linuxmce/ubuntu/spl-linux-0.6.5.9/build/conftest.c: In function ‘main’:
/home/code/linuxmce/ubuntu/spl-linux-0.6.5.9/build/conftest.c:42:5: error: unknown field ‘shrink’ specified in initializer
     .shrink = shrinker_cb,
     ^
/home/code/linuxmce/ubuntu/spl-linux-0.6.5.9/build/conftest.c:42:5: error: initialization from incompatible pointer type [-Werror]
/home/code/linuxmce/ubuntu/spl-linux-0.6.5.9/build/conftest.c:42:5: error: (near initialization for ‘cache_shrinker.count_objects’) [-Werror]
cc1: all warnings being treated as errors
make[1]: *** [/home/code/linuxmce/ubuntu/spl-linux-0.6.5.9/build/conftest.o] Error 1
make: *** [_module_/home/code/linuxmce/ubuntu/spl-linux-0.6.5.9/build] Error 2
configure:15368: $? = 2
configure: failed program was:
| /* confdefs.h */
| #define PACKAGE_NAME "spl"
| #define PACKAGE_TARNAME "spl"
| #define PACKAGE_VERSION "0.6.5.9"
| #define PACKAGE_STRING "spl 0.6.5.9"
| #define PACKAGE_BUGREPORT ""
| #define PACKAGE_URL ""
| #define SPL_META_NAME "spl"
| #define SPL_META_VERSION "0.6.5.9"
| #define SPL_META_RELEASE "1~trusty"
| #define SPL_META_LICENSE "GPL"
| #define SPL_META_ALIAS "spl-0.6.5.9-1~trusty"
| #define SPL_META_AUTHOR "OpenZFS on Linux"
| #define PACKAGE "spl"
| #define VERSION "0.6.5.9"
| #define STDC_HEADERS 1
| #define HAVE_SYS_TYPES_H 1
| #define HAVE_SYS_STAT_H 1
| #define HAVE_STDLIB_H 1
| #define HAVE_STRING_H 1
| #define HAVE_MEMORY_H 1
| #define HAVE_STRINGS_H 1
| #define HAVE_INTTYPES_H 1
| #define HAVE_STDINT_H 1
| #define HAVE_UNISTD_H 1
| #define HAVE_DLFCN_H 1
| #define LT_OBJDIR ".libs/"
| #define SPL_IS_GPL_COMPATIBLE 1
| #define HAVE_ATOMIC64_T 1
| 
| 
| 			#include <linux/mm.h>
| 
| 			int shrinker_cb(struct shrinker *, int nr_to_scan,
| 					gfp_t gfp_mask);
| 
| int
| main (void)
| {
| 
| 			struct shrinker cache_shrinker = {
| 				.shrink = shrinker_cb,
| 				.seeks = DEFAULT_SEEKS,
| 			};
| 			register_shrinker(&cache_shrinker);
| 
|   ;
|   return 0;
| }
| 
configure:15386: result: no
configure:15388: checking whether new 2-argument shrinker exists
configure:15422: cp conftest.c build && make modules -C /usr/src/linux-headers-4.4.0-72-generic EXTRA_CFLAGS=-Werror-implicit-function-declaration -Werror  M=/home/code/linuxmce/ubuntu/spl-linux-0.6.5.9/build 
/home/code/linuxmce/ubuntu/spl-linux-0.6.5.9/build/conftest.c: In function ‘main’:
/home/code/linuxmce/ubuntu/spl-linux-0.6.5.9/build/conftest.c:42:6: error: unknown field ‘shrink’ specified in initializer
      .shrink = shrinker_cb,
      ^
/home/code/linuxmce/ubuntu/spl-linux-0.6.5.9/build/conftest.c:42:6: error: initialization from incompatible pointer type [-Werror]
/home/code/linuxmce/ubuntu/spl-linux-0.6.5.9/build/conftest.c:42:6: error: (near initialization for ‘cache_shrinker.count_objects’) [-Werror]
cc1: all warnings being treated as errors
make[1]: *** [/home/code/linuxmce/ubuntu/spl-linux-0.6.5.9/build/conftest.o] Error 1
make: *** [_module_/home/code/linuxmce/ubuntu/spl-linux-0.6.5.9/build] Error 2
configure:15425: $? = 2
configure: failed program was:
| /* confdefs.h */
| #define PACKAGE_NAME "spl"
| #define PACKAGE_TARNAME "spl"
| #define PACKAGE_VERSION "0.6.5.9"
| #define PACKAGE_STRING "spl 0.6.5.9"
| #define PACKAGE_BUGREPORT ""
| #define PACKAGE_URL ""
| #define SPL_META_NAME "spl"
| #define SPL_META_VERSION "0.6.5.9"
| #define SPL_META_RELEASE "1~trusty"
| #define SPL_META_LICENSE "GPL"
| #define SPL_META_ALIAS "spl-0.6.5.9-1~trusty"
| #define SPL_META_AUTHOR "OpenZFS on Linux"
| #define PACKAGE "spl"
| #define VERSION "0.6.5.9"
| #define STDC_HEADERS 1
| #define HAVE_SYS_TYPES_H 1
| #define HAVE_SYS_STAT_H 1
| #define HAVE_STDLIB_H 1
| #define HAVE_STRING_H 1
| #define HAVE_MEMORY_H 1
| #define HAVE_STRINGS_H 1
| #define HAVE_INTTYPES_H 1
| #define HAVE_STDINT_H 1
| #define HAVE_UNISTD_H 1
| #define HAVE_DLFCN_H 1
| #define LT_OBJDIR ".libs/"
| #define SPL_IS_GPL_COMPATIBLE 1
| #define HAVE_ATOMIC64_T 1
| 
| 
| 				#include <linux/mm.h>
| 
| 				int shrinker_cb(struct shrinker *,
| 						struct shrink_control *sc);
| 
| int
| main (void)
| {
| 
| 				struct shrinker cache_shrinker = {
| 					.shrink = shrinker_cb,
| 					.seeks = DEFAULT_SEEKS,
| 				};
| 				register_shrinker(&cache_shrinker);
| 
|   ;
|   return 0;
| }
| 
configure:15443: result: no
configure:15445: checking whether ->count_objects callback exists
configure:15481: cp conftest.c build && make modules -C /usr/src/linux-headers-4.4.0-72-generic EXTRA_CFLAGS=-Werror-implicit-function-declaration -Werror  M=/home/code/linuxmce/ubuntu/spl-linux-0.6.5.9/build 
WARNING: "shrinker_cb" [/home/code/linuxmce/ubuntu/spl-linux-0.6.5.9/build/conftest.ko] undefined!
configure:15484: $? = 0
configure:15486: test -s build/conftest.o
configure:15489: $? = 0
configure:15492: result: yes
configure:15534: checking whether struct ctl_table has ctl_name
configure:15562: cp conftest.c build && make modules -C /usr/src/linux-headers-4.4.0-72-generic EXTRA_CFLAGS=-Werror-implicit-function-declaration   M=/home/code/linuxmce/ubuntu/spl-linux-0.6.5.9/build 
/home/code/linuxmce/ubuntu/spl-linux-0.6.5.9/build/conftest.c: In function ‘main’:
/home/code/linuxmce/ubuntu/spl-linux-0.6.5.9/build/conftest.c:40:6: error: ‘struct ctl_table’ has no member named ‘ctl_name’
   ctl.ctl_name = 0;
      ^
make[1]: *** [/home/code/linuxmce/ubuntu/spl-linux-0.6.5.9/build/conftest.o] Error 1
make: *** [_module_/home/code/linuxmce/ubuntu/spl-linux-0.6.5.9/build] Error 2
configure:15565: $? = 2
configure: failed program was:
| /* confdefs.h */
| #define PACKAGE_NAME "spl"
| #define PACKAGE_TARNAME "spl"
| #define PACKAGE_VERSION "0.6.5.9"
| #define PACKAGE_STRING "spl 0.6.5.9"
| #define PACKAGE_BUGREPORT ""
| #define PACKAGE_URL ""
| #define SPL_META_NAME "spl"
| #define SPL_META_VERSION "0.6.5.9"
| #define SPL_META_RELEASE "1~trusty"
| #define SPL_META_LICENSE "GPL"
| #define SPL_META_ALIAS "spl-0.6.5.9-1~trusty"
| #define SPL_META_AUTHOR "OpenZFS on Linux"
| #define PACKAGE "spl"
| #define VERSION "0.6.5.9"
| #define STDC_HEADERS 1
| #define HAVE_SYS_TYPES_H 1
| #define HAVE_SYS_STAT_H 1
| #define HAVE_STDLIB_H 1
| #define HAVE_STRING_H 1
| #define HAVE_MEMORY_H 1
| #define HAVE_STRINGS_H 1
| #define HAVE_INTTYPES_H 1
| #define HAVE_STDINT_H 1
| #define HAVE_UNISTD_H 1
| #define HAVE_DLFCN_H 1
| #define LT_OBJDIR ".libs/"
| #define SPL_IS_GPL_COMPATIBLE 1
| #define HAVE_ATOMIC64_T 1
| #define HAVE_SPLIT_SHRINKER_CALLBACK 1
| 
| 
| 		#include <linux/sysctl.h>
| 
| int
| main (void)
| {
| 
| 		struct ctl_table ctl __attribute__ ((unused));
| 		ctl.ctl_name = 0;
| 
|   ;
|   return 0;
| }
| 
configure:15583: result: no
configure:15594: checking whether CONFIG_TRIM_UNUSED_KSYM is disabled
configure:15621: cp conftest.c build && make modules -C /usr/src/linux-headers-4.4.0-72-generic EXTRA_CFLAGS=-Werror-implicit-function-declaration   M=/home/code/linuxmce/ubuntu/spl-linux-0.6.5.9/build 
configure:15624: $? = 0
configure:15626: test -s build/conftest.o
configure:15629: $? = 0
configure:15632: result: yes
configure:15653: checking whether PDE_DATA() is available
configure:15681: cp conftest.c build && make modules -C /usr/src/linux-headers-4.4.0-72-generic EXTRA_CFLAGS=-Werror-implicit-function-declaration   M=/home/code/linuxmce/ubuntu/spl-linux-0.6.5.9/build 
configure:15684: $? = 0
configure:15686: test -s build/conftest.o
configure:15689: $? = 0
configure:15741: result: yes
configure:15753: checking whether set_fs_pwd() requires const struct path *
configure:15785: cp conftest.c build && make modules -C /usr/src/linux-headers-4.4.0-72-generic EXTRA_CFLAGS=-Werror-implicit-function-declaration -Werror  M=/home/code/linuxmce/ubuntu/spl-linux-0.6.5.9/build 
WARNING: "set_fs_pwd" [/home/code/linuxmce/ubuntu/spl-linux-0.6.5.9/build/conftest.ko] undefined!
configure:15788: $? = 0
configure:15790: test -s build/conftest.o
configure:15793: $? = 0
configure:15796: result: yes
configure:15871: checking whether vfs_unlink() wants 2 args
configure:15898: cp conftest.c build && make modules -C /usr/src/linux-headers-4.4.0-72-generic EXTRA_CFLAGS=-Werror-implicit-function-declaration   M=/home/code/linuxmce/ubuntu/spl-linux-0.6.5.9/build 
/home/code/linuxmce/ubuntu/spl-linux-0.6.5.9/build/conftest.c: In function ‘main’:
/home/code/linuxmce/ubuntu/spl-linux-0.6.5.9/build/conftest.c:41:45: error: too few arguments to function ‘vfs_unlink’
   vfs_unlink((struct inode *) NULL, (struct dentry *) NULL);
                                             ^
In file included from /home/code/linuxmce/ubuntu/spl-linux-0.6.5.9/build/conftest.c:35:0:
include/linux/fs.h:1555:12: note: declared here
 extern int vfs_unlink(struct inode *, struct dentry *, struct inode **);
            ^
make[1]: *** [/home/code/linuxmce/ubuntu/spl-linux-0.6.5.9/build/conftest.o] Error 1
make: *** [_module_/home/code/linuxmce/ubuntu/spl-linux-0.6.5.9/build] Error 2
configure:15901: $? = 2
configure: failed program was:
| /* confdefs.h */
| #define PACKAGE_NAME "spl"
| #define PACKAGE_TARNAME "spl"
| #define PACKAGE_VERSION "0.6.5.9"
| #define PACKAGE_STRING "spl 0.6.5.9"
| #define PACKAGE_BUGREPORT ""
| #define PACKAGE_URL ""
| #define SPL_META_NAME "spl"
| #define SPL_META_VERSION "0.6.5.9"
| #define SPL_META_RELEASE "1~trusty"
| #define SPL_META_LICENSE "GPL"
| #define SPL_META_ALIAS "spl-0.6.5.9-1~trusty"
| #define SPL_META_AUTHOR "OpenZFS on Linux"
| #define PACKAGE "spl"
| #define VERSION "0.6.5.9"
| #define STDC_HEADERS 1
| #define HAVE_SYS_TYPES_H 1
| #define HAVE_SYS_STAT_H 1
| #define HAVE_STDLIB_H 1
| #define HAVE_STRING_H 1
| #define HAVE_MEMORY_H 1
| #define HAVE_STRINGS_H 1
| #define HAVE_INTTYPES_H 1
| #define HAVE_STDINT_H 1
| #define HAVE_UNISTD_H 1
| #define HAVE_DLFCN_H 1
| #define LT_OBJDIR ".libs/"
| #define SPL_IS_GPL_COMPATIBLE 1
| #define HAVE_ATOMIC64_T 1
| #define HAVE_SPLIT_SHRINKER_CALLBACK 1
| #define HAVE_PDE_DATA 1
| #define HAVE_SET_FS_PWD_WITH_CONST 1
| 
| 
| 		#include <linux/fs.h>
| 
| int
| main (void)
| {
| 
| 		vfs_unlink((struct inode *) NULL, (struct dentry *) NULL);
| 
|   ;
|   return 0;
| }
| 
configure:15919: result: no
configure:15921: checking whether vfs_unlink() wants 3 args
configure:15950: cp conftest.c build && make modules -C /usr/src/linux-headers-4.4.0-72-generic EXTRA_CFLAGS=-Werror-implicit-function-declaration   M=/home/code/linuxmce/ubuntu/spl-linux-0.6.5.9/build 
configure:15953: $? = 0
configure:15955: test -s build/conftest.o
configure:15958: $? = 0
configure:15961: result: yes
configure:15988: checking whether vfs_rename() wants 4 args
configure:16016: cp conftest.c build && make modules -C /usr/src/linux-headers-4.4.0-72-generic EXTRA_CFLAGS=-Werror-implicit-function-declaration   M=/home/code/linuxmce/ubuntu/spl-linux-0.6.5.9/build 
/home/code/linuxmce/ubuntu/spl-linux-0.6.5.9/build/conftest.c: In function ‘main’:
/home/code/linuxmce/ubuntu/spl-linux-0.6.5.9/build/conftest.c:43:35: error: too few arguments to function ‘vfs_rename’
    (struct inode *) NULL, (struct dentry *) NULL);
                                   ^
In file included from /home/code/linuxmce/ubuntu/spl-linux-0.6.5.9/build/conftest.c:36:0:
include/linux/fs.h:1556:12: note: declared here
 extern int vfs_rename(struct inode *, struct dentry *, struct inode *, struct dentry *, struct inode **, unsigned int);
            ^
make[1]: *** [/home/code/linuxmce/ubuntu/spl-linux-0.6.5.9/build/conftest.o] Error 1
make: *** [_module_/home/code/linuxmce/ubuntu/spl-linux-0.6.5.9/build] Error 2
configure:16019: $? = 2
configure: failed program was:
| /* confdefs.h */
| #define PACKAGE_NAME "spl"
| #define PACKAGE_TARNAME "spl"
| #define PACKAGE_VERSION "0.6.5.9"
| #define PACKAGE_STRING "spl 0.6.5.9"
| #define PACKAGE_BUGREPORT ""
| #define PACKAGE_URL ""
| #define SPL_META_NAME "spl"
| #define SPL_META_VERSION "0.6.5.9"
| #define SPL_META_RELEASE "1~trusty"
| #define SPL_META_LICENSE "GPL"
| #define SPL_META_ALIAS "spl-0.6.5.9-1~trusty"
| #define SPL_META_AUTHOR "OpenZFS on Linux"
| #define PACKAGE "spl"
| #define VERSION "0.6.5.9"
| #define STDC_HEADERS 1
| #define HAVE_SYS_TYPES_H 1
| #define HAVE_SYS_STAT_H 1
| #define HAVE_STDLIB_H 1
| #define HAVE_STRING_H 1
| #define HAVE_MEMORY_H 1
| #define HAVE_STRINGS_H 1
| #define HAVE_INTTYPES_H 1
| #define HAVE_STDINT_H 1
| #define HAVE_UNISTD_H 1
| #define HAVE_DLFCN_H 1
| #define LT_OBJDIR ".libs/"
| #define SPL_IS_GPL_COMPATIBLE 1
| #define HAVE_ATOMIC64_T 1
| #define HAVE_SPLIT_SHRINKER_CALLBACK 1
| #define HAVE_PDE_DATA 1
| #define HAVE_SET_FS_PWD_WITH_CONST 1
| #define HAVE_3ARGS_VFS_UNLINK 1
| 
| 
| 		#include <linux/fs.h>
| 
| int
| main (void)
| {
| 
| 		vfs_rename((struct inode *) NULL, (struct dentry *) NULL,
| 			(struct inode *) NULL, (struct dentry *) NULL);
| 
|   ;
|   return 0;
| }
| 
configure:16037: result: no
configure:16039: checking whether vfs_rename() wants 5 args
configure:16070: cp conftest.c build && make modules -C /usr/src/linux-headers-4.4.0-72-generic EXTRA_CFLAGS=-Werror-implicit-function-declaration   M=/home/code/linuxmce/ubuntu/spl-linux-0.6.5.9/build 
/home/code/linuxmce/ubuntu/spl-linux-0.6.5.9/build/conftest.c: In function ‘main’:
/home/code/linuxmce/ubuntu/spl-linux-0.6.5.9/build/conftest.c:46:13: error: too few arguments to function ‘vfs_rename’
     (struct inode **) NULL);
             ^
In file included from /home/code/linuxmce/ubuntu/spl-linux-0.6.5.9/build/conftest.c:36:0:
include/linux/fs.h:1556:12: note: declared here
 extern int vfs_rename(struct inode *, struct dentry *, struct inode *, struct dentry *, struct inode **, unsigned int);
            ^
make[1]: *** [/home/code/linuxmce/ubuntu/spl-linux-0.6.5.9/build/conftest.o] Error 1
make: *** [_module_/home/code/linuxmce/ubuntu/spl-linux-0.6.5.9/build] Error 2
configure:16073: $? = 2
configure: failed program was:
| /* confdefs.h */
| #define PACKAGE_NAME "spl"
| #define PACKAGE_TARNAME "spl"
| #define PACKAGE_VERSION "0.6.5.9"
| #define PACKAGE_STRING "spl 0.6.5.9"
| #define PACKAGE_BUGREPORT ""
| #define PACKAGE_URL ""
| #define SPL_META_NAME "spl"
| #define SPL_META_VERSION "0.6.5.9"
| #define SPL_META_RELEASE "1~trusty"
| #define SPL_META_LICENSE "GPL"
| #define SPL_META_ALIAS "spl-0.6.5.9-1~trusty"
| #define SPL_META_AUTHOR "OpenZFS on Linux"
| #define PACKAGE "spl"
| #define VERSION "0.6.5.9"
| #define STDC_HEADERS 1
| #define HAVE_SYS_TYPES_H 1
| #define HAVE_SYS_STAT_H 1
| #define HAVE_STDLIB_H 1
| #define HAVE_STRING_H 1
| #define HAVE_MEMORY_H 1
| #define HAVE_STRINGS_H 1
| #define HAVE_INTTYPES_H 1
| #define HAVE_STDINT_H 1
| #define HAVE_UNISTD_H 1
| #define HAVE_DLFCN_H 1
| #define LT_OBJDIR ".libs/"
| #define SPL_IS_GPL_COMPATIBLE 1
| #define HAVE_ATOMIC64_T 1
| #define HAVE_SPLIT_SHRINKER_CALLBACK 1
| #define HAVE_PDE_DATA 1
| #define HAVE_SET_FS_PWD_WITH_CONST 1
| #define HAVE_3ARGS_VFS_UNLINK 1
| 
| 
| 			#include <linux/fs.h>
| 
| int
| main (void)
| {
| 
| 			vfs_rename((struct inode *) NULL,
| 				(struct dentry *) NULL,
| 				(struct inode *) NULL,
| 				(struct dentry *) NULL,
| 				(struct inode **) NULL);
| 
|   ;
|   return 0;
| }
| 
configure:16091: result: no
configure:16093: checking whether vfs_rename() wants 6 args
configure:16125: cp conftest.c build && make modules -C /usr/src/linux-headers-4.4.0-72-generic EXTRA_CFLAGS=-Werror-implicit-function-declaration   M=/home/code/linuxmce/ubuntu/spl-linux-0.6.5.9/build 
configure:16128: $? = 0
configure:16130: test -s build/conftest.o
configure:16133: $? = 0
configure:16136: result: yes
configure:16170: checking whether vfs_fsync() wants 2 args
configure:16197: cp conftest.c build && make modules -C /usr/src/linux-headers-4.4.0-72-generic EXTRA_CFLAGS=-Werror-implicit-function-declaration   M=/home/code/linuxmce/ubuntu/spl-linux-0.6.5.9/build 
configure:16200: $? = 0
configure:16202: test -s build/conftest.o
configure:16205: $? = 0
configure:16208: result: yes
configure:16229: checking whether truncate_range() inode operation is available
configure:16257: cp conftest.c build && make modules -C /usr/src/linux-headers-4.4.0-72-generic EXTRA_CFLAGS=-Werror-implicit-function-declaration   M=/home/code/linuxmce/ubuntu/spl-linux-0.6.5.9/build 
/home/code/linuxmce/ubuntu/spl-linux-0.6.5.9/build/conftest.c: In function ‘main’:
/home/code/linuxmce/ubuntu/spl-linux-0.6.5.9/build/conftest.c:45:6: error: ‘struct inode_operations’ has no member named ‘truncate_range’
   ops.truncate_range = NULL;
      ^
make[1]: *** [/home/code/linuxmce/ubuntu/spl-linux-0.6.5.9/build/conftest.o] Error 1
make: *** [_module_/home/code/linuxmce/ubuntu/spl-linux-0.6.5.9/build] Error 2
configure:16260: $? = 2
configure: failed program was:
| /* confdefs.h */
| #define PACKAGE_NAME "spl"
| #define PACKAGE_TARNAME "spl"
| #define PACKAGE_VERSION "0.6.5.9"
| #define PACKAGE_STRING "spl 0.6.5.9"
| #define PACKAGE_BUGREPORT ""
| #define PACKAGE_URL ""
| #define SPL_META_NAME "spl"
| #define SPL_META_VERSION "0.6.5.9"
| #define SPL_META_RELEASE "1~trusty"
| #define SPL_META_LICENSE "GPL"
| #define SPL_META_ALIAS "spl-0.6.5.9-1~trusty"
| #define SPL_META_AUTHOR "OpenZFS on Linux"
| #define PACKAGE "spl"
| #define VERSION "0.6.5.9"
| #define STDC_HEADERS 1
| #define HAVE_SYS_TYPES_H 1
| #define HAVE_SYS_STAT_H 1
| #define HAVE_STDLIB_H 1
| #define HAVE_STRING_H 1
| #define HAVE_MEMORY_H 1
| #define HAVE_STRINGS_H 1
| #define HAVE_INTTYPES_H 1
| #define HAVE_STDINT_H 1
| #define HAVE_UNISTD_H 1
| #define HAVE_DLFCN_H 1
| #define LT_OBJDIR ".libs/"
| #define SPL_IS_GPL_COMPATIBLE 1
| #define HAVE_ATOMIC64_T 1
| #define HAVE_SPLIT_SHRINKER_CALLBACK 1
| #define HAVE_PDE_DATA 1
| #define HAVE_SET_FS_PWD_WITH_CONST 1
| #define HAVE_3ARGS_VFS_UNLINK 1
| #define HAVE_6ARGS_VFS_RENAME 1
| #define HAVE_2ARGS_VFS_FSYNC 1
| 
| 
| 		#include <linux/fs.h>
| 
| int
| main (void)
| {
| 
| 		struct inode_operations ops;
| 		ops.truncate_range = NULL;
| 
|   ;
|   return 0;
| }
| 
configure:16278: result: no
configure:16289: checking whether struct fs_struct uses spinlock_t
configure:16320: cp conftest.c build && make modules -C /usr/src/linux-headers-4.4.0-72-generic EXTRA_CFLAGS=-Werror-implicit-function-declaration -Werror  M=/home/code/linuxmce/ubuntu/spl-linux-0.6.5.9/build 
configure:16323: $? = 0
configure:16325: test -s build/conftest.o
configure:16328: $? = 0
configure:16331: result: yes
configure:16353: checking whether kuid_t/kgid_t is available
configure:16381: cp conftest.c build && make modules -C /usr/src/linux-headers-4.4.0-72-generic EXTRA_CFLAGS=-Werror-implicit-function-declaration   M=/home/code/linuxmce/ubuntu/spl-linux-0.6.5.9/build 
/home/code/linuxmce/ubuntu/spl-linux-0.6.5.9/build/conftest.c: In function ‘main’:
/home/code/linuxmce/ubuntu/spl-linux-0.6.5.9/build/conftest.c:46:10: warning: unused variable ‘groupid’ [-Wunused-variable]
   kgid_t groupid = KGIDT_INIT(0);
          ^
/home/code/linuxmce/ubuntu/spl-linux-0.6.5.9/build/conftest.c:45:10: warning: unused variable ‘userid’ [-Wunused-variable]
   kuid_t userid = KUIDT_INIT(0);
          ^
configure:16384: $? = 0
configure:16386: test -s build/conftest.o
configure:16389: $? = 0
configure:16418: cp conftest.c build && make modules -C /usr/src/linux-headers-4.4.0-72-generic EXTRA_CFLAGS=-Werror-implicit-function-declaration   M=/home/code/linuxmce/ubuntu/spl-linux-0.6.5.9/build 
/home/code/linuxmce/ubuntu/spl-linux-0.6.5.9/build/conftest.c: In function ‘main’:
/home/code/linuxmce/ubuntu/spl-linux-0.6.5.9/build/conftest.c:45:4: error: invalid initializer
    kuid_t userid = 0;
    ^
/home/code/linuxmce/ubuntu/spl-linux-0.6.5.9/build/conftest.c:46:4: error: invalid initializer
    kgid_t groupid = 0;
    ^
/home/code/linuxmce/ubuntu/spl-linux-0.6.5.9/build/conftest.c:46:11: warning: unused variable ‘groupid’ [-Wunused-variable]
    kgid_t groupid = 0;
           ^
/home/code/linuxmce/ubuntu/spl-linux-0.6.5.9/build/conftest.c:45:11: warning: unused variable ‘userid’ [-Wunused-variable]
    kuid_t userid = 0;
           ^
make[1]: *** [/home/code/linuxmce/ubuntu/spl-linux-0.6.5.9/build/conftest.o] Error 1
make: *** [_module_/home/code/linuxmce/ubuntu/spl-linux-0.6.5.9/build] Error 2
configure:16421: $? = 2
configure: failed program was:
| /* confdefs.h */
| #define PACKAGE_NAME "spl"
| #define PACKAGE_TARNAME "spl"
| #define PACKAGE_VERSION "0.6.5.9"
| #define PACKAGE_STRING "spl 0.6.5.9"
| #define PACKAGE_BUGREPORT ""
| #define PACKAGE_URL ""
| #define SPL_META_NAME "spl"
| #define SPL_META_VERSION "0.6.5.9"
| #define SPL_META_RELEASE "1~trusty"
| #define SPL_META_LICENSE "GPL"
| #define SPL_META_ALIAS "spl-0.6.5.9-1~trusty"
| #define SPL_META_AUTHOR "OpenZFS on Linux"
| #define PACKAGE "spl"
| #define VERSION "0.6.5.9"
| #define STDC_HEADERS 1
| #define HAVE_SYS_TYPES_H 1
| #define HAVE_SYS_STAT_H 1
| #define HAVE_STDLIB_H 1
| #define HAVE_STRING_H 1
| #define HAVE_MEMORY_H 1
| #define HAVE_STRINGS_H 1
| #define HAVE_INTTYPES_H 1
| #define HAVE_STDINT_H 1
| #define HAVE_UNISTD_H 1
| #define HAVE_DLFCN_H 1
| #define LT_OBJDIR ".libs/"
| #define SPL_IS_GPL_COMPATIBLE 1
| #define HAVE_ATOMIC64_T 1
| #define HAVE_SPLIT_SHRINKER_CALLBACK 1
| #define HAVE_PDE_DATA 1
| #define HAVE_SET_FS_PWD_WITH_CONST 1
| #define HAVE_3ARGS_VFS_UNLINK 1
| #define HAVE_6ARGS_VFS_RENAME 1
| #define HAVE_2ARGS_VFS_FSYNC 1
| #define HAVE_FS_STRUCT_SPINLOCK 1
| 
| 
| 			#include <linux/uidgid.h>
| 
| int
| main (void)
| {
| 
| 			kuid_t userid = 0;
| 			kgid_t groupid = 0;
| 
|   ;
|   return 0;
| }
| 
configure:16436: result: yes; mandatory
configure:16463: checking whether __put_task_struct() is available
configure:16491: cp conftest.c build && make modules -C /usr/src/linux-headers-4.4.0-72-generic EXTRA_CFLAGS=-Werror-implicit-function-declaration   M=/home/code/linuxmce/ubuntu/spl-linux-0.6.5.9/build 
configure:16494: $? = 0
configure:16496: test -s build/conftest.o
configure:16499: $? = 0
configure:16551: result: yes
configure:16563: checking whether fops->fallocate() exists
configure:16593: cp conftest.c build && make modules -C /usr/src/linux-headers-4.4.0-72-generic EXTRA_CFLAGS=-Werror-implicit-function-declaration   M=/home/code/linuxmce/ubuntu/spl-linux-0.6.5.9/build 
configure:16596: $? = 0
configure:16598: test -s build/conftest.o
configure:16601: $? = 0
configure:16604: result: yes
configure:16625: checking whether iops->fallocate() exists
configure:16655: cp conftest.c build && make modules -C /usr/src/linux-headers-4.4.0-72-generic EXTRA_CFLAGS=-Werror-implicit-function-declaration   M=/home/code/linuxmce/ubuntu/spl-linux-0.6.5.9/build 
/home/code/linuxmce/ubuntu/spl-linux-0.6.5.9/build/conftest.c: In function ‘main’:
/home/code/linuxmce/ubuntu/spl-linux-0.6.5.9/build/conftest.c:50:4: error: unknown field ‘fallocate’ specified in initializer
    .fallocate = fallocate,
    ^
/home/code/linuxmce/ubuntu/spl-linux-0.6.5.9/build/conftest.c:50:4: warning: initialization from incompatible pointer type [enabled by default]
/home/code/linuxmce/ubuntu/spl-linux-0.6.5.9/build/conftest.c:50:4: warning: (near initialization for ‘fops.lookup’) [enabled by default]
make[1]: *** [/home/code/linuxmce/ubuntu/spl-linux-0.6.5.9/build/conftest.o] Error 1
make: *** [_module_/home/code/linuxmce/ubuntu/spl-linux-0.6.5.9/build] Error 2
configure:16658: $? = 2
configure: failed program was:
| /* confdefs.h */
| #define PACKAGE_NAME "spl"
| #define PACKAGE_TARNAME "spl"
| #define PACKAGE_VERSION "0.6.5.9"
| #define PACKAGE_STRING "spl 0.6.5.9"
| #define PACKAGE_BUGREPORT ""
| #define PACKAGE_URL ""
| #define SPL_META_NAME "spl"
| #define SPL_META_VERSION "0.6.5.9"
| #define SPL_META_RELEASE "1~trusty"
| #define SPL_META_LICENSE "GPL"
| #define SPL_META_ALIAS "spl-0.6.5.9-1~trusty"
| #define SPL_META_AUTHOR "OpenZFS on Linux"
| #define PACKAGE "spl"
| #define VERSION "0.6.5.9"
| #define STDC_HEADERS 1
| #define HAVE_SYS_TYPES_H 1
| #define HAVE_SYS_STAT_H 1
| #define HAVE_STDLIB_H 1
| #define HAVE_STRING_H 1
| #define HAVE_MEMORY_H 1
| #define HAVE_STRINGS_H 1
| #define HAVE_INTTYPES_H 1
| #define HAVE_STDINT_H 1
| #define HAVE_UNISTD_H 1
| #define HAVE_DLFCN_H 1
| #define LT_OBJDIR ".libs/"
| #define SPL_IS_GPL_COMPATIBLE 1
| #define HAVE_ATOMIC64_T 1
| #define HAVE_SPLIT_SHRINKER_CALLBACK 1
| #define HAVE_PDE_DATA 1
| #define HAVE_SET_FS_PWD_WITH_CONST 1
| #define HAVE_3ARGS_VFS_UNLINK 1
| #define HAVE_6ARGS_VFS_RENAME 1
| #define HAVE_2ARGS_VFS_FSYNC 1
| #define HAVE_FS_STRUCT_SPINLOCK 1
| #define HAVE_KUIDGID_T 1
| #define HAVE_PUT_TASK_STRUCT 1
| #define HAVE_FILE_FALLOCATE 1
| 
| 
| 		#include <linux/fs.h>
| 
| int
| main (void)
| {
| 
| 		long (*fallocate) (struct inode *, int, loff_t, loff_t) = NULL;
| 		struct inode_operations fops __attribute__ ((unused)) = {
| 			.fallocate = fallocate,
| 		};
| 
|   ;
|   return 0;
| }
| 
configure:16676: result: no
configure:16687: checking whether fops->fallocate() exists
configure:16717: cp conftest.c build && make modules -C /usr/src/linux-headers-4.4.0-72-generic EXTRA_CFLAGS=-Werror-implicit-function-declaration   M=/home/code/linuxmce/ubuntu/spl-linux-0.6.5.9/build 
/home/code/linuxmce/ubuntu/spl-linux-0.6.5.9/build/conftest.c: In function ‘main’:
/home/code/linuxmce/ubuntu/spl-linux-0.6.5.9/build/conftest.c:49:10: error: variable ‘fops’ has initializer but incomplete type
   struct file_operations_no_const fops __attribute__ ((unused)) = {
          ^
/home/code/linuxmce/ubuntu/spl-linux-0.6.5.9/build/conftest.c:50:4: error: unknown field ‘fallocate’ specified in initializer
    .fallocate = fallocate,
    ^
/home/code/linuxmce/ubuntu/spl-linux-0.6.5.9/build/conftest.c:50:4: warning: excess elements in struct initializer [enabled by default]
/home/code/linuxmce/ubuntu/spl-linux-0.6.5.9/build/conftest.c:50:4: warning: (near initialization for ‘fops’) [enabled by default]
/home/code/linuxmce/ubuntu/spl-linux-0.6.5.9/build/conftest.c:49:35: error: storage size of ‘fops’ isn’t known
   struct file_operations_no_const fops __attribute__ ((unused)) = {
                                   ^
make[1]: *** [/home/code/linuxmce/ubuntu/spl-linux-0.6.5.9/build/conftest.o] Error 1
make: *** [_module_/home/code/linuxmce/ubuntu/spl-linux-0.6.5.9/build] Error 2
configure:16720: $? = 2
configure: failed program was:
| /* confdefs.h */
| #define PACKAGE_NAME "spl"
| #define PACKAGE_TARNAME "spl"
| #define PACKAGE_VERSION "0.6.5.9"
| #define PACKAGE_STRING "spl 0.6.5.9"
| #define PACKAGE_BUGREPORT ""
| #define PACKAGE_URL ""
| #define SPL_META_NAME "spl"
| #define SPL_META_VERSION "0.6.5.9"
| #define SPL_META_RELEASE "1~trusty"
| #define SPL_META_LICENSE "GPL"
| #define SPL_META_ALIAS "spl-0.6.5.9-1~trusty"
| #define SPL_META_AUTHOR "OpenZFS on Linux"
| #define PACKAGE "spl"
| #define VERSION "0.6.5.9"
| #define STDC_HEADERS 1
| #define HAVE_SYS_TYPES_H 1
| #define HAVE_SYS_STAT_H 1
| #define HAVE_STDLIB_H 1
| #define HAVE_STRING_H 1
| #define HAVE_MEMORY_H 1
| #define HAVE_STRINGS_H 1
| #define HAVE_INTTYPES_H 1
| #define HAVE_STDINT_H 1
| #define HAVE_UNISTD_H 1
| #define HAVE_DLFCN_H 1
| #define LT_OBJDIR ".libs/"
| #define SPL_IS_GPL_COMPATIBLE 1
| #define HAVE_ATOMIC64_T 1
| #define HAVE_SPLIT_SHRINKER_CALLBACK 1
| #define HAVE_PDE_DATA 1
| #define HAVE_SET_FS_PWD_WITH_CONST 1
| #define HAVE_3ARGS_VFS_UNLINK 1
| #define HAVE_6ARGS_VFS_RENAME 1
| #define HAVE_2ARGS_VFS_FSYNC 1
| #define HAVE_FS_STRUCT_SPINLOCK 1
| #define HAVE_KUIDGID_T 1
| #define HAVE_PUT_TASK_STRUCT 1
| #define HAVE_FILE_FALLOCATE 1
| 
| 
| 		#include <linux/fs.h>
| 
| int
| main (void)
| {
| 
| 		long (*fallocate) (struct file *, int, loff_t, loff_t) = NULL;
| 		struct file_operations_no_const fops __attribute__ ((unused)) = {
| 			.fallocate = fallocate,
| 		};
| 
|   ;
|   return 0;
| }
| 
configure:16738: result: no
configure:16750: checking whether CONFIG_ZLIB_INFLATE is defined
configure:16778: cp conftest.c build && make modules -C /usr/src/linux-headers-4.4.0-72-generic EXTRA_CFLAGS=-Werror-implicit-function-declaration   M=/home/code/linuxmce/ubuntu/spl-linux-0.6.5.9/build 
configure:16781: $? = 0
configure:16783: test -s build/conftest.o
configure:16786: $? = 0
configure:16789: result: yes
configure:16810: checking whether CONFIG_ZLIB_DEFLATE is defined
configure:16838: cp conftest.c build && make modules -C /usr/src/linux-headers-4.4.0-72-generic EXTRA_CFLAGS=-Werror-implicit-function-declaration   M=/home/code/linuxmce/ubuntu/spl-linux-0.6.5.9/build 
configure:16841: $? = 0
configure:16843: test -s build/conftest.o
configure:16846: $? = 0
configure:16849: result: yes
configure:16869: checking whether zlib_deflate_workspacesize() wants 2 args
configure:16896: cp conftest.c build && make modules -C /usr/src/linux-headers-4.4.0-72-generic EXTRA_CFLAGS=-Werror-implicit-function-declaration   M=/home/code/linuxmce/ubuntu/spl-linux-0.6.5.9/build 
configure:16899: $? = 0
configure:16901: test -s build/conftest.o
configure:16904: $? = 0
configure:16907: result: yes
configure:16928: checking whether struct shrink_control exists
configure:16958: cp conftest.c build && make modules -C /usr/src/linux-headers-4.4.0-72-generic EXTRA_CFLAGS=-Werror-implicit-function-declaration   M=/home/code/linuxmce/ubuntu/spl-linux-0.6.5.9/build 
configure:16961: $? = 0
configure:16963: test -s build/conftest.o
configure:16966: $? = 0
configure:16969: result: yes
configure:16990: checking whether struct rw_semaphore member wait_lock is raw
configure:17021: cp conftest.c build && make modules -C /usr/src/linux-headers-4.4.0-72-generic EXTRA_CFLAGS=-Werror-implicit-function-declaration -Werror  M=/home/code/linuxmce/ubuntu/spl-linux-0.6.5.9/build 
configure:17024: $? = 0
configure:17026: test -s build/conftest.o
configure:17029: $? = 0
configure:17032: result: yes
configure:17054: checking whether struct rw_semaphore has member activity
configure:17084: cp conftest.c build && make modules -C /usr/src/linux-headers-4.4.0-72-generic EXTRA_CFLAGS=-Werror-implicit-function-declaration -Werror  M=/home/code/linuxmce/ubuntu/spl-linux-0.6.5.9/build 
/home/code/linuxmce/ubuntu/spl-linux-0.6.5.9/build/conftest.c: In function ‘main’:
/home/code/linuxmce/ubuntu/spl-linux-0.6.5.9/build/conftest.c:52:18: error: ‘struct rw_semaphore’ has no member named ‘activity’
   dummy_semaphore.activity = 0;
                  ^
make[1]: *** [/home/code/linuxmce/ubuntu/spl-linux-0.6.5.9/build/conftest.o] Error 1
make: *** [_module_/home/code/linuxmce/ubuntu/spl-linux-0.6.5.9/build] Error 2
configure:17087: $? = 2
configure: failed program was:
| /* confdefs.h */
| #define PACKAGE_NAME "spl"
| #define PACKAGE_TARNAME "spl"
| #define PACKAGE_VERSION "0.6.5.9"
| #define PACKAGE_STRING "spl 0.6.5.9"
| #define PACKAGE_BUGREPORT ""
| #define PACKAGE_URL ""
| #define SPL_META_NAME "spl"
| #define SPL_META_VERSION "0.6.5.9"
| #define SPL_META_RELEASE "1~trusty"
| #define SPL_META_LICENSE "GPL"
| #define SPL_META_ALIAS "spl-0.6.5.9-1~trusty"
| #define SPL_META_AUTHOR "OpenZFS on Linux"
| #define PACKAGE "spl"
| #define VERSION "0.6.5.9"
| #define STDC_HEADERS 1
| #define HAVE_SYS_TYPES_H 1
| #define HAVE_SYS_STAT_H 1
| #define HAVE_STDLIB_H 1
| #define HAVE_STRING_H 1
| #define HAVE_MEMORY_H 1
| #define HAVE_STRINGS_H 1
| #define HAVE_INTTYPES_H 1
| #define HAVE_STDINT_H 1
| #define HAVE_UNISTD_H 1
| #define HAVE_DLFCN_H 1
| #define LT_OBJDIR ".libs/"
| #define SPL_IS_GPL_COMPATIBLE 1
| #define HAVE_ATOMIC64_T 1
| #define HAVE_SPLIT_SHRINKER_CALLBACK 1
| #define HAVE_PDE_DATA 1
| #define HAVE_SET_FS_PWD_WITH_CONST 1
| #define HAVE_3ARGS_VFS_UNLINK 1
| #define HAVE_6ARGS_VFS_RENAME 1
| #define HAVE_2ARGS_VFS_FSYNC 1
| #define HAVE_FS_STRUCT_SPINLOCK 1
| #define HAVE_KUIDGID_T 1
| #define HAVE_PUT_TASK_STRUCT 1
| #define HAVE_FILE_FALLOCATE 1
| #define HAVE_2ARGS_ZLIB_DEFLATE_WORKSPACESIZE 1
| #define HAVE_SHRINK_CONTROL_STRUCT 1
| #define RWSEM_SPINLOCK_IS_RAW 1
| 
| 
| 		#include <linux/rwsem.h>
| 
| int
| main (void)
| {
| 
| 		struct rw_semaphore dummy_semaphore __attribute__ ((unused));
| 		dummy_semaphore.activity = 0;
| 
|   ;
|   return 0;
| }
| 
configure:17105: result: no
configure:17117: checking whether struct rw_semaphore has atomic_long_t member count
configure:17147: cp conftest.c build && make modules -C /usr/src/linux-headers-4.4.0-72-generic EXTRA_CFLAGS=-Werror-implicit-function-declaration -Werror  M=/home/code/linuxmce/ubuntu/spl-linux-0.6.5.9/build 
/home/code/linuxmce/ubuntu/spl-linux-0.6.5.9/build/conftest.c: In function ‘main’:
/home/code/linuxmce/ubuntu/spl-linux-0.6.5.9/build/conftest.c:52:3: error: passing argument 1 of ‘atomic_long_read’ from incompatible pointer type [-Werror]
   (void) atomic_long_read(&dummy_semaphore.count);
   ^
In file included from include/linux/atomic.h:572:0,
                 from ./arch/x86/include/asm/thread_info.h:53,
                 from include/linux/thread_info.h:54,
                 from ./arch/x86/include/asm/preempt.h:6,
                 from include/linux/preempt.h:59,
                 from include/linux/spinlock.h:50,
                 from include/linux/rwsem.h:15,
                 from /home/code/linuxmce/ubuntu/spl-linux-0.6.5.9/build/conftest.c:45:
include/asm-generic/atomic-long.h:38:20: note: expected ‘const struct atomic_long_t *’ but argument is of type ‘long int *’
 static inline long atomic_long_read##mo(const atomic_long_t *l)  \
                    ^
include/asm-generic/atomic-long.h:44:1: note: in expansion of macro ‘ATOMIC_LONG_READ_OP’
 ATOMIC_LONG_READ_OP()
 ^
cc1: all warnings being treated as errors
make[1]: *** [/home/code/linuxmce/ubuntu/spl-linux-0.6.5.9/build/conftest.o] Error 1
make: *** [_module_/home/code/linuxmce/ubuntu/spl-linux-0.6.5.9/build] Error 2
configure:17150: $? = 2
configure: failed program was:
| /* confdefs.h */
| #define PACKAGE_NAME "spl"
| #define PACKAGE_TARNAME "spl"
| #define PACKAGE_VERSION "0.6.5.9"
| #define PACKAGE_STRING "spl 0.6.5.9"
| #define PACKAGE_BUGREPORT ""
| #define PACKAGE_URL ""
| #define SPL_META_NAME "spl"
| #define SPL_META_VERSION "0.6.5.9"
| #define SPL_META_RELEASE "1~trusty"
| #define SPL_META_LICENSE "GPL"
| #define SPL_META_ALIAS "spl-0.6.5.9-1~trusty"
| #define SPL_META_AUTHOR "OpenZFS on Linux"
| #define PACKAGE "spl"
| #define VERSION "0.6.5.9"
| #define STDC_HEADERS 1
| #define HAVE_SYS_TYPES_H 1
| #define HAVE_SYS_STAT_H 1
| #define HAVE_STDLIB_H 1
| #define HAVE_STRING_H 1
| #define HAVE_MEMORY_H 1
| #define HAVE_STRINGS_H 1
| #define HAVE_INTTYPES_H 1
| #define HAVE_STDINT_H 1
| #define HAVE_UNISTD_H 1
| #define HAVE_DLFCN_H 1
| #define LT_OBJDIR ".libs/"
| #define SPL_IS_GPL_COMPATIBLE 1
| #define HAVE_ATOMIC64_T 1
| #define HAVE_SPLIT_SHRINKER_CALLBACK 1
| #define HAVE_PDE_DATA 1
| #define HAVE_SET_FS_PWD_WITH_CONST 1
| #define HAVE_3ARGS_VFS_UNLINK 1
| #define HAVE_6ARGS_VFS_RENAME 1
| #define HAVE_2ARGS_VFS_FSYNC 1
| #define HAVE_FS_STRUCT_SPINLOCK 1
| #define HAVE_KUIDGID_T 1
| #define HAVE_PUT_TASK_STRUCT 1
| #define HAVE_FILE_FALLOCATE 1
| #define HAVE_2ARGS_ZLIB_DEFLATE_WORKSPACESIZE 1
| #define HAVE_SHRINK_CONTROL_STRUCT 1
| #define RWSEM_SPINLOCK_IS_RAW 1
| 
| 
| 		#include <linux/rwsem.h>
| 
| int
| main (void)
| {
| 
| 		DECLARE_RWSEM(dummy_semaphore);
| 		(void) atomic_long_read(&dummy_semaphore.count);
| 
|   ;
|   return 0;
| }
| 
configure:17168: result: no
configure:17179: checking whether header linux/sched/rt.h exists
configure:17207: cp conftest.c build && make modules -C /usr/src/linux-headers-4.4.0-72-generic EXTRA_CFLAGS=-Werror-implicit-function-declaration   M=/home/code/linuxmce/ubuntu/spl-linux-0.6.5.9/build 
configure:17210: $? = 0
configure:17212: test -s build/conftest.o
configure:17215: $? = 0
configure:17221: result: yes
configure:17239: checking whether vfs_getattr() wants
configure:17267: cp conftest.c build && make modules -C /usr/src/linux-headers-4.4.0-72-generic EXTRA_CFLAGS=-Werror-implicit-function-declaration   M=/home/code/linuxmce/ubuntu/spl-linux-0.6.5.9/build 
configure:17270: $? = 0
configure:17272: test -s build/conftest.o
configure:17275: $? = 0
configure:17278: result: 2 args
configure:17350: checking whether usleep_range() is available
configure:17377: cp conftest.c build && make modules -C /usr/src/linux-headers-4.4.0-72-generic EXTRA_CFLAGS=-Werror-implicit-function-declaration   M=/home/code/linuxmce/ubuntu/spl-linux-0.6.5.9/build 
configure:17380: $? = 0
configure:17382: test -s build/conftest.o
configure:17385: $? = 0
configure:17388: result: yes
configure:17409: checking whether struct kmem_cache has allocflags
configure:17437: cp conftest.c build && make modules -C /usr/src/linux-headers-4.4.0-72-generic EXTRA_CFLAGS=-Werror-implicit-function-declaration   M=/home/code/linuxmce/ubuntu/spl-linux-0.6.5.9/build 
/home/code/linuxmce/ubuntu/spl-linux-0.6.5.9/build/conftest.c: In function ‘main’:
/home/code/linuxmce/ubuntu/spl-linux-0.6.5.9/build/conftest.c:54:21: error: storage size of ‘cachep’ isn’t known
   struct kmem_cache cachep __attribute__ ((unused));
                     ^
make[1]: *** [/home/code/linuxmce/ubuntu/spl-linux-0.6.5.9/build/conftest.o] Error 1
make: *** [_module_/home/code/linuxmce/ubuntu/spl-linux-0.6.5.9/build] Error 2
configure:17440: $? = 2
configure: failed program was:
| /* confdefs.h */
| #define PACKAGE_NAME "spl"
| #define PACKAGE_TARNAME "spl"
| #define PACKAGE_VERSION "0.6.5.9"
| #define PACKAGE_STRING "spl 0.6.5.9"
| #define PACKAGE_BUGREPORT ""
| #define PACKAGE_URL ""
| #define SPL_META_NAME "spl"
| #define SPL_META_VERSION "0.6.5.9"
| #define SPL_META_RELEASE "1~trusty"
| #define SPL_META_LICENSE "GPL"
| #define SPL_META_ALIAS "spl-0.6.5.9-1~trusty"
| #define SPL_META_AUTHOR "OpenZFS on Linux"
| #define PACKAGE "spl"
| #define VERSION "0.6.5.9"
| #define STDC_HEADERS 1
| #define HAVE_SYS_TYPES_H 1
| #define HAVE_SYS_STAT_H 1
| #define HAVE_STDLIB_H 1
| #define HAVE_STRING_H 1
| #define HAVE_MEMORY_H 1
| #define HAVE_STRINGS_H 1
| #define HAVE_INTTYPES_H 1
| #define HAVE_STDINT_H 1
| #define HAVE_UNISTD_H 1
| #define HAVE_DLFCN_H 1
| #define LT_OBJDIR ".libs/"
| #define SPL_IS_GPL_COMPATIBLE 1
| #define HAVE_ATOMIC64_T 1
| #define HAVE_SPLIT_SHRINKER_CALLBACK 1
| #define HAVE_PDE_DATA 1
| #define HAVE_SET_FS_PWD_WITH_CONST 1
| #define HAVE_3ARGS_VFS_UNLINK 1
| #define HAVE_6ARGS_VFS_RENAME 1
| #define HAVE_2ARGS_VFS_FSYNC 1
| #define HAVE_FS_STRUCT_SPINLOCK 1
| #define HAVE_KUIDGID_T 1
| #define HAVE_PUT_TASK_STRUCT 1
| #define HAVE_FILE_FALLOCATE 1
| #define HAVE_2ARGS_ZLIB_DEFLATE_WORKSPACESIZE 1
| #define HAVE_SHRINK_CONTROL_STRUCT 1
| #define RWSEM_SPINLOCK_IS_RAW 1
| #define HAVE_SCHED_RT_HEADER 1
| #define HAVE_2ARGS_VFS_GETATTR 1
| #define HAVE_USLEEP_RANGE 1
| 
| 
| 		#include <linux/slab.h>
| 
| int
| main (void)
| {
| 
| 		struct kmem_cache cachep __attribute__ ((unused));
| 		cachep.allocflags = GFP_KERNEL;
| 
|   ;
|   return 0;
| }
| 
configure:17458: result: no
configure:17461: checking whether struct kmem_cache has gfpflags
configure:17489: cp conftest.c build && make modules -C /usr/src/linux-headers-4.4.0-72-generic EXTRA_CFLAGS=-Werror-implicit-function-declaration   M=/home/code/linuxmce/ubuntu/spl-linux-0.6.5.9/build 
/home/code/linuxmce/ubuntu/spl-linux-0.6.5.9/build/conftest.c: In function ‘main’:
/home/code/linuxmce/ubuntu/spl-linux-0.6.5.9/build/conftest.c:54:22: error: storage size of ‘cachep’ isn’t known
    struct kmem_cache cachep __attribute__ ((unused));
                      ^
make[1]: *** [/home/code/linuxmce/ubuntu/spl-linux-0.6.5.9/build/conftest.o] Error 1
make: *** [_module_/home/code/linuxmce/ubuntu/spl-linux-0.6.5.9/build] Error 2
configure:17492: $? = 2
configure: failed program was:
| /* confdefs.h */
| #define PACKAGE_NAME "spl"
| #define PACKAGE_TARNAME "spl"
| #define PACKAGE_VERSION "0.6.5.9"
| #define PACKAGE_STRING "spl 0.6.5.9"
| #define PACKAGE_BUGREPORT ""
| #define PACKAGE_URL ""
| #define SPL_META_NAME "spl"
| #define SPL_META_VERSION "0.6.5.9"
| #define SPL_META_RELEASE "1~trusty"
| #define SPL_META_LICENSE "GPL"
| #define SPL_META_ALIAS "spl-0.6.5.9-1~trusty"
| #define SPL_META_AUTHOR "OpenZFS on Linux"
| #define PACKAGE "spl"
| #define VERSION "0.6.5.9"
| #define STDC_HEADERS 1
| #define HAVE_SYS_TYPES_H 1
| #define HAVE_SYS_STAT_H 1
| #define HAVE_STDLIB_H 1
| #define HAVE_STRING_H 1
| #define HAVE_MEMORY_H 1
| #define HAVE_STRINGS_H 1
| #define HAVE_INTTYPES_H 1
| #define HAVE_STDINT_H 1
| #define HAVE_UNISTD_H 1
| #define HAVE_DLFCN_H 1
| #define LT_OBJDIR ".libs/"
| #define SPL_IS_GPL_COMPATIBLE 1
| #define HAVE_ATOMIC64_T 1
| #define HAVE_SPLIT_SHRINKER_CALLBACK 1
| #define HAVE_PDE_DATA 1
| #define HAVE_SET_FS_PWD_WITH_CONST 1
| #define HAVE_3ARGS_VFS_UNLINK 1
| #define HAVE_6ARGS_VFS_RENAME 1
| #define HAVE_2ARGS_VFS_FSYNC 1
| #define HAVE_FS_STRUCT_SPINLOCK 1
| #define HAVE_KUIDGID_T 1
| #define HAVE_PUT_TASK_STRUCT 1
| #define HAVE_FILE_FALLOCATE 1
| #define HAVE_2ARGS_ZLIB_DEFLATE_WORKSPACESIZE 1
| #define HAVE_SHRINK_CONTROL_STRUCT 1
| #define RWSEM_SPINLOCK_IS_RAW 1
| #define HAVE_SCHED_RT_HEADER 1
| #define HAVE_2ARGS_VFS_GETATTR 1
| #define HAVE_USLEEP_RANGE 1
| 
| 
| 			#include <linux/slab.h>
| 
| int
| main (void)
| {
| 
| 			struct kmem_cache cachep __attribute__ ((unused));
| 			cachep.gfpflags = GFP_KERNEL;
| 
|   ;
|   return 0;
| }
| 
configure:17510: result: no
configure:17528: checking whether wait_on_bit() takes an action
configure:17556: cp conftest.c build && make modules -C /usr/src/linux-headers-4.4.0-72-generic EXTRA_CFLAGS=-Werror-implicit-function-declaration   M=/home/code/linuxmce/ubuntu/spl-linux-0.6.5.9/build 
/home/code/linuxmce/ubuntu/spl-linux-0.6.5.9/build/conftest.c: In function ‘main’:
/home/code/linuxmce/ubuntu/spl-linux-0.6.5.9/build/conftest.c:55:3: warning: passing argument 3 of ‘wait_on_bit’ makes integer from pointer without a cast [enabled by default]
   wait_on_bit(NULL, 0, action, 0);
   ^
In file included from /home/code/linuxmce/ubuntu/spl-linux-0.6.5.9/build/conftest.c:48:0:
include/linux/wait.h:985:1: note: expected ‘unsigned int’ but argument is of type ‘int (*)(void *)’
 wait_on_bit(unsigned long *word, int bit, unsigned mode)
 ^
/home/code/linuxmce/ubuntu/spl-linux-0.6.5.9/build/conftest.c:55:3: error: too many arguments to function ‘wait_on_bit’
   wait_on_bit(NULL, 0, action, 0);
   ^
In file included from /home/code/linuxmce/ubuntu/spl-linux-0.6.5.9/build/conftest.c:48:0:
include/linux/wait.h:985:1: note: declared here
 wait_on_bit(unsigned long *word, int bit, unsigned mode)
 ^
make[1]: *** [/home/code/linuxmce/ubuntu/spl-linux-0.6.5.9/build/conftest.o] Error 1
make: *** [_module_/home/code/linuxmce/ubuntu/spl-linux-0.6.5.9/build] Error 2
configure:17559: $? = 2
configure: failed program was:
| /* confdefs.h */
| #define PACKAGE_NAME "spl"
| #define PACKAGE_TARNAME "spl"
| #define PACKAGE_VERSION "0.6.5.9"
| #define PACKAGE_STRING "spl 0.6.5.9"
| #define PACKAGE_BUGREPORT ""
| #define PACKAGE_URL ""
| #define SPL_META_NAME "spl"
| #define SPL_META_VERSION "0.6.5.9"
| #define SPL_META_RELEASE "1~trusty"
| #define SPL_META_LICENSE "GPL"
| #define SPL_META_ALIAS "spl-0.6.5.9-1~trusty"
| #define SPL_META_AUTHOR "OpenZFS on Linux"
| #define PACKAGE "spl"
| #define VERSION "0.6.5.9"
| #define STDC_HEADERS 1
| #define HAVE_SYS_TYPES_H 1
| #define HAVE_SYS_STAT_H 1
| #define HAVE_STDLIB_H 1
| #define HAVE_STRING_H 1
| #define HAVE_MEMORY_H 1
| #define HAVE_STRINGS_H 1
| #define HAVE_INTTYPES_H 1
| #define HAVE_STDINT_H 1
| #define HAVE_UNISTD_H 1
| #define HAVE_DLFCN_H 1
| #define LT_OBJDIR ".libs/"
| #define SPL_IS_GPL_COMPATIBLE 1
| #define HAVE_ATOMIC64_T 1
| #define HAVE_SPLIT_SHRINKER_CALLBACK 1
| #define HAVE_PDE_DATA 1
| #define HAVE_SET_FS_PWD_WITH_CONST 1
| #define HAVE_3ARGS_VFS_UNLINK 1
| #define HAVE_6ARGS_VFS_RENAME 1
| #define HAVE_2ARGS_VFS_FSYNC 1
| #define HAVE_FS_STRUCT_SPINLOCK 1
| #define HAVE_KUIDGID_T 1
| #define HAVE_PUT_TASK_STRUCT 1
| #define HAVE_FILE_FALLOCATE 1
| #define HAVE_2ARGS_ZLIB_DEFLATE_WORKSPACESIZE 1
| #define HAVE_SHRINK_CONTROL_STRUCT 1
| #define RWSEM_SPINLOCK_IS_RAW 1
| #define HAVE_SCHED_RT_HEADER 1
| #define HAVE_2ARGS_VFS_GETATTR 1
| #define HAVE_USLEEP_RANGE 1
| 
| 
| 		#include <linux/wait.h>
| 
| int
| main (void)
| {
| 
| 		int (*action)(void *) = NULL;
| 		wait_on_bit(NULL, 0, action, 0);
| 
|   ;
|   return 0;
| }
| 
configure:17577: result: no
configure:17588: checking whether inode_lock_shared() exists
configure:17618: cp conftest.c build && make modules -C /usr/src/linux-headers-4.4.0-72-generic EXTRA_CFLAGS=-Werror-implicit-function-declaration -Werror  M=/home/code/linuxmce/ubuntu/spl-linux-0.6.5.9/build 
/home/code/linuxmce/ubuntu/spl-linux-0.6.5.9/build/conftest.c: In function ‘main’:
/home/code/linuxmce/ubuntu/spl-linux-0.6.5.9/build/conftest.c:55:3: error: implicit declaration of function ‘inode_lock_shared’ [-Werror=implicit-function-declaration]
   inode_lock_shared(inode);
   ^
cc1: all warnings being treated as errors
make[1]: *** [/home/code/linuxmce/ubuntu/spl-linux-0.6.5.9/build/conftest.o] Error 1
make: *** [_module_/home/code/linuxmce/ubuntu/spl-linux-0.6.5.9/build] Error 2
configure:17621: $? = 2
configure: failed program was:
| /* confdefs.h */
| #define PACKAGE_NAME "spl"
| #define PACKAGE_TARNAME "spl"
| #define PACKAGE_VERSION "0.6.5.9"
| #define PACKAGE_STRING "spl 0.6.5.9"
| #define PACKAGE_BUGREPORT ""
| #define PACKAGE_URL ""
| #define SPL_META_NAME "spl"
| #define SPL_META_VERSION "0.6.5.9"
| #define SPL_META_RELEASE "1~trusty"
| #define SPL_META_LICENSE "GPL"
| #define SPL_META_ALIAS "spl-0.6.5.9-1~trusty"
| #define SPL_META_AUTHOR "OpenZFS on Linux"
| #define PACKAGE "spl"
| #define VERSION "0.6.5.9"
| #define STDC_HEADERS 1
| #define HAVE_SYS_TYPES_H 1
| #define HAVE_SYS_STAT_H 1
| #define HAVE_STDLIB_H 1
| #define HAVE_STRING_H 1
| #define HAVE_MEMORY_H 1
| #define HAVE_STRINGS_H 1
| #define HAVE_INTTYPES_H 1
| #define HAVE_STDINT_H 1
| #define HAVE_UNISTD_H 1
| #define HAVE_DLFCN_H 1
| #define LT_OBJDIR ".libs/"
| #define SPL_IS_GPL_COMPATIBLE 1
| #define HAVE_ATOMIC64_T 1
| #define HAVE_SPLIT_SHRINKER_CALLBACK 1
| #define HAVE_PDE_DATA 1
| #define HAVE_SET_FS_PWD_WITH_CONST 1
| #define HAVE_3ARGS_VFS_UNLINK 1
| #define HAVE_6ARGS_VFS_RENAME 1
| #define HAVE_2ARGS_VFS_FSYNC 1
| #define HAVE_FS_STRUCT_SPINLOCK 1
| #define HAVE_KUIDGID_T 1
| #define HAVE_PUT_TASK_STRUCT 1
| #define HAVE_FILE_FALLOCATE 1
| #define HAVE_2ARGS_ZLIB_DEFLATE_WORKSPACESIZE 1
| #define HAVE_SHRINK_CONTROL_STRUCT 1
| #define RWSEM_SPINLOCK_IS_RAW 1
| #define HAVE_SCHED_RT_HEADER 1
| #define HAVE_2ARGS_VFS_GETATTR 1
| #define HAVE_USLEEP_RANGE 1
| 
| 
| 		#include <linux/fs.h>
| 
| int
| main (void)
| {
| 
| 		struct inode *inode = NULL;
| 		inode_lock_shared(inode);
| 
|   ;
|   return 0;
| }
| 
configure:17639: result: no
configure:17651: checking whether mutex has owner
configure:17683: cp conftest.c build && make modules -C /usr/src/linux-headers-4.4.0-72-generic EXTRA_CFLAGS=-Werror-implicit-function-declaration -Werror  M=/home/code/linuxmce/ubuntu/spl-linux-0.6.5.9/build 
configure:17686: $? = 0
configure:17688: test -s build/conftest.o
configure:17691: $? = 0
configure:17694: result: yes
configure:17716: checking whether group_info->gid exists
configure:17746: cp conftest.c build && make modules -C /usr/src/linux-headers-4.4.0-72-generic EXTRA_CFLAGS=-Werror-implicit-function-declaration -Werror  M=/home/code/linuxmce/ubuntu/spl-linux-0.6.5.9/build 
/home/code/linuxmce/ubuntu/spl-linux-0.6.5.9/build/conftest.c: In function ‘main’:
/home/code/linuxmce/ubuntu/spl-linux-0.6.5.9/build/conftest.c:56:5: error: ‘struct group_info’ has no member named ‘gid’
   gi->gid[0] = KGIDT_INIT(0);
     ^
make[1]: *** [/home/code/linuxmce/ubuntu/spl-linux-0.6.5.9/build/conftest.o] Error 1
make: *** [_module_/home/code/linuxmce/ubuntu/spl-linux-0.6.5.9/build] Error 2
configure:17749: $? = 2
configure: failed program was:
| /* confdefs.h */
| #define PACKAGE_NAME "spl"
| #define PACKAGE_TARNAME "spl"
| #define PACKAGE_VERSION "0.6.5.9"
| #define PACKAGE_STRING "spl 0.6.5.9"
| #define PACKAGE_BUGREPORT ""
| #define PACKAGE_URL ""
| #define SPL_META_NAME "spl"
| #define SPL_META_VERSION "0.6.5.9"
| #define SPL_META_RELEASE "1~trusty"
| #define SPL_META_LICENSE "GPL"
| #define SPL_META_ALIAS "spl-0.6.5.9-1~trusty"
| #define SPL_META_AUTHOR "OpenZFS on Linux"
| #define PACKAGE "spl"
| #define VERSION "0.6.5.9"
| #define STDC_HEADERS 1
| #define HAVE_SYS_TYPES_H 1
| #define HAVE_SYS_STAT_H 1
| #define HAVE_STDLIB_H 1
| #define HAVE_STRING_H 1
| #define HAVE_MEMORY_H 1
| #define HAVE_STRINGS_H 1
| #define HAVE_INTTYPES_H 1
| #define HAVE_STDINT_H 1
| #define HAVE_UNISTD_H 1
| #define HAVE_DLFCN_H 1
| #define LT_OBJDIR ".libs/"
| #define SPL_IS_GPL_COMPATIBLE 1
| #define HAVE_ATOMIC64_T 1
| #define HAVE_SPLIT_SHRINKER_CALLBACK 1
| #define HAVE_PDE_DATA 1
| #define HAVE_SET_FS_PWD_WITH_CONST 1
| #define HAVE_3ARGS_VFS_UNLINK 1
| #define HAVE_6ARGS_VFS_RENAME 1
| #define HAVE_2ARGS_VFS_FSYNC 1
| #define HAVE_FS_STRUCT_SPINLOCK 1
| #define HAVE_KUIDGID_T 1
| #define HAVE_PUT_TASK_STRUCT 1
| #define HAVE_FILE_FALLOCATE 1
| #define HAVE_2ARGS_ZLIB_DEFLATE_WORKSPACESIZE 1
| #define HAVE_SHRINK_CONTROL_STRUCT 1
| #define RWSEM_SPINLOCK_IS_RAW 1
| #define HAVE_SCHED_RT_HEADER 1
| #define HAVE_2ARGS_VFS_GETATTR 1
| #define HAVE_USLEEP_RANGE 1
| #define HAVE_MUTEX_OWNER 1
| 
| 
| 		#include <linux/cred.h>
| 
| int
| main (void)
| {
| 
| 		struct group_info *gi = groups_alloc(1);
| 		gi->gid[0] = KGIDT_INIT(0);
| 
|   ;
|   return 0;
| }
| 
configure:17767: result: no
configure:17923: checking that generated files are newer than configure
configure:17929: result: done
configure:17960: creating ./config.status

## ---------------------- ##
## Running config.status. ##
## ---------------------- ##

This file was extended by spl config.status 0.6.5.9, which was
generated by GNU Autoconf 2.69.  Invocation command line was

  CONFIG_FILES    = 
  CONFIG_HEADERS  = 
  CONFIG_LINKS    = 
  CONFIG_COMMANDS = 
  $ ./config.status 

on dcerouter

config.status:1194: creating Makefile
config.status:1194: creating man/Makefile
config.status:1194: creating man/man1/Makefile
config.status:1194: creating man/man5/Makefile
config.status:1194: creating lib/Makefile
config.status:1194: creating cmd/Makefile
config.status:1194: creating module/Makefile
config.status:1194: creating module/spl/Makefile
config.status:1194: creating module/splat/Makefile
config.status:1194: creating include/Makefile
config.status:1194: creating include/fs/Makefile
config.status:1194: creating include/linux/Makefile
config.status:1194: creating include/rpc/Makefile
config.status:1194: creating include/sharefs/Makefile
config.status:1194: creating include/sys/Makefile
config.status:1194: creating include/sys/fm/Makefile
config.status:1194: creating include/sys/fs/Makefile
config.status:1194: creating include/sys/sysevent/Makefile
config.status:1194: creating include/util/Makefile
config.status:1194: creating include/vm/Makefile
config.status:1194: creating scripts/Makefile
config.status:1194: creating rpm/Makefile
config.status:1194: creating rpm/redhat/Makefile
config.status:1194: creating rpm/redhat/spl.spec
config.status:1194: creating rpm/redhat/spl-kmod.spec
config.status:1194: creating rpm/redhat/spl-dkms.spec
config.status:1194: creating rpm/generic/Makefile
config.status:1194: creating rpm/generic/spl.spec
config.status:1194: creating rpm/generic/spl-kmod.spec
config.status:1194: creating rpm/generic/spl-dkms.spec
config.status:1194: creating spl.release
config.status:1194: creating spl_config.h
config.status:1423: executing depfiles commands
config.status:1423: executing libtool commands

## ---------------- ##
## Cache variables. ##
## ---------------- ##

ac_cv_build=x86_64-unknown-linux-gnu
ac_cv_c_compiler_gnu=yes
ac_cv_env_CC_set=
ac_cv_env_CC_value=
ac_cv_env_CFLAGS_set=
ac_cv_env_CFLAGS_value=
ac_cv_env_CPPFLAGS_set=
ac_cv_env_CPPFLAGS_value=
ac_cv_env_CPP_set=
ac_cv_env_CPP_value=
ac_cv_env_LDFLAGS_set=
ac_cv_env_LDFLAGS_value=
ac_cv_env_LIBS_set=
ac_cv_env_LIBS_value=
ac_cv_env_build_alias_set=
ac_cv_env_build_alias_value=
ac_cv_env_host_alias_set=
ac_cv_env_host_alias_value=
ac_cv_env_target_alias_set=
ac_cv_env_target_alias_value=
ac_cv_header_dlfcn_h=yes
ac_cv_header_inttypes_h=yes
ac_cv_header_memory_h=yes
ac_cv_header_stdc=yes
ac_cv_header_stdint_h=yes
ac_cv_header_stdlib_h=yes
ac_cv_header_string_h=yes
ac_cv_header_strings_h=yes
ac_cv_header_sys_stat_h=yes
ac_cv_header_sys_types_h=yes
ac_cv_header_unistd_h=yes
ac_cv_host=x86_64-unknown-linux-gnu
ac_cv_objext=o
ac_cv_path_EGREP='/bin/grep -E'
ac_cv_path_FGREP='/bin/grep -F'
ac_cv_path_GREP=/bin/grep
ac_cv_path_SED=/bin/sed
ac_cv_path_install='/usr/bin/install -c'
ac_cv_path_mkdir=/bin/mkdir
ac_cv_prog_AWK=gawk
ac_cv_prog_CPP='gcc -E'
ac_cv_prog_ac_ct_AR=ar
ac_cv_prog_ac_ct_CC=gcc
ac_cv_prog_ac_ct_MANIFEST_TOOL=mt
ac_cv_prog_ac_ct_OBJDUMP=objdump
ac_cv_prog_ac_ct_RANLIB=ranlib
ac_cv_prog_ac_ct_STRIP=strip
ac_cv_prog_cc_c89=
ac_cv_prog_cc_g=yes
ac_cv_prog_make_make_set=yes
ac_cv_target=x86_64-unknown-linux-gnu
am_cv_CC_dependencies_compiler_type=gcc3
am_cv_make_support_nested_variables=yes
am_cv_prog_cc_c_o=yes
lt_cv_ar_at_file=@
lt_cv_archive_cmds_need_lc=no
lt_cv_deplibs_check_method=pass_all
lt_cv_file_magic_cmd='$MAGIC_CMD'
lt_cv_file_magic_test_file=
lt_cv_ld_reload_flag=-r
lt_cv_nm_interface='BSD nm'
lt_cv_objdir=.libs
lt_cv_path_LD=/usr/bin/ld
lt_cv_path_NM='/usr/bin/nm -B'
lt_cv_path_mainfest_tool=no
lt_cv_prog_compiler_c_o=yes
lt_cv_prog_compiler_pic='-fPIC -DPIC'
lt_cv_prog_compiler_pic_works=yes
lt_cv_prog_compiler_rtti_exceptions=no
lt_cv_prog_compiler_static_works=yes
lt_cv_prog_gnu_ld=yes
lt_cv_sharedlib_from_linklib_cmd='printf %s\n'
lt_cv_shlibpath_overrides_runpath=no
lt_cv_sys_global_symbol_pipe='sed -n -e '\''s/^.*[	 ]\([ABCDGIRSTW][ABCDGIRSTW]*\)[	 ][	 ]*\([_A-Za-z][_A-Za-z0-9]*\)$/\1 \2 \2/p'\'' | sed '\''/ __gnu_lto/d'\'''
lt_cv_sys_global_symbol_to_c_name_address='sed -n -e '\''s/^: \([^ ]*\)[ ]*$/  {\"\1\", (void *) 0},/p'\'' -e '\''s/^[ABCDGIRSTW]* \([^ ]*\) \([^ ]*\)$/  {"\2", (void *) \&\2},/p'\'''
lt_cv_sys_global_symbol_to_c_name_address_lib_prefix='sed -n -e '\''s/^: \([^ ]*\)[ ]*$/  {\"\1\", (void *) 0},/p'\'' -e '\''s/^[ABCDGIRSTW]* \([^ ]*\) \(lib[^ ]*\)$/  {"\2", (void *) \&\2},/p'\'' -e '\''s/^[ABCDGIRSTW]* \([^ ]*\) \([^ ]*\)$/  {"lib\2", (void *) \&\2},/p'\'''
lt_cv_sys_global_symbol_to_cdecl='sed -n -e '\''s/^T .* \(.*\)$/extern int \1();/p'\'' -e '\''s/^[ABCDGIRSTW]* .* \(.*\)$/extern char \1;/p'\'''
lt_cv_sys_max_cmd_len=1572864
lt_cv_to_host_file_cmd=func_convert_file_noop
lt_cv_to_tool_file_cmd=func_convert_file_noop

## ----------------- ##
## Output variables. ##
## ----------------- ##

ACLOCAL='${SHELL} /home/code/linuxmce/ubuntu/spl-linux-0.6.5.9/config/missing aclocal-1.14'
ALIEN='alien'
ALIEN_VERSION='8.90'
AMDEPBACKSLASH='\'
AMDEP_FALSE='#'
AMDEP_TRUE=''
AMTAR='$${TAR-tar}'
AM_BACKSLASH='\'
AM_DEFAULT_V='$(AM_DEFAULT_VERBOSITY)'
AM_DEFAULT_VERBOSITY='0'
AM_V='$(V)'
AR='ar'
AUTOCONF='${SHELL} /home/code/linuxmce/ubuntu/spl-linux-0.6.5.9/config/missing autoconf'
AUTOHEADER='${SHELL} /home/code/linuxmce/ubuntu/spl-linux-0.6.5.9/config/missing autoheader'
AUTOMAKE='${SHELL} /home/code/linuxmce/ubuntu/spl-linux-0.6.5.9/config/missing automake-1.14'
AWK='gawk'
CC='gcc'
CCDEPMODE='depmode=gcc3'
CFLAGS='-g -O2'
CONFIG_KERNEL_FALSE='#'
CONFIG_KERNEL_TRUE=''
CONFIG_USER_FALSE='#'
CONFIG_USER_TRUE=''
CPP='gcc -E'
CPPFLAGS=''
CYGPATH_W='echo'
DEBUG_CFLAGS='-DNDEBUG'
DEBUG_KMEM='_without_debug_kmem'
DEBUG_KMEM_TRACKING='_without_debug_kmem_tracking'
DEBUG_SPL='_without_debug'
DEFAULT_PACKAGE='deb'
DEFS='-DHAVE_CONFIG_H'
DEPDIR='.deps'
DLLTOOL='false'
DPKG='dpkg'
DPKGBUILD='dpkg-buildpackage'
DPKGBUILD_VERSION='1.17.5.'
DPKG_VERSION='1.17.5'
DSYMUTIL=''
DUMPBIN=''
ECHO_C=''
ECHO_N='-n'
ECHO_T=''
EGREP='/bin/grep -E'
EXEEXT=''
FGREP='/bin/grep -F'
GREP='/bin/grep'
HAVE_ALIEN='yes'
HAVE_DPKG='yes'
HAVE_DPKGBUILD='yes'
HAVE_RPM='yes'
HAVE_RPMBUILD='yes'
INSTALL_DATA='${INSTALL} -m 644'
INSTALL_PROGRAM='${INSTALL}'
INSTALL_SCRIPT='${INSTALL}'
INSTALL_STRIP_PROGRAM='$(install_sh) -c -s'
KERNELCPPFLAGS=' -Wstrict-prototypes -DNDEBUG'
KERNELMAKE_PARAMS=''
LD='/usr/bin/ld -m elf_x86_64'
LDFLAGS=''
LIBOBJS=''
LIBS=''
LIBTOOL='$(SHELL) $(top_builddir)/libtool'
LINUX='/usr/src/linux-headers-4.4.0-72-generic'
LINUX_OBJ='/usr/src/linux-headers-4.4.0-72-generic'
LINUX_SYMBOLS='Module.symvers'
LINUX_VERSION='4.4.0-72-generic'
LIPO=''
LN_S='ln -s'
LTLIBOBJS=''
MAINT='#'
MAINTAINER_MODE_FALSE=''
MAINTAINER_MODE_TRUE='#'
MAKEINFO='${SHELL} /home/code/linuxmce/ubuntu/spl-linux-0.6.5.9/config/missing makeinfo'
MANIFEST_TOOL=':'
MKDIR_P='/bin/mkdir -p'
NM='/usr/bin/nm -B'
NMEDIT=''
OBJDUMP='objdump'
OBJEXT='o'
OTOOL64=''
OTOOL=''
PACKAGE='spl'
PACKAGE_BUGREPORT=''
PACKAGE_NAME='spl'
PACKAGE_STRING='spl 0.6.5.9'
PACKAGE_TARNAME='spl'
PACKAGE_URL=''
PACKAGE_VERSION='0.6.5.9'
PATH_SEPARATOR=':'
RANLIB='ranlib'
RELEASE='1~trusty'
RPM='rpm'
RPMBUILD='rpmbuild'
RPMBUILD_VERSION='4.11.1'
RPM_DEFINE_COMMON='--define "$(DEBUG_SPL) 1" --define "$(DEBUG_KMEM) 1" --define "$(DEBUG_KMEM_TRACKING) 1"'
RPM_DEFINE_DKMS=''
RPM_DEFINE_KMOD='--define "kernels $(LINUX_VERSION)"'
RPM_DEFINE_UTIL=''
RPM_SPEC_DIR='rpm/generic'
RPM_VERSION='4.11.1'
SED='/bin/sed'
SET_MAKE=''
SHELL='/bin/bash'
SPL_CONFIG='all'
SPL_META_ALIAS='spl-0.6.5.9-1~trusty'
SPL_META_AUTHOR='OpenZFS on Linux'
SPL_META_DATA=''
SPL_META_LICENSE='GPL'
SPL_META_LT_AGE=''
SPL_META_LT_CURRENT=''
SPL_META_LT_REVISION=''
SPL_META_NAME='spl'
SPL_META_RELEASE='1~trusty'
SPL_META_VERSION='0.6.5.9'
SRPM_DEFINE_COMMON='--define "build_src_rpm 1"'
SRPM_DEFINE_DKMS=''
SRPM_DEFINE_KMOD=''
SRPM_DEFINE_UTIL=''
STRIP='strip'
VENDOR='ubuntu'
VERSION='0.6.5.9'
ac_ct_AR='ar'
ac_ct_CC='gcc'
ac_ct_DUMPBIN=''
am__EXEEXT_FALSE=''
am__EXEEXT_TRUE='#'
am__fastdepCC_FALSE='#'
am__fastdepCC_TRUE=''
am__include='include'
am__isrc=''
am__leading_dot='.'
am__nodep='_no'
am__quote=''
am__tar='$${TAR-tar} chof - "$$tardir"'
am__untar='$${TAR-tar} xf -'
bindir='${exec_prefix}/bin'
build='x86_64-unknown-linux-gnu'
build_alias=''
build_cpu='x86_64'
build_os='linux-gnu'
build_vendor='unknown'
datadir='${datarootdir}'
datarootdir='${prefix}/share'
docdir='${datarootdir}/doc/${PACKAGE_TARNAME}'
dvidir='${docdir}'
exec_prefix='${prefix}'
host='x86_64-unknown-linux-gnu'
host_alias=''
host_cpu='x86_64'
host_os='linux-gnu'
host_vendor='unknown'
htmldir='${docdir}'
includedir='${prefix}/include'
infodir='${datarootdir}/info'
install_sh='${SHELL} /home/code/linuxmce/ubuntu/spl-linux-0.6.5.9/config/install-sh'
libdir='${exec_prefix}/lib'
libexecdir='${exec_prefix}/libexec'
localedir='${datarootdir}/locale'
localstatedir='${prefix}/var'
mandir='${datarootdir}/man'
mkdir_p='$(MKDIR_P)'
oldincludedir='/usr/include'
pdfdir='${docdir}'
prefix='/usr/local'
program_transform_name='s,x,x,'
psdir='${docdir}'
sbindir='${exec_prefix}/sbin'
sharedstatedir='${prefix}/com'
sysconfdir='${prefix}/etc'
target='x86_64-unknown-linux-gnu'
target_alias=''
target_cpu='x86_64'
target_os='linux-gnu'
target_vendor='unknown'

## ----------- ##
## confdefs.h. ##
## ----------- ##

/* confdefs.h */
#define PACKAGE_NAME "spl"
#define PACKAGE_TARNAME "spl"
#define PACKAGE_VERSION "0.6.5.9"
#define PACKAGE_STRING "spl 0.6.5.9"
#define PACKAGE_BUGREPORT ""
#define PACKAGE_URL ""
#define SPL_META_NAME "spl"
#define SPL_META_VERSION "0.6.5.9"
#define SPL_META_RELEASE "1~trusty"
#define SPL_META_LICENSE "GPL"
#define SPL_META_ALIAS "spl-0.6.5.9-1~trusty"
#define SPL_META_AUTHOR "OpenZFS on Linux"
#define PACKAGE "spl"
#define VERSION "0.6.5.9"
#define STDC_HEADERS 1
#define HAVE_SYS_TYPES_H 1
#define HAVE_SYS_STAT_H 1
#define HAVE_STDLIB_H 1
#define HAVE_STRING_H 1
#define HAVE_MEMORY_H 1
#define HAVE_STRINGS_H 1
#define HAVE_INTTYPES_H 1
#define HAVE_STDINT_H 1
#define HAVE_UNISTD_H 1
#define HAVE_DLFCN_H 1
#define LT_OBJDIR ".libs/"
#define SPL_IS_GPL_COMPATIBLE 1
#define HAVE_ATOMIC64_T 1
#define HAVE_SPLIT_SHRINKER_CALLBACK 1
#define HAVE_PDE_DATA 1
#define HAVE_SET_FS_PWD_WITH_CONST 1
#define HAVE_3ARGS_VFS_UNLINK 1
#define HAVE_6ARGS_VFS_RENAME 1
#define HAVE_2ARGS_VFS_FSYNC 1
#define HAVE_FS_STRUCT_SPINLOCK 1
#define HAVE_KUIDGID_T 1
#define HAVE_PUT_TASK_STRUCT 1
#define HAVE_FILE_FALLOCATE 1
#define HAVE_2ARGS_ZLIB_DEFLATE_WORKSPACESIZE 1
#define HAVE_SHRINK_CONTROL_STRUCT 1
#define RWSEM_SPINLOCK_IS_RAW 1
#define HAVE_SCHED_RT_HEADER 1
#define HAVE_2ARGS_VFS_GETATTR 1
#define HAVE_USLEEP_RANGE 1
#define HAVE_MUTEX_OWNER 1

configure: exit 0
