This file contains any messages produced by compilers while
running configure, to aid debugging if configure makes a mistake.

It was created by configure, which was
generated by GNU Autoconf 2.60.  Invocation command line was

  $ ./configure --enable-maintainer-mode

## --------- ##
## Platform. ##
## --------- ##

hostname = pavilion
uname -m = i686
uname -r = 2.6.17-10-386
uname -s = Linux
uname -v = #2 Tue Dec 5 22:26:18 UTC 2006

/usr/bin/uname -p = unknown
/bin/uname -X     = unknown

/bin/arch              = i686
/usr/bin/arch -k       = unknown
/usr/convex/getsysinfo = unknown
/usr/bin/hostinfo      = unknown
/bin/machine           = unknown
/usr/bin/oslevel       = unknown
/bin/universe          = unknown

PATH: /usr/local/sbin
PATH: /usr/local/bin
PATH: /usr/sbin
PATH: /usr/bin
PATH: /sbin
PATH: /bin
PATH: /usr/bin/X11
PATH: /usr/games


## ----------- ##
## Core tests. ##
## ----------- ##

configure:1773: checking for a BSD-compatible install
configure:1829: result: /usr/bin/install -c
configure:1840: checking whether build environment is sane
configure:1883: result: yes
configure:1907: WARNING: `missing' script is too old or missing
configure:1948: checking for gawk
configure:1978: result: no
configure:1948: checking for mawk
configure:1964: found /usr/bin/mawk
configure:1975: result: mawk
configure:1986: checking whether make sets $(MAKE)
configure:2007: result: yes
configure:2193: checking whether to enable maintainer-specific portions of Makefiles
configure:2202: result: yes
configure:2230: checking for style of include used by make
configure:2258: result: GNU
configure:2331: checking for gcc
configure:2347: found /usr/bin/gcc
configure:2358: result: gcc
configure:2596: checking for C compiler version
configure:2603: gcc --version >&5
gcc (GCC) 4.1.2 20060928 (prerelease) (Ubuntu 4.1.1-13ubuntu5)
Copyright (C) 2006 Free Software Foundation, Inc.
This is free software; see the source for copying conditions.  There is NO
warranty; not even for MERCHANTABILITY or FITNESS FOR A PARTICULAR PURPOSE.

configure:2606: $? = 0
configure:2613: gcc -v >&5
Using built-in specs.
Target: i486-linux-gnu
Configured with: ../src/configure -v --enable-languages=c,c++,fortran,objc,obj-c++,treelang --prefix=/usr --enable-shared --with-system-zlib --libexecdir=/usr/lib --without-included-gettext --enable-threads=posix --enable-nls --program-suffix=-4.1 --enable-__cxa_atexit --enable-clocale=gnu --enable-libstdcxx-debug --enable-mpfr --enable-checking=release i486-linux-gnu
Thread model: posix
gcc version 4.1.2 20060928 (prerelease) (Ubuntu 4.1.1-13ubuntu5)
configure:2616: $? = 0
configure:2623: gcc -V >&5
gcc: '-V' option must have argument
configure:2626: $? = 1
configure:2649: checking for C compiler default output file name
configure:2676: gcc    conftest.c  >&5
configure:2679: $? = 0
configure:2725: result: a.out
configure:2730: checking whether the C compiler works
configure:2740: ./a.out
configure:2743: $? = 0
configure:2760: result: yes
configure:2767: checking whether we are cross compiling
configure:2769: result: no
configure:2772: checking for suffix of executables
configure:2779: gcc -o conftest    conftest.c  >&5
configure:2782: $? = 0
configure:2806: result: 
configure:2812: checking for suffix of object files
configure:2838: gcc -c   conftest.c >&5
configure:2841: $? = 0
configure:2864: result: o
configure:2868: checking whether we are using the GNU C compiler
configure:2897: gcc -c   conftest.c >&5
configure:2903: $? = 0
configure:2910: test -z "$ac_c_werror_flag" || test ! -s conftest.err
configure:2913: $? = 0
configure:2920: test -s conftest.o
configure:2923: $? = 0
configure:2937: result: yes
configure:2942: checking whether gcc accepts -g
configure:2972: gcc -c -g  conftest.c >&5
configure:2978: $? = 0
configure:2985: test -z "$ac_c_werror_flag" || test ! -s conftest.err
configure:2988: $? = 0
configure:2995: test -s conftest.o
configure:2998: $? = 0
configure:3128: result: yes
configure:3145: checking for gcc option to accept ISO C89
configure:3219: gcc  -c -g -O2  conftest.c >&5
configure:3225: $? = 0
configure:3232: test -z "$ac_c_werror_flag" || test ! -s conftest.err
configure:3235: $? = 0
configure:3242: test -s conftest.o
configure:3245: $? = 0
configure:3265: result: none needed
configure:3285: checking dependency style of gcc
configure:3375: result: gcc3
configure:3393: checking for library containing strerror
configure:3434: gcc -o conftest -g -O2   conftest.c  >&5
configure:3440: $? = 0
configure:3447: test -z "$ac_c_werror_flag" || test ! -s conftest.err
configure:3450: $? = 0
configure:3457: test -s conftest
configure:3460: $? = 0
configure:3484: result: none required
configure:3540: checking for gcc
configure:3567: result: gcc
configure:3805: checking for C compiler version
configure:3812: gcc --version >&5
gcc (GCC) 4.1.2 20060928 (prerelease) (Ubuntu 4.1.1-13ubuntu5)
Copyright (C) 2006 Free Software Foundation, Inc.
This is free software; see the source for copying conditions.  There is NO
warranty; not even for MERCHANTABILITY or FITNESS FOR A PARTICULAR PURPOSE.

configure:3815: $? = 0
configure:3822: gcc -v >&5
Using built-in specs.
Target: i486-linux-gnu
Configured with: ../src/configure -v --enable-languages=c,c++,fortran,objc,obj-c++,treelang --prefix=/usr --enable-shared --with-system-zlib --libexecdir=/usr/lib --without-included-gettext --enable-threads=posix --enable-nls --program-suffix=-4.1 --enable-__cxa_atexit --enable-clocale=gnu --enable-libstdcxx-debug --enable-mpfr --enable-checking=release i486-linux-gnu
Thread model: posix
gcc version 4.1.2 20060928 (prerelease) (Ubuntu 4.1.1-13ubuntu5)
configure:3825: $? = 0
configure:3832: gcc -V >&5
gcc: '-V' option must have argument
configure:3835: $? = 1
configure:3838: checking whether we are using the GNU C compiler
configure:3907: result: yes
configure:3912: checking whether gcc accepts -g
configure:4098: result: yes
configure:4115: checking for gcc option to accept ISO C89
configure:4235: result: none needed
configure:4255: checking dependency style of gcc
configure:4345: result: gcc3
configure:4410: checking for gcc
configure:4437: result: gcc
configure:4675: checking for C compiler version
configure:4682: gcc --version >&5
gcc (GCC) 4.1.2 20060928 (prerelease) (Ubuntu 4.1.1-13ubuntu5)
Copyright (C) 2006 Free Software Foundation, Inc.
This is free software; see the source for copying conditions.  There is NO
warranty; not even for MERCHANTABILITY or FITNESS FOR A PARTICULAR PURPOSE.

configure:4685: $? = 0
configure:4692: gcc -v >&5
Using built-in specs.
Target: i486-linux-gnu
Configured with: ../src/configure -v --enable-languages=c,c++,fortran,objc,obj-c++,treelang --prefix=/usr --enable-shared --with-system-zlib --libexecdir=/usr/lib --without-included-gettext --enable-threads=posix --enable-nls --program-suffix=-4.1 --enable-__cxa_atexit --enable-clocale=gnu --enable-libstdcxx-debug --enable-mpfr --enable-checking=release i486-linux-gnu
Thread model: posix
gcc version 4.1.2 20060928 (prerelease) (Ubuntu 4.1.1-13ubuntu5)
configure:4695: $? = 0
configure:4702: gcc -V >&5
gcc: '-V' option must have argument
configure:4705: $? = 1
configure:4708: checking whether we are using the GNU C compiler
configure:4777: result: yes
configure:4782: checking whether gcc accepts -g
configure:4968: result: yes
configure:4985: checking for gcc option to accept ISO C89
configure:5105: result: none needed
configure:5125: checking dependency style of gcc
configure:5215: result: gcc3
configure:5240: checking how to run the C preprocessor
configure:5280: gcc -E  conftest.c
configure:5286: $? = 0
configure:5324: gcc -E  conftest.c
conftest.c:10:28: error: ac_nonexistent.h: No such file or directory
configure:5330: $? = 1
configure: failed program was:
| /* confdefs.h.  */
| #define PACKAGE_NAME ""
| #define PACKAGE_TARNAME ""
| #define PACKAGE_VERSION ""
| #define PACKAGE_STRING ""
| #define PACKAGE_BUGREPORT ""
| #define PACKAGE "mce-installer"
| #define VERSION "0.1"
| /* end confdefs.h.  */
| #include <ac_nonexistent.h>
configure:5370: result: gcc -E
configure:5399: gcc -E  conftest.c
configure:5405: $? = 0
configure:5443: gcc -E  conftest.c
conftest.c:10:28: error: ac_nonexistent.h: No such file or directory
configure:5449: $? = 1
configure: failed program was:
| /* confdefs.h.  */
| #define PACKAGE_NAME ""
| #define PACKAGE_TARNAME ""
| #define PACKAGE_VERSION ""
| #define PACKAGE_STRING ""
| #define PACKAGE_BUGREPORT ""
| #define PACKAGE "mce-installer"
| #define VERSION "0.1"
| /* end confdefs.h.  */
| #include <ac_nonexistent.h>
configure:5494: checking for grep that handles long lines and -e
configure:5568: result: /bin/grep
configure:5573: checking for egrep
configure:5651: result: /bin/grep -E
configure:5656: checking for ANSI C header files
configure:5686: gcc -c -g -O2  conftest.c >&5
configure:5692: $? = 0
configure:5699: test -z "$ac_c_werror_flag" || test ! -s conftest.err
configure:5702: $? = 0
configure:5709: test -s conftest.o
configure:5712: $? = 0
configure:5808: gcc -o conftest -g -O2   conftest.c  >&5
configure:5811: $? = 0
configure:5817: ./conftest
configure:5820: $? = 0
configure:5837: result: yes
configure:5874: checking for sys/types.h
configure:5895: gcc -c -g -O2  conftest.c >&5
configure:5901: $? = 0
configure:5908: test -z "$ac_c_werror_flag" || test ! -s conftest.err
configure:5911: $? = 0
configure:5918: test -s conftest.o
configure:5921: $? = 0
configure:5934: result: yes
configure:5874: checking for sys/stat.h
configure:5895: gcc -c -g -O2  conftest.c >&5
configure:5901: $? = 0
configure:5908: test -z "$ac_c_werror_flag" || test ! -s conftest.err
configure:5911: $? = 0
configure:5918: test -s conftest.o
configure:5921: $? = 0
configure:5934: result: yes
configure:5874: checking for stdlib.h
configure:5895: gcc -c -g -O2  conftest.c >&5
configure:5901: $? = 0
configure:5908: test -z "$ac_c_werror_flag" || test ! -s conftest.err
configure:5911: $? = 0
configure:5918: test -s conftest.o
configure:5921: $? = 0
configure:5934: result: yes
configure:5874: checking for string.h
configure:5895: gcc -c -g -O2  conftest.c >&5
configure:5901: $? = 0
configure:5908: test -z "$ac_c_werror_flag" || test ! -s conftest.err
configure:5911: $? = 0
configure:5918: test -s conftest.o
configure:5921: $? = 0
configure:5934: result: yes
configure:5874: checking for memory.h
configure:5895: gcc -c -g -O2  conftest.c >&5
configure:5901: $? = 0
configure:5908: test -z "$ac_c_werror_flag" || test ! -s conftest.err
configure:5911: $? = 0
configure:5918: test -s conftest.o
configure:5921: $? = 0
configure:5934: result: yes
configure:5874: checking for strings.h
configure:5895: gcc -c -g -O2  conftest.c >&5
configure:5901: $? = 0
configure:5908: test -z "$ac_c_werror_flag" || test ! -s conftest.err
configure:5911: $? = 0
configure:5918: test -s conftest.o
configure:5921: $? = 0
configure:5934: result: yes
configure:5874: checking for inttypes.h
configure:5895: gcc -c -g -O2  conftest.c >&5
configure:5901: $? = 0
configure:5908: test -z "$ac_c_werror_flag" || test ! -s conftest.err
configure:5911: $? = 0
configure:5918: test -s conftest.o
configure:5921: $? = 0
configure:5934: result: yes
configure:5874: checking for stdint.h
configure:5895: gcc -c -g -O2  conftest.c >&5
configure:5901: $? = 0
configure:5908: test -z "$ac_c_werror_flag" || test ! -s conftest.err
configure:5911: $? = 0
configure:5918: test -s conftest.o
configure:5921: $? = 0
configure:5934: result: yes
configure:5874: checking for unistd.h
configure:5895: gcc -c -g -O2  conftest.c >&5
configure:5901: $? = 0
configure:5908: test -z "$ac_c_werror_flag" || test ! -s conftest.err
configure:5911: $? = 0
configure:5918: test -s conftest.o
configure:5921: $? = 0
configure:5934: result: yes
configure:5962: checking locale.h usability
configure:5979: gcc -c -g -O2  conftest.c >&5
configure:5985: $? = 0
configure:5992: test -z "$ac_c_werror_flag" || test ! -s conftest.err
configure:5995: $? = 0
configure:6002: test -s conftest.o
configure:6005: $? = 0
configure:6016: result: yes
configure:6020: checking locale.h presence
configure:6035: gcc -E  conftest.c
configure:6041: $? = 0
configure:6062: result: yes
configure:6090: checking for locale.h
configure:6098: result: yes
configure:6112: checking for LC_MESSAGES
configure:6138: gcc -o conftest -g -O2   conftest.c  >&5
configure:6144: $? = 0
configure:6151: test -z "$ac_c_werror_flag" || test ! -s conftest.err
configure:6154: $? = 0
configure:6161: test -s conftest
configure:6164: $? = 0
configure:6177: result: yes
configure:6206: checking libintl.h usability
configure:6223: gcc -c -g -O2  conftest.c >&5
configure:6229: $? = 0
configure:6236: test -z "$ac_c_werror_flag" || test ! -s conftest.err
configure:6239: $? = 0
configure:6246: test -s conftest.o
configure:6249: $? = 0
configure:6260: result: yes
configure:6264: checking libintl.h presence
configure:6279: gcc -E  conftest.c
configure:6285: $? = 0
configure:6306: result: yes
configure:6334: checking for libintl.h
configure:6341: result: yes
configure:6352: checking for ngettext in libc
configure:6380: gcc -o conftest -g -O2   conftest.c  >&5
configure:6386: $? = 0
configure:6393: test -z "$ac_c_werror_flag" || test ! -s conftest.err
configure:6396: $? = 0
configure:6403: test -s conftest
configure:6406: $? = 0
configure:6420: result: yes
configure:6424: checking for dgettext in libc
configure:6452: gcc -o conftest -g -O2   conftest.c  >&5
configure:6458: $? = 0
configure:6465: test -z "$ac_c_werror_flag" || test ! -s conftest.err
configure:6468: $? = 0
configure:6475: test -s conftest
configure:6478: $? = 0
configure:6492: result: yes
configure:6501: checking for bind_textdomain_codeset
configure:6557: gcc -o conftest -g -O2   conftest.c  >&5
configure:6563: $? = 0
configure:6570: test -z "$ac_c_werror_flag" || test ! -s conftest.err
configure:6573: $? = 0
configure:6580: test -s conftest
configure:6583: $? = 0
configure:6597: result: yes
configure:7180: checking for msgfmt
configure:7207: result: /usr/bin/msgfmt
configure:7220: checking for dcgettext
configure:7276: gcc -o conftest -g -O2   conftest.c   >&5
conftest.c:48: warning: conflicting types for built-in function 'dcgettext'
configure:7282: $? = 0
configure:7289: test -z "$ac_c_werror_flag" || test ! -s conftest.err
configure:7292: $? = 0
configure:7299: test -s conftest
configure:7302: $? = 0
configure:7316: result: yes
configure:7328: checking for gmsgfmt
configure:7359: result: /usr/bin/msgfmt
configure:7369: checking for xgettext
configure:7396: result: /usr/bin/xgettext
configure:7425: gcc -o conftest -g -O2   conftest.c   >&5
configure:7431: $? = 0
configure:7438: test -z "$ac_c_werror_flag" || test ! -s conftest.err
configure:7441: $? = 0
configure:7448: test -s conftest
configure:7451: $? = 0
configure:7743: checking for pkg-config
configure:7761: found /usr/bin/pkg-config
configure:7773: result: /usr/bin/pkg-config
configure:7802: checking pkg-config is at least version 0.9.0
configure:7805: result: yes
configure:7816: checking for PACKAGE
configure:7824: $PKG_CONFIG --exists --print-errors "gtk+-2.0 libglade-2.0 liboobs-1 vte gthread-2.0"
configure:7827: $? = 0
configure:7842: $PKG_CONFIG --exists --print-errors "gtk+-2.0 libglade-2.0 liboobs-1 vte gthread-2.0"
configure:7845: $? = 0
configure:7921: result: yes
configure:8068: creating ./config.status

## ---------------------- ##
## Running config.status. ##
## ---------------------- ##

This file was extended by config.status, which was
generated by GNU Autoconf 2.60.  Invocation command line was

  CONFIG_FILES    = 
  CONFIG_HEADERS  = 
  CONFIG_LINKS    = 
  CONFIG_COMMANDS = 
  $ ./config.status 

on pavilion

config.status:649: creating Makefile
config.status:649: creating src/Makefile
config.status:649: creating po/Makefile.in
config.status:784: WARNING:  po/Makefile.in.in seems to ignore the --datarootdir setting
config.status:649: creating config.h
config.status:876: config.h is unchanged
config.status:922: executing depfiles commands
config.status:922: executing default-1 commands

## ---------------- ##
## Cache variables. ##
## ---------------- ##

ac_cv_c_compiler_gnu=yes
ac_cv_env_CC_set=
ac_cv_env_CC_value=
ac_cv_env_CFLAGS_set=
ac_cv_env_CFLAGS_value=
ac_cv_env_CPPFLAGS_set=
ac_cv_env_CPPFLAGS_value=
ac_cv_env_CPP_set=
ac_cv_env_CPP_value=
ac_cv_env_LDFLAGS_set=
ac_cv_env_LDFLAGS_value=
ac_cv_env_PACKAGE_CFLAGS_set=
ac_cv_env_PACKAGE_CFLAGS_value=
ac_cv_env_PACKAGE_LIBS_set=
ac_cv_env_PACKAGE_LIBS_value=
ac_cv_env_PKG_CONFIG_set=
ac_cv_env_PKG_CONFIG_value=
ac_cv_env_build_alias_set=
ac_cv_env_build_alias_value=
ac_cv_env_host_alias_set=
ac_cv_env_host_alias_value=
ac_cv_env_target_alias_set=
ac_cv_env_target_alias_value=
ac_cv_func_bind_textdomain_codeset=yes
ac_cv_func_dcgettext=yes
ac_cv_header_inttypes_h=yes
ac_cv_header_libintl_h=yes
ac_cv_header_locale_h=yes
ac_cv_header_memory_h=yes
ac_cv_header_stdc=yes
ac_cv_header_stdint_h=yes
ac_cv_header_stdlib_h=yes
ac_cv_header_string_h=yes
ac_cv_header_strings_h=yes
ac_cv_header_sys_stat_h=yes
ac_cv_header_sys_types_h=yes
ac_cv_header_unistd_h=yes
ac_cv_objext=o
ac_cv_path_EGREP='/bin/grep -E'
ac_cv_path_GMSGFMT=/usr/bin/msgfmt
ac_cv_path_GREP=/bin/grep
ac_cv_path_MSGFMT=/usr/bin/msgfmt
ac_cv_path_XGETTEXT=/usr/bin/xgettext
ac_cv_path_ac_pt_PKG_CONFIG=/usr/bin/pkg-config
ac_cv_path_install='/usr/bin/install -c'
ac_cv_prog_AWK=mawk
ac_cv_prog_CPP='gcc -E'
ac_cv_prog_ac_ct_CC=gcc
ac_cv_prog_cc_c89=
ac_cv_prog_cc_g=yes
ac_cv_prog_make_make_set=yes
ac_cv_search_strerror='none required'
am_cv_CC_dependencies_compiler_type=gcc3
am_cv_prog_cc_stdc=
am_cv_val_LC_MESSAGES=yes
gt_cv_func_dgettext_libc=yes
gt_cv_func_dgettext_libintl=no
gt_cv_func_ngettext_libc=yes
gt_cv_have_gettext=yes
pkg_cv_PACKAGE_CFLAGS='-pthread -I/usr/include/gtk-2.0 -I/usr/lib/gtk-2.0/include -I/usr/include/atk-1.0 -I/usr/include/cairo -I/usr/include/pango-1.0 -I/usr/include/glib-2.0 -I/usr/lib/glib-2.0/include -I/usr/include/libglade-2.0 -I/usr/include/libxml2 -I/usr/include/liboobs-1.0 -I/usr/include/freetype2  '
pkg_cv_PACKAGE_LIBS='-pthread -lglade-2.0 -lxml2 -loobs-1 -lvte -lncurses -lXft -lgtk-x11-2.0 -lpangoxft-1.0 -lpangox-1.0 -lgdk-x11-2.0 -latk-1.0 -lgdk_pixbuf-2.0 -lm -lpangocairo-1.0 -lfontconfig -lXext -lXrender -lXinerama -lXi -lXrandr -lXcursor -lXfixes -lcairo -lX11 -lpangoft2-1.0 -lpango-1.0 -lgobject-2.0 -lgmodule-2.0 -ldl -lgthread-2.0 -lglib-2.0  '

## ----------------- ##
## Output variables. ##
## ----------------- ##

ACLOCAL='aclocal-1.9'
AMDEPBACKSLASH='\'
AMDEP_FALSE='#'
AMDEP_TRUE=''
AMTAR='tar'
AUTOCONF='autoconf'
AUTOHEADER='autoheader'
AUTOMAKE='automake-1.9'
AWK='mawk'
CATALOGS=''
CATOBJEXT='.gmo'
CC='gcc'
CCDEPMODE='depmode=gcc3'
CFLAGS='-g -O2'
CPP='gcc -E'
CPPFLAGS=''
CYGPATH_W='echo'
DATADIRNAME='share'
DEFS='-DHAVE_CONFIG_H'
DEPDIR='.deps'
ECHO_C=''
ECHO_N='-n'
ECHO_T=''
EGREP='/bin/grep -E'
EXEEXT=''
GETTEXT_PACKAGE='mce-installer'
GMOFILES=''
GMSGFMT='/usr/bin/msgfmt'
GREP='/bin/grep'
INSTALL_DATA='${INSTALL} -m 644'
INSTALL_PROGRAM='${INSTALL}'
INSTALL_SCRIPT='${INSTALL}'
INSTALL_STRIP_PROGRAM='${SHELL} $(install_sh) -c -s'
INSTOBJEXT='.mo'
INTLLIBS=''
LDFLAGS=''
LIBOBJS=''
LIBS=''
LTLIBOBJS=''
MAINT=''
MAINTAINER_MODE_FALSE='#'
MAINTAINER_MODE_TRUE=''
MAKEINFO='makeinfo'
MKINSTALLDIRS='./mkinstalldirs'
MSGFMT='/usr/bin/msgfmt'
OBJEXT='o'
PACKAGE='mce-installer'
PACKAGE_BUGREPORT=''
PACKAGE_CFLAGS='-pthread -I/usr/include/gtk-2.0 -I/usr/lib/gtk-2.0/include -I/usr/include/atk-1.0 -I/usr/include/cairo -I/usr/include/pango-1.0 -I/usr/include/glib-2.0 -I/usr/lib/glib-2.0/include -I/usr/include/libglade-2.0 -I/usr/include/libxml2 -I/usr/include/liboobs-1.0 -I/usr/include/freetype2  '
PACKAGE_LIBS='-pthread -lglade-2.0 -lxml2 -loobs-1 -lvte -lncurses -lXft -lgtk-x11-2.0 -lpangoxft-1.0 -lpangox-1.0 -lgdk-x11-2.0 -latk-1.0 -lgdk_pixbuf-2.0 -lm -lpangocairo-1.0 -lfontconfig -lXext -lXrender -lXinerama -lXi -lXrandr -lXcursor -lXfixes -lcairo -lX11 -lpangoft2-1.0 -lpango-1.0 -lgobject-2.0 -lgmodule-2.0 -ldl -lgthread-2.0 -lglib-2.0  '
PACKAGE_NAME=''
PACKAGE_STRING=''
PACKAGE_TARNAME=''
PACKAGE_VERSION=''
PATH_SEPARATOR=':'
PKG_CONFIG='/usr/bin/pkg-config'
POFILES=''
POSUB='po'
PO_IN_DATADIR_FALSE=''
PO_IN_DATADIR_TRUE=''
SET_MAKE=''
SHELL='/bin/bash'
STRIP=''
USE_NLS='yes'
VERSION='0.1'
XGETTEXT='/usr/bin/xgettext'
ac_ct_CC='gcc'
am__fastdepCC_FALSE='#'
am__fastdepCC_TRUE=''
am__include='include'
am__leading_dot='.'
am__quote=''
am__tar='${AMTAR} chof - "$$tardir"'
am__untar='${AMTAR} xf -'
bindir='${exec_prefix}/bin'
build_alias=''
datadir='${datarootdir}'
datarootdir='${prefix}/share'
docdir='${datarootdir}/doc/${PACKAGE}'
dvidir='${docdir}'
exec_prefix='${prefix}'
host_alias=''
htmldir='${docdir}'
includedir='${prefix}/include'
infodir='${datarootdir}/info'
install_sh='/home/rgavril/Work/PlutoSVN/mce-installer/install-sh'
libdir='${exec_prefix}/lib'
libexecdir='${exec_prefix}/libexec'
localedir='${datarootdir}/locale'
localstatedir='${prefix}/var'
mandir='${datarootdir}/man'
mkdir_p='mkdir -p --'
oldincludedir='/usr/include'
pdfdir='${docdir}'
prefix='/usr/local'
program_transform_name='s,x,x,'
psdir='${docdir}'
sbindir='${exec_prefix}/sbin'
sharedstatedir='${prefix}/com'
sysconfdir='${prefix}/etc'
target_alias=''

## ----------- ##
## confdefs.h. ##
## ----------- ##

#define PACKAGE_NAME ""
#define PACKAGE_TARNAME ""
#define PACKAGE_VERSION ""
#define PACKAGE_STRING ""
#define PACKAGE_BUGREPORT ""
#define PACKAGE "mce-installer"
#define VERSION "0.1"
#define STDC_HEADERS 1
#define GETTEXT_PACKAGE "mce-installer"
#define HAVE_SYS_TYPES_H 1
#define HAVE_SYS_STAT_H 1
#define HAVE_STDLIB_H 1
#define HAVE_STRING_H 1
#define HAVE_MEMORY_H 1
#define HAVE_STRINGS_H 1
#define HAVE_INTTYPES_H 1
#define HAVE_STDINT_H 1
#define HAVE_UNISTD_H 1
#define HAVE_LOCALE_H 1
#define HAVE_LC_MESSAGES 1
#define HAVE_BIND_TEXTDOMAIN_CODESET 1
#define HAVE_GETTEXT 1
#define HAVE_DCGETTEXT 1
#define ENABLE_NLS 1

configure: exit 0

## ---------------------- ##
## Running config.status. ##
## ---------------------- ##

This file was extended by config.status, which was
generated by GNU Autoconf 2.60.  Invocation command line was

  CONFIG_FILES    = 
  CONFIG_HEADERS  = 
  CONFIG_LINKS    = 
  CONFIG_COMMANDS = 
  $ ./config.status config.h

on pavilion

config.status:649: creating config.h
config.status:876: config.h is unchanged
