This file contains any messages produced by compilers while
running configure, to aid debugging if configure makes a mistake.

It was created by configure, which was
generated by GNU Autoconf 2.60.  Invocation command line was

  $ ./configure --host=i486-linux-gnu --build=i486-linux-gnu --prefix=/usr --mandir=${prefix}/share/man --infodir=${prefix}/share/info CFLAGS=-Wall -g -O2 LDFLAGS=-Wl,-z,defs

## --------- ##
## Platform. ##
## --------- ##

hostname = ubuntudevel
uname -m = i686
uname -r = 2.6.17-11-generic
uname -s = Linux
uname -v = #2 SMP Thu Feb 1 19:52:28 UTC 2007

/usr/bin/uname -p = unknown
/bin/uname -X     = unknown

/bin/arch              = i686
/usr/bin/arch -k       = unknown
/usr/convex/getsysinfo = unknown
/usr/bin/hostinfo      = unknown
/bin/machine           = unknown
/usr/bin/oslevel       = unknown
/bin/universe          = unknown

PATH: /usr/local/sbin
PATH: /usr/local/bin
PATH: /usr/sbin
PATH: /usr/bin
PATH: /sbin
PATH: /bin
PATH: /usr/bin/X11
PATH: /usr/games


## ----------- ##
## Core tests. ##
## ----------- ##

configure:1752: checking for a BSD-compatible install
configure:1808: result: /usr/bin/install -c
configure:1819: checking whether build environment is sane
configure:1862: result: yes
configure:1877: checking whether make sets $(MAKE)
configure:1898: result: yes
configure:1930: checking for working aclocal-1.4
configure:1937: result: found
configure:1945: checking for working autoconf
configure:1952: result: found
configure:1960: checking for working automake-1.4
configure:1967: result: found
configure:1975: checking for working autoheader
configure:1982: result: found
configure:1990: checking for working makeinfo
configure:2001: result: missing
configure:2011: checking whether to enable maintainer-specific portions of Makefiles
configure:2020: result: no
configure:2043: checking for i486-linux-gnu-gcc
configure:2059: found /usr/bin/i486-linux-gnu-gcc
configure:2070: result: i486-linux-gnu-gcc
configure:2348: checking for C compiler version
configure:2355: i486-linux-gnu-gcc --version >&5
i486-linux-gnu-gcc (GCC) 4.1.2 20060928 (prerelease) (Ubuntu 4.1.1-13ubuntu5)
Copyright (C) 2006 Free Software Foundation, Inc.
This is free software; see the source for copying conditions.  There is NO
warranty; not even for MERCHANTABILITY or FITNESS FOR A PARTICULAR PURPOSE.

configure:2358: $? = 0
configure:2365: i486-linux-gnu-gcc -v >&5
Using built-in specs.
Target: i486-linux-gnu
Configured with: ../src/configure -v --enable-languages=c,c++,fortran,objc,obj-c++,treelang --prefix=/usr --enable-shared --with-system-zlib --libexecdir=/usr/lib --without-included-gettext --enable-threads=posix --enable-nls --program-suffix=-4.1 --enable-__cxa_atexit --enable-clocale=gnu --enable-libstdcxx-debug --enable-mpfr --enable-checking=release i486-linux-gnu
Thread model: posix
gcc version 4.1.2 20060928 (prerelease) (Ubuntu 4.1.1-13ubuntu5)
configure:2368: $? = 0
configure:2375: i486-linux-gnu-gcc -V >&5
i486-linux-gnu-gcc: '-V' option must have argument
configure:2378: $? = 1
configure:2401: checking for C compiler default output file name
configure:2428: i486-linux-gnu-gcc -Wall -g -O2  -Wl,-z,defs conftest.c  >&5
configure:2431: $? = 0
configure:2477: result: a.out
configure:2482: checking whether the C compiler works
configure:2492: ./a.out
configure:2495: $? = 0
configure:2512: result: yes
configure:2519: checking whether we are cross compiling
configure:2521: result: no
configure:2524: checking for suffix of executables
configure:2531: i486-linux-gnu-gcc -o conftest -Wall -g -O2  -Wl,-z,defs conftest.c  >&5
configure:2534: $? = 0
configure:2558: result: 
configure:2564: checking for suffix of object files
configure:2590: i486-linux-gnu-gcc -c -Wall -g -O2  conftest.c >&5
configure:2593: $? = 0
configure:2616: result: o
configure:2620: checking whether we are using the GNU C compiler
configure:2649: i486-linux-gnu-gcc -c -Wall -g -O2  conftest.c >&5
configure:2655: $? = 0
configure:2662: test -z "$ac_c_werror_flag" || test ! -s conftest.err
configure:2665: $? = 0
configure:2672: test -s conftest.o
configure:2675: $? = 0
configure:2689: result: yes
configure:2694: checking whether i486-linux-gnu-gcc accepts -g
configure:2724: i486-linux-gnu-gcc -c -g  conftest.c >&5
configure:2730: $? = 0
configure:2737: test -z "$ac_c_werror_flag" || test ! -s conftest.err
configure:2740: $? = 0
configure:2747: test -s conftest.o
configure:2750: $? = 0
configure:2880: result: yes
configure:2897: checking for i486-linux-gnu-gcc option to accept ISO C89
configure:2971: i486-linux-gnu-gcc  -c -Wall -g -O2  conftest.c >&5
configure:2977: $? = 0
configure:2984: test -z "$ac_c_werror_flag" || test ! -s conftest.err
configure:2987: $? = 0
configure:2994: test -s conftest.o
configure:2997: $? = 0
configure:3017: result: none needed
configure:3036: checking for library containing strerror
configure:3077: i486-linux-gnu-gcc -o conftest -Wall -g -O2  -Wl,-z,defs conftest.c  >&5
configure:3083: $? = 0
configure:3090: test -z "$ac_c_werror_flag" || test ! -s conftest.err
configure:3093: $? = 0
configure:3100: test -s conftest
configure:3103: $? = 0
configure:3127: result: none required
configure:3143: checking for i486-linux-gnu-gcc
configure:3170: result: i486-linux-gnu-gcc
configure:3448: checking for C compiler version
configure:3455: i486-linux-gnu-gcc --version >&5
i486-linux-gnu-gcc (GCC) 4.1.2 20060928 (prerelease) (Ubuntu 4.1.1-13ubuntu5)
Copyright (C) 2006 Free Software Foundation, Inc.
This is free software; see the source for copying conditions.  There is NO
warranty; not even for MERCHANTABILITY or FITNESS FOR A PARTICULAR PURPOSE.

configure:3458: $? = 0
configure:3465: i486-linux-gnu-gcc -v >&5
Using built-in specs.
Target: i486-linux-gnu
Configured with: ../src/configure -v --enable-languages=c,c++,fortran,objc,obj-c++,treelang --prefix=/usr --enable-shared --with-system-zlib --libexecdir=/usr/lib --without-included-gettext --enable-threads=posix --enable-nls --program-suffix=-4.1 --enable-__cxa_atexit --enable-clocale=gnu --enable-libstdcxx-debug --enable-mpfr --enable-checking=release i486-linux-gnu
Thread model: posix
gcc version 4.1.2 20060928 (prerelease) (Ubuntu 4.1.1-13ubuntu5)
configure:3468: $? = 0
configure:3475: i486-linux-gnu-gcc -V >&5
i486-linux-gnu-gcc: '-V' option must have argument
configure:3478: $? = 1
configure:3481: checking whether we are using the GNU C compiler
configure:3550: result: yes
configure:3555: checking whether i486-linux-gnu-gcc accepts -g
configure:3741: result: yes
configure:3758: checking for i486-linux-gnu-gcc option to accept ISO C89
configure:3878: result: none needed
configure:3899: checking for i486-linux-gnu-gcc option to accept ANSI C
configure:3966: i486-linux-gnu-gcc  -c -Wall -g -O2  conftest.c >&5
configure:3972: $? = 0
configure:3979: test -z "$ac_c_werror_flag" || test ! -s conftest.err
configure:3982: $? = 0
configure:3989: test -s conftest.o
configure:3992: $? = 0
configure:4009: result: none needed
configure:4025: checking how to run the C preprocessor
configure:4065: i486-linux-gnu-gcc -E  conftest.c
configure:4071: $? = 0
configure:4109: i486-linux-gnu-gcc -E  conftest.c
conftest.c:10:28: error: ac_nonexistent.h: No such file or directory
configure:4115: $? = 1
configure: failed program was:
| /* confdefs.h.  */
| #define PACKAGE_NAME ""
| #define PACKAGE_TARNAME ""
| #define PACKAGE_VERSION ""
| #define PACKAGE_STRING ""
| #define PACKAGE_BUGREPORT ""
| #define PACKAGE "mce-launcher"
| #define VERSION "0.1"
| /* end confdefs.h.  */
| #include <ac_nonexistent.h>
configure:4155: result: i486-linux-gnu-gcc -E
configure:4184: i486-linux-gnu-gcc -E  conftest.c
configure:4190: $? = 0
configure:4228: i486-linux-gnu-gcc -E  conftest.c
conftest.c:10:28: error: ac_nonexistent.h: No such file or directory
configure:4234: $? = 1
configure: failed program was:
| /* confdefs.h.  */
| #define PACKAGE_NAME ""
| #define PACKAGE_TARNAME ""
| #define PACKAGE_VERSION ""
| #define PACKAGE_STRING ""
| #define PACKAGE_BUGREPORT ""
| #define PACKAGE "mce-launcher"
| #define VERSION "0.1"
| /* end confdefs.h.  */
| #include <ac_nonexistent.h>
configure:4279: checking for grep that handles long lines and -e
configure:4353: result: /bin/grep
configure:4358: checking for egrep
configure:4436: result: /bin/grep -E
configure:4441: checking for ANSI C header files
configure:4471: i486-linux-gnu-gcc -c -Wall -g -O2  conftest.c >&5
configure:4477: $? = 0
configure:4484: test -z "$ac_c_werror_flag" || test ! -s conftest.err
configure:4487: $? = 0
configure:4494: test -s conftest.o
configure:4497: $? = 0
configure:4593: i486-linux-gnu-gcc -o conftest -Wall -g -O2  -Wl,-z,defs conftest.c  >&5
configure:4596: $? = 0
configure:4602: ./conftest
configure:4605: $? = 0
configure:4622: result: yes
configure:4659: checking for sys/types.h
configure:4680: i486-linux-gnu-gcc -c -Wall -g -O2  conftest.c >&5
configure:4686: $? = 0
configure:4693: test -z "$ac_c_werror_flag" || test ! -s conftest.err
configure:4696: $? = 0
configure:4703: test -s conftest.o
configure:4706: $? = 0
configure:4719: result: yes
configure:4659: checking for sys/stat.h
configure:4680: i486-linux-gnu-gcc -c -Wall -g -O2  conftest.c >&5
configure:4686: $? = 0
configure:4693: test -z "$ac_c_werror_flag" || test ! -s conftest.err
configure:4696: $? = 0
configure:4703: test -s conftest.o
configure:4706: $? = 0
configure:4719: result: yes
configure:4659: checking for stdlib.h
configure:4680: i486-linux-gnu-gcc -c -Wall -g -O2  conftest.c >&5
configure:4686: $? = 0
configure:4693: test -z "$ac_c_werror_flag" || test ! -s conftest.err
configure:4696: $? = 0
configure:4703: test -s conftest.o
configure:4706: $? = 0
configure:4719: result: yes
configure:4659: checking for string.h
configure:4680: i486-linux-gnu-gcc -c -Wall -g -O2  conftest.c >&5
configure:4686: $? = 0
configure:4693: test -z "$ac_c_werror_flag" || test ! -s conftest.err
configure:4696: $? = 0
configure:4703: test -s conftest.o
configure:4706: $? = 0
configure:4719: result: yes
configure:4659: checking for memory.h
configure:4680: i486-linux-gnu-gcc -c -Wall -g -O2  conftest.c >&5
configure:4686: $? = 0
configure:4693: test -z "$ac_c_werror_flag" || test ! -s conftest.err
configure:4696: $? = 0
configure:4703: test -s conftest.o
configure:4706: $? = 0
configure:4719: result: yes
configure:4659: checking for strings.h
configure:4680: i486-linux-gnu-gcc -c -Wall -g -O2  conftest.c >&5
configure:4686: $? = 0
configure:4693: test -z "$ac_c_werror_flag" || test ! -s conftest.err
configure:4696: $? = 0
configure:4703: test -s conftest.o
configure:4706: $? = 0
configure:4719: result: yes
configure:4659: checking for inttypes.h
configure:4680: i486-linux-gnu-gcc -c -Wall -g -O2  conftest.c >&5
configure:4686: $? = 0
configure:4693: test -z "$ac_c_werror_flag" || test ! -s conftest.err
configure:4696: $? = 0
configure:4703: test -s conftest.o
configure:4706: $? = 0
configure:4719: result: yes
configure:4659: checking for stdint.h
configure:4680: i486-linux-gnu-gcc -c -Wall -g -O2  conftest.c >&5
configure:4686: $? = 0
configure:4693: test -z "$ac_c_werror_flag" || test ! -s conftest.err
configure:4696: $? = 0
configure:4703: test -s conftest.o
configure:4706: $? = 0
configure:4719: result: yes
configure:4659: checking for unistd.h
configure:4680: i486-linux-gnu-gcc -c -Wall -g -O2  conftest.c >&5
configure:4686: $? = 0
configure:4693: test -z "$ac_c_werror_flag" || test ! -s conftest.err
configure:4696: $? = 0
configure:4703: test -s conftest.o
configure:4706: $? = 0
configure:4719: result: yes
configure:4747: checking locale.h usability
configure:4764: i486-linux-gnu-gcc -c -Wall -g -O2  conftest.c >&5
configure:4770: $? = 0
configure:4777: test -z "$ac_c_werror_flag" || test ! -s conftest.err
configure:4780: $? = 0
configure:4787: test -s conftest.o
configure:4790: $? = 0
configure:4801: result: yes
configure:4805: checking locale.h presence
configure:4820: i486-linux-gnu-gcc -E  conftest.c
configure:4826: $? = 0
configure:4847: result: yes
configure:4875: checking for locale.h
configure:4883: result: yes
configure:4897: checking for LC_MESSAGES
configure:4923: i486-linux-gnu-gcc -o conftest -Wall -g -O2  -Wl,-z,defs conftest.c  >&5
configure:4929: $? = 0
configure:4936: test -z "$ac_c_werror_flag" || test ! -s conftest.err
configure:4939: $? = 0
configure:4946: test -s conftest
configure:4949: $? = 0
configure:4962: result: yes
configure:4991: checking libintl.h usability
configure:5008: i486-linux-gnu-gcc -c -Wall -g -O2  conftest.c >&5
configure:5014: $? = 0
configure:5021: test -z "$ac_c_werror_flag" || test ! -s conftest.err
configure:5024: $? = 0
configure:5031: test -s conftest.o
configure:5034: $? = 0
configure:5045: result: yes
configure:5049: checking libintl.h presence
configure:5064: i486-linux-gnu-gcc -E  conftest.c
configure:5070: $? = 0
configure:5091: result: yes
configure:5119: checking for libintl.h
configure:5126: result: yes
configure:5137: checking for ngettext in libc
configure:5165: i486-linux-gnu-gcc -o conftest -Wall -g -O2  -Wl,-z,defs conftest.c  >&5
configure:5171: $? = 0
configure:5178: test -z "$ac_c_werror_flag" || test ! -s conftest.err
configure:5181: $? = 0
configure:5188: test -s conftest
configure:5191: $? = 0
configure:5205: result: yes
configure:5209: checking for dgettext in libc
configure:5237: i486-linux-gnu-gcc -o conftest -Wall -g -O2  -Wl,-z,defs conftest.c  >&5
configure:5243: $? = 0
configure:5250: test -z "$ac_c_werror_flag" || test ! -s conftest.err
configure:5253: $? = 0
configure:5260: test -s conftest
configure:5263: $? = 0
configure:5277: result: yes
configure:5286: checking for bind_textdomain_codeset
configure:5342: i486-linux-gnu-gcc -o conftest -Wall -g -O2  -Wl,-z,defs conftest.c  >&5
configure:5348: $? = 0
configure:5355: test -z "$ac_c_werror_flag" || test ! -s conftest.err
configure:5358: $? = 0
configure:5365: test -s conftest
configure:5368: $? = 0
configure:5382: result: yes
configure:5965: checking for msgfmt
configure:5992: result: /usr/bin/msgfmt
configure:6005: checking for dcgettext
configure:6061: i486-linux-gnu-gcc -o conftest -Wall -g -O2  -Wl,-z,defs conftest.c   >&5
conftest.c:48: warning: conflicting types for built-in function 'dcgettext'
configure:6067: $? = 0
configure:6074: test -z "$ac_c_werror_flag" || test ! -s conftest.err
configure:6077: $? = 0
configure:6084: test -s conftest
configure:6087: $? = 0
configure:6101: result: yes
configure:6113: checking for gmsgfmt
configure:6144: result: /usr/bin/msgfmt
configure:6154: checking for xgettext
configure:6181: result: /usr/bin/xgettext
configure:6210: i486-linux-gnu-gcc -o conftest -Wall -g -O2  -Wl,-z,defs conftest.c   >&5
configure:6216: $? = 0
configure:6223: test -z "$ac_c_werror_flag" || test ! -s conftest.err
configure:6226: $? = 0
configure:6233: test -s conftest
configure:6236: $? = 0
configure:6485: checking for i486-linux-gnu-pkg-config
configure:6518: result: no
configure:6528: checking for pkg-config
configure:6546: found /usr/bin/pkg-config
configure:6558: result: /usr/bin/pkg-config
configure:6587: checking pkg-config is at least version 0.9.0
configure:6590: result: yes
configure:6601: checking for PACKAGE
configure:6609: $PKG_CONFIG --exists --print-errors "libgnome-2.0 libgnomeui-2.0 libglade-2.0 vte gthread-2.0"
configure:6612: $? = 0
configure:6627: $PKG_CONFIG --exists --print-errors "libgnome-2.0 libgnomeui-2.0 libglade-2.0 vte gthread-2.0"
configure:6630: $? = 0
configure:6706: result: yes
configure:6818: creating ./config.status

## ---------------------- ##
## Running config.status. ##
## ---------------------- ##

This file was extended by config.status, which was
generated by GNU Autoconf 2.60.  Invocation command line was

  CONFIG_FILES    = 
  CONFIG_HEADERS  = 
  CONFIG_LINKS    = 
  CONFIG_COMMANDS = 
  $ ./config.status 

on ubuntudevel

config.status:627: creating Makefile
config.status:762: WARNING:  Makefile.in seems to ignore the --datarootdir setting
config.status:627: creating src/Makefile
config.status:762: WARNING:  src/Makefile.in seems to ignore the --datarootdir setting
config.status:627: creating po/Makefile.in
config.status:762: WARNING:  po/Makefile.in.in seems to ignore the --datarootdir setting
config.status:627: creating config.h
config.status:867: executing default-1 commands
config.status:867: executing default-2 commands

## ---------------- ##
## Cache variables. ##
## ---------------- ##

ac_cv_c_compiler_gnu=yes
ac_cv_env_CC_set=
ac_cv_env_CC_value=
ac_cv_env_CFLAGS_set=set
ac_cv_env_CFLAGS_value='-Wall -g -O2'
ac_cv_env_CPPFLAGS_set=
ac_cv_env_CPPFLAGS_value=
ac_cv_env_CPP_set=
ac_cv_env_CPP_value=
ac_cv_env_LDFLAGS_set=set
ac_cv_env_LDFLAGS_value=-Wl,-z,defs
ac_cv_env_PACKAGE_CFLAGS_set=
ac_cv_env_PACKAGE_CFLAGS_value=
ac_cv_env_PACKAGE_LIBS_set=
ac_cv_env_PACKAGE_LIBS_value=
ac_cv_env_PKG_CONFIG_set=
ac_cv_env_PKG_CONFIG_value=
ac_cv_env_build_alias_set=set
ac_cv_env_build_alias_value=i486-linux-gnu
ac_cv_env_host_alias_set=set
ac_cv_env_host_alias_value=i486-linux-gnu
ac_cv_env_target_alias_set=
ac_cv_env_target_alias_value=
ac_cv_func_bind_textdomain_codeset=yes
ac_cv_func_dcgettext=yes
ac_cv_header_inttypes_h=yes
ac_cv_header_libintl_h=yes
ac_cv_header_locale_h=yes
ac_cv_header_memory_h=yes
ac_cv_header_stdc=yes
ac_cv_header_stdint_h=yes
ac_cv_header_stdlib_h=yes
ac_cv_header_string_h=yes
ac_cv_header_strings_h=yes
ac_cv_header_sys_stat_h=yes
ac_cv_header_sys_types_h=yes
ac_cv_header_unistd_h=yes
ac_cv_objext=o
ac_cv_path_EGREP='/bin/grep -E'
ac_cv_path_GMSGFMT=/usr/bin/msgfmt
ac_cv_path_GREP=/bin/grep
ac_cv_path_MSGFMT=/usr/bin/msgfmt
ac_cv_path_XGETTEXT=/usr/bin/xgettext
ac_cv_path_ac_pt_PKG_CONFIG=/usr/bin/pkg-config
ac_cv_path_install='/usr/bin/install -c'
ac_cv_prog_CC=i486-linux-gnu-gcc
ac_cv_prog_CPP='i486-linux-gnu-gcc -E'
ac_cv_prog_cc_c89=
ac_cv_prog_cc_g=yes
ac_cv_prog_make_make_set=yes
ac_cv_search_strerror='none required'
am_cv_prog_cc_stdc=
am_cv_val_LC_MESSAGES=yes
gt_cv_func_dgettext_libc=yes
gt_cv_func_dgettext_libintl=no
gt_cv_func_ngettext_libc=yes
gt_cv_have_gettext=yes
pkg_cv_PACKAGE_CFLAGS='-DORBIT2=1 -pthread -I/usr/include/libgnome-2.0 -I/usr/include/glib-2.0 -I/usr/lib/glib-2.0/include -I/usr/include/orbit-2.0 -I/usr/include/libbonobo-2.0 -I/usr/include/gconf/2 -I/usr/include/gnome-vfs-2.0 -I/usr/lib/gnome-vfs-2.0/include -I/usr/include/bonobo-activation-2.0 -I/usr/include/libgnomeui-2.0 -I/usr/include/libgnomecanvas-2.0 -I/usr/include/gtk-2.0 -I/usr/include/libart-2.0 -I/usr/include/libbonoboui-2.0 -I/usr/include/gnome-keyring-1 -I/usr/include/pango-1.0 -I/usr/include/freetype2 -I/usr/lib/gtk-2.0/include -I/usr/include/atk-1.0 -I/usr/include/cairo -I/usr/include/libxml2 -I/usr/include/libglade-2.0  '
pkg_cv_PACKAGE_LIBS='-pthread -lgnomeui-2 -lSM -lICE -lbonoboui-2 -lgnome-keyring -lgnomecanvas-2 -lgnome-2 -lpopt -lart_lgpl_2 -lbonobo-2 -lgnomevfs-2 -lbonobo-activation -lgconf-2 -lORBit-2 -lglade-2.0 -lxml2 -lvte -lncurses -lXft -lgtk-x11-2.0 -lpangoxft-1.0 -lpangox-1.0 -lgdk-x11-2.0 -latk-1.0 -lgdk_pixbuf-2.0 -lm -lpangocairo-1.0 -lfontconfig -lXext -lXrender -lXinerama -lXi -lXrandr -lXcursor -lXfixes -lcairo -lX11 -lpangoft2-1.0 -lpango-1.0 -lgobject-2.0 -lgmodule-2.0 -ldl -lgthread-2.0 -lglib-2.0  '

## ----------------- ##
## Output variables. ##
## ----------------- ##

ACLOCAL='aclocal-1.4'
AUTOCONF='autoconf'
AUTOHEADER='autoheader'
AUTOMAKE='automake-1.4'
CATALOGS=''
CATOBJEXT='.gmo'
CC='i486-linux-gnu-gcc'
CFLAGS='-Wall -g -O2'
CPP='i486-linux-gnu-gcc -E'
CPPFLAGS=''
DATADIRNAME='share'
DEFS='-DHAVE_CONFIG_H'
ECHO_C=''
ECHO_N='-n'
ECHO_T=''
EGREP='/bin/grep -E'
EXEEXT=''
GETTEXT_PACKAGE='mce-launcher'
GMOFILES=''
GMSGFMT='/usr/bin/msgfmt'
GREP='/bin/grep'
INSTALL_DATA='${INSTALL} -m 644'
INSTALL_PROGRAM='${INSTALL}'
INSTALL_SCRIPT='${INSTALL}'
INSTOBJEXT='.mo'
INTLLIBS=''
LDFLAGS='-Wl,-z,defs'
LIBOBJS=''
LIBS=''
LTLIBOBJS=''
MAINT='#'
MAINTAINER_MODE_FALSE=''
MAINTAINER_MODE_TRUE='#'
MAKEINFO='/var/plutobuild/svn/trunk/src/mce-launcher/missing makeinfo'
MKINSTALLDIRS='./mkinstalldirs'
MSGFMT='/usr/bin/msgfmt'
OBJEXT='o'
PACKAGE='mce-launcher'
PACKAGE_BUGREPORT=''
PACKAGE_CFLAGS='-DORBIT2=1 -pthread -I/usr/include/libgnome-2.0 -I/usr/include/glib-2.0 -I/usr/lib/glib-2.0/include -I/usr/include/orbit-2.0 -I/usr/include/libbonobo-2.0 -I/usr/include/gconf/2 -I/usr/include/gnome-vfs-2.0 -I/usr/lib/gnome-vfs-2.0/include -I/usr/include/bonobo-activation-2.0 -I/usr/include/libgnomeui-2.0 -I/usr/include/libgnomecanvas-2.0 -I/usr/include/gtk-2.0 -I/usr/include/libart-2.0 -I/usr/include/libbonoboui-2.0 -I/usr/include/gnome-keyring-1 -I/usr/include/pango-1.0 -I/usr/include/freetype2 -I/usr/lib/gtk-2.0/include -I/usr/include/atk-1.0 -I/usr/include/cairo -I/usr/include/libxml2 -I/usr/include/libglade-2.0  '
PACKAGE_LIBS='-pthread -lgnomeui-2 -lSM -lICE -lbonoboui-2 -lgnome-keyring -lgnomecanvas-2 -lgnome-2 -lpopt -lart_lgpl_2 -lbonobo-2 -lgnomevfs-2 -lbonobo-activation -lgconf-2 -lORBit-2 -lglade-2.0 -lxml2 -lvte -lncurses -lXft -lgtk-x11-2.0 -lpangoxft-1.0 -lpangox-1.0 -lgdk-x11-2.0 -latk-1.0 -lgdk_pixbuf-2.0 -lm -lpangocairo-1.0 -lfontconfig -lXext -lXrender -lXinerama -lXi -lXrandr -lXcursor -lXfixes -lcairo -lX11 -lpangoft2-1.0 -lpango-1.0 -lgobject-2.0 -lgmodule-2.0 -ldl -lgthread-2.0 -lglib-2.0  '
PACKAGE_NAME=''
PACKAGE_STRING=''
PACKAGE_TARNAME=''
PACKAGE_VERSION=''
PATH_SEPARATOR=':'
PKG_CONFIG='/usr/bin/pkg-config'
POFILES=''
POSUB='po'
PO_IN_DATADIR_FALSE=''
PO_IN_DATADIR_TRUE=''
SET_MAKE=''
SHELL='/bin/bash'
USE_NLS='yes'
VERSION='0.1'
XGETTEXT='/usr/bin/xgettext'
ac_ct_CC=''
bindir='${exec_prefix}/bin'
build_alias='i486-linux-gnu'
datadir='${datarootdir}'
datarootdir='${prefix}/share'
docdir='${datarootdir}/doc/${PACKAGE}'
dvidir='${docdir}'
exec_prefix='${prefix}'
host_alias='i486-linux-gnu'
htmldir='${docdir}'
includedir='${prefix}/include'
infodir='${prefix}/share/info'
libdir='${exec_prefix}/lib'
libexecdir='${exec_prefix}/libexec'
localedir='${datarootdir}/locale'
localstatedir='${prefix}/var'
mandir='${prefix}/share/man'
oldincludedir='/usr/include'
pdfdir='${docdir}'
prefix='/usr'
program_transform_name='s,x,x,'
psdir='${docdir}'
sbindir='${exec_prefix}/sbin'
sharedstatedir='${prefix}/com'
sysconfdir='${prefix}/etc'
target_alias=''

## ----------- ##
## confdefs.h. ##
## ----------- ##

#define PACKAGE_NAME ""
#define PACKAGE_TARNAME ""
#define PACKAGE_VERSION ""
#define PACKAGE_STRING ""
#define PACKAGE_BUGREPORT ""
#define PACKAGE "mce-launcher"
#define VERSION "0.1"
#define STDC_HEADERS 1
#define GETTEXT_PACKAGE "mce-launcher"
#define HAVE_SYS_TYPES_H 1
#define HAVE_SYS_STAT_H 1
#define HAVE_STDLIB_H 1
#define HAVE_STRING_H 1
#define HAVE_MEMORY_H 1
#define HAVE_STRINGS_H 1
#define HAVE_INTTYPES_H 1
#define HAVE_STDINT_H 1
#define HAVE_UNISTD_H 1
#define HAVE_LOCALE_H 1
#define HAVE_LC_MESSAGES 1
#define HAVE_BIND_TEXTDOMAIN_CODESET 1
#define HAVE_GETTEXT 1
#define HAVE_DCGETTEXT 1
#define ENABLE_NLS 1

configure: exit 0
