dh_autoreconf
override_dh_auto_configure dh_auto_configure
dh_auto_configure
dh_auto_build
dh_auto_test
dh_prep
dh_auto_install
override_dh_install dh_install
dh_install
override_dh_installdocs dh_installdocs
dh_installdocs
dh_installchangelogs
dh_installexamples
dh_installman
dh_pysupport
override_dh_dkms dh_dkms
dh_dkms
override_dh_installinit dh_installinit
override_dh_installinit dh_installinit
override_dh_installinit dh_installinit
override_dh_installinit dh_installinit
dh_installinit
override_dh_installudev dh_installudev
override_dh_installudev dh_installudev
dh_installudev
dh_perl
dh_link
dh_compress
override_dh_fixperms dh_fixperms
dh_fixperms
dh_strip
dh_makeshlibs
dh_shlibdeps
dh_installdeb
dh_gencontrol
dh_md5sums
dh_builddeb
dh_builddeb
dh_builddeb
dh_builddeb
dh_builddeb
dh_builddeb
dh_builddeb
dh_builddeb
dh_builddeb
dh_builddeb
dh_builddeb
dh_builddeb
dh_builddeb
dh_builddeb
dh_builddeb
dh_builddeb
dh_builddeb
